Aug 16 23:59:10.519 INFO SEGA_SG1000: dats/SEGA_SG1000/Sega Game 1000 - Demos (TOSEC-v2011-08-13_CM).dat, path: dats/SEGA_SG1000/Sega Game 1000 - Demos (TOSEC-v2011-08-13_CM).dat, platform_id: SEGA_SG1000
Aug 16 23:59:10.519 INFO SEGA_SG1000: dats/SEGA_SG1000/Sega Game 1000 - Applications (TOSEC-v2011-12-19_CM).dat, path: dats/SEGA_SG1000/Sega Game 1000 - Applications (TOSEC-v2011-12-19_CM).dat, platform_id: SEGA_SG1000
Aug 16 23:59:10.522 INFO SEGA_SG1000: dats/SEGA_SG1000/Sega - SG-1000 (20200217-185318).dat, path: dats/SEGA_SG1000/Sega - SG-1000 (20200217-185318).dat, platform_id: SEGA_SG1000
Aug 16 23:59:10.536 INFO SEGA_SG1000: dats/SEGA_SG1000/Sega Game 1000 - Games (TOSEC-v2017-09-03_CM).dat, path: dats/SEGA_SG1000/Sega Game 1000 - Games (TOSEC-v2017-09-03_CM).dat, platform_id: SEGA_SG1000
Aug 16 23:59:10.549 INFO NINTENDO_3DS: dats/NINTENDO_3DS/Nintendo - Nintendo 3DS (Digital) (20200726-085508).dat, path: dats/NINTENDO_3DS/Nintendo - Nintendo 3DS (Digital) (20200726-085508).dat, platform_id: NINTENDO_3DS
Aug 16 23:59:10.607 INFO NINTENDO_3DS: dats/NINTENDO_3DS/Nintendo - Nintendo 3DS (Encrypted) (20200815-055450).dat, path: dats/NINTENDO_3DS/Nintendo - Nintendo 3DS (Encrypted) (20200815-055450).dat, platform_id: NINTENDO_3DS
Aug 16 23:59:10.696 INFO NINTENDO_3DS: dats/NINTENDO_3DS/Nintendo - Nintendo 3DS (Digital) (Updates and DLC) (Encrypted) (20200728-070505).dat, path: dats/NINTENDO_3DS/Nintendo - Nintendo 3DS (Digital) (Updates and DLC) (Encrypted) (20200728-070505).dat, platform_id: NINTENDO_3DS
Aug 16 23:59:10.767 INFO NINTENDO_3DS: dats/NINTENDO_3DS/Nintendo - Nintendo 3DS (Decrypted) (20200815-055450).dat, path: dats/NINTENDO_3DS/Nintendo - Nintendo 3DS (Decrypted) (20200815-055450).dat, platform_id: NINTENDO_3DS
Aug 16 23:59:10.847 INFO NINTENDO_3DS: dats/NINTENDO_3DS/Nintendo - Nintendo 3DS (Digital) (Updates and DLC) (Decrypted) (20200728-070505).dat, path: dats/NINTENDO_3DS/Nintendo - Nintendo 3DS (Digital) (Updates and DLC) (Decrypted) (20200728-070505).dat, platform_id: NINTENDO_3DS
Aug 16 23:59:10.849 INFO SONY_PSX: dats/SONY_PSX/Sony PlayStation - Games - [ISO] (TOSEC-v2012-09-08_CM).dat, path: dats/SONY_PSX/Sony PlayStation - Games - [ISO] (TOSEC-v2012-09-08_CM).dat, platform_id: SONY_PSX
Aug 16 23:59:10.850 INFO SONY_PSX: dats/SONY_PSX/Sony PlayStation - Games - [EXE] (TOSEC-v2012-09-08_CM).dat, path: dats/SONY_PSX/Sony PlayStation - Games - [EXE] (TOSEC-v2012-09-08_CM).dat, platform_id: SONY_PSX
Aug 16 23:59:10.851 INFO SONY_PSX: dats/SONY_PSX/Sony PlayStation - Demos - [EXE] (TOSEC-v2012-09-08_CM).dat, path: dats/SONY_PSX/Sony PlayStation - Demos - [EXE] (TOSEC-v2012-09-08_CM).dat, platform_id: SONY_PSX
Aug 16 23:59:10.852 INFO SONY_PSX: dats/SONY_PSX/Sony PlayStation - Games - [IMG] (TOSEC-v2012-09-08_CM).dat, path: dats/SONY_PSX/Sony PlayStation - Games - [IMG] (TOSEC-v2012-09-08_CM).dat, platform_id: SONY_PSX
Aug 16 23:59:10.852 INFO SONY_PSX: dats/SONY_PSX/Sony PlayStation - Demos - [ISO] (TOSEC-v2012-09-08_CM).dat, path: dats/SONY_PSX/Sony PlayStation - Demos - [ISO] (TOSEC-v2012-09-08_CM).dat, platform_id: SONY_PSX
Aug 16 23:59:10.853 INFO SONY_PSX: dats/SONY_PSX/Sony PlayStation - Games - [BIN] (TOSEC-v2012-09-08_CM).dat, path: dats/SONY_PSX/Sony PlayStation - Games - [BIN] (TOSEC-v2012-09-08_CM).dat, platform_id: SONY_PSX
Aug 16 23:59:11.256 INFO SONY_PSX: dats/SONY_PSX/Sony - PlayStation - Datfile (10369) (2020-08-17 00-59-08).dat, path: dats/SONY_PSX/Sony - PlayStation - Datfile (10369) (2020-08-17 00-59-08).dat, platform_id: SONY_PSX
Aug 16 23:59:12.105 INFO SONY_PSX: dats/SONY_PSX/Sony PlayStation - Demos - [BIN] (TOSEC-v2012-09-08_CM).dat, path: dats/SONY_PSX/Sony PlayStation - Demos - [BIN] (TOSEC-v2012-09-08_CM).dat, platform_id: SONY_PSX
Aug 16 23:59:12.109 INFO SONY_PSX: dats/SONY_PSX/Sony PlayStation - Applications (TOSEC-v2014-10-30_CM).dat, path: dats/SONY_PSX/Sony PlayStation - Applications (TOSEC-v2014-10-30_CM).dat, platform_id: SONY_PSX
Aug 16 23:59:12.110 INFO SONY_PSX: dats/SONY_PSX/Sony PlayStation - Samplers - [ISO] (TOSEC-v2012-09-08_CM).dat, path: dats/SONY_PSX/Sony PlayStation - Samplers - [ISO] (TOSEC-v2012-09-08_CM).dat, platform_id: SONY_PSX
Aug 16 23:59:12.110 INFO SONY_PSX: dats/SONY_PSX/Sony PlayStation - Firmware (TOSEC-v2012-09-08_CM).dat, path: dats/SONY_PSX/Sony PlayStation - Firmware (TOSEC-v2012-09-08_CM).dat, platform_id: SONY_PSX
Aug 16 23:59:12.112 INFO SONY_PSX: dats/SONY_PSX/Sony PlayStation - Samplers - [BIN] (TOSEC-v2012-09-08_CM).dat, path: dats/SONY_PSX/Sony PlayStation - Samplers - [BIN] (TOSEC-v2012-09-08_CM).dat, platform_id: SONY_PSX
Aug 16 23:59:12.112 INFO SONY_PSX: dats/SONY_PSX/Sony - PlayStation - BIOS Datfile (24) (2016-10-21).dat, path: dats/SONY_PSX/Sony - PlayStation - BIOS Datfile (24) (2016-10-21).dat, platform_id: SONY_PSX
Aug 16 23:59:12.113 INFO SONY_PSX: dats/SONY_PSX/Sony PlayStation - Demos - [PSX] (TOSEC-v2012-09-08_CM).dat, path: dats/SONY_PSX/Sony PlayStation - Demos - [PSX] (TOSEC-v2012-09-08_CM).dat, platform_id: SONY_PSX
Aug 16 23:59:12.114 INFO BANDAI_WSC: dats/BANDAI_WSC/Bandai - WonderSwan Color (20200324-193106).dat, path: dats/BANDAI_WSC/Bandai - WonderSwan Color (20200324-193106).dat, platform_id: BANDAI_WSC
Aug 16 23:59:12.119 INFO BANDAI_WSC: dats/BANDAI_WSC/Bandai WonderSwan Color - Demos (TOSEC-v2013-12-13_CM).dat, path: dats/BANDAI_WSC/Bandai WonderSwan Color - Demos (TOSEC-v2013-12-13_CM).dat, platform_id: BANDAI_WSC
Aug 16 23:59:12.126 INFO BANDAI_WSC: dats/BANDAI_WSC/Bandai WonderSwan Color - Games (TOSEC-v2013-12-13_CM).dat, path: dats/BANDAI_WSC/Bandai WonderSwan Color - Games (TOSEC-v2013-12-13_CM).dat, platform_id: BANDAI_WSC
Aug 16 23:59:12.132 INFO SEGA_32X_CD: dats/SEGA_32X_CD/Sega 32X - CD - Games - [ISO] (TOSEC-v2014-07-01_CM).dat, path: dats/SEGA_32X_CD/Sega 32X - CD - Games - [ISO] (TOSEC-v2014-07-01_CM).dat, platform_id: SEGA_32X_CD
Aug 16 23:59:12.134 INFO SEGA_32X_CD: dats/SEGA_32X_CD/Sega 32X - CD - Games - [IMG] (TOSEC-v2013-04-10_CM).dat, path: dats/SEGA_32X_CD/Sega 32X - CD - Games - [IMG] (TOSEC-v2013-04-10_CM).dat, platform_id: SEGA_32X_CD
Aug 16 23:59:12.135 INFO NINTENDO_DSI: dats/NINTENDO_DSI/Nintendo - Nintendo DSi (Encrypted) (20200727-035127).dat, path: dats/NINTENDO_DSI/Nintendo - Nintendo DSi (Encrypted) (20200727-035127).dat, platform_id: NINTENDO_DSI
Aug 16 23:59:12.136 INFO NINTENDO_DSI: dats/NINTENDO_DSI/Nintendo - Nintendo DSi (Decrypted) (20200727-035127).dat, path: dats/NINTENDO_DSI/Nintendo - Nintendo DSi (Decrypted) (20200727-035127).dat, platform_id: NINTENDO_DSI
Aug 16 23:59:12.137 INFO SEGA_SAT: dats/SEGA_SAT/Sega Saturn - Firmware (TOSEC-v2014-07-01_CM).dat, path: dats/SEGA_SAT/Sega Saturn - Firmware (TOSEC-v2014-07-01_CM).dat, platform_id: SEGA_SAT
Aug 16 23:59:12.304 INFO SEGA_SAT: dats/SEGA_SAT/Sega - Saturn - Datfile (2315) (2020-08-16 20-05-07).dat, path: dats/SEGA_SAT/Sega - Saturn - Datfile (2315) (2020-08-16 20-05-07).dat, platform_id: SEGA_SAT
Aug 16 23:59:12.629 INFO SEGA_SAT: dats/SEGA_SAT/Sega Saturn - Samplers (TOSEC-v2020-07-10_CM).dat, path: dats/SEGA_SAT/Sega Saturn - Samplers (TOSEC-v2020-07-10_CM).dat, platform_id: SEGA_SAT
Aug 16 23:59:12.633 INFO SEGA_SAT: dats/SEGA_SAT/Sega Saturn - Applications (TOSEC-v2020-06-12_CM).dat, path: dats/SEGA_SAT/Sega Saturn - Applications (TOSEC-v2020-06-12_CM).dat, platform_id: SEGA_SAT
Aug 16 23:59:12.639 INFO ATARI_2600: dats/ATARI_2600/Atari 2600 & VCS - Demos (TOSEC-v2020-07-16_CM).dat, path: dats/ATARI_2600/Atari 2600 & VCS - Demos (TOSEC-v2020-07-16_CM).dat, platform_id: ATARI_2600
Aug 16 23:59:12.644 INFO ATARI_2600: dats/ATARI_2600/Atari 2600 & VCS - Educational (TOSEC-v2019-09-02_CM).dat, path: dats/ATARI_2600/Atari 2600 & VCS - Educational (TOSEC-v2019-09-02_CM).dat, platform_id: ATARI_2600
Aug 16 23:59:12.661 INFO ATARI_2600: dats/ATARI_2600/Atari - 2600 (20200514-091155).dat, path: dats/ATARI_2600/Atari - 2600 (20200514-091155).dat, platform_id: ATARI_2600
Aug 16 23:59:12.765 INFO ATARI_2600: dats/ATARI_2600/Atari 2600 & VCS - Games (TOSEC-v2020-07-16_CM).dat, path: dats/ATARI_2600/Atari 2600 & VCS - Games (TOSEC-v2020-07-16_CM).dat, platform_id: ATARI_2600
Aug 16 23:59:12.823 INFO ATARI_2600: dats/ATARI_2600/Atari 2600 & VCS - Applications (TOSEC-v2020-07-03_CM).dat, path: dats/ATARI_2600/Atari 2600 & VCS - Applications (TOSEC-v2020-07-03_CM).dat, platform_id: ATARI_2600
Aug 16 23:59:12.827 INFO MATTEL_INT: dats/MATTEL_INT/Mattel - Intellivision (20190315-210619).dat, path: dats/MATTEL_INT/Mattel - Intellivision (20190315-210619).dat, platform_id: MATTEL_INT
Aug 16 23:59:12.836 INFO NINTENDO_BS: dats/NINTENDO_BS/Nintendo - Satellaview (20200424-131853).dat, path: dats/NINTENDO_BS/Nintendo - Satellaview (20200424-131853).dat, platform_id: NINTENDO_BS
Aug 16 23:59:12.845 INFO SEGA_32X: dats/SEGA_32X/Sega - 32X (20191204-183941).dat, path: dats/SEGA_32X/Sega - 32X (20191204-183941).dat, platform_id: SEGA_32X
Aug 16 23:59:12.853 INFO SEGA_32X: dats/SEGA_32X/Sega 32X - Firmware (TOSEC-v2012-09-08_CM).dat, path: dats/SEGA_32X/Sega 32X - Firmware (TOSEC-v2012-09-08_CM).dat, platform_id: SEGA_32X
Aug 16 23:59:12.861 INFO SEGA_32X: dats/SEGA_32X/Sega 32X - Games (TOSEC-v2020-07-12_CM).dat, path: dats/SEGA_32X/Sega 32X - Games (TOSEC-v2020-07-12_CM).dat, platform_id: SEGA_32X
Aug 16 23:59:12.868 INFO SEGA_32X: dats/SEGA_32X/Sega 32X - Applications (TOSEC-v2017-07-26_CM).dat, path: dats/SEGA_32X/Sega 32X - Applications (TOSEC-v2017-07-26_CM).dat, platform_id: SEGA_32X
Aug 16 23:59:12.870 INFO SEGA_32X: dats/SEGA_32X/Sega 32X - Demos (TOSEC-v2019-09-01_CM).dat, path: dats/SEGA_32X/Sega 32X - Demos (TOSEC-v2019-09-01_CM).dat, platform_id: SEGA_32X
Aug 16 23:59:12.878 INFO NINTENDO_WIIU: dats/NINTENDO_WIIU/Nintendo - Wii U - Datfile (493) (2020-08-01 18-57-26).dat, path: dats/NINTENDO_WIIU/Nintendo - Wii U - Datfile (493) (2020-08-01 18-57-26).dat, platform_id: NINTENDO_WIIU
Aug 16 23:59:12.947 INFO NINTENDO_WIIU: dats/NINTENDO_WIIU/Nintendo - Wii U (Digital) (20191222-002825).dat, path: dats/NINTENDO_WIIU/Nintendo - Wii U (Digital) (20191222-002825).dat, platform_id: NINTENDO_WIIU
Aug 16 23:59:13.103 INFO SNK_NGP: dats/SNK_NGP/SNK Neo-Geo Pocket - Games (TOSEC-v2014-07-01_CM).dat, path: dats/SNK_NGP/SNK Neo-Geo Pocket - Games (TOSEC-v2014-07-01_CM).dat, platform_id: SNK_NGP
Aug 16 23:59:13.103 INFO SNK_NGP: dats/SNK_NGP/SNK Neo-Geo Pocket - Firmware (TOSEC-v2011-08-13_CM).dat, path: dats/SNK_NGP/SNK Neo-Geo Pocket - Firmware (TOSEC-v2011-08-13_CM).dat, platform_id: SNK_NGP
Aug 16 23:59:13.104 INFO SNK_NGP: dats/SNK_NGP/SNK - Neo Geo Pocket (20190930-190238).dat, path: dats/SNK_NGP/SNK - Neo Geo Pocket (20190930-190238).dat, platform_id: SNK_NGP
Aug 16 23:59:13.137 INFO MICROSOFT_XBOX: dats/MICROSOFT_XBOX/Microsoft - Xbox - Datfile (2447) (2020-08-11 15-22-22).dat, path: dats/MICROSOFT_XBOX/Microsoft - Xbox - Datfile (2447) (2020-08-11 15-22-22).dat, platform_id: MICROSOFT_XBOX
Aug 16 23:59:13.224 INFO MICROSOFT_XBOX: dats/MICROSOFT_XBOX/Microsoft - Xbox - BIOS Datfile (7) (2010-09-13).dat, path: dats/MICROSOFT_XBOX/Microsoft - Xbox - BIOS Datfile (7) (2010-09-13).dat, platform_id: MICROSOFT_XBOX
Aug 16 23:59:13.250 INFO SONY_PSP: dats/SONY_PSP/Sony - PlayStation Portable (20200630-070751).dat, path: dats/SONY_PSP/Sony - PlayStation Portable (20200630-070751).dat, platform_id: SONY_PSP
Aug 16 23:59:13.454 INFO SONY_PSP: dats/SONY_PSP/Sony - PlayStation Portable (PSN) (Decrypted) (20200520-083536).dat, path: dats/SONY_PSP/Sony - PlayStation Portable (PSN) (Decrypted) (20200520-083536).dat, platform_id: SONY_PSP
Aug 16 23:59:13.722 INFO SONY_PSP: dats/SONY_PSP/Sony - PlayStation Portable (PSN) (Encrypted) (20200706-035743).dat, path: dats/SONY_PSP/Sony - PlayStation Portable (PSN) (Encrypted) (20200706-035743).dat, platform_id: SONY_PSP
Aug 16 23:59:13.863 INFO SONY_PSP: dats/SONY_PSP/Sony - PlayStation Portable - Datfile (2142) (2020-08-14 21-06-51).dat, path: dats/SONY_PSP/Sony - PlayStation Portable - Datfile (2142) (2020-08-14 21-06-51).dat, platform_id: SONY_PSP
Aug 16 23:59:13.959 INFO FUJITSU_FMT: dats/FUJITSU_FMT/Fujitsu FM Towns - Games - [BIN] (TOSEC-v2020-07-12_CM).dat, path: dats/FUJITSU_FMT/Fujitsu FM Towns - Games - [BIN] (TOSEC-v2020-07-12_CM).dat, platform_id: FUJITSU_FMT
Aug 16 23:59:13.963 INFO FUJITSU_FMT: dats/FUJITSU_FMT/Fujitsu FM Towns - CD - Games (TOSEC-v2012-07-13_CM).dat, path: dats/FUJITSU_FMT/Fujitsu FM Towns - CD - Games (TOSEC-v2012-07-13_CM).dat, platform_id: FUJITSU_FMT
Aug 16 23:59:13.963 INFO FUJITSU_FMT: dats/FUJITSU_FMT/Fujitsu FM Towns - CD - Homebrew - Demos (TOSEC-v2012-07-22_CM).dat, path: dats/FUJITSU_FMT/Fujitsu FM Towns - CD - Homebrew - Demos (TOSEC-v2012-07-22_CM).dat, platform_id: FUJITSU_FMT
Aug 16 23:59:13.967 INFO FUJITSU_FMT: dats/FUJITSU_FMT/Fujitsu FM Towns - Games - [HDM] (TOSEC-v2018-07-01_CM).dat, path: dats/FUJITSU_FMT/Fujitsu FM Towns - Games - [HDM] (TOSEC-v2018-07-01_CM).dat, platform_id: FUJITSU_FMT
Aug 16 23:59:13.971 INFO FUJITSU_FMT: dats/FUJITSU_FMT/Fujitsu FM Towns - Firmware (TOSEC-v2011-02-26_CM).dat, path: dats/FUJITSU_FMT/Fujitsu FM Towns - Firmware (TOSEC-v2011-02-26_CM).dat, platform_id: FUJITSU_FMT
Aug 16 23:59:13.972 INFO FUJITSU_FMT: dats/FUJITSU_FMT/Fujitsu FM Towns - Applications - [BIN] (TOSEC-v2018-07-01_CM).dat, path: dats/FUJITSU_FMT/Fujitsu FM Towns - Applications - [BIN] (TOSEC-v2018-07-01_CM).dat, platform_id: FUJITSU_FMT
Aug 16 23:59:13.972 INFO FUJITSU_FMT: dats/FUJITSU_FMT/Fujitsu FM Towns - CD - Compilations (TOSEC-v2012-07-13_CM).dat, path: dats/FUJITSU_FMT/Fujitsu FM Towns - CD - Compilations (TOSEC-v2012-07-13_CM).dat, platform_id: FUJITSU_FMT
Aug 16 23:59:13.973 INFO FUJITSU_FMT: dats/FUJITSU_FMT/Fujitsu FM Towns - Operating Systems - [BIN] (TOSEC-v2011-02-07_CM).dat, path: dats/FUJITSU_FMT/Fujitsu FM Towns - Operating Systems - [BIN] (TOSEC-v2011-02-07_CM).dat, platform_id: FUJITSU_FMT
Aug 16 23:59:13.973 INFO FUJITSU_FMT: dats/FUJITSU_FMT/Fujitsu FM Towns - CD - Homebrew - Games (TOSEC-v2012-07-22_CM).dat, path: dats/FUJITSU_FMT/Fujitsu FM Towns - CD - Homebrew - Games (TOSEC-v2012-07-22_CM).dat, platform_id: FUJITSU_FMT
Aug 16 23:59:13.975 INFO FUJITSU_FMT: dats/FUJITSU_FMT/Fujitsu FM Towns - Games - [D88] (TOSEC-v2011-02-07_CM).dat, path: dats/FUJITSU_FMT/Fujitsu FM Towns - Games - [D88] (TOSEC-v2011-02-07_CM).dat, platform_id: FUJITSU_FMT
Aug 16 23:59:13.977 INFO FUJITSU_FMT: dats/FUJITSU_FMT/Fujitsu FM Towns - Operating Systems - [HDM] (TOSEC-v2018-07-01_CM).dat, path: dats/FUJITSU_FMT/Fujitsu FM Towns - Operating Systems - [HDM] (TOSEC-v2018-07-01_CM).dat, platform_id: FUJITSU_FMT
Aug 16 23:59:13.977 INFO FUJITSU_FMT: dats/FUJITSU_FMT/Fujitsu FM Towns - Applications - [HDM] (TOSEC-v2018-07-01_CM).dat, path: dats/FUJITSU_FMT/Fujitsu FM Towns - Applications - [HDM] (TOSEC-v2018-07-01_CM).dat, platform_id: FUJITSU_FMT
Aug 16 23:59:13.977 INFO FUJITSU_FMT: dats/FUJITSU_FMT/Fujitsu FM Towns - Applications - [D88] (TOSEC-v2011-02-07_CM).dat, path: dats/FUJITSU_FMT/Fujitsu FM Towns - Applications - [D88] (TOSEC-v2011-02-07_CM).dat, platform_id: FUJITSU_FMT
Aug 16 23:59:14.008 INFO FUJITSU_FMT: dats/FUJITSU_FMT/Fujitsu - FM-Towns - Datfile (336) (2020-08-10 22-55-56).dat, path: dats/FUJITSU_FMT/Fujitsu - FM-Towns - Datfile (336) (2020-08-10 22-55-56).dat, platform_id: FUJITSU_FMT
Aug 16 23:59:14.055 INFO NINTENDO_N3DS: dats/NINTENDO_N3DS/Nintendo - New Nintendo 3DS (Decrypted) (20200812-102545).dat, path: dats/NINTENDO_N3DS/Nintendo - New Nintendo 3DS (Decrypted) (20200812-102545).dat, platform_id: NINTENDO_N3DS
Aug 16 23:59:14.055 INFO NINTENDO_N3DS: dats/NINTENDO_N3DS/Nintendo - New Nintendo 3DS (Encrypted) (20200812-102545).dat, path: dats/NINTENDO_N3DS/Nintendo - New Nintendo 3DS (Encrypted) (20200812-102545).dat, platform_id: NINTENDO_N3DS
Aug 16 23:59:14.056 INFO SNK_NGPC: dats/SNK_NGPC/SNK Neo-Geo Pocket Color - Multimedia (TOSEC-v2011-08-13_CM).dat, path: dats/SNK_NGPC/SNK Neo-Geo Pocket Color - Multimedia (TOSEC-v2011-08-13_CM).dat, platform_id: SNK_NGPC
Aug 16 23:59:14.057 INFO SNK_NGPC: dats/SNK_NGPC/SNK Neo-Geo Pocket Color - Applications (TOSEC-v2011-08-13_CM).dat, path: dats/SNK_NGPC/SNK Neo-Geo Pocket Color - Applications (TOSEC-v2011-08-13_CM).dat, platform_id: SNK_NGPC
Aug 16 23:59:14.057 INFO SNK_NGPC: dats/SNK_NGPC/SNK Neo-Geo Pocket Color - Samplers (TOSEC-v2011-08-13_CM).dat, path: dats/SNK_NGPC/SNK Neo-Geo Pocket Color - Samplers (TOSEC-v2011-08-13_CM).dat, platform_id: SNK_NGPC
Aug 16 23:59:14.058 INFO SNK_NGPC: dats/SNK_NGPC/SNK - Neo Geo Pocket Color (20200730-010130).dat, path: dats/SNK_NGPC/SNK - Neo Geo Pocket Color (20200730-010130).dat, platform_id: SNK_NGPC
Aug 16 23:59:14.062 INFO SNK_NGPC: dats/SNK_NGPC/SNK Neo-Geo Pocket Color - Educational (TOSEC-v2011-08-13_CM).dat, path: dats/SNK_NGPC/SNK Neo-Geo Pocket Color - Educational (TOSEC-v2011-08-13_CM).dat, platform_id: SNK_NGPC
Aug 16 23:59:14.063 INFO SNK_NGPC: dats/SNK_NGPC/SNK Neo-Geo Pocket Color - Demos (TOSEC-v2014-07-01_CM).dat, path: dats/SNK_NGPC/SNK Neo-Geo Pocket Color - Demos (TOSEC-v2014-07-01_CM).dat, platform_id: SNK_NGPC
Aug 16 23:59:14.073 INFO SNK_NGPC: dats/SNK_NGPC/SNK Neo-Geo Pocket Color - Games (TOSEC-v2020-07-12_CM).dat, path: dats/SNK_NGPC/SNK Neo-Geo Pocket Color - Games (TOSEC-v2020-07-12_CM).dat, platform_id: SNK_NGPC
Aug 16 23:59:14.081 INFO SNK_NGPC: dats/SNK_NGPC/SNK Neo-Geo Pocket Color - Firmware (TOSEC-v2011-08-13_CM).dat, path: dats/SNK_NGPC/SNK Neo-Geo Pocket Color - Firmware (TOSEC-v2011-08-13_CM).dat, platform_id: SNK_NGPC
Aug 16 23:59:14.081 INFO SEGA_GG: dats/SEGA_GG/Sega Game Gear - Firmware (TOSEC-v2011-12-19_CM).dat, path: dats/SEGA_GG/Sega Game Gear - Firmware (TOSEC-v2011-12-19_CM).dat, platform_id: SEGA_GG
Aug 16 23:59:14.082 INFO SEGA_GG: dats/SEGA_GG/Sega Game Gear - Demos (TOSEC-v2017-09-03_CM).dat, path: dats/SEGA_GG/Sega Game Gear - Demos (TOSEC-v2017-09-03_CM).dat, platform_id: SEGA_GG
Aug 16 23:59:14.088 INFO SEGA_GG: dats/SEGA_GG/Sega - Game Gear (20200302-200516).dat, path: dats/SEGA_GG/Sega - Game Gear (20200302-200516).dat, platform_id: SEGA_GG
Aug 16 23:59:14.112 INFO SEGA_GG: dats/SEGA_GG/Sega Game Gear - Educational (TOSEC-v2011-06-20_CM).dat, path: dats/SEGA_GG/Sega Game Gear - Educational (TOSEC-v2011-06-20_CM).dat, platform_id: SEGA_GG
Aug 16 23:59:14.144 INFO SEGA_GG: dats/SEGA_GG/Sega Game Gear - Games (TOSEC-v2017-09-03_CM).dat, path: dats/SEGA_GG/Sega Game Gear - Games (TOSEC-v2017-09-03_CM).dat, platform_id: SEGA_GG
Aug 16 23:59:14.172 INFO SEGA_GG: dats/SEGA_GG/Sega Game Gear - Samplers (TOSEC-v2011-06-20_CM).dat, path: dats/SEGA_GG/Sega Game Gear - Samplers (TOSEC-v2011-06-20_CM).dat, platform_id: SEGA_GG
Aug 16 23:59:14.172 INFO SEGA_GG: dats/SEGA_GG/Sega Game Gear - Applications (TOSEC-v2017-09-03_CM).dat, path: dats/SEGA_GG/Sega Game Gear - Applications (TOSEC-v2017-09-03_CM).dat, platform_id: SEGA_GG
Aug 16 23:59:14.172 INFO ATARI_LYNX: dats/ATARI_LYNX/Atari Lynx - Firmware (TOSEC-v2013-12-13_CM).dat, path: dats/ATARI_LYNX/Atari Lynx - Firmware (TOSEC-v2013-12-13_CM).dat, platform_id: ATARI_LYNX
Aug 16 23:59:14.178 INFO ATARI_LYNX: dats/ATARI_LYNX/Atari Lynx - Demos (TOSEC-v2013-12-13_CM).dat, path: dats/ATARI_LYNX/Atari Lynx - Demos (TOSEC-v2013-12-13_CM).dat, platform_id: ATARI_LYNX
Aug 16 23:59:14.191 INFO ATARI_LYNX: dats/ATARI_LYNX/Atari Lynx - Games (TOSEC-v2013-12-13_CM).dat, path: dats/ATARI_LYNX/Atari Lynx - Games (TOSEC-v2013-12-13_CM).dat, platform_id: ATARI_LYNX
Aug 16 23:59:14.201 INFO ATARI_LYNX: dats/ATARI_LYNX/Atari Lynx - Applications (TOSEC-v2013-12-13_CM).dat, path: dats/ATARI_LYNX/Atari Lynx - Applications (TOSEC-v2013-12-13_CM).dat, platform_id: ATARI_LYNX
Aug 16 23:59:14.202 INFO ATARI_LYNX: dats/ATARI_LYNX/Atari - Lynx (20191130-205105).dat, path: dats/ATARI_LYNX/Atari - Lynx (20191130-205105).dat, platform_id: ATARI_LYNX
Aug 16 23:59:14.226 INFO NINTENDO_GBA: dats/NINTENDO_GBA/Nintendo - Game Boy Advance (20200809-024131).dat, path: dats/NINTENDO_GBA/Nintendo - Game Boy Advance (20200809-024131).dat, platform_id: NINTENDO_GBA
Aug 16 23:59:14.339 INFO NINTENDO_GBA: dats/NINTENDO_GBA/Nintendo Game Boy Advance - Demos (TOSEC-v2012-04-13_CM).dat, path: dats/NINTENDO_GBA/Nintendo Game Boy Advance - Demos (TOSEC-v2012-04-13_CM).dat, platform_id: NINTENDO_GBA
Aug 16 23:59:14.339 INFO NINTENDO_GBA: dats/NINTENDO_GBA/Nintendo Game Boy Advance - Applications (TOSEC-v2011-06-20_CM).dat, path: dats/NINTENDO_GBA/Nintendo Game Boy Advance - Applications (TOSEC-v2011-06-20_CM).dat, platform_id: NINTENDO_GBA
Aug 16 23:59:14.340 INFO NINTENDO_GBA: dats/NINTENDO_GBA/Nintendo - Game Boy Advance (Multiboot) (20200522-232059).dat, path: dats/NINTENDO_GBA/Nintendo - Game Boy Advance (Multiboot) (20200522-232059).dat, platform_id: NINTENDO_GBA
Aug 16 23:59:14.348 INFO NINTENDO_GBA: dats/NINTENDO_GBA/Nintendo Game Boy Advance - Games (TOSEC-v2020-07-12_CM).dat, path: dats/NINTENDO_GBA/Nintendo Game Boy Advance - Games (TOSEC-v2020-07-12_CM).dat, platform_id: NINTENDO_GBA
Aug 16 23:59:14.404 INFO NINTENDO_WII: dats/NINTENDO_WII/Nintendo - Wii - Datfile (3624) (2020-08-13 22-29-27).dat, path: dats/NINTENDO_WII/Nintendo - Wii - Datfile (3624) (2020-08-13 22-29-27).dat, platform_id: NINTENDO_WII
Aug 16 23:59:14.575 INFO NINTENDO_WII: dats/NINTENDO_WII/Nintendo - Wii (Digital) (WAD) (20200618-091332).dat, path: dats/NINTENDO_WII/Nintendo - Wii (Digital) (WAD) (20200618-091332).dat, platform_id: NINTENDO_WII
Aug 16 23:59:14.719 INFO NINTENDO_WII: dats/NINTENDO_WII/Nintendo - Wii (Digital) (Split DLC) (WAD) (20190825-031431).dat, path: dats/NINTENDO_WII/Nintendo - Wii (Digital) (Split DLC) (WAD) (20190825-031431).dat, platform_id: NINTENDO_WII
Aug 16 23:59:14.879 INFO NINTENDO_N64: dats/NINTENDO_N64/Nintendo - Nintendo 64 (BigEndian) (20200712-090234).dat, path: dats/NINTENDO_N64/Nintendo - Nintendo 64 (BigEndian) (20200712-090234).dat, platform_id: NINTENDO_N64
Aug 16 23:59:15.029 INFO NINTENDO_N64: dats/NINTENDO_N64/Nintendo 64 - Games (TOSEC-v2020-07-12_CM).dat, path: dats/NINTENDO_N64/Nintendo 64 - Games (TOSEC-v2020-07-12_CM).dat, platform_id: NINTENDO_N64
Aug 16 23:59:15.133 INFO NINTENDO_N64: dats/NINTENDO_N64/Nintendo - Nintendo 64 (ByteSwapped) (20200712-090234).dat, path: dats/NINTENDO_N64/Nintendo - Nintendo 64 (ByteSwapped) (20200712-090234).dat, platform_id: NINTENDO_N64
Aug 16 23:59:15.174 INFO NINTENDO_N64: dats/NINTENDO_N64/Nintendo 64 - Samplers (TOSEC-v2015-05-27_CM).dat, path: dats/NINTENDO_N64/Nintendo 64 - Samplers (TOSEC-v2015-05-27_CM).dat, platform_id: NINTENDO_N64
Aug 16 23:59:15.183 INFO NINTENDO_N64: dats/NINTENDO_N64/Nintendo 64 - Demos (TOSEC-v2015-05-27_CM).dat, path: dats/NINTENDO_N64/Nintendo 64 - Demos (TOSEC-v2015-05-27_CM).dat, platform_id: NINTENDO_N64
Aug 16 23:59:15.190 INFO NINTENDO_N64: dats/NINTENDO_N64/Nintendo 64 - Educational (TOSEC-v2011-08-13_CM).dat, path: dats/NINTENDO_N64/Nintendo 64 - Educational (TOSEC-v2011-08-13_CM).dat, platform_id: NINTENDO_N64
Aug 16 23:59:15.197 INFO NINTENDO_N64: dats/NINTENDO_N64/Nintendo 64 - Firmware (TOSEC-v2015-05-27_CM).dat, path: dats/NINTENDO_N64/Nintendo 64 - Firmware (TOSEC-v2015-05-27_CM).dat, platform_id: NINTENDO_N64
Aug 16 23:59:15.212 INFO NINTENDO_N64: dats/NINTENDO_N64/Nintendo 64 - Applications (TOSEC-v2015-05-27_CM).dat, path: dats/NINTENDO_N64/Nintendo 64 - Applications (TOSEC-v2015-05-27_CM).dat, platform_id: NINTENDO_N64
Aug 16 23:59:15.231 INFO NINTENDO_NSW: dats/NINTENDO_NSW/Nintendo - Nintendo Switch (1115+z027).dat, path: dats/NINTENDO_NSW/Nintendo - Nintendo Switch (1115+z027).dat, platform_id: NINTENDO_NSW
Aug 16 23:59:15.332 INFO NINTENDO_NSW: dats/NINTENDO_NSW/Nintendo - Nintendo Switch (Digital) (NSP) (5245+x037+1003).dat, path: dats/NINTENDO_NSW/Nintendo - Nintendo Switch (Digital) (NSP) (5245+x037+1003).dat, platform_id: NINTENDO_NSW
Aug 16 23:59:15.556 INFO NINTENDO_NSW: dats/NINTENDO_NSW/Nintendo - Nintendo Switch (Digital) (NSP) (20200816-035117).dat, path: dats/NINTENDO_NSW/Nintendo - Nintendo Switch (Digital) (NSP) (20200816-035117).dat, platform_id: NINTENDO_NSW
Aug 16 23:59:15.739 INFO NINTENDO_NSW: dats/NINTENDO_NSW/Nintendo - Nintendo Switch (20200815-215149).dat, path: dats/NINTENDO_NSW/Nintendo - Nintendo Switch (20200815-215149).dat, platform_id: NINTENDO_NSW
Aug 16 23:59:15.802 INFO SONY_PS4: dats/SONY_PS4/Sony - PlayStation 4 - Datfile (1167) (2020-08-17 00-38-01).dat, path: dats/SONY_PS4/Sony - PlayStation 4 - Datfile (1167) (2020-08-17 00-38-01).dat, platform_id: SONY_PS4
Aug 16 23:59:15.854 INFO MICROSOFT_XBO: dats/MICROSOFT_XBO/Microsoft - Xbox One - Datfile (355) (2020-07-31 21-28-33).dat, path: dats/MICROSOFT_XBO/Microsoft - Xbox One - Datfile (355) (2020-07-31 21-28-33).dat, platform_id: MICROSOFT_XBO
Aug 16 23:59:15.865 INFO NINTENDO_FDS: dats/NINTENDO_FDS/Nintendo - Family Computer Disk System (FDSStickBIN) (20200525-135739).dat, path: dats/NINTENDO_FDS/Nintendo - Family Computer Disk System (FDSStickBIN) (20200525-135739).dat, platform_id: NINTENDO_FDS
Aug 16 23:59:15.865 INFO NINTENDO_FDS: dats/NINTENDO_FDS/Nintendo Famicom Disk System - Firmware (TOSEC-v2014-04-23_CM).dat, path: dats/NINTENDO_FDS/Nintendo Famicom Disk System - Firmware (TOSEC-v2014-04-23_CM).dat, platform_id: NINTENDO_FDS
Aug 16 23:59:15.893 INFO NINTENDO_FDS: dats/NINTENDO_FDS/Nintendo Famicom Disk System - Games (TOSEC-v2018-03-08_CM).dat, path: dats/NINTENDO_FDS/Nintendo Famicom Disk System - Games (TOSEC-v2018-03-08_CM).dat, platform_id: NINTENDO_FDS
Aug 16 23:59:15.918 INFO NINTENDO_FDS: dats/NINTENDO_FDS/Nintendo Famicom Disk System - Educational (TOSEC-v2018-03-08_CM).dat, path: dats/NINTENDO_FDS/Nintendo Famicom Disk System - Educational (TOSEC-v2018-03-08_CM).dat, platform_id: NINTENDO_FDS
Aug 16 23:59:15.918 INFO NINTENDO_FDS: dats/NINTENDO_FDS/Nintendo - Family Computer Disk System (FDSStickRAW) (20200525-135739).dat, path: dats/NINTENDO_FDS/Nintendo - Family Computer Disk System (FDSStickRAW) (20200525-135739).dat, platform_id: NINTENDO_FDS
Aug 16 23:59:15.921 INFO NINTENDO_FDS: dats/NINTENDO_FDS/Nintendo - Family Computer Disk System (FDS) (20200525-135739).dat, path: dats/NINTENDO_FDS/Nintendo - Family Computer Disk System (FDS) (20200525-135739).dat, platform_id: NINTENDO_FDS
Aug 16 23:59:15.931 INFO NINTENDO_FDS: dats/NINTENDO_FDS/Nintendo - Family Computer Disk System (QD) (20200525-135739).dat, path: dats/NINTENDO_FDS/Nintendo - Family Computer Disk System (QD) (20200525-135739).dat, platform_id: NINTENDO_FDS
Aug 16 23:59:15.934 INFO NINTENDO_FDS: dats/NINTENDO_FDS/Nintendo Famicom Disk System - Coverdisks (TOSEC-v2018-03-08_CM).dat, path: dats/NINTENDO_FDS/Nintendo Famicom Disk System - Coverdisks (TOSEC-v2018-03-08_CM).dat, platform_id: NINTENDO_FDS
Aug 16 23:59:15.934 INFO NINTENDO_FDS: dats/NINTENDO_FDS/Nintendo Famicom Disk System - Applications (TOSEC-v2018-03-08_CM).dat, path: dats/NINTENDO_FDS/Nintendo Famicom Disk System - Applications (TOSEC-v2018-03-08_CM).dat, platform_id: NINTENDO_FDS
Aug 16 23:59:15.935 INFO NINTENDO_FDS: dats/NINTENDO_FDS/Nintendo Famicom Disk System - Demos (TOSEC-v2018-03-08_CM).dat, path: dats/NINTENDO_FDS/Nintendo Famicom Disk System - Demos (TOSEC-v2018-03-08_CM).dat, platform_id: NINTENDO_FDS
Aug 16 23:59:15.935 INFO GCE_VECTREX: dats/GCE_VECTREX/GCE Vectrex - Compilations (TOSEC-v2012-02-27_CM).dat, path: dats/GCE_VECTREX/GCE Vectrex - Compilations (TOSEC-v2012-02-27_CM).dat, platform_id: GCE_VECTREX
Aug 16 23:59:15.941 INFO GCE_VECTREX: dats/GCE_VECTREX/GCE Vectrex - Games (TOSEC-v2014-07-30_CM).dat, path: dats/GCE_VECTREX/GCE Vectrex - Games (TOSEC-v2014-07-30_CM).dat, platform_id: GCE_VECTREX
Aug 16 23:59:15.947 INFO GCE_VECTREX: dats/GCE_VECTREX/GCE - Vectrex (20170908-211236).dat, path: dats/GCE_VECTREX/GCE - Vectrex (20170908-211236).dat, platform_id: GCE_VECTREX
Aug 16 23:59:15.949 INFO GCE_VECTREX: dats/GCE_VECTREX/GCE Vectrex - Demos - Slideshows (TOSEC-v2012-02-27_CM).dat, path: dats/GCE_VECTREX/GCE Vectrex - Demos - Slideshows (TOSEC-v2012-02-27_CM).dat, platform_id: GCE_VECTREX
Aug 16 23:59:15.949 INFO GCE_VECTREX: dats/GCE_VECTREX/GCE Vectrex - Firmware (TOSEC-v2012-02-27_CM).dat, path: dats/GCE_VECTREX/GCE Vectrex - Firmware (TOSEC-v2012-02-27_CM).dat, platform_id: GCE_VECTREX
Aug 16 23:59:15.950 INFO GCE_VECTREX: dats/GCE_VECTREX/GCE Vectrex - Demos - Various (TOSEC-v2012-02-27_CM).dat, path: dats/GCE_VECTREX/GCE Vectrex - Demos - Various (TOSEC-v2012-02-27_CM).dat, platform_id: GCE_VECTREX
Aug 16 23:59:15.954 INFO GCE_VECTREX: dats/GCE_VECTREX/GCE Vectrex - Demos - Music (TOSEC-v2012-02-27_CM).dat, path: dats/GCE_VECTREX/GCE Vectrex - Demos - Music (TOSEC-v2012-02-27_CM).dat, platform_id: GCE_VECTREX
Aug 16 23:59:15.955 INFO SEGA_GEN: dats/SEGA_GEN/Sega Mega Drive & Genesis - Games - [Multipart] (TOSEC-v2019-09-01_CM).dat, path: dats/SEGA_GEN/Sega Mega Drive & Genesis - Games - [Multipart] (TOSEC-v2019-09-01_CM).dat, platform_id: SEGA_GEN
Aug 16 23:59:15.957 INFO SEGA_GEN: dats/SEGA_GEN/Sega Mega Drive & Genesis - Compilations (TOSEC-v2019-12-18_CM).dat, path: dats/SEGA_GEN/Sega Mega Drive & Genesis - Compilations (TOSEC-v2019-12-18_CM).dat, platform_id: SEGA_GEN
Aug 16 23:59:15.964 INFO SEGA_GEN: dats/SEGA_GEN/Sega Mega Drive & Genesis - Demos (TOSEC-v2019-09-01_CM).dat, path: dats/SEGA_GEN/Sega Mega Drive & Genesis - Demos (TOSEC-v2019-09-01_CM).dat, platform_id: SEGA_GEN
Aug 16 23:59:15.968 INFO SEGA_GEN: dats/SEGA_GEN/Sega Mega Drive & Genesis - Applications - [Multipart] (TOSEC-v2019-09-01_CM).dat, path: dats/SEGA_GEN/Sega Mega Drive & Genesis - Applications - [Multipart] (TOSEC-v2019-09-01_CM).dat, platform_id: SEGA_GEN
Aug 16 23:59:15.970 INFO SEGA_GEN: dats/SEGA_GEN/Sega Mega Drive & Genesis - Applications - [BIN] (TOSEC-v2020-07-12_CM).dat, path: dats/SEGA_GEN/Sega Mega Drive & Genesis - Applications - [BIN] (TOSEC-v2020-07-12_CM).dat, platform_id: SEGA_GEN
Aug 16 23:59:15.974 INFO SEGA_GEN: dats/SEGA_GEN/Sega Mega Drive & Genesis - Educational (TOSEC-v2020-07-12_CM).dat, path: dats/SEGA_GEN/Sega Mega Drive & Genesis - Educational (TOSEC-v2020-07-12_CM).dat, platform_id: SEGA_GEN
Aug 16 23:59:16.203 INFO SEGA_GEN: dats/SEGA_GEN/Sega Mega Drive & Genesis - Games - [BIN] (TOSEC-v2020-07-12_CM).dat, path: dats/SEGA_GEN/Sega Mega Drive & Genesis - Games - [BIN] (TOSEC-v2020-07-12_CM).dat, platform_id: SEGA_GEN
Aug 16 23:59:16.383 INFO SEGA_GEN: dats/SEGA_GEN/Sega Mega Drive & Genesis - Firmware (TOSEC-v2020-07-12_CM).dat, path: dats/SEGA_GEN/Sega Mega Drive & Genesis - Firmware (TOSEC-v2020-07-12_CM).dat, platform_id: SEGA_GEN
Aug 16 23:59:16.409 INFO SEGA_GEN: dats/SEGA_GEN/Sega - Mega Drive - Genesis (20200804-210911).dat, path: dats/SEGA_GEN/Sega - Mega Drive - Genesis (20200804-210911).dat, platform_id: SEGA_GEN
Aug 16 23:59:16.518 INFO SEGA_SMS: dats/SEGA_SMS/Sega Mark III & Master System - Demos (TOSEC-v2011-08-13_CM).dat, path: dats/SEGA_SMS/Sega Mark III & Master System - Demos (TOSEC-v2011-08-13_CM).dat, platform_id: SEGA_SMS
Aug 16 23:59:16.527 INFO SEGA_SMS: dats/SEGA_SMS/Sega - Master System - Mark III (20200429-062328).dat, path: dats/SEGA_SMS/Sega - Master System - Mark III (20200429-062328).dat, platform_id: SEGA_SMS
Aug 16 23:59:16.546 INFO SEGA_SMS: dats/SEGA_SMS/Sega Mark III & Master System - Applications (TOSEC-v2017-10-22_CM).dat, path: dats/SEGA_SMS/Sega Mark III & Master System - Applications (TOSEC-v2017-10-22_CM).dat, platform_id: SEGA_SMS
Aug 16 23:59:16.547 INFO SEGA_SMS: dats/SEGA_SMS/Sega Mark III & Master System - Firmware (TOSEC-v2017-10-22_CM).dat, path: dats/SEGA_SMS/Sega Mark III & Master System - Firmware (TOSEC-v2017-10-22_CM).dat, platform_id: SEGA_SMS
Aug 16 23:59:16.548 INFO SEGA_SMS: dats/SEGA_SMS/Sega Mark III & Master System - Samplers (TOSEC-v2011-06-20_CM).dat, path: dats/SEGA_SMS/Sega Mark III & Master System - Samplers (TOSEC-v2011-06-20_CM).dat, platform_id: SEGA_SMS
Aug 16 23:59:16.548 INFO SEGA_SMS: dats/SEGA_SMS/Sega Mark III & Master System - Educational (TOSEC-v2010-12-22_CM).dat, path: dats/SEGA_SMS/Sega Mark III & Master System - Educational (TOSEC-v2010-12-22_CM).dat, platform_id: SEGA_SMS
Aug 16 23:59:16.585 INFO SEGA_SMS: dats/SEGA_SMS/Sega Mark III & Master System - Games (TOSEC-v2017-10-22_CM).dat, path: dats/SEGA_SMS/Sega Mark III & Master System - Games (TOSEC-v2017-10-22_CM).dat, platform_id: SEGA_SMS
Aug 16 23:59:16.623 INFO BANDAI_WS: dats/BANDAI_WS/Bandai WonderSwan - Games (TOSEC-v2020-07-12_CM).dat, path: dats/BANDAI_WS/Bandai WonderSwan - Games (TOSEC-v2020-07-12_CM).dat, platform_id: BANDAI_WS
Aug 16 23:59:16.628 INFO BANDAI_WS: dats/BANDAI_WS/Bandai WonderSwan - Demos (TOSEC-v2013-12-13_CM).dat, path: dats/BANDAI_WS/Bandai WonderSwan - Demos (TOSEC-v2013-12-13_CM).dat, platform_id: BANDAI_WS
Aug 16 23:59:16.629 INFO BANDAI_WS: dats/BANDAI_WS/Bandai - WonderSwan (20200427-065439).dat, path: dats/BANDAI_WS/Bandai - WonderSwan (20200427-065439).dat, platform_id: BANDAI_WS
Aug 16 23:59:16.633 INFO ATARI_5200: dats/ATARI_5200/Atari 5200 - Applications (TOSEC-v2013-12-13_CM).dat, path: dats/ATARI_5200/Atari 5200 - Applications (TOSEC-v2013-12-13_CM).dat, platform_id: ATARI_5200
Aug 16 23:59:16.641 INFO ATARI_5200: dats/ATARI_5200/Atari 5200 - Games (TOSEC-v2013-12-13_CM).dat, path: dats/ATARI_5200/Atari 5200 - Games (TOSEC-v2013-12-13_CM).dat, platform_id: ATARI_5200
Aug 16 23:59:16.649 INFO ATARI_5200: dats/ATARI_5200/Atari 5200 - Demos (TOSEC-v2013-12-13_CM).dat, path: dats/ATARI_5200/Atari 5200 - Demos (TOSEC-v2013-12-13_CM).dat, platform_id: ATARI_5200
Aug 16 23:59:16.649 INFO ATARI_5200: dats/ATARI_5200/Atari 5200 - Firmware (TOSEC-v2013-12-13_CM).dat, path: dats/ATARI_5200/Atari 5200 - Firmware (TOSEC-v2013-12-13_CM).dat, platform_id: ATARI_5200
Aug 16 23:59:16.650 INFO ATARI_5200: dats/ATARI_5200/Atari - 5200 (20130303-220600).dat, path: dats/ATARI_5200/Atari - 5200 (20130303-220600).dat, platform_id: ATARI_5200
Aug 16 23:59:16.653 INFO PANASONIC_3DO: dats/PANASONIC_3DO/3DO 3DO Interactive Multiplayer - Applications - [ISO] (TOSEC-v2012-07-05_CM).dat, path: dats/PANASONIC_3DO/3DO 3DO Interactive Multiplayer - Applications - [ISO] (TOSEC-v2012-07-05_CM).dat, platform_id: PANASONIC_3DO
Aug 16 23:59:16.693 INFO PANASONIC_3DO: dats/PANASONIC_3DO/3DO 3DO Interactive Multiplayer - Games (TOSEC-v2020-07-14_CM).dat, path: dats/PANASONIC_3DO/3DO 3DO Interactive Multiplayer - Games (TOSEC-v2020-07-14_CM).dat, platform_id: PANASONIC_3DO
Aug 16 23:59:16.712 INFO PANASONIC_3DO: dats/PANASONIC_3DO/3DO 3DO Interactive Multiplayer - Coverdiscs - [IMG] (TOSEC-v2017-09-17_CM).dat, path: dats/PANASONIC_3DO/3DO 3DO Interactive Multiplayer - Coverdiscs - [IMG] (TOSEC-v2017-09-17_CM).dat, platform_id: PANASONIC_3DO
Aug 16 23:59:16.713 INFO PANASONIC_3DO: dats/PANASONIC_3DO/3DO 3DO Interactive Multiplayer - Homebrew - Games (TOSEC-v2017-09-25_CM).dat, path: dats/PANASONIC_3DO/3DO 3DO Interactive Multiplayer - Homebrew - Games (TOSEC-v2017-09-25_CM).dat, platform_id: PANASONIC_3DO
Aug 16 23:59:16.714 INFO PANASONIC_3DO: dats/PANASONIC_3DO/3DO 3DO Interactive Multiplayer - Firmware (TOSEC-v2017-07-07_CM).dat, path: dats/PANASONIC_3DO/3DO 3DO Interactive Multiplayer - Firmware (TOSEC-v2017-07-07_CM).dat, platform_id: PANASONIC_3DO
Aug 16 23:59:16.714 INFO PANASONIC_3DO: dats/PANASONIC_3DO/3DO 3DO Interactive Multiplayer - Applications - [IMG] (TOSEC-v2017-09-15_CM).dat, path: dats/PANASONIC_3DO/3DO 3DO Interactive Multiplayer - Applications - [IMG] (TOSEC-v2017-09-15_CM).dat, platform_id: PANASONIC_3DO
Aug 16 23:59:16.715 INFO PANASONIC_3DO: dats/PANASONIC_3DO/3DO 3DO Interactive Multiplayer - Homebrew - Compilations (TOSEC-v2017-09-25_CM).dat, path: dats/PANASONIC_3DO/3DO 3DO Interactive Multiplayer - Homebrew - Compilations (TOSEC-v2017-09-25_CM).dat, platform_id: PANASONIC_3DO
Aug 16 23:59:16.716 INFO PANASONIC_3DO: dats/PANASONIC_3DO/3DO 3DO Interactive Multiplayer - Homebrew - Applications (TOSEC-v2017-09-15_CM).dat, path: dats/PANASONIC_3DO/3DO 3DO Interactive Multiplayer - Homebrew - Applications (TOSEC-v2017-09-15_CM).dat, platform_id: PANASONIC_3DO
Aug 16 23:59:16.726 INFO PANASONIC_3DO: dats/PANASONIC_3DO/Panasonic - 3DO Interactive Multiplayer - Datfile (525) (2020-08-15 00-09-46).dat, path: dats/PANASONIC_3DO/Panasonic - 3DO Interactive Multiplayer - Datfile (525) (2020-08-15 00-09-46).dat, platform_id: PANASONIC_3DO
Aug 16 23:59:16.752 INFO PANASONIC_3DO: dats/PANASONIC_3DO/3DO 3DO Interactive Multiplayer - Coverdiscs - [ISO] (TOSEC-v2012-07-05_CM).dat, path: dats/PANASONIC_3DO/3DO 3DO Interactive Multiplayer - Coverdiscs - [ISO] (TOSEC-v2012-07-05_CM).dat, platform_id: PANASONIC_3DO
Aug 16 23:59:16.753 INFO PANASONIC_3DO: dats/PANASONIC_3DO/3DO 3DO Interactive Multiplayer - Homebrew - Demos (TOSEC-v2020-07-14_CM).dat, path: dats/PANASONIC_3DO/3DO 3DO Interactive Multiplayer - Homebrew - Demos (TOSEC-v2020-07-14_CM).dat, platform_id: PANASONIC_3DO
Aug 16 23:59:16.755 INFO PANASONIC_3DO: dats/PANASONIC_3DO/3DO 3DO Interactive Multiplayer - Educational (TOSEC-v2012-07-05_CM).dat, path: dats/PANASONIC_3DO/3DO 3DO Interactive Multiplayer - Educational (TOSEC-v2012-07-05_CM).dat, platform_id: PANASONIC_3DO
Aug 16 23:59:16.758 INFO SONY_PSV: dats/SONY_PSV/Sony - PlayStation Vita (PSVgameSD) (20200815-225636).dat, path: dats/SONY_PSV/Sony - PlayStation Vita (PSVgameSD) (20200815-225636).dat, platform_id: SONY_PSV
Aug 16 23:59:16.907 INFO SONY_PSV: dats/SONY_PSV/Sony - PlayStation Vita (NoNpDrm) (20200815-225636).dat, path: dats/SONY_PSV/Sony - PlayStation Vita (NoNpDrm) (20200815-225636).dat, platform_id: SONY_PSV
Aug 16 23:59:17.449 INFO SONY_PSV: dats/SONY_PSV/Sony - PlayStation Vita (BlackFinPSV) (20200815-225636).dat, path: dats/SONY_PSV/Sony - PlayStation Vita (BlackFinPSV) (20200815-225636).dat, platform_id: SONY_PSV
Aug 16 23:59:17.454 INFO SONY_PSV: dats/SONY_PSV/Sony - PlayStation Vita (VPK) (20200815-225636).dat, path: dats/SONY_PSV/Sony - PlayStation Vita (VPK) (20200815-225636).dat, platform_id: SONY_PSV
Aug 16 23:59:17.463 INFO SONY_PSV: dats/SONY_PSV/WIP Sony - PlayStation Vita (PSN) (Decrypted) (20200527-113102).dat, path: dats/SONY_PSV/WIP Sony - PlayStation Vita (PSN) (Decrypted) (20200527-113102).dat, platform_id: SONY_PSV
Aug 16 23:59:17.493 INFO SONY_PSV: dats/SONY_PSV/Sony - PlayStation Vita (PSN) (Updates) (20200613-080027).dat, path: dats/SONY_PSV/Sony - PlayStation Vita (PSN) (Updates) (20200613-080027).dat, platform_id: SONY_PSV
Aug 16 23:59:17.665 INFO SONY_PSV: dats/SONY_PSV/Sony - PlayStation Vita (PSN) (Content) (20200612-082148).dat, path: dats/SONY_PSV/Sony - PlayStation Vita (PSN) (Content) (20200612-082148).dat, platform_id: SONY_PSV
Aug 16 23:59:17.938 INFO NINTENDO_N64DD: dats/NINTENDO_N64DD/Nintendo 64DD - Firmware (TOSEC-v2012-02-27_CM).dat, path: dats/NINTENDO_N64DD/Nintendo 64DD - Firmware (TOSEC-v2012-02-27_CM).dat, platform_id: NINTENDO_N64DD
Aug 16 23:59:17.939 INFO NINTENDO_N64DD: dats/NINTENDO_N64DD/Nintendo - Nintendo 64DD (20200620-071933).dat, path: dats/NINTENDO_N64DD/Nintendo - Nintendo 64DD (20200620-071933).dat, platform_id: NINTENDO_N64DD
Aug 16 23:59:17.940 INFO NINTENDO_N64DD: dats/NINTENDO_N64DD/Nintendo 64DD - Applications (TOSEC-v2012-02-27_CM).dat, path: dats/NINTENDO_N64DD/Nintendo 64DD - Applications (TOSEC-v2012-02-27_CM).dat, platform_id: NINTENDO_N64DD
Aug 16 23:59:17.940 INFO NINTENDO_N64DD: dats/NINTENDO_N64DD/Nintendo 64DD - Games (TOSEC-v2011-08-13_CM).dat, path: dats/NINTENDO_N64DD/Nintendo 64DD - Games (TOSEC-v2011-08-13_CM).dat, platform_id: NINTENDO_N64DD
Aug 16 23:59:18.040 INFO NEC_TGCD: dats/NEC_TGCD/NEC - PC Engine CD & TurboGrafx CD - Datfile (527) (2020-08-10 20-14-05).dat, path: dats/NEC_TGCD/NEC - PC Engine CD & TurboGrafx CD - Datfile (527) (2020-08-10 20-14-05).dat, platform_id: NEC_TGCD
Aug 16 23:59:18.189 INFO NEC_TGCD: dats/NEC_TGCD/NEC PC-Engine CD & TurboGrafx-16 CD - Homebrew - Games (TOSEC-v2012-07-22_CM).dat, path: dats/NEC_TGCD/NEC PC-Engine CD & TurboGrafx-16 CD - Homebrew - Games (TOSEC-v2012-07-22_CM).dat, platform_id: NEC_TGCD
Aug 16 23:59:18.190 INFO NEC_TGCD: dats/NEC_TGCD/NEC PC-Engine CD & TurboGrafx-16 CD - Compilations (TOSEC-v2019-04-18_CM).dat, path: dats/NEC_TGCD/NEC PC-Engine CD & TurboGrafx-16 CD - Compilations (TOSEC-v2019-04-18_CM).dat, platform_id: NEC_TGCD
Aug 16 23:59:18.191 INFO NEC_TGCD: dats/NEC_TGCD/NEC PC-Engine CD & TurboGrafx-16 CD - Applications (TOSEC-v2018-03-23_CM).dat, path: dats/NEC_TGCD/NEC PC-Engine CD & TurboGrafx-16 CD - Applications (TOSEC-v2018-03-23_CM).dat, platform_id: NEC_TGCD
Aug 16 23:59:18.191 INFO NEC_TGCD: dats/NEC_TGCD/NEC PC-Engine CD & TurboGrafx-16 CD - Educational (TOSEC-v2018-05-28_CM).dat, path: dats/NEC_TGCD/NEC PC-Engine CD & TurboGrafx-16 CD - Educational (TOSEC-v2018-05-28_CM).dat, platform_id: NEC_TGCD
Aug 16 23:59:18.192 INFO NINTENDO_GCN: dats/NINTENDO_GCN/Nintendo GameCube - Applications (TOSEC-v2020-01-31_CM).dat, path: dats/NINTENDO_GCN/Nintendo GameCube - Applications (TOSEC-v2020-01-31_CM).dat, platform_id: NINTENDO_GCN
Aug 16 23:59:18.193 INFO NINTENDO_GCN: dats/NINTENDO_GCN/Nintendo - GameCube - BIOS Datfile (10) (2017-09-30).dat, path: dats/NINTENDO_GCN/Nintendo - GameCube - BIOS Datfile (10) (2017-09-30).dat, platform_id: NINTENDO_GCN
Aug 16 23:59:18.221 INFO NINTENDO_GCN: dats/NINTENDO_GCN/Nintendo - GameCube - Datfile (1907) (2020-08-13 22-06-43).dat, path: dats/NINTENDO_GCN/Nintendo - GameCube - Datfile (1907) (2020-08-13 22-06-43).dat, platform_id: NINTENDO_GCN
Aug 16 23:59:18.305 INFO NINTENDO_GCN: dats/NINTENDO_GCN/Nintendo GameCube - Samplers (TOSEC-v2020-01-31_CM).dat, path: dats/NINTENDO_GCN/Nintendo GameCube - Samplers (TOSEC-v2020-01-31_CM).dat, platform_id: NINTENDO_GCN
Aug 16 23:59:18.318 INFO NINTENDO_GCN: dats/NINTENDO_GCN/Nintendo GameCube - Games (TOSEC-v2020-02-14_CM).dat, path: dats/NINTENDO_GCN/Nintendo GameCube - Games (TOSEC-v2020-02-14_CM).dat, platform_id: NINTENDO_GCN
Aug 16 23:59:18.330 INFO SEGA_CD: dats/SEGA_CD/Sega Mega-CD & Sega CD - Firmware (TOSEC-v2020-07-12_CM).dat, path: dats/SEGA_CD/Sega Mega-CD & Sega CD - Firmware (TOSEC-v2020-07-12_CM).dat, platform_id: SEGA_CD
Aug 16 23:59:18.357 INFO SEGA_CD: dats/SEGA_CD/Sega Mega-CD & Sega CD - CD - Games - [IMG] (TOSEC-v2014-07-01_CM).dat, path: dats/SEGA_CD/Sega Mega-CD & Sega CD - CD - Games - [IMG] (TOSEC-v2014-07-01_CM).dat, platform_id: SEGA_CD
Aug 16 23:59:18.379 INFO SEGA_CD: dats/SEGA_CD/Sega Mega-CD & Sega CD - CD - Applications (TOSEC-v2014-07-01_CM).dat, path: dats/SEGA_CD/Sega Mega-CD & Sega CD - CD - Applications (TOSEC-v2014-07-01_CM).dat, platform_id: SEGA_CD
Aug 16 23:59:18.380 INFO SEGA_CD: dats/SEGA_CD/Sega Mega-CD & Sega CD - CD - Educational - [ISO] (TOSEC-v2014-07-01_CM).dat, path: dats/SEGA_CD/Sega Mega-CD & Sega CD - CD - Educational - [ISO] (TOSEC-v2014-07-01_CM).dat, platform_id: SEGA_CD
Aug 16 23:59:18.433 INFO SEGA_CD: dats/SEGA_CD/Sega - Mega CD & Sega CD - Datfile (530) (2020-08-12 03-34-00).dat, path: dats/SEGA_CD/Sega - Mega CD & Sega CD - Datfile (530) (2020-08-12 03-34-00).dat, platform_id: SEGA_CD
Aug 16 23:59:18.522 INFO SEGA_CD: dats/SEGA_CD/Sega Mega-CD & Sega CD - CD - Samplers - [ISO] (TOSEC-v2014-07-01_CM).dat, path: dats/SEGA_CD/Sega Mega-CD & Sega CD - CD - Samplers - [ISO] (TOSEC-v2014-07-01_CM).dat, platform_id: SEGA_CD
Aug 16 23:59:18.527 INFO SEGA_CD: dats/SEGA_CD/Sega Mega-CD & Sega CD - CD - Samplers - [IMG] (TOSEC-v2012-09-08_CM).dat, path: dats/SEGA_CD/Sega Mega-CD & Sega CD - CD - Samplers - [IMG] (TOSEC-v2012-09-08_CM).dat, platform_id: SEGA_CD
Aug 16 23:59:18.529 INFO SEGA_CD: dats/SEGA_CD/Sega Mega-CD & Sega CD - CD - Educational - [IMG] (TOSEC-v2013-04-10_CM).dat, path: dats/SEGA_CD/Sega Mega-CD & Sega CD - CD - Educational - [IMG] (TOSEC-v2013-04-10_CM).dat, platform_id: SEGA_CD
Aug 16 23:59:18.530 INFO SEGA_CD: dats/SEGA_CD/Sega Mega-CD & Sega CD - Applications (TOSEC-v2012-09-08_CM).dat, path: dats/SEGA_CD/Sega Mega-CD & Sega CD - Applications (TOSEC-v2012-09-08_CM).dat, platform_id: SEGA_CD
Aug 16 23:59:18.597 INFO SEGA_CD: dats/SEGA_CD/Sega Mega-CD & Sega CD - CD - Games - [ISO] (TOSEC-v2013-04-10_CM).dat, path: dats/SEGA_CD/Sega Mega-CD & Sega CD - CD - Games - [ISO] (TOSEC-v2013-04-10_CM).dat, platform_id: SEGA_CD
Aug 16 23:59:18.666 INFO MAGNAVOX_O2: dats/MAGNAVOX_O2/Magnavox Odyssey2 - Games (TOSEC-v2011-02-22_CM).dat, path: dats/MAGNAVOX_O2/Magnavox Odyssey2 - Games (TOSEC-v2011-02-22_CM).dat, platform_id: MAGNAVOX_O2
Aug 16 23:59:18.671 INFO MAGNAVOX_O2: dats/MAGNAVOX_O2/Magnavox - Odyssey2 (20200720-221603).dat, path: dats/MAGNAVOX_O2/Magnavox - Odyssey2 (20200720-221603).dat, platform_id: MAGNAVOX_O2
Aug 16 23:59:18.675 INFO MAGNAVOX_O2: dats/MAGNAVOX_O2/Magnavox Odyssey2 - Firmware (TOSEC-v2011-02-22_CM).dat, path: dats/MAGNAVOX_O2/Magnavox Odyssey2 - Firmware (TOSEC-v2011-02-22_CM).dat, platform_id: MAGNAVOX_O2
Aug 16 23:59:18.675 INFO MAGNAVOX_O2: dats/MAGNAVOX_O2/Magnavox Odyssey2 - Educational (TOSEC-v2011-02-22_CM).dat, path: dats/MAGNAVOX_O2/Magnavox Odyssey2 - Educational (TOSEC-v2011-02-22_CM).dat, platform_id: MAGNAVOX_O2
Aug 16 23:59:18.676 INFO MAGNAVOX_O2: dats/MAGNAVOX_O2/Magnavox Odyssey2 - Applications (TOSEC-v2011-02-22_CM).dat, path: dats/MAGNAVOX_O2/Magnavox Odyssey2 - Applications (TOSEC-v2011-02-22_CM).dat, platform_id: MAGNAVOX_O2
Aug 16 23:59:18.676 INFO NINTENDO_SFT: dats/NINTENDO_SFT/Nintendo - Sufami Turbo (20190125-184314).dat, path: dats/NINTENDO_SFT/Nintendo - Sufami Turbo (20190125-184314).dat, platform_id: NINTENDO_SFT
Aug 16 23:59:18.719 INFO SEGA_DC: dats/SEGA_DC/Sega Dreamcast - Games - US (TOSEC-v2020-01-24_CM).dat, path: dats/SEGA_DC/Sega Dreamcast - Games - US (TOSEC-v2020-01-24_CM).dat, platform_id: SEGA_DC
Aug 16 23:59:18.830 INFO SEGA_DC: dats/SEGA_DC/Sega - Dreamcast - Datfile (1337) (2020-08-15 11-12-26).dat, path: dats/SEGA_DC/Sega - Dreamcast - Datfile (1337) (2020-08-15 11-12-26).dat, platform_id: SEGA_DC
Aug 16 23:59:18.986 INFO SEGA_DC: dats/SEGA_DC/Sega Dreamcast - Various Unverified Dumps (TOSEC-v2020-07-20_CM).dat, path: dats/SEGA_DC/Sega Dreamcast - Various Unverified Dumps (TOSEC-v2020-07-20_CM).dat, platform_id: SEGA_DC
Aug 16 23:59:18.994 INFO SEGA_DC: dats/SEGA_DC/Sega Dreamcast - Homebrew - Demos - [BIN] (TOSEC-v2012-02-27_CM).dat, path: dats/SEGA_DC/Sega Dreamcast - Homebrew - Demos - [BIN] (TOSEC-v2012-02-27_CM).dat, platform_id: SEGA_DC
Aug 16 23:59:18.995 INFO SEGA_DC: dats/SEGA_DC/Sega Dreamcast - Homebrew - Demos - [NRG] (TOSEC-v2012-02-27_CM).dat, path: dats/SEGA_DC/Sega Dreamcast - Homebrew - Demos - [NRG] (TOSEC-v2012-02-27_CM).dat, platform_id: SEGA_DC
Aug 16 23:59:19.049 INFO SEGA_DC: dats/SEGA_DC/Sega Dreamcast - Games - JP (TOSEC-v2020-04-14_CM).dat, path: dats/SEGA_DC/Sega Dreamcast - Games - JP (TOSEC-v2020-04-14_CM).dat, platform_id: SEGA_DC
Aug 16 23:59:19.149 INFO SEGA_DC: dats/SEGA_DC/Sega Dreamcast - Games - PAL (TOSEC-v2019-08-04_CM).dat, path: dats/SEGA_DC/Sega Dreamcast - Games - PAL (TOSEC-v2019-08-04_CM).dat, platform_id: SEGA_DC
Aug 16 23:59:19.190 INFO SEGA_DC: dats/SEGA_DC/Sega Dreamcast - Games - [ISO] (TOSEC-v2019-05-10_CM).dat, path: dats/SEGA_DC/Sega Dreamcast - Games - [ISO] (TOSEC-v2019-05-10_CM).dat, platform_id: SEGA_DC
Aug 16 23:59:19.200 INFO SEGA_DC: dats/SEGA_DC/Sega Dreamcast - Applications (TOSEC-v2019-12-20_CM).dat, path: dats/SEGA_DC/Sega Dreamcast - Applications (TOSEC-v2019-12-20_CM).dat, platform_id: SEGA_DC
Aug 16 23:59:19.204 INFO SEGA_DC: dats/SEGA_DC/Sega Dreamcast - Firmware (TOSEC-v2017-07-05_CM).dat, path: dats/SEGA_DC/Sega Dreamcast - Firmware (TOSEC-v2017-07-05_CM).dat, platform_id: SEGA_DC
Aug 16 23:59:19.205 INFO SEGA_DC: dats/SEGA_DC/Sega Dreamcast - Homebrew - Demos - [CDI] (TOSEC-v2012-02-27_CM).dat, path: dats/SEGA_DC/Sega Dreamcast - Homebrew - Demos - [CDI] (TOSEC-v2012-02-27_CM).dat, platform_id: SEGA_DC
Aug 16 23:59:19.206 INFO SEGA_DC: dats/SEGA_DC/Sega Dreamcast - Homebrew - Demos - [ELF] (TOSEC-v2012-02-27_CM).dat, path: dats/SEGA_DC/Sega Dreamcast - Homebrew - Demos - [ELF] (TOSEC-v2012-02-27_CM).dat, platform_id: SEGA_DC
Aug 16 23:59:19.222 INFO SEGA_DC: dats/SEGA_DC/Sega Dreamcast - Samplers (TOSEC-v2020-07-20_CM).dat, path: dats/SEGA_DC/Sega Dreamcast - Samplers (TOSEC-v2020-07-20_CM).dat, platform_id: SEGA_DC
Aug 16 23:59:19.238 INFO SEGA_DC: dats/SEGA_DC/Sega Dreamcast - Homebrew - Demos - [Multipart] (TOSEC-v2012-02-27_CM).dat, path: dats/SEGA_DC/Sega Dreamcast - Homebrew - Demos - [Multipart] (TOSEC-v2012-02-27_CM).dat, platform_id: SEGA_DC
Aug 16 23:59:19.239 INFO NEC_TG16: dats/NEC_TG16/NEC PC-Engine & TurboGrafx-16 - Compilations (TOSEC-v2018-06-09_CM).dat, path: dats/NEC_TG16/NEC PC-Engine & TurboGrafx-16 - Compilations (TOSEC-v2018-06-09_CM).dat, platform_id: NEC_TG16
Aug 16 23:59:19.239 INFO NEC_TG16: dats/NEC_TG16/NEC PC-Engine & TurboGrafx-16 - Applications (TOSEC-v2018-06-11_CM).dat, path: dats/NEC_TG16/NEC PC-Engine & TurboGrafx-16 - Applications (TOSEC-v2018-06-11_CM).dat, platform_id: NEC_TG16
Aug 16 23:59:19.239 INFO NEC_TG16: dats/NEC_TG16/NEC PC-Engine & TurboGrafx-16 - Samplers (TOSEC-v2018-08-19_CM).dat, path: dats/NEC_TG16/NEC PC-Engine & TurboGrafx-16 - Samplers (TOSEC-v2018-08-19_CM).dat, platform_id: NEC_TG16
Aug 16 23:59:19.243 INFO NEC_TG16: dats/NEC_TG16/NEC - PC Engine - TurboGrafx 16 (20200628-105302).dat, path: dats/NEC_TG16/NEC - PC Engine - TurboGrafx 16 (20200628-105302).dat, platform_id: NEC_TG16
Aug 16 23:59:19.286 INFO NEC_TG16: dats/NEC_TG16/NEC PC-Engine & TurboGrafx-16 - Games (TOSEC-v2018-08-25_CM).dat, path: dats/NEC_TG16/NEC PC-Engine & TurboGrafx-16 - Games (TOSEC-v2018-08-25_CM).dat, platform_id: NEC_TG16
Aug 16 23:59:19.308 INFO NEC_TG16: dats/NEC_TG16/NEC PC-Engine & TurboGrafx-16 - Demos (TOSEC-v2011-08-13_CM).dat, path: dats/NEC_TG16/NEC PC-Engine & TurboGrafx-16 - Demos (TOSEC-v2011-08-13_CM).dat, platform_id: NEC_TG16
Aug 16 23:59:19.310 INFO ATARI_JAGUAR: dats/ATARI_JAGUAR/Atari Jaguar - Demos - [JAG] (TOSEC-v2018-07-01_CM).dat, path: dats/ATARI_JAGUAR/Atari Jaguar - Demos - [JAG] (TOSEC-v2018-07-01_CM).dat, platform_id: ATARI_JAGUAR
Aug 16 23:59:19.311 INFO ATARI_JAGUAR: dats/ATARI_JAGUAR/Atari Jaguar - Demos - [ABS] (TOSEC-v2018-07-01_CM).dat, path: dats/ATARI_JAGUAR/Atari Jaguar - Demos - [ABS] (TOSEC-v2018-07-01_CM).dat, platform_id: ATARI_JAGUAR
Aug 16 23:59:19.312 INFO ATARI_JAGUAR: dats/ATARI_JAGUAR/Atari - Jaguar (ROM) (20191211-203857).dat, path: dats/ATARI_JAGUAR/Atari - Jaguar (ROM) (20191211-203857).dat, platform_id: ATARI_JAGUAR
Aug 16 23:59:19.316 INFO ATARI_JAGUAR: dats/ATARI_JAGUAR/Atari - Jaguar (J64) (20191211-203857).dat, path: dats/ATARI_JAGUAR/Atari - Jaguar (J64) (20191211-203857).dat, platform_id: ATARI_JAGUAR
Aug 16 23:59:19.323 INFO ATARI_JAGUAR: dats/ATARI_JAGUAR/Atari Jaguar - Demos - [ROM] (TOSEC-v2018-07-01_CM).dat, path: dats/ATARI_JAGUAR/Atari Jaguar - Demos - [ROM] (TOSEC-v2018-07-01_CM).dat, platform_id: ATARI_JAGUAR
Aug 16 23:59:19.324 INFO ATARI_JAGUAR: dats/ATARI_JAGUAR/Atari Jaguar - Applications - [COF] (TOSEC-v2018-07-01_CM).dat, path: dats/ATARI_JAGUAR/Atari Jaguar - Applications - [COF] (TOSEC-v2018-07-01_CM).dat, platform_id: ATARI_JAGUAR
Aug 16 23:59:19.324 INFO ATARI_JAGUAR: dats/ATARI_JAGUAR/Atari Jaguar - Games - [ABS] (TOSEC-v2018-07-01_CM).dat, path: dats/ATARI_JAGUAR/Atari Jaguar - Games - [ABS] (TOSEC-v2018-07-01_CM).dat, platform_id: ATARI_JAGUAR
Aug 16 23:59:19.324 INFO ATARI_JAGUAR: dats/ATARI_JAGUAR/Atari Jaguar - Applications - [ROM] (TOSEC-v2018-07-01_CM).dat, path: dats/ATARI_JAGUAR/Atari Jaguar - Applications - [ROM] (TOSEC-v2018-07-01_CM).dat, platform_id: ATARI_JAGUAR
Aug 16 23:59:19.324 INFO ATARI_JAGUAR: dats/ATARI_JAGUAR/Atari Jaguar - Demos - [COF] (TOSEC-v2018-07-01_CM).dat, path: dats/ATARI_JAGUAR/Atari Jaguar - Demos - [COF] (TOSEC-v2018-07-01_CM).dat, platform_id: ATARI_JAGUAR
Aug 16 23:59:19.325 INFO ATARI_JAGUAR: dats/ATARI_JAGUAR/Atari Jaguar - Demos - [BIN] (TOSEC-v2018-07-01_CM).dat, path: dats/ATARI_JAGUAR/Atari Jaguar - Demos - [BIN] (TOSEC-v2018-07-01_CM).dat, platform_id: ATARI_JAGUAR
Aug 16 23:59:19.326 INFO ATARI_JAGUAR: dats/ATARI_JAGUAR/Atari Jaguar - Games - [Multipart] (TOSEC-v2018-07-01_CM).dat, path: dats/ATARI_JAGUAR/Atari Jaguar - Games - [Multipart] (TOSEC-v2018-07-01_CM).dat, platform_id: ATARI_JAGUAR
Aug 16 23:59:19.328 INFO ATARI_JAGUAR: dats/ATARI_JAGUAR/Atari Jaguar - Games - [BIN] (TOSEC-v2018-07-01_CM).dat, path: dats/ATARI_JAGUAR/Atari Jaguar - Games - [BIN] (TOSEC-v2018-07-01_CM).dat, platform_id: ATARI_JAGUAR
Aug 16 23:59:19.332 INFO ATARI_JAGUAR: dats/ATARI_JAGUAR/Atari Jaguar - Games - [J64] (TOSEC-v2018-07-01_CM).dat, path: dats/ATARI_JAGUAR/Atari Jaguar - Games - [J64] (TOSEC-v2018-07-01_CM).dat, platform_id: ATARI_JAGUAR
Aug 16 23:59:19.334 INFO ATARI_JAGUAR: dats/ATARI_JAGUAR/Atari Jaguar - Applications - [JAG] (TOSEC-v2018-07-01_CM).dat, path: dats/ATARI_JAGUAR/Atari Jaguar - Applications - [JAG] (TOSEC-v2018-07-01_CM).dat, platform_id: ATARI_JAGUAR
Aug 16 23:59:19.335 INFO ATARI_JAGUAR: dats/ATARI_JAGUAR/Atari Jaguar - Games - [JAG] (TOSEC-v2018-07-01_CM).dat, path: dats/ATARI_JAGUAR/Atari Jaguar - Games - [JAG] (TOSEC-v2018-07-01_CM).dat, platform_id: ATARI_JAGUAR
Aug 16 23:59:19.335 INFO ATARI_JAGUAR: dats/ATARI_JAGUAR/Atari Jaguar - Applications - [BIN] (TOSEC-v2018-07-01_CM).dat, path: dats/ATARI_JAGUAR/Atari Jaguar - Applications - [BIN] (TOSEC-v2018-07-01_CM).dat, platform_id: ATARI_JAGUAR
Aug 16 23:59:19.336 INFO ATARI_JAGUAR: dats/ATARI_JAGUAR/Atari Jaguar - Firmware (TOSEC-v2013-12-13_CM).dat, path: dats/ATARI_JAGUAR/Atari Jaguar - Firmware (TOSEC-v2013-12-13_CM).dat, platform_id: ATARI_JAGUAR
Aug 16 23:59:19.336 INFO ATARI_JAGUAR: dats/ATARI_JAGUAR/Atari Jaguar - Applications - [ABS] (TOSEC-v2018-07-01_CM).dat, path: dats/ATARI_JAGUAR/Atari Jaguar - Applications - [ABS] (TOSEC-v2018-07-01_CM).dat, platform_id: ATARI_JAGUAR
Aug 16 23:59:19.338 INFO NINTENDO_VB: dats/NINTENDO_VB/Nintendo Virtual Boy - Demos (TOSEC-v2012-04-13_CM).dat, path: dats/NINTENDO_VB/Nintendo Virtual Boy - Demos (TOSEC-v2012-04-13_CM).dat, platform_id: NINTENDO_VB
Aug 16 23:59:19.340 INFO NINTENDO_VB: dats/NINTENDO_VB/Nintendo Virtual Boy - Samplers (TOSEC-v2012-04-13_CM).dat, path: dats/NINTENDO_VB/Nintendo Virtual Boy - Samplers (TOSEC-v2012-04-13_CM).dat, platform_id: NINTENDO_VB
Aug 16 23:59:19.340 INFO NINTENDO_VB: dats/NINTENDO_VB/Nintendo Virtual Boy - Applications (TOSEC-v2011-08-13_CM).dat, path: dats/NINTENDO_VB/Nintendo Virtual Boy - Applications (TOSEC-v2011-08-13_CM).dat, platform_id: NINTENDO_VB
Aug 16 23:59:19.346 INFO NINTENDO_VB: dats/NINTENDO_VB/Nintendo Virtual Boy - Games (TOSEC-v2014-07-01_CM).dat, path: dats/NINTENDO_VB/Nintendo Virtual Boy - Games (TOSEC-v2014-07-01_CM).dat, platform_id: NINTENDO_VB
Aug 16 23:59:19.351 INFO NINTENDO_VB: dats/NINTENDO_VB/Nintendo - Virtual Boy (20200219-181350).dat, path: dats/NINTENDO_VB/Nintendo - Virtual Boy (20200219-181350).dat, platform_id: NINTENDO_VB
Aug 16 23:59:19.370 INFO SNK_NGCD: dats/SNK_NGCD/SNK - Neo Geo CD - Datfile (101) (2020-06-12 20-17-25).dat, path: dats/SNK_NGCD/SNK - Neo Geo CD - Datfile (101) (2020-06-12 20-17-25).dat, platform_id: SNK_NGCD
Aug 16 23:59:19.460 INFO SNK_NGCD: dats/SNK_NGCD/SNK Neo-Geo CD - Firmware (TOSEC-v2012-09-08_CM).dat, path: dats/SNK_NGCD/SNK Neo-Geo CD - Firmware (TOSEC-v2012-09-08_CM).dat, platform_id: SNK_NGCD
Aug 16 23:59:19.488 INFO SNK_NGCD: dats/SNK_NGCD/SNK Neo-Geo CD - Games - [ISO] (TOSEC-v2014-06-12_CM).dat, path: dats/SNK_NGCD/SNK Neo-Geo CD - Games - [ISO] (TOSEC-v2014-06-12_CM).dat, platform_id: SNK_NGCD
Aug 16 23:59:19.514 INFO SNK_NGCD: dats/SNK_NGCD/SNK Neo-Geo CD - Samplers - [IMG] (TOSEC-v2012-09-08_CM).dat, path: dats/SNK_NGCD/SNK Neo-Geo CD - Samplers - [IMG] (TOSEC-v2012-09-08_CM).dat, platform_id: SNK_NGCD
Aug 16 23:59:19.521 INFO SNK_NGCD: dats/SNK_NGCD/SNK Neo-Geo CD - Games - [IMG] (TOSEC-v2014-06-12_CM).dat, path: dats/SNK_NGCD/SNK Neo-Geo CD - Games - [IMG] (TOSEC-v2014-06-12_CM).dat, platform_id: SNK_NGCD
Aug 16 23:59:19.528 INFO SNK_NGCD: dats/SNK_NGCD/SNK Neo-Geo CD - Samplers - [Multipart] (TOSEC-v2012-09-08_CM).dat, path: dats/SNK_NGCD/SNK Neo-Geo CD - Samplers - [Multipart] (TOSEC-v2012-09-08_CM).dat, platform_id: SNK_NGCD
Aug 16 23:59:19.529 INFO SNK_NGCD: dats/SNK_NGCD/SNK Neo-Geo CD - Samplers - [ISO] (TOSEC-v2014-06-12_CM).dat, path: dats/SNK_NGCD/SNK Neo-Geo CD - Samplers - [ISO] (TOSEC-v2014-06-12_CM).dat, platform_id: SNK_NGCD
Aug 16 23:59:19.530 INFO SNK_NGCD: dats/SNK_NGCD/SNK Neo-Geo CD - Games - [Multipart] (TOSEC-v2012-09-08_CM).dat, path: dats/SNK_NGCD/SNK Neo-Geo CD - Games - [Multipart] (TOSEC-v2012-09-08_CM).dat, platform_id: SNK_NGCD
Aug 16 23:59:19.530 INFO SNK_NGCD: dats/SNK_NGCD/SNK Neo-Geo CD - Demos (TOSEC-v2012-09-08_CM).dat, path: dats/SNK_NGCD/SNK Neo-Geo CD - Demos (TOSEC-v2012-09-08_CM).dat, platform_id: SNK_NGCD
Aug 16 23:59:19.535 INFO NEC_PCFX: dats/NEC_PCFX/NEC PC-FX - Games (TOSEC-v2012-07-14_CM).dat, path: dats/NEC_PCFX/NEC PC-FX - Games (TOSEC-v2012-07-14_CM).dat, platform_id: NEC_PCFX
Aug 16 23:59:19.538 INFO NEC_PCFX: dats/NEC_PCFX/NEC PC-FXGA - Firmware (TOSEC-v2012-07-13_CM).dat, path: dats/NEC_PCFX/NEC PC-FXGA - Firmware (TOSEC-v2012-07-13_CM).dat, platform_id: NEC_PCFX
Aug 16 23:59:19.538 INFO NEC_PCFX: dats/NEC_PCFX/NEC PC-FX - Firmware (TOSEC-v2012-07-13_CM).dat, path: dats/NEC_PCFX/NEC PC-FX - Firmware (TOSEC-v2012-07-13_CM).dat, platform_id: NEC_PCFX
Aug 16 23:59:19.544 INFO NEC_PCFX: dats/NEC_PCFX/NEC - PC-FX & PC-FXGA - Datfile (78) (2020-02-28 01-31-34).dat, path: dats/NEC_PCFX/NEC - PC-FX & PC-FXGA - Datfile (78) (2020-02-28 01-31-34).dat, platform_id: NEC_PCFX
Aug 16 23:59:19.554 INFO NEC_PCFX: dats/NEC_PCFX/NEC PC-FXGA - Games (TOSEC-v2012-07-13_CM).dat, path: dats/NEC_PCFX/NEC PC-FXGA - Games (TOSEC-v2012-07-13_CM).dat, platform_id: NEC_PCFX
Aug 16 23:59:19.558 INFO NINTENDO_GBC: dats/NINTENDO_GBC/Nintendo Game Boy Color - Games (TOSEC-v2020-07-12_CM).dat, path: dats/NINTENDO_GBC/Nintendo Game Boy Color - Games (TOSEC-v2020-07-12_CM).dat, platform_id: NINTENDO_GBC
Aug 16 23:59:19.560 INFO NINTENDO_GBC: dats/NINTENDO_GBC/Nintendo Game Boy Color - Firmware (TOSEC-v2011-09-27_CM).dat, path: dats/NINTENDO_GBC/Nintendo Game Boy Color - Firmware (TOSEC-v2011-09-27_CM).dat, platform_id: NINTENDO_GBC
Aug 16 23:59:19.571 INFO NINTENDO_GBC: dats/NINTENDO_GBC/Nintendo - Game Boy Color (20200730-183143).dat, path: dats/NINTENDO_GBC/Nintendo - Game Boy Color (20200730-183143).dat, platform_id: NINTENDO_GBC
Aug 16 23:59:19.621 INFO NINTENDO_GBC: dats/NINTENDO_GBC/Nintendo Game Boy Color - Demos (TOSEC-v2014-07-01_CM).dat, path: dats/NINTENDO_GBC/Nintendo Game Boy Color - Demos (TOSEC-v2014-07-01_CM).dat, platform_id: NINTENDO_GBC
Aug 16 23:59:19.625 INFO NINTENDO_NES: dats/NINTENDO_NES/Nintendo Famicom & Entertainment System - Applications - [NES] (TOSEC-v2011-02-22_CM).dat, path: dats/NINTENDO_NES/Nintendo Famicom & Entertainment System - Applications - [NES] (TOSEC-v2011-02-22_CM).dat, platform_id: NINTENDO_NES
Aug 16 23:59:19.629 INFO NINTENDO_NES: dats/NINTENDO_NES/Nintendo Famicom & Entertainment System - Demos - [UNF] (TOSEC-v2011-02-22_CM).dat, path: dats/NINTENDO_NES/Nintendo Famicom & Entertainment System - Demos - [UNF] (TOSEC-v2011-02-22_CM).dat, platform_id: NINTENDO_NES
Aug 16 23:59:19.629 INFO NINTENDO_NES: dats/NINTENDO_NES/Nintendo Famicom & Entertainment System - Applications - [UNF] (TOSEC-v2011-02-22_CM).dat, path: dats/NINTENDO_NES/Nintendo Famicom & Entertainment System - Applications - [UNF] (TOSEC-v2011-02-22_CM).dat, platform_id: NINTENDO_NES
Aug 16 23:59:19.634 INFO NINTENDO_NES: dats/NINTENDO_NES/Nintendo Famicom & Entertainment System - Educational (TOSEC-v2011-02-22_CM).dat, path: dats/NINTENDO_NES/Nintendo Famicom & Entertainment System - Educational (TOSEC-v2011-02-22_CM).dat, platform_id: NINTENDO_NES
Aug 16 23:59:19.659 INFO NINTENDO_NES: dats/NINTENDO_NES/Nintendo - Nintendo Entertainment System (20200810-152102).dat, path: dats/NINTENDO_NES/Nintendo - Nintendo Entertainment System (20200810-152102).dat, platform_id: NINTENDO_NES
Aug 16 23:59:19.752 INFO NINTENDO_NES: dats/NINTENDO_NES/Nintendo Famicom & Entertainment System - Firmware (TOSEC-v2011-02-22_CM).dat, path: dats/NINTENDO_NES/Nintendo Famicom & Entertainment System - Firmware (TOSEC-v2011-02-22_CM).dat, platform_id: NINTENDO_NES
Aug 16 23:59:19.759 INFO NINTENDO_NES: dats/NINTENDO_NES/Nintendo Famicom & Entertainment System - Demos - [NES] (TOSEC-v2011-02-22_CM).dat, path: dats/NINTENDO_NES/Nintendo Famicom & Entertainment System - Demos - [NES] (TOSEC-v2011-02-22_CM).dat, platform_id: NINTENDO_NES
Aug 16 23:59:20.298 INFO NINTENDO_NES: dats/NINTENDO_NES/Nintendo Famicom & Entertainment System - Games - [NES] (TOSEC-v2020-07-12_CM).dat, path: dats/NINTENDO_NES/Nintendo Famicom & Entertainment System - Games - [NES] (TOSEC-v2020-07-12_CM).dat, platform_id: NINTENDO_NES
Aug 16 23:59:20.685 INFO NINTENDO_NES: dats/NINTENDO_NES/Nintendo Famicom & Entertainment System - Games - [UNF] (TOSEC-v2011-02-22_CM).dat, path: dats/NINTENDO_NES/Nintendo Famicom & Entertainment System - Games - [UNF] (TOSEC-v2011-02-22_CM).dat, platform_id: NINTENDO_NES
Aug 16 23:59:20.689 INFO ATARI_7800: dats/ATARI_7800/Atari - 7800 (20191209-185349).dat, path: dats/ATARI_7800/Atari - 7800 (20191209-185349).dat, platform_id: ATARI_7800
Aug 16 23:59:20.693 INFO ATARI_7800: dats/ATARI_7800/Atari 7800 - Applications (TOSEC-v2013-12-13_CM).dat, path: dats/ATARI_7800/Atari 7800 - Applications (TOSEC-v2013-12-13_CM).dat, platform_id: ATARI_7800
Aug 16 23:59:20.699 INFO ATARI_7800: dats/ATARI_7800/Atari 7800 - Games (TOSEC-v2013-12-13_CM).dat, path: dats/ATARI_7800/Atari 7800 - Games (TOSEC-v2013-12-13_CM).dat, platform_id: ATARI_7800
Aug 16 23:59:20.704 INFO ATARI_7800: dats/ATARI_7800/Atari 7800 - Firmware (TOSEC-v2013-12-13_CM).dat, path: dats/ATARI_7800/Atari 7800 - Firmware (TOSEC-v2013-12-13_CM).dat, platform_id: ATARI_7800
Aug 16 23:59:20.744 INFO MICROSOFT_X360: dats/MICROSOFT_X360/Microsoft - Xbox 360 - Datfile (2305) (2020-08-16 23-06-39).dat, path: dats/MICROSOFT_X360/Microsoft - Xbox 360 - Datfile (2305) (2020-08-16 23-06-39).dat, platform_id: MICROSOFT_X360
Aug 16 23:59:20.836 INFO NINTENDO_GB: dats/NINTENDO_GB/Nintendo Game Boy - Firmware (TOSEC-v2011-09-27_CM).dat, path: dats/NINTENDO_GB/Nintendo Game Boy - Firmware (TOSEC-v2011-09-27_CM).dat, platform_id: NINTENDO_GB
Aug 16 23:59:20.848 INFO NINTENDO_GB: dats/NINTENDO_GB/Nintendo - Game Boy (20200730-183617).dat, path: dats/NINTENDO_GB/Nintendo - Game Boy (20200730-183617).dat, platform_id: NINTENDO_GB
Aug 16 23:59:20.906 INFO NINTENDO_GB: dats/NINTENDO_GB/Nintendo Game Boy - Games (TOSEC-v2012-04-13_CM).dat, path: dats/NINTENDO_GB/Nintendo Game Boy - Games (TOSEC-v2012-04-13_CM).dat, platform_id: NINTENDO_GB
Aug 16 23:59:20.908 INFO NINTENDO_GB: dats/NINTENDO_GB/Nintendo Game Boy - Demos (TOSEC-v2011-08-13_CM).dat, path: dats/NINTENDO_GB/Nintendo Game Boy - Demos (TOSEC-v2011-08-13_CM).dat, platform_id: NINTENDO_GB
Aug 16 23:59:21.082 INFO SONY_PS2: dats/SONY_PS2/Sony - PlayStation 2 - Datfile (9904) (2020-08-16 19-12-55).dat, path: dats/SONY_PS2/Sony - PlayStation 2 - Datfile (9904) (2020-08-16 19-12-55).dat, platform_id: SONY_PS2
Aug 16 23:59:21.549 INFO SONY_PS2: dats/SONY_PS2/Sony - PlayStation 2 - BIOS Datfile (107) (2019-11-25).dat, path: dats/SONY_PS2/Sony - PlayStation 2 - BIOS Datfile (107) (2019-11-25).dat, platform_id: SONY_PS2
Aug 16 23:59:21.553 INFO SONY_PS2: dats/SONY_PS2/Sony PlayStation 2 - Firmware (TOSEC-v2012-09-08_CM).dat, path: dats/SONY_PS2/Sony PlayStation 2 - Firmware (TOSEC-v2012-09-08_CM).dat, platform_id: SONY_PS2
Aug 16 23:59:21.559 INFO PHILIPS_CDI: dats/PHILIPS_CDI/Philips - CD-i - Datfile (237) (2020-08-13 21-20-25).dat, path: dats/PHILIPS_CDI/Philips - CD-i - Datfile (237) (2020-08-13 21-20-25).dat, platform_id: PHILIPS_CDI
Aug 16 23:59:21.633 INFO NINTENDO_NDS: dats/NINTENDO_NDS/Nintendo - Nintendo DS (Decrypted) (20200813-233947).dat, path: dats/NINTENDO_NDS/Nintendo - Nintendo DS (Decrypted) (20200813-233947).dat, platform_id: NINTENDO_NDS
Aug 16 23:59:21.914 INFO NINTENDO_NDS: dats/NINTENDO_NDS/Nintendo - Nintendo DS (Download Play) (20200610-035522).dat, path: dats/NINTENDO_NDS/Nintendo - Nintendo DS (Download Play) (20200610-035522).dat, platform_id: NINTENDO_NDS
Aug 16 23:59:21.996 INFO NINTENDO_NDS: dats/NINTENDO_NDS/Nintendo - Nintendo DS (Encrypted) (20200813-233947).dat, path: dats/NINTENDO_NDS/Nintendo - Nintendo DS (Encrypted) (20200813-233947).dat, platform_id: NINTENDO_NDS
Aug 16 23:59:22.310 INFO NINTENDO_SNES: dats/NINTENDO_SNES/Nintendo - Super Nintendo Entertainment System (Combined) (20200814-092211).dat, path: dats/NINTENDO_SNES/Nintendo - Super Nintendo Entertainment System (Combined) (20200814-092211).dat, platform_id: NINTENDO_SNES
Aug 16 23:59:22.437 INFO NINTENDO_SNES: dats/NINTENDO_SNES/Nintendo Super Famicom & Super Entertainment System - Firmware (TOSEC-v2011-08-13_CM).dat, path: dats/NINTENDO_SNES/Nintendo Super Famicom & Super Entertainment System - Firmware (TOSEC-v2011-08-13_CM).dat, platform_id: NINTENDO_SNES
Aug 16 23:59:22.437 INFO NINTENDO_SNES: dats/NINTENDO_SNES/Nintendo - Super Nintendo Entertainment System (Split) (20200814-092211).dat, path: dats/NINTENDO_SNES/Nintendo - Super Nintendo Entertainment System (Split) (20200814-092211).dat, platform_id: NINTENDO_SNES
Aug 16 23:59:22.438 INFO NINTENDO_SNES: dats/NINTENDO_SNES/Nintendo Super Famicom & Super Entertainment System - Demos (TOSEC-v2011-08-13_CM).dat, path: dats/NINTENDO_SNES/Nintendo Super Famicom & Super Entertainment System - Demos (TOSEC-v2011-08-13_CM).dat, platform_id: NINTENDO_SNES
Aug 16 23:59:22.500 INFO NINTENDO_SNES: dats/NINTENDO_SNES/Nintendo Super Famicom & Super Entertainment System - Games (TOSEC-v2014-07-01_CM).dat, path: dats/NINTENDO_SNES/Nintendo Super Famicom & Super Entertainment System - Games (TOSEC-v2014-07-01_CM).dat, platform_id: NINTENDO_SNES
Aug 16 23:59:22.554 INFO NINTENDO_SNES: dats/NINTENDO_SNES/Nintendo Super Famicom & Super Entertainment System - Educational (TOSEC-v2011-08-13_CM).dat, path: dats/NINTENDO_SNES/Nintendo Super Famicom & Super Entertainment System - Educational (TOSEC-v2011-08-13_CM).dat, platform_id: NINTENDO_SNES
Aug 16 23:59:22.555 INFO ATARI_JAGUAR_CD: dats/ATARI_JAGUAR_CD/Atari Jaguar CD - Homebrew - Games - [BIN] (TOSEC-v2012-07-22_CM).dat, path: dats/ATARI_JAGUAR_CD/Atari Jaguar CD - Homebrew - Games - [BIN] (TOSEC-v2012-07-22_CM).dat, platform_id: ATARI_JAGUAR_CD
Aug 16 23:59:22.556 INFO ATARI_JAGUAR_CD: dats/ATARI_JAGUAR_CD/Atari Jaguar CD - Games (TOSEC-v2012-07-17_CM).dat, path: dats/ATARI_JAGUAR_CD/Atari Jaguar CD - Games (TOSEC-v2012-07-17_CM).dat, platform_id: ATARI_JAGUAR_CD
Aug 16 23:59:22.558 INFO ATARI_JAGUAR_CD: dats/ATARI_JAGUAR_CD/Atari - Jaguar CD Interactive Multimedia System - Datfile (10) (2019-08-27 00-06-32).dat, path: dats/ATARI_JAGUAR_CD/Atari - Jaguar CD Interactive Multimedia System - Datfile (10) (2019-08-27 00-06-32).dat, platform_id: ATARI_JAGUAR_CD
Aug 16 23:59:22.560 INFO ATARI_JAGUAR_CD: dats/ATARI_JAGUAR_CD/Atari Jaguar CD - Homebrew - Games - [CDI] (TOSEC-v2012-07-22_CM).dat, path: dats/ATARI_JAGUAR_CD/Atari Jaguar CD - Homebrew - Games - [CDI] (TOSEC-v2012-07-22_CM).dat, platform_id: ATARI_JAGUAR_CD
Aug 16 23:59:22.560 INFO ATARI_JAGUAR_CD: dats/ATARI_JAGUAR_CD/Atari Jaguar CD - Homebrew - Games - [NRG] (TOSEC-v2012-07-22_CM).dat, path: dats/ATARI_JAGUAR_CD/Atari Jaguar CD - Homebrew - Games - [NRG] (TOSEC-v2012-07-22_CM).dat, platform_id: ATARI_JAGUAR_CD
Aug 16 23:59:22.618 INFO SONY_PS3: dats/SONY_PS3/Sony - PlayStation 3 - Datfile (3438) (2020-08-17 00-48-48).dat, path: dats/SONY_PS3/Sony - PlayStation 3 - Datfile (3438) (2020-08-17 00-48-48).dat, platform_id: SONY_PS3
Aug 16 23:59:22.875 INFO SONY_PS3: dats/SONY_PS3/Sony - PlayStation 3 (PSN) (Updates) (20200810-073621).dat, path: dats/SONY_PS3/Sony - PlayStation 3 (PSN) (Updates) (20200810-073621).dat, platform_id: SONY_PS3
Aug 16 23:59:23.250 INFO SONY_PS3: dats/SONY_PS3/WIP Sony - PlayStation 3 (PSN) (Decrypted) (20180429-070319).dat, path: dats/SONY_PS3/WIP Sony - PlayStation 3 (PSN) (Decrypted) (20180429-070319).dat, platform_id: SONY_PS3
Aug 16 23:59:23.485 INFO SONY_PS3: dats/SONY_PS3/Sony - PlayStation 3 (PSN) (Content) (20200722-001036).dat, path: dats/SONY_PS3/Sony - PlayStation 3 (PSN) (Content) (20200722-001036).dat, platform_id: SONY_PS3
Aug 16 23:59:24.344 INFO NEC_SGFX: dats/NEC_SGFX/NEC SuperGrafx - Games (TOSEC-v2018-08-26_CM).dat, path: dats/NEC_SGFX/NEC SuperGrafx - Games (TOSEC-v2018-08-26_CM).dat, platform_id: NEC_SGFX
Aug 16 23:59:24.345 INFO NEC_SGFX: dats/NEC_SGFX/NEC - PC Engine SuperGrafx (20191209-202241).dat, path: dats/NEC_SGFX/NEC - PC Engine SuperGrafx (20191209-202241).dat, platform_id: NEC_SGFX
Aug 16 23:59:24.347 INFO COLECO_CV: dats/COLECO_CV/Coleco ColecoVision - Demos (TOSEC-v2015-05-07_CM).dat, path: dats/COLECO_CV/Coleco ColecoVision - Demos (TOSEC-v2015-05-07_CM).dat, platform_id: COLECO_CV
Aug 16 23:59:24.349 INFO COLECO_CV: dats/COLECO_CV/Coleco ColecoVision - Educational (TOSEC-v2015-05-07_CM).dat, path: dats/COLECO_CV/Coleco ColecoVision - Educational (TOSEC-v2015-05-07_CM).dat, platform_id: COLECO_CV
Aug 16 23:59:24.351 INFO COLECO_CV: dats/COLECO_CV/Coleco ColecoVision - Firmware (TOSEC-v2015-05-07_CM).dat, path: dats/COLECO_CV/Coleco ColecoVision - Firmware (TOSEC-v2015-05-07_CM).dat, platform_id: COLECO_CV
Aug 16 23:59:24.353 INFO COLECO_CV: dats/COLECO_CV/Coleco - ColecoVision (20191208-220349).dat, path: dats/COLECO_CV/Coleco - ColecoVision (20191208-220349).dat, platform_id: COLECO_CV
Aug 16 23:59:24.378 INFO COLECO_CV: dats/COLECO_CV/Coleco ColecoVision - Games (TOSEC-v2015-05-07_CM).dat, path: dats/COLECO_CV/Coleco ColecoVision - Games (TOSEC-v2015-05-07_CM).dat, platform_id: COLECO_CV
Aug 16 23:59:24.394 INFO COLECO_CV: dats/COLECO_CV/Coleco ColecoVision - Applications (TOSEC-v2015-05-07_CM).dat, path: dats/COLECO_CV/Coleco ColecoVision - Applications (TOSEC-v2015-05-07_CM).dat, platform_id: COLECO_CV
