Jun 19 04:09:48.715 INFO SEGA_DC: dats/SEGA_DC/Sega Dreamcast - Applications (TOSEC-v2019-12-20_CM).dat, path: dats/SEGA_DC/Sega Dreamcast - Applications (TOSEC-v2019-12-20_CM).dat, platform_id: SEGA_DC
Jun 19 04:09:48.796 INFO SEGA_DC: dats/SEGA_DC/Sega - Dreamcast - Datfile (1336) (2020-05-29 22-28-41).dat, path: dats/SEGA_DC/Sega - Dreamcast - Datfile (1336) (2020-05-29 22-28-41).dat, platform_id: SEGA_DC
Jun 19 04:09:48.960 INFO SEGA_DC: dats/SEGA_DC/Sega Dreamcast - Games - US (TOSEC-v2019-12-20_CM).dat, path: dats/SEGA_DC/Sega Dreamcast - Games - US (TOSEC-v2019-12-20_CM).dat, platform_id: SEGA_DC
Jun 19 04:09:48.990 INFO SEGA_DC: dats/SEGA_DC/Sega Dreamcast - Firmware (TOSEC-v2017-07-05_CM).dat, path: dats/SEGA_DC/Sega Dreamcast - Firmware (TOSEC-v2017-07-05_CM).dat, platform_id: SEGA_DC
Jun 19 04:09:48.997 INFO SEGA_DC: dats/SEGA_DC/Sega Dreamcast - Games - [ISO] (TOSEC-v2019-05-10_CM).dat, path: dats/SEGA_DC/Sega Dreamcast - Games - [ISO] (TOSEC-v2019-05-10_CM).dat, platform_id: SEGA_DC
Jun 19 04:09:49.035 INFO SEGA_DC: dats/SEGA_DC/Sega Dreamcast - Games - PAL (TOSEC-v2019-08-04_CM).dat, path: dats/SEGA_DC/Sega Dreamcast - Games - PAL (TOSEC-v2019-08-04_CM).dat, platform_id: SEGA_DC
Jun 19 04:09:49.066 INFO SEGA_DC: dats/SEGA_DC/Sega Dreamcast - Homebrew - Demos - [NRG] (TOSEC-v2012-02-27_CM).dat, path: dats/SEGA_DC/Sega Dreamcast - Homebrew - Demos - [NRG] (TOSEC-v2012-02-27_CM).dat, platform_id: SEGA_DC
Jun 19 04:09:49.079 INFO SEGA_DC: dats/SEGA_DC/Sega Dreamcast - Samplers (TOSEC-v2019-12-22_CM).dat, path: dats/SEGA_DC/Sega Dreamcast - Samplers (TOSEC-v2019-12-22_CM).dat, platform_id: SEGA_DC
Jun 19 04:09:49.098 INFO SEGA_DC: dats/SEGA_DC/Sega Dreamcast - Various Unverified Dumps (TOSEC-v2019-12-22_CM).dat, path: dats/SEGA_DC/Sega Dreamcast - Various Unverified Dumps (TOSEC-v2019-12-22_CM).dat, platform_id: SEGA_DC
Jun 19 04:09:49.107 INFO SEGA_DC: dats/SEGA_DC/Sega Dreamcast - Homebrew - Demos - [BIN] (TOSEC-v2012-02-27_CM).dat, path: dats/SEGA_DC/Sega Dreamcast - Homebrew - Demos - [BIN] (TOSEC-v2012-02-27_CM).dat, platform_id: SEGA_DC
Jun 19 04:09:49.108 INFO SEGA_DC: dats/SEGA_DC/Sega Dreamcast - Homebrew - Demos - [Multipart] (TOSEC-v2012-02-27_CM).dat, path: dats/SEGA_DC/Sega Dreamcast - Homebrew - Demos - [Multipart] (TOSEC-v2012-02-27_CM).dat, platform_id: SEGA_DC
Jun 19 04:09:49.109 INFO SEGA_DC: dats/SEGA_DC/Sega Dreamcast - Homebrew - Demos - [CDI] (TOSEC-v2012-02-27_CM).dat, path: dats/SEGA_DC/Sega Dreamcast - Homebrew - Demos - [CDI] (TOSEC-v2012-02-27_CM).dat, platform_id: SEGA_DC
Jun 19 04:09:49.110 INFO SEGA_DC: dats/SEGA_DC/Sega Dreamcast - Homebrew - Demos - [ELF] (TOSEC-v2012-02-27_CM).dat, path: dats/SEGA_DC/Sega Dreamcast - Homebrew - Demos - [ELF] (TOSEC-v2012-02-27_CM).dat, platform_id: SEGA_DC
Jun 19 04:09:49.162 INFO SEGA_DC: dats/SEGA_DC/Sega Dreamcast - Games - JP (TOSEC-v2019-12-20_CM).dat, path: dats/SEGA_DC/Sega Dreamcast - Games - JP (TOSEC-v2019-12-20_CM).dat, platform_id: SEGA_DC
Jun 19 04:09:49.210 INFO BANDAI_WSC: dats/BANDAI_WSC/Bandai WonderSwan Color - Demos (TOSEC-v2013-12-13_CM).dat, path: dats/BANDAI_WSC/Bandai WonderSwan Color - Demos (TOSEC-v2013-12-13_CM).dat, platform_id: BANDAI_WSC
Jun 19 04:09:49.212 INFO BANDAI_WSC: dats/BANDAI_WSC/Bandai - WonderSwan Color (20200324-193106).dat, path: dats/BANDAI_WSC/Bandai - WonderSwan Color (20200324-193106).dat, platform_id: BANDAI_WSC
Jun 19 04:09:49.220 INFO BANDAI_WSC: dats/BANDAI_WSC/Bandai WonderSwan Color - Games (TOSEC-v2013-12-13_CM).dat, path: dats/BANDAI_WSC/Bandai WonderSwan Color - Games (TOSEC-v2013-12-13_CM).dat, platform_id: BANDAI_WSC
Jun 19 04:09:49.224 INFO NINTENDO_GBC: dats/NINTENDO_GBC/Nintendo Game Boy Color - Firmware (TOSEC-v2011-09-27_CM).dat, path: dats/NINTENDO_GBC/Nintendo Game Boy Color - Firmware (TOSEC-v2011-09-27_CM).dat, platform_id: NINTENDO_GBC
Jun 19 04:09:49.235 INFO NINTENDO_GBC: dats/NINTENDO_GBC/Nintendo - Game Boy Color (20200617-153520).dat, path: dats/NINTENDO_GBC/Nintendo - Game Boy Color (20200617-153520).dat, platform_id: NINTENDO_GBC
Jun 19 04:09:49.280 INFO NINTENDO_GBC: dats/NINTENDO_GBC/Nintendo Game Boy Color - Games (TOSEC-v2012-02-27_CM).dat, path: dats/NINTENDO_GBC/Nintendo Game Boy Color - Games (TOSEC-v2012-02-27_CM).dat, platform_id: NINTENDO_GBC
Jun 19 04:09:49.281 INFO NINTENDO_GBC: dats/NINTENDO_GBC/Nintendo Game Boy Color - Demos (TOSEC-v2014-07-01_CM).dat, path: dats/NINTENDO_GBC/Nintendo Game Boy Color - Demos (TOSEC-v2014-07-01_CM).dat, platform_id: NINTENDO_GBC
Jun 19 04:09:49.282 INFO MAGNAVOX_O2: dats/MAGNAVOX_O2/Magnavox Odyssey2 - Applications (TOSEC-v2011-02-22_CM).dat, path: dats/MAGNAVOX_O2/Magnavox Odyssey2 - Applications (TOSEC-v2011-02-22_CM).dat, platform_id: MAGNAVOX_O2
Jun 19 04:09:49.286 INFO MAGNAVOX_O2: dats/MAGNAVOX_O2/Magnavox Odyssey2 - Games (TOSEC-v2011-02-22_CM).dat, path: dats/MAGNAVOX_O2/Magnavox Odyssey2 - Games (TOSEC-v2011-02-22_CM).dat, platform_id: MAGNAVOX_O2
Jun 19 04:09:49.291 INFO MAGNAVOX_O2: dats/MAGNAVOX_O2/Magnavox - Odyssey2 (20120223-000000).dat, path: dats/MAGNAVOX_O2/Magnavox - Odyssey2 (20120223-000000).dat, platform_id: MAGNAVOX_O2
Jun 19 04:09:49.295 INFO MAGNAVOX_O2: dats/MAGNAVOX_O2/Magnavox Odyssey2 - Educational (TOSEC-v2011-02-22_CM).dat, path: dats/MAGNAVOX_O2/Magnavox Odyssey2 - Educational (TOSEC-v2011-02-22_CM).dat, platform_id: MAGNAVOX_O2
Jun 19 04:09:49.295 INFO MAGNAVOX_O2: dats/MAGNAVOX_O2/Magnavox Odyssey2 - Firmware (TOSEC-v2011-02-22_CM).dat, path: dats/MAGNAVOX_O2/Magnavox Odyssey2 - Firmware (TOSEC-v2011-02-22_CM).dat, platform_id: MAGNAVOX_O2
Jun 19 04:09:49.303 INFO NINTENDO_WIIU: dats/NINTENDO_WIIU/Nintendo - Wii U - Datfile (490) (2020-06-18 21-42-21).dat, path: dats/NINTENDO_WIIU/Nintendo - Wii U - Datfile (490) (2020-06-18 21-42-21).dat, platform_id: NINTENDO_WIIU
Jun 19 04:09:49.386 INFO NINTENDO_WIIU: dats/NINTENDO_WIIU/Nintendo - Wii U (Digital) (20191222-002825).dat, path: dats/NINTENDO_WIIU/Nintendo - Wii U (Digital) (20191222-002825).dat, platform_id: NINTENDO_WIIU
Jun 19 04:09:49.545 INFO SEGA_SMS: dats/SEGA_SMS/Sega Mark III & Master System - Demos (TOSEC-v2011-08-13_CM).dat, path: dats/SEGA_SMS/Sega Mark III & Master System - Demos (TOSEC-v2011-08-13_CM).dat, platform_id: SEGA_SMS
Jun 19 04:09:49.547 INFO SEGA_SMS: dats/SEGA_SMS/Sega Mark III & Master System - Firmware (TOSEC-v2017-10-22_CM).dat, path: dats/SEGA_SMS/Sega Mark III & Master System - Firmware (TOSEC-v2017-10-22_CM).dat, platform_id: SEGA_SMS
Jun 19 04:09:49.548 INFO SEGA_SMS: dats/SEGA_SMS/Sega Mark III & Master System - Samplers (TOSEC-v2011-06-20_CM).dat, path: dats/SEGA_SMS/Sega Mark III & Master System - Samplers (TOSEC-v2011-06-20_CM).dat, platform_id: SEGA_SMS
Jun 19 04:09:49.549 INFO SEGA_SMS: dats/SEGA_SMS/Sega Mark III & Master System - Educational (TOSEC-v2010-12-22_CM).dat, path: dats/SEGA_SMS/Sega Mark III & Master System - Educational (TOSEC-v2010-12-22_CM).dat, platform_id: SEGA_SMS
Jun 19 04:09:49.553 INFO SEGA_SMS: dats/SEGA_SMS/Sega - Master System - Mark III (20200429-062328).dat, path: dats/SEGA_SMS/Sega - Master System - Mark III (20200429-062328).dat, platform_id: SEGA_SMS
Jun 19 04:09:49.601 INFO SEGA_SMS: dats/SEGA_SMS/Sega Mark III & Master System - Games (TOSEC-v2017-10-22_CM).dat, path: dats/SEGA_SMS/Sega Mark III & Master System - Games (TOSEC-v2017-10-22_CM).dat, platform_id: SEGA_SMS
Jun 19 04:09:49.627 INFO SEGA_SMS: dats/SEGA_SMS/Sega Mark III & Master System - Applications (TOSEC-v2017-10-22_CM).dat, path: dats/SEGA_SMS/Sega Mark III & Master System - Applications (TOSEC-v2017-10-22_CM).dat, platform_id: SEGA_SMS
Jun 19 04:09:49.628 INFO ATARI_JAGUAR: dats/ATARI_JAGUAR/Atari Jaguar - Demos - [ROM] (TOSEC-v2018-07-01_CM).dat, path: dats/ATARI_JAGUAR/Atari Jaguar - Demos - [ROM] (TOSEC-v2018-07-01_CM).dat, platform_id: ATARI_JAGUAR
Jun 19 04:09:49.629 INFO ATARI_JAGUAR: dats/ATARI_JAGUAR/Atari - Jaguar (J64) (20191211-203857).dat, path: dats/ATARI_JAGUAR/Atari - Jaguar (J64) (20191211-203857).dat, platform_id: ATARI_JAGUAR
Jun 19 04:09:49.633 INFO ATARI_JAGUAR: dats/ATARI_JAGUAR/Atari Jaguar - Applications - [JAG] (TOSEC-v2018-07-01_CM).dat, path: dats/ATARI_JAGUAR/Atari Jaguar - Applications - [JAG] (TOSEC-v2018-07-01_CM).dat, platform_id: ATARI_JAGUAR
Jun 19 04:09:49.633 INFO ATARI_JAGUAR: dats/ATARI_JAGUAR/Atari Jaguar - Firmware (TOSEC-v2013-12-13_CM).dat, path: dats/ATARI_JAGUAR/Atari Jaguar - Firmware (TOSEC-v2013-12-13_CM).dat, platform_id: ATARI_JAGUAR
Jun 19 04:09:49.634 INFO ATARI_JAGUAR: dats/ATARI_JAGUAR/Atari Jaguar - Games - [Multipart] (TOSEC-v2018-07-01_CM).dat, path: dats/ATARI_JAGUAR/Atari Jaguar - Games - [Multipart] (TOSEC-v2018-07-01_CM).dat, platform_id: ATARI_JAGUAR
Jun 19 04:09:49.634 INFO ATARI_JAGUAR: dats/ATARI_JAGUAR/Atari Jaguar - Demos - [BIN] (TOSEC-v2018-07-01_CM).dat, path: dats/ATARI_JAGUAR/Atari Jaguar - Demos - [BIN] (TOSEC-v2018-07-01_CM).dat, platform_id: ATARI_JAGUAR
Jun 19 04:09:49.635 INFO ATARI_JAGUAR: dats/ATARI_JAGUAR/Atari Jaguar - Demos - [ABS] (TOSEC-v2018-07-01_CM).dat, path: dats/ATARI_JAGUAR/Atari Jaguar - Demos - [ABS] (TOSEC-v2018-07-01_CM).dat, platform_id: ATARI_JAGUAR
Jun 19 04:09:49.636 INFO ATARI_JAGUAR: dats/ATARI_JAGUAR/Atari - Jaguar (ROM) (20191211-203857).dat, path: dats/ATARI_JAGUAR/Atari - Jaguar (ROM) (20191211-203857).dat, platform_id: ATARI_JAGUAR
Jun 19 04:09:49.639 INFO ATARI_JAGUAR: dats/ATARI_JAGUAR/Atari Jaguar - Applications - [COF] (TOSEC-v2018-07-01_CM).dat, path: dats/ATARI_JAGUAR/Atari Jaguar - Applications - [COF] (TOSEC-v2018-07-01_CM).dat, platform_id: ATARI_JAGUAR
Jun 19 04:09:49.639 INFO ATARI_JAGUAR: dats/ATARI_JAGUAR/Atari Jaguar - Applications - [ROM] (TOSEC-v2018-07-01_CM).dat, path: dats/ATARI_JAGUAR/Atari Jaguar - Applications - [ROM] (TOSEC-v2018-07-01_CM).dat, platform_id: ATARI_JAGUAR
Jun 19 04:09:49.640 INFO ATARI_JAGUAR: dats/ATARI_JAGUAR/Atari Jaguar - Demos - [COF] (TOSEC-v2018-07-01_CM).dat, path: dats/ATARI_JAGUAR/Atari Jaguar - Demos - [COF] (TOSEC-v2018-07-01_CM).dat, platform_id: ATARI_JAGUAR
Jun 19 04:09:49.641 INFO ATARI_JAGUAR: dats/ATARI_JAGUAR/Atari Jaguar - Demos - [JAG] (TOSEC-v2018-07-01_CM).dat, path: dats/ATARI_JAGUAR/Atari Jaguar - Demos - [JAG] (TOSEC-v2018-07-01_CM).dat, platform_id: ATARI_JAGUAR
Jun 19 04:09:49.645 INFO ATARI_JAGUAR: dats/ATARI_JAGUAR/Atari Jaguar - Games - [BIN] (TOSEC-v2018-07-01_CM).dat, path: dats/ATARI_JAGUAR/Atari Jaguar - Games - [BIN] (TOSEC-v2018-07-01_CM).dat, platform_id: ATARI_JAGUAR
Jun 19 04:09:49.647 INFO ATARI_JAGUAR: dats/ATARI_JAGUAR/Atari Jaguar - Applications - [BIN] (TOSEC-v2018-07-01_CM).dat, path: dats/ATARI_JAGUAR/Atari Jaguar - Applications - [BIN] (TOSEC-v2018-07-01_CM).dat, platform_id: ATARI_JAGUAR
Jun 19 04:09:49.649 INFO ATARI_JAGUAR: dats/ATARI_JAGUAR/Atari Jaguar - Games - [J64] (TOSEC-v2018-07-01_CM).dat, path: dats/ATARI_JAGUAR/Atari Jaguar - Games - [J64] (TOSEC-v2018-07-01_CM).dat, platform_id: ATARI_JAGUAR
Jun 19 04:09:49.650 INFO ATARI_JAGUAR: dats/ATARI_JAGUAR/Atari Jaguar - Applications - [ABS] (TOSEC-v2018-07-01_CM).dat, path: dats/ATARI_JAGUAR/Atari Jaguar - Applications - [ABS] (TOSEC-v2018-07-01_CM).dat, platform_id: ATARI_JAGUAR
Jun 19 04:09:49.650 INFO ATARI_JAGUAR: dats/ATARI_JAGUAR/Atari Jaguar - Games - [ABS] (TOSEC-v2018-07-01_CM).dat, path: dats/ATARI_JAGUAR/Atari Jaguar - Games - [ABS] (TOSEC-v2018-07-01_CM).dat, platform_id: ATARI_JAGUAR
Jun 19 04:09:49.651 INFO ATARI_JAGUAR: dats/ATARI_JAGUAR/Atari Jaguar - Games - [JAG] (TOSEC-v2018-07-01_CM).dat, path: dats/ATARI_JAGUAR/Atari Jaguar - Games - [JAG] (TOSEC-v2018-07-01_CM).dat, platform_id: ATARI_JAGUAR
Jun 19 04:09:49.745 INFO NEC_TGCD: dats/NEC_TGCD/NEC - PC Engine CD & TurboGrafx CD - Datfile (527) (2020-05-24 02-35-36).dat, path: dats/NEC_TGCD/NEC - PC Engine CD & TurboGrafx CD - Datfile (527) (2020-05-24 02-35-36).dat, platform_id: NEC_TGCD
Jun 19 04:09:49.884 INFO NEC_TGCD: dats/NEC_TGCD/NEC PC-Engine CD & TurboGrafx-16 CD - Homebrew - Games (TOSEC-v2012-07-22_CM).dat, path: dats/NEC_TGCD/NEC PC-Engine CD & TurboGrafx-16 CD - Homebrew - Games (TOSEC-v2012-07-22_CM).dat, platform_id: NEC_TGCD
Jun 19 04:09:49.884 INFO NEC_TGCD: dats/NEC_TGCD/NEC PC-Engine CD & TurboGrafx-16 CD - Applications (TOSEC-v2018-03-23_CM).dat, path: dats/NEC_TGCD/NEC PC-Engine CD & TurboGrafx-16 CD - Applications (TOSEC-v2018-03-23_CM).dat, platform_id: NEC_TGCD
Jun 19 04:09:49.885 INFO NEC_TGCD: dats/NEC_TGCD/NEC PC-Engine CD & TurboGrafx-16 CD - Compilations (TOSEC-v2019-04-18_CM).dat, path: dats/NEC_TGCD/NEC PC-Engine CD & TurboGrafx-16 CD - Compilations (TOSEC-v2019-04-18_CM).dat, platform_id: NEC_TGCD
Jun 19 04:09:49.885 INFO NEC_TGCD: dats/NEC_TGCD/NEC PC-Engine CD & TurboGrafx-16 CD - Educational (TOSEC-v2018-05-28_CM).dat, path: dats/NEC_TGCD/NEC PC-Engine CD & TurboGrafx-16 CD - Educational (TOSEC-v2018-05-28_CM).dat, platform_id: NEC_TGCD
Jun 19 04:09:49.893 INFO SEGA_SG1000: dats/SEGA_SG1000/Sega Game 1000 - Games (TOSEC-v2017-09-03_CM).dat, path: dats/SEGA_SG1000/Sega Game 1000 - Games (TOSEC-v2017-09-03_CM).dat, platform_id: SEGA_SG1000
Jun 19 04:09:49.898 INFO SEGA_SG1000: dats/SEGA_SG1000/Sega Game 1000 - Demos (TOSEC-v2011-08-13_CM).dat, path: dats/SEGA_SG1000/Sega Game 1000 - Demos (TOSEC-v2011-08-13_CM).dat, platform_id: SEGA_SG1000
Jun 19 04:09:49.898 INFO SEGA_SG1000: dats/SEGA_SG1000/Sega Game 1000 - Applications (TOSEC-v2011-12-19_CM).dat, path: dats/SEGA_SG1000/Sega Game 1000 - Applications (TOSEC-v2011-12-19_CM).dat, platform_id: SEGA_SG1000
Jun 19 04:09:49.900 INFO SEGA_SG1000: dats/SEGA_SG1000/Sega - SG-1000 (20200217-185318).dat, path: dats/SEGA_SG1000/Sega - SG-1000 (20200217-185318).dat, platform_id: SEGA_SG1000
Jun 19 04:09:49.909 INFO NINTENDO_BS: dats/NINTENDO_BS/Nintendo - Satellaview (20200424-131853).dat, path: dats/NINTENDO_BS/Nintendo - Satellaview (20200424-131853).dat, platform_id: NINTENDO_BS
Jun 19 04:09:49.950 INFO MICROSOFT_XBOX: dats/MICROSOFT_XBOX/Microsoft - Xbox - Datfile (2446) (2020-06-17 22-51-09).dat, path: dats/MICROSOFT_XBOX/Microsoft - Xbox - Datfile (2446) (2020-06-17 22-51-09).dat, platform_id: MICROSOFT_XBOX
Jun 19 04:09:50.032 INFO MICROSOFT_XBOX: dats/MICROSOFT_XBOX/Microsoft - Xbox - BIOS Datfile (7) (2010-09-13).dat, path: dats/MICROSOFT_XBOX/Microsoft - Xbox - BIOS Datfile (7) (2010-09-13).dat, platform_id: MICROSOFT_XBOX
Jun 19 04:09:50.048 INFO NINTENDO_3DS: dats/NINTENDO_3DS/Nintendo - Nintendo 3DS (Encrypted) (20200613-070613).dat, path: dats/NINTENDO_3DS/Nintendo - Nintendo 3DS (Encrypted) (20200613-070613).dat, platform_id: NINTENDO_3DS
Jun 19 04:09:50.120 INFO NINTENDO_3DS: dats/NINTENDO_3DS/Nintendo - Nintendo 3DS (Digital) (CDN) (CIA) (20200614-042829).dat, path: dats/NINTENDO_3DS/Nintendo - Nintendo 3DS (Digital) (CDN) (CIA) (20200614-042829).dat, platform_id: NINTENDO_3DS
Jun 19 04:09:50.128 INFO NINTENDO_3DS: dats/NINTENDO_3DS/Nintendo - Nintendo 3DS (Digital) (20190801-212709).dat, path: dats/NINTENDO_3DS/Nintendo - Nintendo 3DS (Digital) (20190801-212709).dat, platform_id: NINTENDO_3DS
Jun 19 04:09:50.174 INFO NINTENDO_3DS: dats/NINTENDO_3DS/Nintendo - Nintendo 3DS (Digital) (Updates and DLC) (Encrypted) (20200601-234538).dat, path: dats/NINTENDO_3DS/Nintendo - Nintendo 3DS (Digital) (Updates and DLC) (Encrypted) (20200601-234538).dat, platform_id: NINTENDO_3DS
Jun 19 04:09:50.232 INFO NINTENDO_3DS: dats/NINTENDO_3DS/Nintendo - Nintendo 3DS (Decrypted) (20200613-070613).dat, path: dats/NINTENDO_3DS/Nintendo - Nintendo 3DS (Decrypted) (20200613-070613).dat, platform_id: NINTENDO_3DS
Jun 19 04:09:50.309 INFO NINTENDO_3DS: dats/NINTENDO_3DS/Nintendo - Nintendo 3DS (Digital) (Updates and DLC) (Decrypted) (20200601-234538).dat, path: dats/NINTENDO_3DS/Nintendo - Nintendo 3DS (Digital) (Updates and DLC) (Decrypted) (20200601-234538).dat, platform_id: NINTENDO_3DS
Jun 19 04:09:50.316 INFO PHILIPS_CDI: dats/PHILIPS_CDI/Philips - CD-i - Datfile (237) (2020-05-24 19-13-59).dat, path: dats/PHILIPS_CDI/Philips - CD-i - Datfile (237) (2020-05-24 19-13-59).dat, platform_id: PHILIPS_CDI
Jun 19 04:09:50.328 INFO NINTENDO_SFT: dats/NINTENDO_SFT/Nintendo - Sufami Turbo (20190125-184314).dat, path: dats/NINTENDO_SFT/Nintendo - Sufami Turbo (20190125-184314).dat, platform_id: NINTENDO_SFT
Jun 19 04:09:50.329 INFO COLECO_CV: dats/COLECO_CV/Coleco ColecoVision - Firmware (TOSEC-v2015-05-07_CM).dat, path: dats/COLECO_CV/Coleco ColecoVision - Firmware (TOSEC-v2015-05-07_CM).dat, platform_id: COLECO_CV
Jun 19 04:09:50.331 INFO COLECO_CV: dats/COLECO_CV/Coleco ColecoVision - Educational (TOSEC-v2015-05-07_CM).dat, path: dats/COLECO_CV/Coleco ColecoVision - Educational (TOSEC-v2015-05-07_CM).dat, platform_id: COLECO_CV
Jun 19 04:09:50.332 INFO COLECO_CV: dats/COLECO_CV/Coleco ColecoVision - Applications (TOSEC-v2015-05-07_CM).dat, path: dats/COLECO_CV/Coleco ColecoVision - Applications (TOSEC-v2015-05-07_CM).dat, platform_id: COLECO_CV
Jun 19 04:09:50.349 INFO COLECO_CV: dats/COLECO_CV/Coleco ColecoVision - Games (TOSEC-v2015-05-07_CM).dat, path: dats/COLECO_CV/Coleco ColecoVision - Games (TOSEC-v2015-05-07_CM).dat, platform_id: COLECO_CV
Jun 19 04:09:50.364 INFO COLECO_CV: dats/COLECO_CV/Coleco ColecoVision - Demos (TOSEC-v2015-05-07_CM).dat, path: dats/COLECO_CV/Coleco ColecoVision - Demos (TOSEC-v2015-05-07_CM).dat, platform_id: COLECO_CV
Jun 19 04:09:50.367 INFO COLECO_CV: dats/COLECO_CV/Coleco - ColecoVision (20191208-220349).dat, path: dats/COLECO_CV/Coleco - ColecoVision (20191208-220349).dat, platform_id: COLECO_CV
Jun 19 04:09:50.373 INFO SNK_NGP: dats/SNK_NGP/SNK Neo-Geo Pocket - Games (TOSEC-v2014-07-01_CM).dat, path: dats/SNK_NGP/SNK Neo-Geo Pocket - Games (TOSEC-v2014-07-01_CM).dat, platform_id: SNK_NGP
Jun 19 04:09:50.373 INFO SNK_NGP: dats/SNK_NGP/SNK Neo-Geo Pocket - Firmware (TOSEC-v2011-08-13_CM).dat, path: dats/SNK_NGP/SNK Neo-Geo Pocket - Firmware (TOSEC-v2011-08-13_CM).dat, platform_id: SNK_NGP
Jun 19 04:09:50.374 INFO SNK_NGP: dats/SNK_NGP/SNK - Neo Geo Pocket (20190930-190238).dat, path: dats/SNK_NGP/SNK - Neo Geo Pocket (20190930-190238).dat, platform_id: SNK_NGP
Jun 19 04:09:50.382 INFO ATARI_5200: dats/ATARI_5200/Atari 5200 - Games (TOSEC-v2013-12-13_CM).dat, path: dats/ATARI_5200/Atari 5200 - Games (TOSEC-v2013-12-13_CM).dat, platform_id: ATARI_5200
Jun 19 04:09:50.389 INFO ATARI_5200: dats/ATARI_5200/Atari - 5200 (20130303-220600).dat, path: dats/ATARI_5200/Atari - 5200 (20130303-220600).dat, platform_id: ATARI_5200
Jun 19 04:09:50.392 INFO ATARI_5200: dats/ATARI_5200/Atari 5200 - Applications (TOSEC-v2013-12-13_CM).dat, path: dats/ATARI_5200/Atari 5200 - Applications (TOSEC-v2013-12-13_CM).dat, platform_id: ATARI_5200
Jun 19 04:09:50.393 INFO ATARI_5200: dats/ATARI_5200/Atari 5200 - Demos (TOSEC-v2013-12-13_CM).dat, path: dats/ATARI_5200/Atari 5200 - Demos (TOSEC-v2013-12-13_CM).dat, platform_id: ATARI_5200
Jun 19 04:09:50.393 INFO ATARI_5200: dats/ATARI_5200/Atari 5200 - Firmware (TOSEC-v2013-12-13_CM).dat, path: dats/ATARI_5200/Atari 5200 - Firmware (TOSEC-v2013-12-13_CM).dat, platform_id: ATARI_5200
Jun 19 04:09:50.394 INFO SEGA_CD: dats/SEGA_CD/Sega Mega-CD & Sega CD - Firmware (TOSEC-v2018-11-17_CM).dat, path: dats/SEGA_CD/Sega Mega-CD & Sega CD - Firmware (TOSEC-v2018-11-17_CM).dat, platform_id: SEGA_CD
Jun 19 04:09:50.449 INFO SEGA_CD: dats/SEGA_CD/Sega - Mega CD & Sega CD - Datfile (530) (2020-06-11 01-12-03).dat, path: dats/SEGA_CD/Sega - Mega CD & Sega CD - Datfile (530) (2020-06-11 01-12-03).dat, platform_id: SEGA_CD
Jun 19 04:09:50.533 INFO SEGA_CD: dats/SEGA_CD/Sega Mega-CD & Sega CD - CD - Educational - [IMG] (TOSEC-v2013-04-10_CM).dat, path: dats/SEGA_CD/Sega Mega-CD & Sega CD - CD - Educational - [IMG] (TOSEC-v2013-04-10_CM).dat, platform_id: SEGA_CD
Jun 19 04:09:50.533 INFO SEGA_CD: dats/SEGA_CD/Sega Mega-CD & Sega CD - Applications (TOSEC-v2012-09-08_CM).dat, path: dats/SEGA_CD/Sega Mega-CD & Sega CD - Applications (TOSEC-v2012-09-08_CM).dat, platform_id: SEGA_CD
Jun 19 04:09:50.534 INFO SEGA_CD: dats/SEGA_CD/Sega Mega-CD & Sega CD - CD - Samplers - [IMG] (TOSEC-v2012-09-08_CM).dat, path: dats/SEGA_CD/Sega Mega-CD & Sega CD - CD - Samplers - [IMG] (TOSEC-v2012-09-08_CM).dat, platform_id: SEGA_CD
Jun 19 04:09:50.539 INFO SEGA_CD: dats/SEGA_CD/Sega Mega-CD & Sega CD - CD - Samplers - [ISO] (TOSEC-v2014-07-01_CM).dat, path: dats/SEGA_CD/Sega Mega-CD & Sega CD - CD - Samplers - [ISO] (TOSEC-v2014-07-01_CM).dat, platform_id: SEGA_CD
Jun 19 04:09:50.564 INFO SEGA_CD: dats/SEGA_CD/Sega Mega-CD & Sega CD - CD - Games - [IMG] (TOSEC-v2014-07-01_CM).dat, path: dats/SEGA_CD/Sega Mega-CD & Sega CD - CD - Games - [IMG] (TOSEC-v2014-07-01_CM).dat, platform_id: SEGA_CD
Jun 19 04:09:50.583 INFO SEGA_CD: dats/SEGA_CD/Sega Mega-CD & Sega CD - CD - Educational - [ISO] (TOSEC-v2014-07-01_CM).dat, path: dats/SEGA_CD/Sega Mega-CD & Sega CD - CD - Educational - [ISO] (TOSEC-v2014-07-01_CM).dat, platform_id: SEGA_CD
Jun 19 04:09:50.584 INFO SEGA_CD: dats/SEGA_CD/Sega Mega-CD & Sega CD - CD - Applications (TOSEC-v2014-07-01_CM).dat, path: dats/SEGA_CD/Sega Mega-CD & Sega CD - CD - Applications (TOSEC-v2014-07-01_CM).dat, platform_id: SEGA_CD
Jun 19 04:09:50.646 INFO SEGA_CD: dats/SEGA_CD/Sega Mega-CD & Sega CD - CD - Games - [ISO] (TOSEC-v2013-04-10_CM).dat, path: dats/SEGA_CD/Sega Mega-CD & Sega CD - CD - Games - [ISO] (TOSEC-v2013-04-10_CM).dat, platform_id: SEGA_CD
Jun 19 04:09:50.709 INFO ATARI_2600: dats/ATARI_2600/Atari 2600 & VCS - Demos (TOSEC-v2019-09-02_CM).dat, path: dats/ATARI_2600/Atari 2600 & VCS - Demos (TOSEC-v2019-09-02_CM).dat, platform_id: ATARI_2600
Jun 19 04:09:50.714 INFO ATARI_2600: dats/ATARI_2600/Atari 2600 & VCS - Educational (TOSEC-v2019-09-02_CM).dat, path: dats/ATARI_2600/Atari 2600 & VCS - Educational (TOSEC-v2019-09-02_CM).dat, platform_id: ATARI_2600
Jun 19 04:09:50.719 INFO ATARI_2600: dats/ATARI_2600/Atari 2600 & VCS - Applications (TOSEC-v2019-09-02_CM).dat, path: dats/ATARI_2600/Atari 2600 & VCS - Applications (TOSEC-v2019-09-02_CM).dat, platform_id: ATARI_2600
Jun 19 04:09:50.725 INFO ATARI_2600: dats/ATARI_2600/Atari - 2600 (20200514-091155).dat, path: dats/ATARI_2600/Atari - 2600 (20200514-091155).dat, platform_id: ATARI_2600
Jun 19 04:09:50.827 INFO ATARI_2600: dats/ATARI_2600/Atari 2600 & VCS - Games (TOSEC-v2019-12-18_CM).dat, path: dats/ATARI_2600/Atari 2600 & VCS - Games (TOSEC-v2019-12-18_CM).dat, platform_id: ATARI_2600
Jun 19 04:09:50.889 INFO BANDAI_WS: dats/BANDAI_WS/Bandai WonderSwan - Games (TOSEC-v2013-12-13_CM).dat, path: dats/BANDAI_WS/Bandai WonderSwan - Games (TOSEC-v2013-12-13_CM).dat, platform_id: BANDAI_WS
Jun 19 04:09:50.895 INFO BANDAI_WS: dats/BANDAI_WS/Bandai - WonderSwan (20200427-065439).dat, path: dats/BANDAI_WS/Bandai - WonderSwan (20200427-065439).dat, platform_id: BANDAI_WS
Jun 19 04:09:50.899 INFO BANDAI_WS: dats/BANDAI_WS/Bandai WonderSwan - Demos (TOSEC-v2013-12-13_CM).dat, path: dats/BANDAI_WS/Bandai WonderSwan - Demos (TOSEC-v2013-12-13_CM).dat, platform_id: BANDAI_WS
Jun 19 04:09:50.899 INFO FUJITSU_FMT: dats/FUJITSU_FMT/Fujitsu FM Towns - Firmware (TOSEC-v2011-02-26_CM).dat, path: dats/FUJITSU_FMT/Fujitsu FM Towns - Firmware (TOSEC-v2011-02-26_CM).dat, platform_id: FUJITSU_FMT
Jun 19 04:09:50.900 INFO FUJITSU_FMT: dats/FUJITSU_FMT/Fujitsu FM Towns - Operating Systems - [HDM] (TOSEC-v2018-07-01_CM).dat, path: dats/FUJITSU_FMT/Fujitsu FM Towns - Operating Systems - [HDM] (TOSEC-v2018-07-01_CM).dat, platform_id: FUJITSU_FMT
Jun 19 04:09:50.902 INFO FUJITSU_FMT: dats/FUJITSU_FMT/Fujitsu FM Towns - Games - [BIN] (TOSEC-v2011-02-07_CM).dat, path: dats/FUJITSU_FMT/Fujitsu FM Towns - Games - [BIN] (TOSEC-v2011-02-07_CM).dat, platform_id: FUJITSU_FMT
Jun 19 04:09:50.904 INFO FUJITSU_FMT: dats/FUJITSU_FMT/Fujitsu FM Towns - Applications - [HDM] (TOSEC-v2018-07-01_CM).dat, path: dats/FUJITSU_FMT/Fujitsu FM Towns - Applications - [HDM] (TOSEC-v2018-07-01_CM).dat, platform_id: FUJITSU_FMT
Jun 19 04:09:50.904 INFO FUJITSU_FMT: dats/FUJITSU_FMT/Fujitsu FM Towns - CD - Homebrew - Demos (TOSEC-v2012-07-22_CM).dat, path: dats/FUJITSU_FMT/Fujitsu FM Towns - CD - Homebrew - Demos (TOSEC-v2012-07-22_CM).dat, platform_id: FUJITSU_FMT
Jun 19 04:09:50.929 INFO FUJITSU_FMT: dats/FUJITSU_FMT/Fujitsu - FM-Towns - Datfile (309) (2020-06-17 17-02-02).dat, path: dats/FUJITSU_FMT/Fujitsu - FM-Towns - Datfile (309) (2020-06-17 17-02-02).dat, platform_id: FUJITSU_FMT
Jun 19 04:09:50.971 INFO FUJITSU_FMT: dats/FUJITSU_FMT/Fujitsu FM Towns - Applications - [BIN] (TOSEC-v2018-07-01_CM).dat, path: dats/FUJITSU_FMT/Fujitsu FM Towns - Applications - [BIN] (TOSEC-v2018-07-01_CM).dat, platform_id: FUJITSU_FMT
Jun 19 04:09:50.971 INFO FUJITSU_FMT: dats/FUJITSU_FMT/Fujitsu FM Towns - CD - Compilations (TOSEC-v2012-07-13_CM).dat, path: dats/FUJITSU_FMT/Fujitsu FM Towns - CD - Compilations (TOSEC-v2012-07-13_CM).dat, platform_id: FUJITSU_FMT
Jun 19 04:09:50.975 INFO FUJITSU_FMT: dats/FUJITSU_FMT/Fujitsu FM Towns - Games - [HDM] (TOSEC-v2018-07-01_CM).dat, path: dats/FUJITSU_FMT/Fujitsu FM Towns - Games - [HDM] (TOSEC-v2018-07-01_CM).dat, platform_id: FUJITSU_FMT
Jun 19 04:09:50.978 INFO FUJITSU_FMT: dats/FUJITSU_FMT/Fujitsu FM Towns - CD - Homebrew - Games (TOSEC-v2012-07-22_CM).dat, path: dats/FUJITSU_FMT/Fujitsu FM Towns - CD - Homebrew - Games (TOSEC-v2012-07-22_CM).dat, platform_id: FUJITSU_FMT
Jun 19 04:09:50.978 INFO FUJITSU_FMT: dats/FUJITSU_FMT/Fujitsu FM Towns - Applications - [D88] (TOSEC-v2011-02-07_CM).dat, path: dats/FUJITSU_FMT/Fujitsu FM Towns - Applications - [D88] (TOSEC-v2011-02-07_CM).dat, platform_id: FUJITSU_FMT
Jun 19 04:09:50.979 INFO FUJITSU_FMT: dats/FUJITSU_FMT/Fujitsu FM Towns - CD - Games (TOSEC-v2012-07-13_CM).dat, path: dats/FUJITSU_FMT/Fujitsu FM Towns - CD - Games (TOSEC-v2012-07-13_CM).dat, platform_id: FUJITSU_FMT
Jun 19 04:09:50.981 INFO FUJITSU_FMT: dats/FUJITSU_FMT/Fujitsu FM Towns - Games - [D88] (TOSEC-v2011-02-07_CM).dat, path: dats/FUJITSU_FMT/Fujitsu FM Towns - Games - [D88] (TOSEC-v2011-02-07_CM).dat, platform_id: FUJITSU_FMT
Jun 19 04:09:50.983 INFO FUJITSU_FMT: dats/FUJITSU_FMT/Fujitsu FM Towns - Operating Systems - [BIN] (TOSEC-v2011-02-07_CM).dat, path: dats/FUJITSU_FMT/Fujitsu FM Towns - Operating Systems - [BIN] (TOSEC-v2011-02-07_CM).dat, platform_id: FUJITSU_FMT
Jun 19 04:09:51.160 INFO SEGA_SAT: dats/SEGA_SAT/Sega - Saturn - Datfile (2281) (2020-06-08 22-02-42).dat, path: dats/SEGA_SAT/Sega - Saturn - Datfile (2281) (2020-06-08 22-02-42).dat, platform_id: SEGA_SAT
Jun 19 04:09:51.591 INFO SEGA_SAT: dats/SEGA_SAT/Sega Saturn - Games (TOSEC-v2012-07-13_CM).dat, path: dats/SEGA_SAT/Sega Saturn - Games (TOSEC-v2012-07-13_CM).dat, platform_id: SEGA_SAT
Jun 19 04:09:51.662 INFO SEGA_SAT: dats/SEGA_SAT/Sega Saturn - Samplers (TOSEC-v2012-07-13_CM).dat, path: dats/SEGA_SAT/Sega Saturn - Samplers (TOSEC-v2012-07-13_CM).dat, platform_id: SEGA_SAT
Jun 19 04:09:51.665 INFO SEGA_SAT: dats/SEGA_SAT/Sega Saturn - Firmware (TOSEC-v2014-07-01_CM).dat, path: dats/SEGA_SAT/Sega Saturn - Firmware (TOSEC-v2014-07-01_CM).dat, platform_id: SEGA_SAT
Jun 19 04:09:51.665 INFO SEGA_SAT: dats/SEGA_SAT/Sega Saturn - Applications (TOSEC-v2012-07-13_CM).dat, path: dats/SEGA_SAT/Sega Saturn - Applications (TOSEC-v2012-07-13_CM).dat, platform_id: SEGA_SAT
Jun 19 04:09:51.666 INFO SEGA_32X: dats/SEGA_32X/Sega 32X - Firmware (TOSEC-v2012-09-08_CM).dat, path: dats/SEGA_32X/Sega 32X - Firmware (TOSEC-v2012-09-08_CM).dat, platform_id: SEGA_32X
Jun 19 04:09:51.668 INFO SEGA_32X: dats/SEGA_32X/Sega 32X - Demos (TOSEC-v2019-09-01_CM).dat, path: dats/SEGA_32X/Sega 32X - Demos (TOSEC-v2019-09-01_CM).dat, platform_id: SEGA_32X
Jun 19 04:09:51.670 INFO SEGA_32X: dats/SEGA_32X/Sega - 32X (20191204-183941).dat, path: dats/SEGA_32X/Sega - 32X (20191204-183941).dat, platform_id: SEGA_32X
Jun 19 04:09:51.676 INFO SEGA_32X: dats/SEGA_32X/Sega 32X - Applications (TOSEC-v2017-07-26_CM).dat, path: dats/SEGA_32X/Sega 32X - Applications (TOSEC-v2017-07-26_CM).dat, platform_id: SEGA_32X
Jun 19 04:09:51.687 INFO SEGA_32X: dats/SEGA_32X/Sega 32X - Games (TOSEC-v2019-12-18_CM).dat, path: dats/SEGA_32X/Sega 32X - Games (TOSEC-v2019-12-18_CM).dat, platform_id: SEGA_32X
Jun 19 04:09:51.690 INFO SONY_PSV: dats/SONY_PSV/WIP Sony - PlayStation Vita (PSN) (Decrypted) (20200527-113102).dat, path: dats/SONY_PSV/WIP Sony - PlayStation Vita (PSN) (Decrypted) (20200527-113102).dat, platform_id: SONY_PSV
Jun 19 04:09:51.693 INFO SONY_PSV: dats/SONY_PSV/Sony - PlayStation Vita (BlackFinPSV) (20200602-122037).dat, path: dats/SONY_PSV/Sony - PlayStation Vita (BlackFinPSV) (20200602-122037).dat, platform_id: SONY_PSV
Jun 19 04:09:51.697 INFO SONY_PSV: dats/SONY_PSV/Sony - PlayStation Vita (PSVgameSD) (20200602-122037).dat, path: dats/SONY_PSV/Sony - PlayStation Vita (PSVgameSD) (20200602-122037).dat, platform_id: SONY_PSV
Jun 19 04:09:51.729 INFO SONY_PSV: dats/SONY_PSV/Sony - PlayStation Vita (PSN) (Updates) (20200613-080027).dat, path: dats/SONY_PSV/Sony - PlayStation Vita (PSN) (Updates) (20200613-080027).dat, platform_id: SONY_PSV
Jun 19 04:09:51.828 INFO SONY_PSV: dats/SONY_PSV/Sony - PlayStation Vita (VPK) (20200602-122037).dat, path: dats/SONY_PSV/Sony - PlayStation Vita (VPK) (20200602-122037).dat, platform_id: SONY_PSV
Jun 19 04:09:51.899 INFO SONY_PSV: dats/SONY_PSV/Sony - PlayStation Vita (PSN) (Content) (20200612-082148).dat, path: dats/SONY_PSV/Sony - PlayStation Vita (PSN) (Content) (20200612-082148).dat, platform_id: SONY_PSV
Jun 19 04:09:52.293 INFO SONY_PSV: dats/SONY_PSV/Sony - PlayStation Vita (NoNpDrm) (20200602-122037).dat, path: dats/SONY_PSV/Sony - PlayStation Vita (NoNpDrm) (20200602-122037).dat, platform_id: SONY_PSV
Jun 19 04:09:52.827 INFO ATARI_LYNX: dats/ATARI_LYNX/Atari Lynx - Firmware (TOSEC-v2013-12-13_CM).dat, path: dats/ATARI_LYNX/Atari Lynx - Firmware (TOSEC-v2013-12-13_CM).dat, platform_id: ATARI_LYNX
Jun 19 04:09:52.828 INFO ATARI_LYNX: dats/ATARI_LYNX/Atari - Lynx (20191130-205105).dat, path: dats/ATARI_LYNX/Atari - Lynx (20191130-205105).dat, platform_id: ATARI_LYNX
Jun 19 04:09:52.841 INFO ATARI_LYNX: dats/ATARI_LYNX/Atari Lynx - Games (TOSEC-v2013-12-13_CM).dat, path: dats/ATARI_LYNX/Atari Lynx - Games (TOSEC-v2013-12-13_CM).dat, platform_id: ATARI_LYNX
Jun 19 04:09:52.851 INFO ATARI_LYNX: dats/ATARI_LYNX/Atari Lynx - Applications (TOSEC-v2013-12-13_CM).dat, path: dats/ATARI_LYNX/Atari Lynx - Applications (TOSEC-v2013-12-13_CM).dat, platform_id: ATARI_LYNX
Jun 19 04:09:52.857 INFO ATARI_LYNX: dats/ATARI_LYNX/Atari Lynx - Demos (TOSEC-v2013-12-13_CM).dat, path: dats/ATARI_LYNX/Atari Lynx - Demos (TOSEC-v2013-12-13_CM).dat, platform_id: ATARI_LYNX
Jun 19 04:09:52.865 INFO MICROSOFT_XBO: dats/MICROSOFT_XBO/Microsoft - Xbox One - Datfile (346) (2020-06-18 21-20-02).dat, path: dats/MICROSOFT_XBO/Microsoft - Xbox One - Datfile (346) (2020-06-18 21-20-02).dat, platform_id: MICROSOFT_XBO
Jun 19 04:09:52.880 INFO ATARI_7800: dats/ATARI_7800/Atari 7800 - Games (TOSEC-v2013-12-13_CM).dat, path: dats/ATARI_7800/Atari 7800 - Games (TOSEC-v2013-12-13_CM).dat, platform_id: ATARI_7800
Jun 19 04:09:52.884 INFO ATARI_7800: dats/ATARI_7800/Atari 7800 - Applications (TOSEC-v2013-12-13_CM).dat, path: dats/ATARI_7800/Atari 7800 - Applications (TOSEC-v2013-12-13_CM).dat, platform_id: ATARI_7800
Jun 19 04:09:52.886 INFO ATARI_7800: dats/ATARI_7800/Atari - 7800 (20191209-185349).dat, path: dats/ATARI_7800/Atari - 7800 (20191209-185349).dat, platform_id: ATARI_7800
Jun 19 04:09:52.891 INFO ATARI_7800: dats/ATARI_7800/Atari 7800 - Firmware (TOSEC-v2013-12-13_CM).dat, path: dats/ATARI_7800/Atari 7800 - Firmware (TOSEC-v2013-12-13_CM).dat, platform_id: ATARI_7800
Jun 19 04:09:52.896 INFO NEC_PCFX: dats/NEC_PCFX/NEC PC-FX - Games (TOSEC-v2012-07-14_CM).dat, path: dats/NEC_PCFX/NEC PC-FX - Games (TOSEC-v2012-07-14_CM).dat, platform_id: NEC_PCFX
Jun 19 04:09:52.899 INFO NEC_PCFX: dats/NEC_PCFX/NEC PC-FXGA - Firmware (TOSEC-v2012-07-13_CM).dat, path: dats/NEC_PCFX/NEC PC-FXGA - Firmware (TOSEC-v2012-07-13_CM).dat, platform_id: NEC_PCFX
Jun 19 04:09:52.899 INFO NEC_PCFX: dats/NEC_PCFX/NEC PC-FX - Firmware (TOSEC-v2012-07-13_CM).dat, path: dats/NEC_PCFX/NEC PC-FX - Firmware (TOSEC-v2012-07-13_CM).dat, platform_id: NEC_PCFX
Jun 19 04:09:52.899 INFO NEC_PCFX: dats/NEC_PCFX/NEC PC-FXGA - Games (TOSEC-v2012-07-13_CM).dat, path: dats/NEC_PCFX/NEC PC-FXGA - Games (TOSEC-v2012-07-13_CM).dat, platform_id: NEC_PCFX
Jun 19 04:09:52.905 INFO NEC_PCFX: dats/NEC_PCFX/NEC - PC-FX & PC-FXGA - Datfile (78) (2020-02-28 01-31-34).dat, path: dats/NEC_PCFX/NEC - PC-FX & PC-FXGA - Datfile (78) (2020-02-28 01-31-34).dat, platform_id: NEC_PCFX
Jun 19 04:09:52.916 INFO MATTEL_INT: dats/MATTEL_INT/Mattel - Intellivision (20190315-210619).dat, path: dats/MATTEL_INT/Mattel - Intellivision (20190315-210619).dat, platform_id: MATTEL_INT
Jun 19 04:09:52.924 INFO NINTENDO_VB: dats/NINTENDO_VB/Nintendo Virtual Boy - Demos (TOSEC-v2012-04-13_CM).dat, path: dats/NINTENDO_VB/Nintendo Virtual Boy - Demos (TOSEC-v2012-04-13_CM).dat, platform_id: NINTENDO_VB
Jun 19 04:09:52.926 INFO NINTENDO_VB: dats/NINTENDO_VB/Nintendo Virtual Boy - Applications (TOSEC-v2011-08-13_CM).dat, path: dats/NINTENDO_VB/Nintendo Virtual Boy - Applications (TOSEC-v2011-08-13_CM).dat, platform_id: NINTENDO_VB
Jun 19 04:09:52.931 INFO NINTENDO_VB: dats/NINTENDO_VB/Nintendo Virtual Boy - Games (TOSEC-v2014-07-01_CM).dat, path: dats/NINTENDO_VB/Nintendo Virtual Boy - Games (TOSEC-v2014-07-01_CM).dat, platform_id: NINTENDO_VB
Jun 19 04:09:52.936 INFO NINTENDO_VB: dats/NINTENDO_VB/Nintendo Virtual Boy - Samplers (TOSEC-v2012-04-13_CM).dat, path: dats/NINTENDO_VB/Nintendo Virtual Boy - Samplers (TOSEC-v2012-04-13_CM).dat, platform_id: NINTENDO_VB
Jun 19 04:09:52.937 INFO NINTENDO_VB: dats/NINTENDO_VB/Nintendo - Virtual Boy (20200219-181350).dat, path: dats/NINTENDO_VB/Nintendo - Virtual Boy (20200219-181350).dat, platform_id: NINTENDO_VB
Jun 19 04:09:52.966 INFO SNK_NGCD: dats/SNK_NGCD/SNK Neo-Geo CD - Games - [ISO] (TOSEC-v2014-06-12_CM).dat, path: dats/SNK_NGCD/SNK Neo-Geo CD - Games - [ISO] (TOSEC-v2014-06-12_CM).dat, platform_id: SNK_NGCD
Jun 19 04:09:52.999 INFO SNK_NGCD: dats/SNK_NGCD/SNK Neo-Geo CD - Games - [IMG] (TOSEC-v2014-06-12_CM).dat, path: dats/SNK_NGCD/SNK Neo-Geo CD - Games - [IMG] (TOSEC-v2014-06-12_CM).dat, platform_id: SNK_NGCD
Jun 19 04:09:53.005 INFO SNK_NGCD: dats/SNK_NGCD/SNK Neo-Geo CD - Demos (TOSEC-v2012-09-08_CM).dat, path: dats/SNK_NGCD/SNK Neo-Geo CD - Demos (TOSEC-v2012-09-08_CM).dat, platform_id: SNK_NGCD
Jun 19 04:09:53.005 INFO SNK_NGCD: dats/SNK_NGCD/SNK Neo-Geo CD - Samplers - [Multipart] (TOSEC-v2012-09-08_CM).dat, path: dats/SNK_NGCD/SNK Neo-Geo CD - Samplers - [Multipart] (TOSEC-v2012-09-08_CM).dat, platform_id: SNK_NGCD
Jun 19 04:09:53.005 INFO SNK_NGCD: dats/SNK_NGCD/SNK Neo-Geo CD - Games - [Multipart] (TOSEC-v2012-09-08_CM).dat, path: dats/SNK_NGCD/SNK Neo-Geo CD - Games - [Multipart] (TOSEC-v2012-09-08_CM).dat, platform_id: SNK_NGCD
Jun 19 04:09:53.005 INFO SNK_NGCD: dats/SNK_NGCD/SNK Neo-Geo CD - Firmware (TOSEC-v2012-09-08_CM).dat, path: dats/SNK_NGCD/SNK Neo-Geo CD - Firmware (TOSEC-v2012-09-08_CM).dat, platform_id: SNK_NGCD
Jun 19 04:09:53.024 INFO SNK_NGCD: dats/SNK_NGCD/SNK - Neo Geo CD - Datfile (101) (2020-06-12 20-17-25).dat, path: dats/SNK_NGCD/SNK - Neo Geo CD - Datfile (101) (2020-06-12 20-17-25).dat, platform_id: SNK_NGCD
Jun 19 04:09:53.052 INFO SNK_NGCD: dats/SNK_NGCD/SNK Neo-Geo CD - Samplers - [ISO] (TOSEC-v2014-06-12_CM).dat, path: dats/SNK_NGCD/SNK Neo-Geo CD - Samplers - [ISO] (TOSEC-v2014-06-12_CM).dat, platform_id: SNK_NGCD
Jun 19 04:09:53.053 INFO SNK_NGCD: dats/SNK_NGCD/SNK Neo-Geo CD - Samplers - [IMG] (TOSEC-v2012-09-08_CM).dat, path: dats/SNK_NGCD/SNK Neo-Geo CD - Samplers - [IMG] (TOSEC-v2012-09-08_CM).dat, platform_id: SNK_NGCD
Jun 19 04:09:53.106 INFO NINTENDO_NDS: dats/NINTENDO_NDS/Nintendo - Nintendo DS (Encrypted) (20200617-224456).dat, path: dats/NINTENDO_NDS/Nintendo - Nintendo DS (Encrypted) (20200617-224456).dat, platform_id: NINTENDO_NDS
Jun 19 04:09:53.404 INFO NINTENDO_NDS: dats/NINTENDO_NDS/Nintendo - Nintendo DS (Decrypted) (20200617-224456).dat, path: dats/NINTENDO_NDS/Nintendo - Nintendo DS (Decrypted) (20200617-224456).dat, platform_id: NINTENDO_NDS
Jun 19 04:09:53.653 INFO NINTENDO_NDS: dats/NINTENDO_NDS/Nintendo - Nintendo DS (Download Play) (20200610-035522).dat, path: dats/NINTENDO_NDS/Nintendo - Nintendo DS (Download Play) (20200610-035522).dat, platform_id: NINTENDO_NDS
Jun 19 04:09:53.670 INFO SNK_NGPC: dats/SNK_NGPC/SNK Neo-Geo Pocket Color - Firmware (TOSEC-v2011-08-13_CM).dat, path: dats/SNK_NGPC/SNK Neo-Geo Pocket Color - Firmware (TOSEC-v2011-08-13_CM).dat, platform_id: SNK_NGPC
Jun 19 04:09:53.672 INFO SNK_NGPC: dats/SNK_NGPC/SNK Neo-Geo Pocket Color - Demos (TOSEC-v2014-07-01_CM).dat, path: dats/SNK_NGPC/SNK Neo-Geo Pocket Color - Demos (TOSEC-v2014-07-01_CM).dat, platform_id: SNK_NGPC
Jun 19 04:09:53.673 INFO SNK_NGPC: dats/SNK_NGPC/SNK Neo-Geo Pocket Color - Applications (TOSEC-v2011-08-13_CM).dat, path: dats/SNK_NGPC/SNK Neo-Geo Pocket Color - Applications (TOSEC-v2011-08-13_CM).dat, platform_id: SNK_NGPC
Jun 19 04:09:53.674 INFO SNK_NGPC: dats/SNK_NGPC/SNK Neo-Geo Pocket Color - Multimedia (TOSEC-v2011-08-13_CM).dat, path: dats/SNK_NGPC/SNK Neo-Geo Pocket Color - Multimedia (TOSEC-v2011-08-13_CM).dat, platform_id: SNK_NGPC
Jun 19 04:09:53.674 INFO SNK_NGPC: dats/SNK_NGPC/SNK Neo-Geo Pocket Color - Samplers (TOSEC-v2011-08-13_CM).dat, path: dats/SNK_NGPC/SNK Neo-Geo Pocket Color - Samplers (TOSEC-v2011-08-13_CM).dat, platform_id: SNK_NGPC
Jun 19 04:09:53.684 INFO SNK_NGPC: dats/SNK_NGPC/SNK Neo-Geo Pocket Color - Games (TOSEC-v2014-07-01_CM).dat, path: dats/SNK_NGPC/SNK Neo-Geo Pocket Color - Games (TOSEC-v2014-07-01_CM).dat, platform_id: SNK_NGPC
Jun 19 04:09:53.692 INFO SNK_NGPC: dats/SNK_NGPC/SNK - Neo Geo Pocket Color (20190930-190859).dat, path: dats/SNK_NGPC/SNK - Neo Geo Pocket Color (20190930-190859).dat, platform_id: SNK_NGPC
Jun 19 04:09:53.696 INFO SNK_NGPC: dats/SNK_NGPC/SNK Neo-Geo Pocket Color - Educational (TOSEC-v2011-08-13_CM).dat, path: dats/SNK_NGPC/SNK Neo-Geo Pocket Color - Educational (TOSEC-v2011-08-13_CM).dat, platform_id: SNK_NGPC
Jun 19 04:09:53.697 INFO SEGA_32X_CD: dats/SEGA_32X_CD/Sega 32X - CD - Games - [ISO] (TOSEC-v2014-07-01_CM).dat, path: dats/SEGA_32X_CD/Sega 32X - CD - Games - [ISO] (TOSEC-v2014-07-01_CM).dat, platform_id: SEGA_32X_CD
Jun 19 04:09:53.699 INFO SEGA_32X_CD: dats/SEGA_32X_CD/Sega 32X - CD - Games - [IMG] (TOSEC-v2013-04-10_CM).dat, path: dats/SEGA_32X_CD/Sega 32X - CD - Games - [IMG] (TOSEC-v2013-04-10_CM).dat, platform_id: SEGA_32X_CD
Jun 19 04:09:53.702 INFO SEGA_GEN: dats/SEGA_GEN/Sega Mega Drive & Genesis - Educational (TOSEC-v2017-09-10_CM).dat, path: dats/SEGA_GEN/Sega Mega Drive & Genesis - Educational (TOSEC-v2017-09-10_CM).dat, platform_id: SEGA_GEN
Jun 19 04:09:53.704 INFO SEGA_GEN: dats/SEGA_GEN/Sega Mega Drive & Genesis - Applications - [Multipart] (TOSEC-v2019-09-01_CM).dat, path: dats/SEGA_GEN/Sega Mega Drive & Genesis - Applications - [Multipart] (TOSEC-v2019-09-01_CM).dat, platform_id: SEGA_GEN
Jun 19 04:09:53.704 INFO SEGA_GEN: dats/SEGA_GEN/Sega Mega Drive & Genesis - Firmware (TOSEC-v2017-09-10_CM).dat, path: dats/SEGA_GEN/Sega Mega Drive & Genesis - Firmware (TOSEC-v2017-09-10_CM).dat, platform_id: SEGA_GEN
Jun 19 04:09:53.705 INFO SEGA_GEN: dats/SEGA_GEN/Sega Mega Drive & Genesis - Games - [Multipart] (TOSEC-v2019-09-01_CM).dat, path: dats/SEGA_GEN/Sega Mega Drive & Genesis - Games - [Multipart] (TOSEC-v2019-09-01_CM).dat, platform_id: SEGA_GEN
Jun 19 04:09:53.710 INFO SEGA_GEN: dats/SEGA_GEN/Sega Mega Drive & Genesis - Demos (TOSEC-v2019-09-01_CM).dat, path: dats/SEGA_GEN/Sega Mega Drive & Genesis - Demos (TOSEC-v2019-09-01_CM).dat, platform_id: SEGA_GEN
Jun 19 04:09:53.938 INFO SEGA_GEN: dats/SEGA_GEN/Sega Mega Drive & Genesis - Games - [BIN] (TOSEC-v2019-12-18_CM).dat, path: dats/SEGA_GEN/Sega Mega Drive & Genesis - Games - [BIN] (TOSEC-v2019-12-18_CM).dat, platform_id: SEGA_GEN
Jun 19 04:09:54.110 INFO SEGA_GEN: dats/SEGA_GEN/Sega - Mega Drive - Genesis (20200530-111253).dat, path: dats/SEGA_GEN/Sega - Mega Drive - Genesis (20200530-111253).dat, platform_id: SEGA_GEN
Jun 19 04:09:54.200 INFO SEGA_GEN: dats/SEGA_GEN/Sega Mega Drive & Genesis - Applications - [BIN] (TOSEC-v2019-09-01_CM).dat, path: dats/SEGA_GEN/Sega Mega Drive & Genesis - Applications - [BIN] (TOSEC-v2019-09-01_CM).dat, platform_id: SEGA_GEN
Jun 19 04:09:54.203 INFO SEGA_GEN: dats/SEGA_GEN/Sega Mega Drive & Genesis - Compilations (TOSEC-v2019-12-18_CM).dat, path: dats/SEGA_GEN/Sega Mega Drive & Genesis - Compilations (TOSEC-v2019-12-18_CM).dat, platform_id: SEGA_GEN
Jun 19 04:09:54.211 INFO SEGA_GG: dats/SEGA_GG/Sega - Game Gear (20200302-200516).dat, path: dats/SEGA_GG/Sega - Game Gear (20200302-200516).dat, platform_id: SEGA_GG
Jun 19 04:09:54.234 INFO SEGA_GG: dats/SEGA_GG/Sega Game Gear - Applications (TOSEC-v2017-09-03_CM).dat, path: dats/SEGA_GG/Sega Game Gear - Applications (TOSEC-v2017-09-03_CM).dat, platform_id: SEGA_GG
Jun 19 04:09:54.235 INFO SEGA_GG: dats/SEGA_GG/Sega Game Gear - Demos (TOSEC-v2017-09-03_CM).dat, path: dats/SEGA_GG/Sega Game Gear - Demos (TOSEC-v2017-09-03_CM).dat, platform_id: SEGA_GG
Jun 19 04:09:54.236 INFO SEGA_GG: dats/SEGA_GG/Sega Game Gear - Educational (TOSEC-v2011-06-20_CM).dat, path: dats/SEGA_GG/Sega Game Gear - Educational (TOSEC-v2011-06-20_CM).dat, platform_id: SEGA_GG
Jun 19 04:09:54.271 INFO SEGA_GG: dats/SEGA_GG/Sega Game Gear - Games (TOSEC-v2017-09-03_CM).dat, path: dats/SEGA_GG/Sega Game Gear - Games (TOSEC-v2017-09-03_CM).dat, platform_id: SEGA_GG
Jun 19 04:09:54.299 INFO SEGA_GG: dats/SEGA_GG/Sega Game Gear - Samplers (TOSEC-v2011-06-20_CM).dat, path: dats/SEGA_GG/Sega Game Gear - Samplers (TOSEC-v2011-06-20_CM).dat, platform_id: SEGA_GG
Jun 19 04:09:54.299 INFO SEGA_GG: dats/SEGA_GG/Sega Game Gear - Firmware (TOSEC-v2011-12-19_CM).dat, path: dats/SEGA_GG/Sega Game Gear - Firmware (TOSEC-v2011-12-19_CM).dat, platform_id: SEGA_GG
Jun 19 04:09:54.485 INFO SONY_PS3: dats/SONY_PS3/Sony - PlayStation 3 (PSN) (Content) (20200611-082934).dat, path: dats/SONY_PS3/Sony - PlayStation 3 (PSN) (Content) (20200611-082934).dat, platform_id: SONY_PS3
Jun 19 04:09:55.180 INFO SONY_PS3: dats/SONY_PS3/WIP Sony - PlayStation 3 (PSN) (Decrypted) (20180429-070319).dat, path: dats/SONY_PS3/WIP Sony - PlayStation 3 (PSN) (Decrypted) (20180429-070319).dat, platform_id: SONY_PS3
Jun 19 04:09:55.285 INFO SONY_PS3: dats/SONY_PS3/Sony - PlayStation 3 (PSN) (Updates) (20200525-225954).dat, path: dats/SONY_PS3/Sony - PlayStation 3 (PSN) (Updates) (20200525-225954).dat, platform_id: SONY_PS3
Jun 19 04:09:55.664 INFO SONY_PS3: dats/SONY_PS3/Sony - PlayStation 3 - Datfile (3425) (2020-06-17 00-31-37).dat, path: dats/SONY_PS3/Sony - PlayStation 3 - Datfile (3425) (2020-06-17 00-31-37).dat, platform_id: SONY_PS3
Jun 19 04:09:55.803 INFO PANASONIC_3DO: dats/PANASONIC_3DO/3DO 3DO Interactive Multiplayer - Homebrew - Games (TOSEC-v2017-09-25_CM).dat, path: dats/PANASONIC_3DO/3DO 3DO Interactive Multiplayer - Homebrew - Games (TOSEC-v2017-09-25_CM).dat, platform_id: PANASONIC_3DO
Jun 19 04:09:55.824 INFO PANASONIC_3DO: dats/PANASONIC_3DO/3DO 3DO Interactive Multiplayer - Games (TOSEC-v2019-05-06_CM).dat, path: dats/PANASONIC_3DO/3DO 3DO Interactive Multiplayer - Games (TOSEC-v2019-05-06_CM).dat, platform_id: PANASONIC_3DO
Jun 19 04:09:55.841 INFO PANASONIC_3DO: dats/PANASONIC_3DO/3DO 3DO Interactive Multiplayer - Homebrew - Applications (TOSEC-v2017-09-15_CM).dat, path: dats/PANASONIC_3DO/3DO 3DO Interactive Multiplayer - Homebrew - Applications (TOSEC-v2017-09-15_CM).dat, platform_id: PANASONIC_3DO
Jun 19 04:09:55.842 INFO PANASONIC_3DO: dats/PANASONIC_3DO/3DO 3DO Interactive Multiplayer - Coverdiscs - [IMG] (TOSEC-v2017-09-17_CM).dat, path: dats/PANASONIC_3DO/3DO 3DO Interactive Multiplayer - Coverdiscs - [IMG] (TOSEC-v2017-09-17_CM).dat, platform_id: PANASONIC_3DO
Jun 19 04:09:55.843 INFO PANASONIC_3DO: dats/PANASONIC_3DO/3DO 3DO Interactive Multiplayer - Firmware (TOSEC-v2017-07-07_CM).dat, path: dats/PANASONIC_3DO/3DO 3DO Interactive Multiplayer - Firmware (TOSEC-v2017-07-07_CM).dat, platform_id: PANASONIC_3DO
Jun 19 04:09:55.844 INFO PANASONIC_3DO: dats/PANASONIC_3DO/3DO 3DO Interactive Multiplayer - Applications - [ISO] (TOSEC-v2012-07-05_CM).dat, path: dats/PANASONIC_3DO/3DO 3DO Interactive Multiplayer - Applications - [ISO] (TOSEC-v2012-07-05_CM).dat, platform_id: PANASONIC_3DO
Jun 19 04:09:55.846 INFO PANASONIC_3DO: dats/PANASONIC_3DO/3DO 3DO Interactive Multiplayer - Coverdiscs - [ISO] (TOSEC-v2012-07-05_CM).dat, path: dats/PANASONIC_3DO/3DO 3DO Interactive Multiplayer - Coverdiscs - [ISO] (TOSEC-v2012-07-05_CM).dat, platform_id: PANASONIC_3DO
Jun 19 04:09:55.847 INFO PANASONIC_3DO: dats/PANASONIC_3DO/3DO 3DO Interactive Multiplayer - Homebrew - Compilations (TOSEC-v2017-09-25_CM).dat, path: dats/PANASONIC_3DO/3DO 3DO Interactive Multiplayer - Homebrew - Compilations (TOSEC-v2017-09-25_CM).dat, platform_id: PANASONIC_3DO
Jun 19 04:09:55.848 INFO PANASONIC_3DO: dats/PANASONIC_3DO/3DO 3DO Interactive Multiplayer - Applications - [IMG] (TOSEC-v2017-09-15_CM).dat, path: dats/PANASONIC_3DO/3DO 3DO Interactive Multiplayer - Applications - [IMG] (TOSEC-v2017-09-15_CM).dat, platform_id: PANASONIC_3DO
Jun 19 04:09:55.858 INFO PANASONIC_3DO: dats/PANASONIC_3DO/Panasonic - 3DO Interactive Multiplayer - Datfile (521) (2020-06-08 19-49-49).dat, path: dats/PANASONIC_3DO/Panasonic - 3DO Interactive Multiplayer - Datfile (521) (2020-06-08 19-49-49).dat, platform_id: PANASONIC_3DO
Jun 19 04:09:55.882 INFO PANASONIC_3DO: dats/PANASONIC_3DO/3DO 3DO Interactive Multiplayer - Educational (TOSEC-v2012-07-05_CM).dat, path: dats/PANASONIC_3DO/3DO 3DO Interactive Multiplayer - Educational (TOSEC-v2012-07-05_CM).dat, platform_id: PANASONIC_3DO
Jun 19 04:09:55.884 INFO NEC_TG16: dats/NEC_TG16/NEC PC-Engine & TurboGrafx-16 - Compilations (TOSEC-v2018-06-09_CM).dat, path: dats/NEC_TG16/NEC PC-Engine & TurboGrafx-16 - Compilations (TOSEC-v2018-06-09_CM).dat, platform_id: NEC_TG16
Jun 19 04:09:55.915 INFO NEC_TG16: dats/NEC_TG16/NEC PC-Engine & TurboGrafx-16 - Games (TOSEC-v2018-08-25_CM).dat, path: dats/NEC_TG16/NEC PC-Engine & TurboGrafx-16 - Games (TOSEC-v2018-08-25_CM).dat, platform_id: NEC_TG16
Jun 19 04:09:55.937 INFO NEC_TG16: dats/NEC_TG16/NEC - PC Engine - TurboGrafx 16 (20200411-220807).dat, path: dats/NEC_TG16/NEC - PC Engine - TurboGrafx 16 (20200411-220807).dat, platform_id: NEC_TG16
Jun 19 04:09:55.949 INFO NEC_TG16: dats/NEC_TG16/NEC PC-Engine & TurboGrafx-16 - Samplers (TOSEC-v2018-08-19_CM).dat, path: dats/NEC_TG16/NEC PC-Engine & TurboGrafx-16 - Samplers (TOSEC-v2018-08-19_CM).dat, platform_id: NEC_TG16
Jun 19 04:09:55.949 INFO NEC_TG16: dats/NEC_TG16/NEC PC-Engine & TurboGrafx-16 - Applications (TOSEC-v2018-06-11_CM).dat, path: dats/NEC_TG16/NEC PC-Engine & TurboGrafx-16 - Applications (TOSEC-v2018-06-11_CM).dat, platform_id: NEC_TG16
Jun 19 04:09:55.950 INFO NEC_TG16: dats/NEC_TG16/NEC PC-Engine & TurboGrafx-16 - Demos (TOSEC-v2011-08-13_CM).dat, path: dats/NEC_TG16/NEC PC-Engine & TurboGrafx-16 - Demos (TOSEC-v2011-08-13_CM).dat, platform_id: NEC_TG16
Jun 19 04:09:55.982 INFO MICROSOFT_X360: dats/MICROSOFT_X360/Microsoft - Xbox 360 - Datfile (2196) (2020-06-15 21-47-19).dat, path: dats/MICROSOFT_X360/Microsoft - Xbox 360 - Datfile (2196) (2020-06-15 21-47-19).dat, platform_id: MICROSOFT_X360
Jun 19 04:09:56.061 INFO NINTENDO_GCN: dats/NINTENDO_GCN/Nintendo GameCube - Samplers (TOSEC-v2019-11-08_CM).dat, path: dats/NINTENDO_GCN/Nintendo GameCube - Samplers (TOSEC-v2019-11-08_CM).dat, platform_id: NINTENDO_GCN
Jun 19 04:09:56.071 INFO NINTENDO_GCN: dats/NINTENDO_GCN/Nintendo GameCube - Games (TOSEC-v2019-11-09_CM).dat, path: dats/NINTENDO_GCN/Nintendo GameCube - Games (TOSEC-v2019-11-09_CM).dat, platform_id: NINTENDO_GCN
Jun 19 04:09:56.111 INFO NINTENDO_GCN: dats/NINTENDO_GCN/Nintendo - GameCube - Datfile (1906) (2020-06-18 21-04-01).dat, path: dats/NINTENDO_GCN/Nintendo - GameCube - Datfile (1906) (2020-06-18 21-04-01).dat, platform_id: NINTENDO_GCN
Jun 19 04:09:56.185 INFO NINTENDO_GCN: dats/NINTENDO_GCN/Nintendo - GameCube - BIOS Datfile (10) (2017-09-30).dat, path: dats/NINTENDO_GCN/Nintendo - GameCube - BIOS Datfile (10) (2017-09-30).dat, platform_id: NINTENDO_GCN
Jun 19 04:09:56.185 INFO NINTENDO_GCN: dats/NINTENDO_GCN/Nintendo GameCube - Applications (TOSEC-v2019-11-09_CM).dat, path: dats/NINTENDO_GCN/Nintendo GameCube - Applications (TOSEC-v2019-11-09_CM).dat, platform_id: NINTENDO_GCN
Jun 19 04:09:56.186 INFO NINTENDO_DSI: dats/NINTENDO_DSI/Nintendo - Nintendo DSi (Decrypted) (20200611-101933).dat, path: dats/NINTENDO_DSI/Nintendo - Nintendo DSi (Decrypted) (20200611-101933).dat, platform_id: NINTENDO_DSI
Jun 19 04:09:56.187 INFO NINTENDO_DSI: dats/NINTENDO_DSI/Nintendo - Nintendo DSi (Encrypted) (20200611-101933).dat, path: dats/NINTENDO_DSI/Nintendo - Nintendo DSi (Encrypted) (20200611-101933).dat, platform_id: NINTENDO_DSI
Jun 19 04:09:56.187 INFO SONY_PSX: dats/SONY_PSX/Sony PlayStation - Games - [ISO] (TOSEC-v2012-09-08_CM).dat, path: dats/SONY_PSX/Sony PlayStation - Games - [ISO] (TOSEC-v2012-09-08_CM).dat, platform_id: SONY_PSX
Jun 19 04:09:56.188 INFO SONY_PSX: dats/SONY_PSX/Sony PlayStation - Games - [IMG] (TOSEC-v2012-09-08_CM).dat, path: dats/SONY_PSX/Sony PlayStation - Games - [IMG] (TOSEC-v2012-09-08_CM).dat, platform_id: SONY_PSX
Jun 19 04:09:56.189 INFO SONY_PSX: dats/SONY_PSX/Sony PlayStation - Demos - [EXE] (TOSEC-v2012-09-08_CM).dat, path: dats/SONY_PSX/Sony PlayStation - Demos - [EXE] (TOSEC-v2012-09-08_CM).dat, platform_id: SONY_PSX
Jun 19 04:09:56.190 INFO SONY_PSX: dats/SONY_PSX/Sony PlayStation - Demos - [ISO] (TOSEC-v2012-09-08_CM).dat, path: dats/SONY_PSX/Sony PlayStation - Demos - [ISO] (TOSEC-v2012-09-08_CM).dat, platform_id: SONY_PSX
Jun 19 04:09:56.607 INFO SONY_PSX: dats/SONY_PSX/Sony - PlayStation - Datfile (10355) (2020-06-17 17-52-09).dat, path: dats/SONY_PSX/Sony - PlayStation - Datfile (10355) (2020-06-17 17-52-09).dat, platform_id: SONY_PSX
Jun 19 04:09:57.408 INFO SONY_PSX: dats/SONY_PSX/Sony PlayStation - Samplers - [ISO] (TOSEC-v2012-09-08_CM).dat, path: dats/SONY_PSX/Sony PlayStation - Samplers - [ISO] (TOSEC-v2012-09-08_CM).dat, platform_id: SONY_PSX
Jun 19 04:09:57.408 INFO SONY_PSX: dats/SONY_PSX/Sony PlayStation - Games - [BIN] (TOSEC-v2012-09-08_CM).dat, path: dats/SONY_PSX/Sony PlayStation - Games - [BIN] (TOSEC-v2012-09-08_CM).dat, platform_id: SONY_PSX
Jun 19 04:09:57.409 INFO SONY_PSX: dats/SONY_PSX/Sony - PlayStation - BIOS Datfile (24) (2016-10-21).dat, path: dats/SONY_PSX/Sony - PlayStation - BIOS Datfile (24) (2016-10-21).dat, platform_id: SONY_PSX
Jun 19 04:09:57.410 INFO SONY_PSX: dats/SONY_PSX/Sony PlayStation - Samplers - [BIN] (TOSEC-v2012-09-08_CM).dat, path: dats/SONY_PSX/Sony PlayStation - Samplers - [BIN] (TOSEC-v2012-09-08_CM).dat, platform_id: SONY_PSX
Jun 19 04:09:57.411 INFO SONY_PSX: dats/SONY_PSX/Sony PlayStation - Demos - [BIN] (TOSEC-v2012-09-08_CM).dat, path: dats/SONY_PSX/Sony PlayStation - Demos - [BIN] (TOSEC-v2012-09-08_CM).dat, platform_id: SONY_PSX
Jun 19 04:09:57.412 INFO SONY_PSX: dats/SONY_PSX/Sony PlayStation - Demos - [PSX] (TOSEC-v2012-09-08_CM).dat, path: dats/SONY_PSX/Sony PlayStation - Demos - [PSX] (TOSEC-v2012-09-08_CM).dat, platform_id: SONY_PSX
Jun 19 04:09:57.413 INFO SONY_PSX: dats/SONY_PSX/Sony PlayStation - Games - [EXE] (TOSEC-v2012-09-08_CM).dat, path: dats/SONY_PSX/Sony PlayStation - Games - [EXE] (TOSEC-v2012-09-08_CM).dat, platform_id: SONY_PSX
Jun 19 04:09:57.413 INFO SONY_PSX: dats/SONY_PSX/Sony PlayStation - Applications (TOSEC-v2014-10-30_CM).dat, path: dats/SONY_PSX/Sony PlayStation - Applications (TOSEC-v2014-10-30_CM).dat, platform_id: SONY_PSX
Jun 19 04:09:57.414 INFO SONY_PSX: dats/SONY_PSX/Sony PlayStation - Firmware (TOSEC-v2012-09-08_CM).dat, path: dats/SONY_PSX/Sony PlayStation - Firmware (TOSEC-v2012-09-08_CM).dat, platform_id: SONY_PSX
Jun 19 04:09:57.418 INFO NINTENDO_GB: dats/NINTENDO_GB/Nintendo Game Boy - Games (TOSEC-v2012-04-13_CM).dat, path: dats/NINTENDO_GB/Nintendo Game Boy - Games (TOSEC-v2012-04-13_CM).dat, platform_id: NINTENDO_GB
Jun 19 04:09:57.420 INFO NINTENDO_GB: dats/NINTENDO_GB/Nintendo Game Boy - Demos (TOSEC-v2011-08-13_CM).dat, path: dats/NINTENDO_GB/Nintendo Game Boy - Demos (TOSEC-v2011-08-13_CM).dat, platform_id: NINTENDO_GB
Jun 19 04:09:57.420 INFO NINTENDO_GB: dats/NINTENDO_GB/Nintendo Game Boy - Firmware (TOSEC-v2011-09-27_CM).dat, path: dats/NINTENDO_GB/Nintendo Game Boy - Firmware (TOSEC-v2011-09-27_CM).dat, platform_id: NINTENDO_GB
Jun 19 04:09:57.432 INFO NINTENDO_GB: dats/NINTENDO_GB/Nintendo - Game Boy (20200617-153357).dat, path: dats/NINTENDO_GB/Nintendo - Game Boy (20200617-153357).dat, platform_id: NINTENDO_GB
Jun 19 04:09:57.488 INFO NINTENDO_NSW: dats/NINTENDO_NSW/Nintendo - Nintendo Switch (20200617-101025).dat, path: dats/NINTENDO_NSW/Nintendo - Nintendo Switch (20200617-101025).dat, platform_id: NINTENDO_NSW
Jun 19 04:09:57.539 INFO NINTENDO_NSW: dats/NINTENDO_NSW/Nintendo - Nintendo Switch (1066+z020).dat, path: dats/NINTENDO_NSW/Nintendo - Nintendo Switch (1066+z020).dat, platform_id: NINTENDO_NSW
Jun 19 04:09:57.623 INFO NINTENDO_NSW: dats/NINTENDO_NSW/Nintendo - Nintendo Switch (Digital) (NSP) (20200617-203855).dat, path: dats/NINTENDO_NSW/Nintendo - Nintendo Switch (Digital) (NSP) (20200617-203855).dat, platform_id: NINTENDO_NSW
Jun 19 04:09:57.815 INFO NINTENDO_NSW: dats/NINTENDO_NSW/Nintendo - Nintendo Switch (Digital) (NSP) (4706+x035+1003).dat, path: dats/NINTENDO_NSW/Nintendo - Nintendo Switch (Digital) (NSP) (4706+x035+1003).dat, platform_id: NINTENDO_NSW
Jun 19 04:09:57.968 INFO NINTENDO_N64: dats/NINTENDO_N64/Nintendo - Nintendo 64 (BigEndian) (20200531-084204).dat, path: dats/NINTENDO_N64/Nintendo - Nintendo 64 (BigEndian) (20200531-084204).dat, platform_id: NINTENDO_N64
Jun 19 04:09:58.003 INFO NINTENDO_N64: dats/NINTENDO_N64/Nintendo 64 - Samplers (TOSEC-v2015-05-27_CM).dat, path: dats/NINTENDO_N64/Nintendo 64 - Samplers (TOSEC-v2015-05-27_CM).dat, platform_id: NINTENDO_N64
Jun 19 04:09:58.123 INFO NINTENDO_N64: dats/NINTENDO_N64/Nintendo 64 - Games (TOSEC-v2015-05-27_CM).dat, path: dats/NINTENDO_N64/Nintendo 64 - Games (TOSEC-v2015-05-27_CM).dat, platform_id: NINTENDO_N64
Jun 19 04:09:58.218 INFO NINTENDO_N64: dats/NINTENDO_N64/Nintendo 64 - Firmware (TOSEC-v2015-05-27_CM).dat, path: dats/NINTENDO_N64/Nintendo 64 - Firmware (TOSEC-v2015-05-27_CM).dat, platform_id: NINTENDO_N64
Jun 19 04:09:58.231 INFO NINTENDO_N64: dats/NINTENDO_N64/Nintendo - Nintendo 64 (ByteSwapped) (20200531-084204).dat, path: dats/NINTENDO_N64/Nintendo - Nintendo 64 (ByteSwapped) (20200531-084204).dat, platform_id: NINTENDO_N64
Jun 19 04:09:58.274 INFO NINTENDO_N64: dats/NINTENDO_N64/Nintendo 64 - Applications (TOSEC-v2015-05-27_CM).dat, path: dats/NINTENDO_N64/Nintendo 64 - Applications (TOSEC-v2015-05-27_CM).dat, platform_id: NINTENDO_N64
Jun 19 04:09:58.288 INFO NINTENDO_N64: dats/NINTENDO_N64/Nintendo 64 - Demos (TOSEC-v2015-05-27_CM).dat, path: dats/NINTENDO_N64/Nintendo 64 - Demos (TOSEC-v2015-05-27_CM).dat, platform_id: NINTENDO_N64
Jun 19 04:09:58.294 INFO NINTENDO_N64: dats/NINTENDO_N64/Nintendo 64 - Educational (TOSEC-v2011-08-13_CM).dat, path: dats/NINTENDO_N64/Nintendo 64 - Educational (TOSEC-v2011-08-13_CM).dat, platform_id: NINTENDO_N64
Jun 19 04:09:58.324 INFO SONY_PSP: dats/SONY_PSP/Sony - PlayStation Portable (PSN) (Encrypted) (20200604-232503).dat, path: dats/SONY_PSP/Sony - PlayStation Portable (PSN) (Encrypted) (20200604-232503).dat, platform_id: SONY_PSP
Jun 19 04:09:58.462 INFO SONY_PSP: dats/SONY_PSP/Sony - PlayStation Portable - Datfile (2139) (2020-06-17 10-35-23).dat, path: dats/SONY_PSP/Sony - PlayStation Portable - Datfile (2139) (2020-06-17 10-35-23).dat, platform_id: SONY_PSP
Jun 19 04:09:58.570 INFO SONY_PSP: dats/SONY_PSP/Sony - PlayStation Portable (20200524-111413).dat, path: dats/SONY_PSP/Sony - PlayStation Portable (20200524-111413).dat, platform_id: SONY_PSP
Jun 19 04:09:58.793 INFO SONY_PSP: dats/SONY_PSP/Sony - PlayStation Portable (PSN) (Decrypted) (20200520-083536).dat, path: dats/SONY_PSP/Sony - PlayStation Portable (PSN) (Decrypted) (20200520-083536).dat, platform_id: SONY_PSP
Jun 19 04:09:59.060 INFO NINTENDO_NES: dats/NINTENDO_NES/Nintendo - Nintendo Entertainment System (20200615-005905).dat, path: dats/NINTENDO_NES/Nintendo - Nintendo Entertainment System (20200615-005905).dat, platform_id: NINTENDO_NES
Jun 19 04:09:59.145 INFO NINTENDO_NES: dats/NINTENDO_NES/Nintendo Famicom & Entertainment System - Demos - [UNF] (TOSEC-v2011-02-22_CM).dat, path: dats/NINTENDO_NES/Nintendo Famicom & Entertainment System - Demos - [UNF] (TOSEC-v2011-02-22_CM).dat, platform_id: NINTENDO_NES
Jun 19 04:09:59.146 INFO NINTENDO_NES: dats/NINTENDO_NES/Nintendo Famicom & Entertainment System - Applications - [UNF] (TOSEC-v2011-02-22_CM).dat, path: dats/NINTENDO_NES/Nintendo Famicom & Entertainment System - Applications - [UNF] (TOSEC-v2011-02-22_CM).dat, platform_id: NINTENDO_NES
Jun 19 04:09:59.153 INFO NINTENDO_NES: dats/NINTENDO_NES/Nintendo Famicom & Entertainment System - Demos - [NES] (TOSEC-v2011-02-22_CM).dat, path: dats/NINTENDO_NES/Nintendo Famicom & Entertainment System - Demos - [NES] (TOSEC-v2011-02-22_CM).dat, platform_id: NINTENDO_NES
Jun 19 04:09:59.666 INFO NINTENDO_NES: dats/NINTENDO_NES/Nintendo Famicom & Entertainment System - Games - [NES] (TOSEC-v2015-05-07_CM).dat, path: dats/NINTENDO_NES/Nintendo Famicom & Entertainment System - Games - [NES] (TOSEC-v2015-05-07_CM).dat, platform_id: NINTENDO_NES
Jun 19 04:10:00.006 INFO NINTENDO_NES: dats/NINTENDO_NES/Nintendo Famicom & Entertainment System - Firmware (TOSEC-v2011-02-22_CM).dat, path: dats/NINTENDO_NES/Nintendo Famicom & Entertainment System - Firmware (TOSEC-v2011-02-22_CM).dat, platform_id: NINTENDO_NES
Jun 19 04:10:00.010 INFO NINTENDO_NES: dats/NINTENDO_NES/Nintendo Famicom & Entertainment System - Games - [UNF] (TOSEC-v2011-02-22_CM).dat, path: dats/NINTENDO_NES/Nintendo Famicom & Entertainment System - Games - [UNF] (TOSEC-v2011-02-22_CM).dat, platform_id: NINTENDO_NES
Jun 19 04:10:00.019 INFO NINTENDO_NES: dats/NINTENDO_NES/Nintendo Famicom & Entertainment System - Educational (TOSEC-v2011-02-22_CM).dat, path: dats/NINTENDO_NES/Nintendo Famicom & Entertainment System - Educational (TOSEC-v2011-02-22_CM).dat, platform_id: NINTENDO_NES
Jun 19 04:10:00.026 INFO NINTENDO_NES: dats/NINTENDO_NES/Nintendo Famicom & Entertainment System - Applications - [NES] (TOSEC-v2011-02-22_CM).dat, path: dats/NINTENDO_NES/Nintendo Famicom & Entertainment System - Applications - [NES] (TOSEC-v2011-02-22_CM).dat, platform_id: NINTENDO_NES
Jun 19 04:10:00.030 INFO NINTENDO_N64DD: dats/NINTENDO_N64DD/Nintendo 64DD - Firmware (TOSEC-v2012-02-27_CM).dat, path: dats/NINTENDO_N64DD/Nintendo 64DD - Firmware (TOSEC-v2012-02-27_CM).dat, platform_id: NINTENDO_N64DD
Jun 19 04:10:00.031 INFO NINTENDO_N64DD: dats/NINTENDO_N64DD/Nintendo - Nintendo 64DD (20200207-110720).dat, path: dats/NINTENDO_N64DD/Nintendo - Nintendo 64DD (20200207-110720).dat, platform_id: NINTENDO_N64DD
Jun 19 04:10:00.032 INFO NINTENDO_N64DD: dats/NINTENDO_N64DD/Nintendo 64DD - Applications (TOSEC-v2012-02-27_CM).dat, path: dats/NINTENDO_N64DD/Nintendo 64DD - Applications (TOSEC-v2012-02-27_CM).dat, platform_id: NINTENDO_N64DD
Jun 19 04:10:00.032 INFO NINTENDO_N64DD: dats/NINTENDO_N64DD/Nintendo 64DD - Games (TOSEC-v2011-08-13_CM).dat, path: dats/NINTENDO_N64DD/Nintendo 64DD - Games (TOSEC-v2011-08-13_CM).dat, platform_id: NINTENDO_N64DD
Jun 19 04:10:00.050 INFO SONY_PS4: dats/SONY_PS4/Sony - PlayStation 4 - Datfile (1076) (2020-06-18 21-47-21).dat, path: dats/SONY_PS4/Sony - PlayStation 4 - Datfile (1076) (2020-06-18 21-47-21).dat, platform_id: SONY_PS4
Jun 19 04:10:00.117 INFO SONY_PS4: dats/SONY_PS4/Sony - PlayStation 4 (PSN) (Content) (Merged) (20200531-075601).dat, path: dats/SONY_PS4/Sony - PlayStation 4 (PSN) (Content) (Merged) (20200531-075601).dat, platform_id: SONY_PS4
Jun 19 04:10:00.233 INFO SONY_PS4: dats/SONY_PS4/Sony - PlayStation 4 (PSN) (Updates) (Merged) (20200522-232059).dat, path: dats/SONY_PS4/Sony - PlayStation 4 (PSN) (Updates) (Merged) (20200522-232059).dat, platform_id: SONY_PS4
Jun 19 04:10:00.264 INFO NEC_SGFX: dats/NEC_SGFX/NEC - PC Engine SuperGrafx (20191209-202241).dat, path: dats/NEC_SGFX/NEC - PC Engine SuperGrafx (20191209-202241).dat, platform_id: NEC_SGFX
Jun 19 04:10:00.265 INFO NEC_SGFX: dats/NEC_SGFX/NEC SuperGrafx - Games (TOSEC-v2018-08-26_CM).dat, path: dats/NEC_SGFX/NEC SuperGrafx - Games (TOSEC-v2018-08-26_CM).dat, platform_id: NEC_SGFX
Jun 19 04:10:00.333 INFO NINTENDO_SNES: dats/NINTENDO_SNES/Nintendo Super Famicom & Super Entertainment System - Games (TOSEC-v2014-07-01_CM).dat, path: dats/NINTENDO_SNES/Nintendo Super Famicom & Super Entertainment System - Games (TOSEC-v2014-07-01_CM).dat, platform_id: NINTENDO_SNES
Jun 19 04:10:00.407 INFO NINTENDO_SNES: dats/NINTENDO_SNES/Nintendo - Super Nintendo Entertainment System (Combined) (20200617-121750).dat, path: dats/NINTENDO_SNES/Nintendo - Super Nintendo Entertainment System (Combined) (20200617-121750).dat, platform_id: NINTENDO_SNES
Jun 19 04:10:00.516 INFO NINTENDO_SNES: dats/NINTENDO_SNES/Nintendo - Super Nintendo Entertainment System (Split) (20200617-121750).dat, path: dats/NINTENDO_SNES/Nintendo - Super Nintendo Entertainment System (Split) (20200617-121750).dat, platform_id: NINTENDO_SNES
Jun 19 04:10:00.516 INFO NINTENDO_SNES: dats/NINTENDO_SNES/Nintendo Super Famicom & Super Entertainment System - Demos (TOSEC-v2011-08-13_CM).dat, path: dats/NINTENDO_SNES/Nintendo Super Famicom & Super Entertainment System - Demos (TOSEC-v2011-08-13_CM).dat, platform_id: NINTENDO_SNES
Jun 19 04:10:00.516 INFO NINTENDO_SNES: dats/NINTENDO_SNES/Nintendo Super Famicom & Super Entertainment System - Educational (TOSEC-v2011-08-13_CM).dat, path: dats/NINTENDO_SNES/Nintendo Super Famicom & Super Entertainment System - Educational (TOSEC-v2011-08-13_CM).dat, platform_id: NINTENDO_SNES
Jun 19 04:10:00.517 INFO NINTENDO_SNES: dats/NINTENDO_SNES/Nintendo Super Famicom & Super Entertainment System - Firmware (TOSEC-v2011-08-13_CM).dat, path: dats/NINTENDO_SNES/Nintendo Super Famicom & Super Entertainment System - Firmware (TOSEC-v2011-08-13_CM).dat, platform_id: NINTENDO_SNES
Jun 19 04:10:00.518 INFO SONY_PS2: dats/SONY_PS2/Sony PlayStation 2 - Firmware (TOSEC-v2012-09-08_CM).dat, path: dats/SONY_PS2/Sony PlayStation 2 - Firmware (TOSEC-v2012-09-08_CM).dat, platform_id: SONY_PS2
Jun 19 04:10:00.520 INFO SONY_PS2: dats/SONY_PS2/Sony - PlayStation 2 - BIOS Datfile (107) (2019-11-25).dat, path: dats/SONY_PS2/Sony - PlayStation 2 - BIOS Datfile (107) (2019-11-25).dat, platform_id: SONY_PS2
Jun 19 04:10:00.696 INFO SONY_PS2: dats/SONY_PS2/Sony - PlayStation 2 - Datfile (9846) (2020-06-17 12-07-58).dat, path: dats/SONY_PS2/Sony - PlayStation 2 - Datfile (9846) (2020-06-17 12-07-58).dat, platform_id: SONY_PS2
Jun 19 04:10:01.095 INFO NINTENDO_GBA: dats/NINTENDO_GBA/Nintendo Game Boy Advance - Demos (TOSEC-v2012-04-13_CM).dat, path: dats/NINTENDO_GBA/Nintendo Game Boy Advance - Demos (TOSEC-v2012-04-13_CM).dat, platform_id: NINTENDO_GBA
Jun 19 04:10:01.101 INFO NINTENDO_GBA: dats/NINTENDO_GBA/Nintendo Game Boy Advance - Games (TOSEC-v2017-04-02_CM).dat, path: dats/NINTENDO_GBA/Nintendo Game Boy Advance - Games (TOSEC-v2017-04-02_CM).dat, platform_id: NINTENDO_GBA
Jun 19 04:10:01.130 INFO NINTENDO_GBA: dats/NINTENDO_GBA/Nintendo - Game Boy Advance (20200616-045339).dat, path: dats/NINTENDO_GBA/Nintendo - Game Boy Advance (20200616-045339).dat, platform_id: NINTENDO_GBA
Jun 19 04:10:01.237 INFO NINTENDO_GBA: dats/NINTENDO_GBA/Nintendo Game Boy Advance - Applications (TOSEC-v2011-06-20_CM).dat, path: dats/NINTENDO_GBA/Nintendo Game Boy Advance - Applications (TOSEC-v2011-06-20_CM).dat, platform_id: NINTENDO_GBA
Jun 19 04:10:01.238 INFO NINTENDO_GBA: dats/NINTENDO_GBA/Nintendo - Game Boy Advance (Multiboot) (20200522-232059).dat, path: dats/NINTENDO_GBA/Nintendo - Game Boy Advance (Multiboot) (20200522-232059).dat, platform_id: NINTENDO_GBA
Jun 19 04:10:01.240 INFO ATARI_JAGUAR_CD: dats/ATARI_JAGUAR_CD/Atari Jaguar CD - Homebrew - Games - [BIN] (TOSEC-v2012-07-22_CM).dat, path: dats/ATARI_JAGUAR_CD/Atari Jaguar CD - Homebrew - Games - [BIN] (TOSEC-v2012-07-22_CM).dat, platform_id: ATARI_JAGUAR_CD
Jun 19 04:10:01.241 INFO ATARI_JAGUAR_CD: dats/ATARI_JAGUAR_CD/Atari - Jaguar CD Interactive Multimedia System - Datfile (10) (2019-08-27 00-06-32).dat, path: dats/ATARI_JAGUAR_CD/Atari - Jaguar CD Interactive Multimedia System - Datfile (10) (2019-08-27 00-06-32).dat, platform_id: ATARI_JAGUAR_CD
Jun 19 04:10:01.243 INFO ATARI_JAGUAR_CD: dats/ATARI_JAGUAR_CD/Atari Jaguar CD - Homebrew - Games - [CDI] (TOSEC-v2012-07-22_CM).dat, path: dats/ATARI_JAGUAR_CD/Atari Jaguar CD - Homebrew - Games - [CDI] (TOSEC-v2012-07-22_CM).dat, platform_id: ATARI_JAGUAR_CD
Jun 19 04:10:01.243 INFO ATARI_JAGUAR_CD: dats/ATARI_JAGUAR_CD/Atari Jaguar CD - Homebrew - Games - [NRG] (TOSEC-v2012-07-22_CM).dat, path: dats/ATARI_JAGUAR_CD/Atari Jaguar CD - Homebrew - Games - [NRG] (TOSEC-v2012-07-22_CM).dat, platform_id: ATARI_JAGUAR_CD
Jun 19 04:10:01.245 INFO ATARI_JAGUAR_CD: dats/ATARI_JAGUAR_CD/Atari Jaguar CD - Games (TOSEC-v2012-07-17_CM).dat, path: dats/ATARI_JAGUAR_CD/Atari Jaguar CD - Games (TOSEC-v2012-07-17_CM).dat, platform_id: ATARI_JAGUAR_CD
Jun 19 04:10:01.247 INFO NINTENDO_N3DS: dats/NINTENDO_N3DS/Nintendo - New Nintendo 3DS (Decrypted) (20200522-070905).dat, path: dats/NINTENDO_N3DS/Nintendo - New Nintendo 3DS (Decrypted) (20200522-070905).dat, platform_id: NINTENDO_N3DS
Jun 19 04:10:01.255 INFO NINTENDO_N3DS: dats/NINTENDO_N3DS/Nintendo - New Nintendo 3DS (Encrypted) (20200522-070905).dat, path: dats/NINTENDO_N3DS/Nintendo - New Nintendo 3DS (Encrypted) (20200522-070905).dat, platform_id: NINTENDO_N3DS
Jun 19 04:10:01.256 INFO NINTENDO_FDS: dats/NINTENDO_FDS/Nintendo - Family Computer Disk System (FDS) (20200525-135739).dat, path: dats/NINTENDO_FDS/Nintendo - Family Computer Disk System (FDS) (20200525-135739).dat, platform_id: NINTENDO_FDS
Jun 19 04:10:01.295 INFO NINTENDO_FDS: dats/NINTENDO_FDS/Nintendo Famicom Disk System - Games (TOSEC-v2018-03-08_CM).dat, path: dats/NINTENDO_FDS/Nintendo Famicom Disk System - Games (TOSEC-v2018-03-08_CM).dat, platform_id: NINTENDO_FDS
Jun 19 04:10:01.318 INFO NINTENDO_FDS: dats/NINTENDO_FDS/Nintendo Famicom Disk System - Applications (TOSEC-v2018-03-08_CM).dat, path: dats/NINTENDO_FDS/Nintendo Famicom Disk System - Applications (TOSEC-v2018-03-08_CM).dat, platform_id: NINTENDO_FDS
Jun 19 04:10:01.319 INFO NINTENDO_FDS: dats/NINTENDO_FDS/Nintendo - Family Computer Disk System (FDSStickBIN) (20200525-135739).dat, path: dats/NINTENDO_FDS/Nintendo - Family Computer Disk System (FDSStickBIN) (20200525-135739).dat, platform_id: NINTENDO_FDS
Jun 19 04:10:01.319 INFO NINTENDO_FDS: dats/NINTENDO_FDS/Nintendo Famicom Disk System - Educational (TOSEC-v2018-03-08_CM).dat, path: dats/NINTENDO_FDS/Nintendo Famicom Disk System - Educational (TOSEC-v2018-03-08_CM).dat, platform_id: NINTENDO_FDS
Jun 19 04:10:01.319 INFO NINTENDO_FDS: dats/NINTENDO_FDS/Nintendo - Family Computer Disk System (FDSStickRAW) (20200525-135739).dat, path: dats/NINTENDO_FDS/Nintendo - Family Computer Disk System (FDSStickRAW) (20200525-135739).dat, platform_id: NINTENDO_FDS
Jun 19 04:10:01.320 INFO NINTENDO_FDS: dats/NINTENDO_FDS/Nintendo Famicom Disk System - Coverdisks (TOSEC-v2018-03-08_CM).dat, path: dats/NINTENDO_FDS/Nintendo Famicom Disk System - Coverdisks (TOSEC-v2018-03-08_CM).dat, platform_id: NINTENDO_FDS
Jun 19 04:10:01.320 INFO NINTENDO_FDS: dats/NINTENDO_FDS/Nintendo Famicom Disk System - Firmware (TOSEC-v2014-04-23_CM).dat, path: dats/NINTENDO_FDS/Nintendo Famicom Disk System - Firmware (TOSEC-v2014-04-23_CM).dat, platform_id: NINTENDO_FDS
Jun 19 04:10:01.321 INFO NINTENDO_FDS: dats/NINTENDO_FDS/Nintendo Famicom Disk System - Demos (TOSEC-v2018-03-08_CM).dat, path: dats/NINTENDO_FDS/Nintendo Famicom Disk System - Demos (TOSEC-v2018-03-08_CM).dat, platform_id: NINTENDO_FDS
Jun 19 04:10:01.321 INFO NINTENDO_FDS: dats/NINTENDO_FDS/Nintendo - Family Computer Disk System (QD) (20200525-135739).dat, path: dats/NINTENDO_FDS/Nintendo - Family Computer Disk System (QD) (20200525-135739).dat, platform_id: NINTENDO_FDS
Jun 19 04:10:01.325 INFO GCE_VECTREX: dats/GCE_VECTREX/GCE Vectrex - Demos - Various (TOSEC-v2012-02-27_CM).dat, path: dats/GCE_VECTREX/GCE Vectrex - Demos - Various (TOSEC-v2012-02-27_CM).dat, platform_id: GCE_VECTREX
Jun 19 04:10:01.327 INFO GCE_VECTREX: dats/GCE_VECTREX/GCE Vectrex - Compilations (TOSEC-v2012-02-27_CM).dat, path: dats/GCE_VECTREX/GCE Vectrex - Compilations (TOSEC-v2012-02-27_CM).dat, platform_id: GCE_VECTREX
Jun 19 04:10:01.327 INFO GCE_VECTREX: dats/GCE_VECTREX/GCE Vectrex - Firmware (TOSEC-v2012-02-27_CM).dat, path: dats/GCE_VECTREX/GCE Vectrex - Firmware (TOSEC-v2012-02-27_CM).dat, platform_id: GCE_VECTREX
Jun 19 04:10:01.328 INFO GCE_VECTREX: dats/GCE_VECTREX/GCE - Vectrex (20170908-211236).dat, path: dats/GCE_VECTREX/GCE - Vectrex (20170908-211236).dat, platform_id: GCE_VECTREX
Jun 19 04:10:01.331 INFO GCE_VECTREX: dats/GCE_VECTREX/GCE Vectrex - Demos - Music (TOSEC-v2012-02-27_CM).dat, path: dats/GCE_VECTREX/GCE Vectrex - Demos - Music (TOSEC-v2012-02-27_CM).dat, platform_id: GCE_VECTREX
Jun 19 04:10:01.339 INFO GCE_VECTREX: dats/GCE_VECTREX/GCE Vectrex - Games (TOSEC-v2014-07-30_CM).dat, path: dats/GCE_VECTREX/GCE Vectrex - Games (TOSEC-v2014-07-30_CM).dat, platform_id: GCE_VECTREX
Jun 19 04:10:01.345 INFO GCE_VECTREX: dats/GCE_VECTREX/GCE Vectrex - Demos - Slideshows (TOSEC-v2012-02-27_CM).dat, path: dats/GCE_VECTREX/GCE Vectrex - Demos - Slideshows (TOSEC-v2012-02-27_CM).dat, platform_id: GCE_VECTREX
Jun 19 04:10:01.370 INFO NINTENDO_WII: dats/NINTENDO_WII/Nintendo - Wii (Digital) (WAD) (20200617-074633).dat, path: dats/NINTENDO_WII/Nintendo - Wii (Digital) (WAD) (20200617-074633).dat, platform_id: NINTENDO_WII
Jun 19 04:10:01.508 INFO NINTENDO_WII: dats/NINTENDO_WII/Nintendo - Wii (Digital) (Split DLC) (WAD) (20190825-031431).dat, path: dats/NINTENDO_WII/Nintendo - Wii (Digital) (Split DLC) (WAD) (20190825-031431).dat, platform_id: NINTENDO_WII
Jun 19 04:10:01.706 INFO NINTENDO_WII: dats/NINTENDO_WII/Nintendo - Wii - Datfile (3617) (2020-06-14 22-31-25).dat, path: dats/NINTENDO_WII/Nintendo - Wii - Datfile (3617) (2020-06-14 22-31-25).dat, platform_id: NINTENDO_WII
