Aug 30 00:16:39.553 INFO SEGA_SG1000: dats/SEGA_SG1000/Sega Game 1000 - Demos (TOSEC-v2011-08-13_CM).dat, path: dats/SEGA_SG1000/Sega Game 1000 - Demos (TOSEC-v2011-08-13_CM).dat, platform_id: SEGA_SG1000
Aug 30 00:16:39.553 INFO SEGA_SG1000: dats/SEGA_SG1000/Sega Game 1000 - Applications (TOSEC-v2011-12-19_CM).dat, path: dats/SEGA_SG1000/Sega Game 1000 - Applications (TOSEC-v2011-12-19_CM).dat, platform_id: SEGA_SG1000
Aug 30 00:16:39.556 INFO SEGA_SG1000: dats/SEGA_SG1000/Sega - SG-1000 (20200217-185318).dat, path: dats/SEGA_SG1000/Sega - SG-1000 (20200217-185318).dat, platform_id: SEGA_SG1000
Aug 30 00:16:39.569 INFO SEGA_SG1000: dats/SEGA_SG1000/Sega Game 1000 - Games (TOSEC-v2017-09-03_CM).dat, path: dats/SEGA_SG1000/Sega Game 1000 - Games (TOSEC-v2017-09-03_CM).dat, platform_id: SEGA_SG1000
Aug 30 00:16:39.583 INFO NINTENDO_3DS: dats/NINTENDO_3DS/Nintendo - Nintendo 3DS (Digital) (20200726-085508).dat, path: dats/NINTENDO_3DS/Nintendo - Nintendo 3DS (Digital) (20200726-085508).dat, platform_id: NINTENDO_3DS
Aug 30 00:16:39.636 INFO NINTENDO_3DS: dats/NINTENDO_3DS/Nintendo - Nintendo 3DS (Digital) (Updates and DLC) (Encrypted) (20200728-070505).dat, path: dats/NINTENDO_3DS/Nintendo - Nintendo 3DS (Digital) (Updates and DLC) (Encrypted) (20200728-070505).dat, platform_id: NINTENDO_3DS
Aug 30 00:16:39.703 INFO NINTENDO_3DS: dats/NINTENDO_3DS/Nintendo - Nintendo 3DS (Decrypted) (20200824-054109).dat, path: dats/NINTENDO_3DS/Nintendo - Nintendo 3DS (Decrypted) (20200824-054109).dat, platform_id: NINTENDO_3DS
Aug 30 00:16:39.786 INFO NINTENDO_3DS: dats/NINTENDO_3DS/Nintendo - Nintendo 3DS (Encrypted) (20200824-054109).dat, path: dats/NINTENDO_3DS/Nintendo - Nintendo 3DS (Encrypted) (20200824-054109).dat, platform_id: NINTENDO_3DS
Aug 30 00:16:39.862 INFO NINTENDO_3DS: dats/NINTENDO_3DS/Nintendo - Nintendo 3DS (Digital) (Updates and DLC) (Decrypted) (20200728-070505).dat, path: dats/NINTENDO_3DS/Nintendo - Nintendo 3DS (Digital) (Updates and DLC) (Decrypted) (20200728-070505).dat, platform_id: NINTENDO_3DS
Aug 30 00:16:39.863 INFO NINTENDO_3DS: dats/NINTENDO_3DS/Nintendo - Nintendo 3DS (Digital) (CDN) (CIA) (20200706-035548).dat, path: dats/NINTENDO_3DS/Nintendo - Nintendo 3DS (Digital) (CDN) (CIA) (20200706-035548).dat, platform_id: NINTENDO_3DS
Aug 30 00:16:39.864 INFO SONY_PSX: dats/SONY_PSX/Sony PlayStation - Games - [ISO] (TOSEC-v2012-09-08_CM).dat, path: dats/SONY_PSX/Sony PlayStation - Games - [ISO] (TOSEC-v2012-09-08_CM).dat, platform_id: SONY_PSX
Aug 30 00:16:39.864 INFO SONY_PSX: dats/SONY_PSX/Sony PlayStation - Games - [EXE] (TOSEC-v2012-09-08_CM).dat, path: dats/SONY_PSX/Sony PlayStation - Games - [EXE] (TOSEC-v2012-09-08_CM).dat, platform_id: SONY_PSX
Aug 30 00:16:39.865 INFO SONY_PSX: dats/SONY_PSX/Sony PlayStation - Demos - [EXE] (TOSEC-v2012-09-08_CM).dat, path: dats/SONY_PSX/Sony PlayStation - Demos - [EXE] (TOSEC-v2012-09-08_CM).dat, platform_id: SONY_PSX
Aug 30 00:16:39.866 INFO SONY_PSX: dats/SONY_PSX/Sony PlayStation - Games - [IMG] (TOSEC-v2012-09-08_CM).dat, path: dats/SONY_PSX/Sony PlayStation - Games - [IMG] (TOSEC-v2012-09-08_CM).dat, platform_id: SONY_PSX
Aug 30 00:16:39.867 INFO SONY_PSX: dats/SONY_PSX/Sony PlayStation - Demos - [ISO] (TOSEC-v2012-09-08_CM).dat, path: dats/SONY_PSX/Sony PlayStation - Demos - [ISO] (TOSEC-v2012-09-08_CM).dat, platform_id: SONY_PSX
Aug 30 00:16:39.867 INFO SONY_PSX: dats/SONY_PSX/Sony PlayStation - Games - [BIN] (TOSEC-v2012-09-08_CM).dat, path: dats/SONY_PSX/Sony PlayStation - Games - [BIN] (TOSEC-v2012-09-08_CM).dat, platform_id: SONY_PSX
Aug 30 00:16:39.869 INFO SONY_PSX: dats/SONY_PSX/Sony PlayStation - Demos - [BIN] (TOSEC-v2012-09-08_CM).dat, path: dats/SONY_PSX/Sony PlayStation - Demos - [BIN] (TOSEC-v2012-09-08_CM).dat, platform_id: SONY_PSX
Aug 30 00:16:39.870 INFO SONY_PSX: dats/SONY_PSX/Sony PlayStation - Applications (TOSEC-v2014-10-30_CM).dat, path: dats/SONY_PSX/Sony PlayStation - Applications (TOSEC-v2014-10-30_CM).dat, platform_id: SONY_PSX
Aug 30 00:16:39.870 INFO SONY_PSX: dats/SONY_PSX/Sony PlayStation - Samplers - [ISO] (TOSEC-v2012-09-08_CM).dat, path: dats/SONY_PSX/Sony PlayStation - Samplers - [ISO] (TOSEC-v2012-09-08_CM).dat, platform_id: SONY_PSX
Aug 30 00:16:39.871 INFO SONY_PSX: dats/SONY_PSX/Sony PlayStation - Firmware (TOSEC-v2012-09-08_CM).dat, path: dats/SONY_PSX/Sony PlayStation - Firmware (TOSEC-v2012-09-08_CM).dat, platform_id: SONY_PSX
Aug 30 00:16:40.262 INFO SONY_PSX: dats/SONY_PSX/Sony - PlayStation - Datfile (10380) (2020-08-29 23-12-05).dat, path: dats/SONY_PSX/Sony - PlayStation - Datfile (10380) (2020-08-29 23-12-05).dat, platform_id: SONY_PSX
Aug 30 00:16:41.092 INFO SONY_PSX: dats/SONY_PSX/Sony PlayStation - Samplers - [BIN] (TOSEC-v2012-09-08_CM).dat, path: dats/SONY_PSX/Sony PlayStation - Samplers - [BIN] (TOSEC-v2012-09-08_CM).dat, platform_id: SONY_PSX
Aug 30 00:16:41.093 INFO SONY_PSX: dats/SONY_PSX/Sony - PlayStation - BIOS Datfile (24) (2016-10-21).dat, path: dats/SONY_PSX/Sony - PlayStation - BIOS Datfile (24) (2016-10-21).dat, platform_id: SONY_PSX
Aug 30 00:16:41.094 INFO SONY_PSX: dats/SONY_PSX/Sony PlayStation - Demos - [PSX] (TOSEC-v2012-09-08_CM).dat, path: dats/SONY_PSX/Sony PlayStation - Demos - [PSX] (TOSEC-v2012-09-08_CM).dat, platform_id: SONY_PSX
Aug 30 00:16:41.096 INFO BANDAI_WSC: dats/BANDAI_WSC/Bandai - WonderSwan Color (20200324-193106).dat, path: dats/BANDAI_WSC/Bandai - WonderSwan Color (20200324-193106).dat, platform_id: BANDAI_WSC
Aug 30 00:16:41.100 INFO BANDAI_WSC: dats/BANDAI_WSC/Bandai WonderSwan Color - Demos (TOSEC-v2013-12-13_CM).dat, path: dats/BANDAI_WSC/Bandai WonderSwan Color - Demos (TOSEC-v2013-12-13_CM).dat, platform_id: BANDAI_WSC
Aug 30 00:16:41.106 INFO BANDAI_WSC: dats/BANDAI_WSC/Bandai WonderSwan Color - Games (TOSEC-v2013-12-13_CM).dat, path: dats/BANDAI_WSC/Bandai WonderSwan Color - Games (TOSEC-v2013-12-13_CM).dat, platform_id: BANDAI_WSC
Aug 30 00:16:41.112 INFO SEGA_32X_CD: dats/SEGA_32X_CD/Sega 32X - CD - Games - [ISO] (TOSEC-v2014-07-01_CM).dat, path: dats/SEGA_32X_CD/Sega 32X - CD - Games - [ISO] (TOSEC-v2014-07-01_CM).dat, platform_id: SEGA_32X_CD
Aug 30 00:16:41.114 INFO SEGA_32X_CD: dats/SEGA_32X_CD/Sega 32X - CD - Games - [IMG] (TOSEC-v2013-04-10_CM).dat, path: dats/SEGA_32X_CD/Sega 32X - CD - Games - [IMG] (TOSEC-v2013-04-10_CM).dat, platform_id: SEGA_32X_CD
Aug 30 00:16:41.115 INFO NINTENDO_DSI: dats/NINTENDO_DSI/Nintendo - Nintendo DSi (Encrypted) (20200727-035127).dat, path: dats/NINTENDO_DSI/Nintendo - Nintendo DSi (Encrypted) (20200727-035127).dat, platform_id: NINTENDO_DSI
Aug 30 00:16:41.116 INFO NINTENDO_DSI: dats/NINTENDO_DSI/Nintendo - Nintendo DSi (Decrypted) (20200727-035127).dat, path: dats/NINTENDO_DSI/Nintendo - Nintendo DSi (Decrypted) (20200727-035127).dat, platform_id: NINTENDO_DSI
Aug 30 00:16:41.117 INFO SEGA_SAT: dats/SEGA_SAT/Sega Saturn - Firmware (TOSEC-v2014-07-01_CM).dat, path: dats/SEGA_SAT/Sega Saturn - Firmware (TOSEC-v2014-07-01_CM).dat, platform_id: SEGA_SAT
Aug 30 00:16:41.291 INFO SEGA_SAT: dats/SEGA_SAT/Sega - Saturn - Datfile (2315) (2020-08-29 17-07-01).dat, path: dats/SEGA_SAT/Sega - Saturn - Datfile (2315) (2020-08-29 17-07-01).dat, platform_id: SEGA_SAT
Aug 30 00:16:41.601 INFO SEGA_SAT: dats/SEGA_SAT/Sega Saturn - Samplers (TOSEC-v2020-07-10_CM).dat, path: dats/SEGA_SAT/Sega Saturn - Samplers (TOSEC-v2020-07-10_CM).dat, platform_id: SEGA_SAT
Aug 30 00:16:41.604 INFO SEGA_SAT: dats/SEGA_SAT/Sega Saturn - Applications (TOSEC-v2020-06-12_CM).dat, path: dats/SEGA_SAT/Sega Saturn - Applications (TOSEC-v2020-06-12_CM).dat, platform_id: SEGA_SAT
Aug 30 00:16:41.610 INFO ATARI_2600: dats/ATARI_2600/Atari 2600 & VCS - Demos (TOSEC-v2020-07-16_CM).dat, path: dats/ATARI_2600/Atari 2600 & VCS - Demos (TOSEC-v2020-07-16_CM).dat, platform_id: ATARI_2600
Aug 30 00:16:41.616 INFO ATARI_2600: dats/ATARI_2600/Atari 2600 & VCS - Educational (TOSEC-v2019-09-02_CM).dat, path: dats/ATARI_2600/Atari 2600 & VCS - Educational (TOSEC-v2019-09-02_CM).dat, platform_id: ATARI_2600
Aug 30 00:16:41.622 INFO ATARI_2600: dats/ATARI_2600/Atari - 2600 (20200514-091155).dat, path: dats/ATARI_2600/Atari - 2600 (20200514-091155).dat, platform_id: ATARI_2600
Aug 30 00:16:41.727 INFO ATARI_2600: dats/ATARI_2600/Atari 2600 & VCS - Games (TOSEC-v2020-07-16_CM).dat, path: dats/ATARI_2600/Atari 2600 & VCS - Games (TOSEC-v2020-07-16_CM).dat, platform_id: ATARI_2600
Aug 30 00:16:41.789 INFO ATARI_2600: dats/ATARI_2600/Atari 2600 & VCS - Applications (TOSEC-v2020-07-03_CM).dat, path: dats/ATARI_2600/Atari 2600 & VCS - Applications (TOSEC-v2020-07-03_CM).dat, platform_id: ATARI_2600
Aug 30 00:16:41.793 INFO MATTEL_INT: dats/MATTEL_INT/Mattel - Intellivision (20190315-210619).dat, path: dats/MATTEL_INT/Mattel - Intellivision (20190315-210619).dat, platform_id: MATTEL_INT
Aug 30 00:16:41.801 INFO NINTENDO_BS: dats/NINTENDO_BS/Nintendo - Satellaview (20200424-131853).dat, path: dats/NINTENDO_BS/Nintendo - Satellaview (20200424-131853).dat, platform_id: NINTENDO_BS
Aug 30 00:16:41.809 INFO SEGA_32X: dats/SEGA_32X/Sega - 32X (20191204-183941).dat, path: dats/SEGA_32X/Sega - 32X (20191204-183941).dat, platform_id: SEGA_32X
Aug 30 00:16:41.816 INFO SEGA_32X: dats/SEGA_32X/Sega 32X - Firmware (TOSEC-v2012-09-08_CM).dat, path: dats/SEGA_32X/Sega 32X - Firmware (TOSEC-v2012-09-08_CM).dat, platform_id: SEGA_32X
Aug 30 00:16:41.824 INFO SEGA_32X: dats/SEGA_32X/Sega 32X - Games (TOSEC-v2020-07-12_CM).dat, path: dats/SEGA_32X/Sega 32X - Games (TOSEC-v2020-07-12_CM).dat, platform_id: SEGA_32X
Aug 30 00:16:41.831 INFO SEGA_32X: dats/SEGA_32X/Sega 32X - Applications (TOSEC-v2017-07-26_CM).dat, path: dats/SEGA_32X/Sega 32X - Applications (TOSEC-v2017-07-26_CM).dat, platform_id: SEGA_32X
Aug 30 00:16:41.832 INFO SEGA_32X: dats/SEGA_32X/Sega 32X - Demos (TOSEC-v2019-09-01_CM).dat, path: dats/SEGA_32X/Sega 32X - Demos (TOSEC-v2019-09-01_CM).dat, platform_id: SEGA_32X
Aug 30 00:16:41.885 INFO NINTENDO_WIIU: dats/NINTENDO_WIIU/Nintendo - Wii U (Digital) (20191222-002825).dat, path: dats/NINTENDO_WIIU/Nintendo - Wii U (Digital) (20191222-002825).dat, platform_id: NINTENDO_WIIU
Aug 30 00:16:42.032 INFO NINTENDO_WIIU: dats/NINTENDO_WIIU/Nintendo - Wii U - Datfile (493) (2020-08-21 14-46-26).dat, path: dats/NINTENDO_WIIU/Nintendo - Wii U - Datfile (493) (2020-08-21 14-46-26).dat, platform_id: NINTENDO_WIIU
Aug 30 00:16:42.060 INFO SNK_NGP: dats/SNK_NGP/SNK Neo-Geo Pocket - Games (TOSEC-v2014-07-01_CM).dat, path: dats/SNK_NGP/SNK Neo-Geo Pocket - Games (TOSEC-v2014-07-01_CM).dat, platform_id: SNK_NGP
Aug 30 00:16:42.061 INFO SNK_NGP: dats/SNK_NGP/SNK Neo-Geo Pocket - Firmware (TOSEC-v2011-08-13_CM).dat, path: dats/SNK_NGP/SNK Neo-Geo Pocket - Firmware (TOSEC-v2011-08-13_CM).dat, platform_id: SNK_NGP
Aug 30 00:16:42.061 INFO SNK_NGP: dats/SNK_NGP/SNK - Neo Geo Pocket (20190930-190238).dat, path: dats/SNK_NGP/SNK - Neo Geo Pocket (20190930-190238).dat, platform_id: SNK_NGP
Aug 30 00:16:42.062 INFO MICROSOFT_XBOX: dats/MICROSOFT_XBOX/Microsoft - Xbox - BIOS Datfile (7) (2010-09-13).dat, path: dats/MICROSOFT_XBOX/Microsoft - Xbox - BIOS Datfile (7) (2010-09-13).dat, platform_id: MICROSOFT_XBOX
Aug 30 00:16:42.098 INFO MICROSOFT_XBOX: dats/MICROSOFT_XBOX/Microsoft - Xbox - Datfile (2451) (2020-08-27 01-24-49).dat, path: dats/MICROSOFT_XBOX/Microsoft - Xbox - Datfile (2451) (2020-08-27 01-24-49).dat, platform_id: MICROSOFT_XBOX
Aug 30 00:16:42.218 INFO SONY_PSP: dats/SONY_PSP/Sony - PlayStation Portable - Datfile (2150) (2020-08-25 22-12-51).dat, path: dats/SONY_PSP/Sony - PlayStation Portable - Datfile (2150) (2020-08-25 22-12-51).dat, platform_id: SONY_PSP
Aug 30 00:16:42.374 INFO SONY_PSP: dats/SONY_PSP/Sony - PlayStation Portable (PSN) (Decrypted) (20200520-083536).dat, path: dats/SONY_PSP/Sony - PlayStation Portable (PSN) (Decrypted) (20200520-083536).dat, platform_id: SONY_PSP
Aug 30 00:16:42.637 INFO SONY_PSP: dats/SONY_PSP/Sony - PlayStation Portable (20200824-113535).dat, path: dats/SONY_PSP/Sony - PlayStation Portable (20200824-113535).dat, platform_id: SONY_PSP
Aug 30 00:16:42.794 INFO SONY_PSP: dats/SONY_PSP/Sony - PlayStation Portable (PSN) (Encrypted) (20200706-035743).dat, path: dats/SONY_PSP/Sony - PlayStation Portable (PSN) (Encrypted) (20200706-035743).dat, platform_id: SONY_PSP
Aug 30 00:16:42.906 INFO FUJITSU_FMT: dats/FUJITSU_FMT/Fujitsu FM Towns - Games - [BIN] (TOSEC-v2020-07-12_CM).dat, path: dats/FUJITSU_FMT/Fujitsu FM Towns - Games - [BIN] (TOSEC-v2020-07-12_CM).dat, platform_id: FUJITSU_FMT
Aug 30 00:16:42.910 INFO FUJITSU_FMT: dats/FUJITSU_FMT/Fujitsu FM Towns - CD - Games (TOSEC-v2012-07-13_CM).dat, path: dats/FUJITSU_FMT/Fujitsu FM Towns - CD - Games (TOSEC-v2012-07-13_CM).dat, platform_id: FUJITSU_FMT
Aug 30 00:16:42.910 INFO FUJITSU_FMT: dats/FUJITSU_FMT/Fujitsu FM Towns - CD - Homebrew - Demos (TOSEC-v2012-07-22_CM).dat, path: dats/FUJITSU_FMT/Fujitsu FM Towns - CD - Homebrew - Demos (TOSEC-v2012-07-22_CM).dat, platform_id: FUJITSU_FMT
Aug 30 00:16:42.914 INFO FUJITSU_FMT: dats/FUJITSU_FMT/Fujitsu FM Towns - Games - [HDM] (TOSEC-v2018-07-01_CM).dat, path: dats/FUJITSU_FMT/Fujitsu FM Towns - Games - [HDM] (TOSEC-v2018-07-01_CM).dat, platform_id: FUJITSU_FMT
Aug 30 00:16:42.918 INFO FUJITSU_FMT: dats/FUJITSU_FMT/Fujitsu FM Towns - Firmware (TOSEC-v2011-02-26_CM).dat, path: dats/FUJITSU_FMT/Fujitsu FM Towns - Firmware (TOSEC-v2011-02-26_CM).dat, platform_id: FUJITSU_FMT
Aug 30 00:16:42.918 INFO FUJITSU_FMT: dats/FUJITSU_FMT/Fujitsu FM Towns - Applications - [BIN] (TOSEC-v2018-07-01_CM).dat, path: dats/FUJITSU_FMT/Fujitsu FM Towns - Applications - [BIN] (TOSEC-v2018-07-01_CM).dat, platform_id: FUJITSU_FMT
Aug 30 00:16:42.919 INFO FUJITSU_FMT: dats/FUJITSU_FMT/Fujitsu FM Towns - CD - Compilations (TOSEC-v2012-07-13_CM).dat, path: dats/FUJITSU_FMT/Fujitsu FM Towns - CD - Compilations (TOSEC-v2012-07-13_CM).dat, platform_id: FUJITSU_FMT
Aug 30 00:16:42.919 INFO FUJITSU_FMT: dats/FUJITSU_FMT/Fujitsu FM Towns - Operating Systems - [BIN] (TOSEC-v2011-02-07_CM).dat, path: dats/FUJITSU_FMT/Fujitsu FM Towns - Operating Systems - [BIN] (TOSEC-v2011-02-07_CM).dat, platform_id: FUJITSU_FMT
Aug 30 00:16:42.947 INFO FUJITSU_FMT: dats/FUJITSU_FMT/Fujitsu - FM-Towns - Datfile (348) (2020-08-30 02-06-10).dat, path: dats/FUJITSU_FMT/Fujitsu - FM-Towns - Datfile (348) (2020-08-30 02-06-10).dat, platform_id: FUJITSU_FMT
Aug 30 00:16:42.995 INFO FUJITSU_FMT: dats/FUJITSU_FMT/Fujitsu FM Towns - CD - Homebrew - Games (TOSEC-v2012-07-22_CM).dat, path: dats/FUJITSU_FMT/Fujitsu FM Towns - CD - Homebrew - Games (TOSEC-v2012-07-22_CM).dat, platform_id: FUJITSU_FMT
Aug 30 00:16:42.997 INFO FUJITSU_FMT: dats/FUJITSU_FMT/Fujitsu FM Towns - Games - [D88] (TOSEC-v2011-02-07_CM).dat, path: dats/FUJITSU_FMT/Fujitsu FM Towns - Games - [D88] (TOSEC-v2011-02-07_CM).dat, platform_id: FUJITSU_FMT
Aug 30 00:16:42.999 INFO FUJITSU_FMT: dats/FUJITSU_FMT/Fujitsu FM Towns - Operating Systems - [HDM] (TOSEC-v2018-07-01_CM).dat, path: dats/FUJITSU_FMT/Fujitsu FM Towns - Operating Systems - [HDM] (TOSEC-v2018-07-01_CM).dat, platform_id: FUJITSU_FMT
Aug 30 00:16:42.999 INFO FUJITSU_FMT: dats/FUJITSU_FMT/Fujitsu FM Towns - Applications - [HDM] (TOSEC-v2018-07-01_CM).dat, path: dats/FUJITSU_FMT/Fujitsu FM Towns - Applications - [HDM] (TOSEC-v2018-07-01_CM).dat, platform_id: FUJITSU_FMT
Aug 30 00:16:43.000 INFO FUJITSU_FMT: dats/FUJITSU_FMT/Fujitsu FM Towns - Applications - [D88] (TOSEC-v2011-02-07_CM).dat, path: dats/FUJITSU_FMT/Fujitsu FM Towns - Applications - [D88] (TOSEC-v2011-02-07_CM).dat, platform_id: FUJITSU_FMT
Aug 30 00:16:43.000 INFO NINTENDO_N3DS: dats/NINTENDO_N3DS/Nintendo - New Nintendo 3DS (Decrypted) (20200812-102545).dat, path: dats/NINTENDO_N3DS/Nintendo - New Nintendo 3DS (Decrypted) (20200812-102545).dat, platform_id: NINTENDO_N3DS
Aug 30 00:16:43.001 INFO NINTENDO_N3DS: dats/NINTENDO_N3DS/Nintendo - New Nintendo 3DS (Encrypted) (20200812-102545).dat, path: dats/NINTENDO_N3DS/Nintendo - New Nintendo 3DS (Encrypted) (20200812-102545).dat, platform_id: NINTENDO_N3DS
Aug 30 00:16:43.001 INFO SNK_NGPC: dats/SNK_NGPC/SNK Neo-Geo Pocket Color - Multimedia (TOSEC-v2011-08-13_CM).dat, path: dats/SNK_NGPC/SNK Neo-Geo Pocket Color - Multimedia (TOSEC-v2011-08-13_CM).dat, platform_id: SNK_NGPC
Aug 30 00:16:43.002 INFO SNK_NGPC: dats/SNK_NGPC/SNK Neo-Geo Pocket Color - Applications (TOSEC-v2011-08-13_CM).dat, path: dats/SNK_NGPC/SNK Neo-Geo Pocket Color - Applications (TOSEC-v2011-08-13_CM).dat, platform_id: SNK_NGPC
Aug 30 00:16:43.003 INFO SNK_NGPC: dats/SNK_NGPC/SNK Neo-Geo Pocket Color - Samplers (TOSEC-v2011-08-13_CM).dat, path: dats/SNK_NGPC/SNK Neo-Geo Pocket Color - Samplers (TOSEC-v2011-08-13_CM).dat, platform_id: SNK_NGPC
Aug 30 00:16:43.004 INFO SNK_NGPC: dats/SNK_NGPC/SNK - Neo Geo Pocket Color (20200730-010130).dat, path: dats/SNK_NGPC/SNK - Neo Geo Pocket Color (20200730-010130).dat, platform_id: SNK_NGPC
Aug 30 00:16:43.008 INFO SNK_NGPC: dats/SNK_NGPC/SNK Neo-Geo Pocket Color - Educational (TOSEC-v2011-08-13_CM).dat, path: dats/SNK_NGPC/SNK Neo-Geo Pocket Color - Educational (TOSEC-v2011-08-13_CM).dat, platform_id: SNK_NGPC
Aug 30 00:16:43.009 INFO SNK_NGPC: dats/SNK_NGPC/SNK Neo-Geo Pocket Color - Demos (TOSEC-v2014-07-01_CM).dat, path: dats/SNK_NGPC/SNK Neo-Geo Pocket Color - Demos (TOSEC-v2014-07-01_CM).dat, platform_id: SNK_NGPC
Aug 30 00:16:43.019 INFO SNK_NGPC: dats/SNK_NGPC/SNK Neo-Geo Pocket Color - Games (TOSEC-v2020-07-12_CM).dat, path: dats/SNK_NGPC/SNK Neo-Geo Pocket Color - Games (TOSEC-v2020-07-12_CM).dat, platform_id: SNK_NGPC
Aug 30 00:16:43.027 INFO SNK_NGPC: dats/SNK_NGPC/SNK Neo-Geo Pocket Color - Firmware (TOSEC-v2011-08-13_CM).dat, path: dats/SNK_NGPC/SNK Neo-Geo Pocket Color - Firmware (TOSEC-v2011-08-13_CM).dat, platform_id: SNK_NGPC
Aug 30 00:16:43.027 INFO SEGA_GG: dats/SEGA_GG/Sega Game Gear - Firmware (TOSEC-v2011-12-19_CM).dat, path: dats/SEGA_GG/Sega Game Gear - Firmware (TOSEC-v2011-12-19_CM).dat, platform_id: SEGA_GG
Aug 30 00:16:43.029 INFO SEGA_GG: dats/SEGA_GG/Sega Game Gear - Demos (TOSEC-v2017-09-03_CM).dat, path: dats/SEGA_GG/Sega Game Gear - Demos (TOSEC-v2017-09-03_CM).dat, platform_id: SEGA_GG
Aug 30 00:16:43.035 INFO SEGA_GG: dats/SEGA_GG/Sega - Game Gear (20200302-200516).dat, path: dats/SEGA_GG/Sega - Game Gear (20200302-200516).dat, platform_id: SEGA_GG
Aug 30 00:16:43.059 INFO SEGA_GG: dats/SEGA_GG/Sega Game Gear - Educational (TOSEC-v2011-06-20_CM).dat, path: dats/SEGA_GG/Sega Game Gear - Educational (TOSEC-v2011-06-20_CM).dat, platform_id: SEGA_GG
Aug 30 00:16:43.096 INFO SEGA_GG: dats/SEGA_GG/Sega Game Gear - Games (TOSEC-v2017-09-03_CM).dat, path: dats/SEGA_GG/Sega Game Gear - Games (TOSEC-v2017-09-03_CM).dat, platform_id: SEGA_GG
Aug 30 00:16:43.126 INFO SEGA_GG: dats/SEGA_GG/Sega Game Gear - Samplers (TOSEC-v2011-06-20_CM).dat, path: dats/SEGA_GG/Sega Game Gear - Samplers (TOSEC-v2011-06-20_CM).dat, platform_id: SEGA_GG
Aug 30 00:16:43.126 INFO SEGA_GG: dats/SEGA_GG/Sega Game Gear - Applications (TOSEC-v2017-09-03_CM).dat, path: dats/SEGA_GG/Sega Game Gear - Applications (TOSEC-v2017-09-03_CM).dat, platform_id: SEGA_GG
Aug 30 00:16:43.126 INFO ATARI_LYNX: dats/ATARI_LYNX/Atari Lynx - Firmware (TOSEC-v2013-12-13_CM).dat, path: dats/ATARI_LYNX/Atari Lynx - Firmware (TOSEC-v2013-12-13_CM).dat, platform_id: ATARI_LYNX
Aug 30 00:16:43.132 INFO ATARI_LYNX: dats/ATARI_LYNX/Atari Lynx - Demos (TOSEC-v2013-12-13_CM).dat, path: dats/ATARI_LYNX/Atari Lynx - Demos (TOSEC-v2013-12-13_CM).dat, platform_id: ATARI_LYNX
Aug 30 00:16:43.146 INFO ATARI_LYNX: dats/ATARI_LYNX/Atari Lynx - Games (TOSEC-v2013-12-13_CM).dat, path: dats/ATARI_LYNX/Atari Lynx - Games (TOSEC-v2013-12-13_CM).dat, platform_id: ATARI_LYNX
Aug 30 00:16:43.156 INFO ATARI_LYNX: dats/ATARI_LYNX/Atari Lynx - Applications (TOSEC-v2013-12-13_CM).dat, path: dats/ATARI_LYNX/Atari Lynx - Applications (TOSEC-v2013-12-13_CM).dat, platform_id: ATARI_LYNX
Aug 30 00:16:43.157 INFO ATARI_LYNX: dats/ATARI_LYNX/Atari - Lynx (20191130-205105).dat, path: dats/ATARI_LYNX/Atari - Lynx (20191130-205105).dat, platform_id: ATARI_LYNX
Aug 30 00:16:43.160 INFO NINTENDO_GBA: dats/NINTENDO_GBA/Nintendo Game Boy Advance - Demos (TOSEC-v2012-04-13_CM).dat, path: dats/NINTENDO_GBA/Nintendo Game Boy Advance - Demos (TOSEC-v2012-04-13_CM).dat, platform_id: NINTENDO_GBA
Aug 30 00:16:43.161 INFO NINTENDO_GBA: dats/NINTENDO_GBA/Nintendo Game Boy Advance - Applications (TOSEC-v2011-06-20_CM).dat, path: dats/NINTENDO_GBA/Nintendo Game Boy Advance - Applications (TOSEC-v2011-06-20_CM).dat, platform_id: NINTENDO_GBA
Aug 30 00:16:43.161 INFO NINTENDO_GBA: dats/NINTENDO_GBA/Nintendo - Game Boy Advance (Multiboot) (20200522-232059).dat, path: dats/NINTENDO_GBA/Nintendo - Game Boy Advance (Multiboot) (20200522-232059).dat, platform_id: NINTENDO_GBA
Aug 30 00:16:43.171 INFO NINTENDO_GBA: dats/NINTENDO_GBA/Nintendo Game Boy Advance - Games (TOSEC-v2020-07-12_CM).dat, path: dats/NINTENDO_GBA/Nintendo Game Boy Advance - Games (TOSEC-v2020-07-12_CM).dat, platform_id: NINTENDO_GBA
Aug 30 00:16:43.201 INFO NINTENDO_GBA: dats/NINTENDO_GBA/Nintendo - Game Boy Advance (20200825-083227).dat, path: dats/NINTENDO_GBA/Nintendo - Game Boy Advance (20200825-083227).dat, platform_id: NINTENDO_GBA
Aug 30 00:16:43.366 INFO NINTENDO_WII: dats/NINTENDO_WII/Nintendo - Wii - Datfile (3625) (2020-08-27 22-11-30).dat, path: dats/NINTENDO_WII/Nintendo - Wii - Datfile (3625) (2020-08-27 22-11-30).dat, platform_id: NINTENDO_WII
Aug 30 00:16:43.525 INFO NINTENDO_WII: dats/NINTENDO_WII/Nintendo - Wii (Digital) (WAD) (20200618-091332).dat, path: dats/NINTENDO_WII/Nintendo - Wii (Digital) (WAD) (20200618-091332).dat, platform_id: NINTENDO_WII
Aug 30 00:16:43.670 INFO NINTENDO_WII: dats/NINTENDO_WII/Nintendo - Wii (Digital) (Split DLC) (WAD) (20190825-031431).dat, path: dats/NINTENDO_WII/Nintendo - Wii (Digital) (Split DLC) (WAD) (20190825-031431).dat, platform_id: NINTENDO_WII
Aug 30 00:16:43.930 INFO NINTENDO_N64: dats/NINTENDO_N64/Nintendo 64 - Games (TOSEC-v2020-07-12_CM).dat, path: dats/NINTENDO_N64/Nintendo 64 - Games (TOSEC-v2020-07-12_CM).dat, platform_id: NINTENDO_N64
Aug 30 00:16:44.023 INFO NINTENDO_N64: dats/NINTENDO_N64/Nintendo 64 - Samplers (TOSEC-v2015-05-27_CM).dat, path: dats/NINTENDO_N64/Nintendo 64 - Samplers (TOSEC-v2015-05-27_CM).dat, platform_id: NINTENDO_N64
Aug 30 00:16:44.031 INFO NINTENDO_N64: dats/NINTENDO_N64/Nintendo 64 - Demos (TOSEC-v2015-05-27_CM).dat, path: dats/NINTENDO_N64/Nintendo 64 - Demos (TOSEC-v2015-05-27_CM).dat, platform_id: NINTENDO_N64
Aug 30 00:16:44.038 INFO NINTENDO_N64: dats/NINTENDO_N64/Nintendo 64 - Educational (TOSEC-v2011-08-13_CM).dat, path: dats/NINTENDO_N64/Nintendo 64 - Educational (TOSEC-v2011-08-13_CM).dat, platform_id: NINTENDO_N64
Aug 30 00:16:44.044 INFO NINTENDO_N64: dats/NINTENDO_N64/Nintendo 64 - Firmware (TOSEC-v2015-05-27_CM).dat, path: dats/NINTENDO_N64/Nintendo 64 - Firmware (TOSEC-v2015-05-27_CM).dat, platform_id: NINTENDO_N64
Aug 30 00:16:44.058 INFO NINTENDO_N64: dats/NINTENDO_N64/Nintendo 64 - Applications (TOSEC-v2015-05-27_CM).dat, path: dats/NINTENDO_N64/Nintendo 64 - Applications (TOSEC-v2015-05-27_CM).dat, platform_id: NINTENDO_N64
Aug 30 00:16:44.074 INFO NINTENDO_N64: dats/NINTENDO_N64/Nintendo - Nintendo 64 (BigEndian) (20200824-043228).dat, path: dats/NINTENDO_N64/Nintendo - Nintendo 64 (BigEndian) (20200824-043228).dat, platform_id: NINTENDO_N64
Aug 30 00:16:44.128 INFO NINTENDO_N64: dats/NINTENDO_N64/Nintendo - Nintendo 64 (ByteSwapped) (20200824-043228).dat, path: dats/NINTENDO_N64/Nintendo - Nintendo 64 (ByteSwapped) (20200824-043228).dat, platform_id: NINTENDO_N64
Aug 30 00:16:44.174 INFO NINTENDO_NSW: dats/NINTENDO_NSW/Nintendo - Nintendo Switch (20200824-174130).dat, path: dats/NINTENDO_NSW/Nintendo - Nintendo Switch (20200824-174130).dat, platform_id: NINTENDO_NSW
Aug 30 00:16:44.235 INFO NINTENDO_NSW: dats/NINTENDO_NSW/Nintendo - Nintendo Switch (1124+z027).dat, path: dats/NINTENDO_NSW/Nintendo - Nintendo Switch (1124+z027).dat, platform_id: NINTENDO_NSW
Aug 30 00:16:44.332 INFO NINTENDO_NSW: dats/NINTENDO_NSW/Nintendo - Nintendo Switch (Digital) (NSP) (5325+x037+1003).dat, path: dats/NINTENDO_NSW/Nintendo - Nintendo Switch (Digital) (NSP) (5325+x037+1003).dat, platform_id: NINTENDO_NSW
Aug 30 00:16:44.558 INFO NINTENDO_NSW: dats/NINTENDO_NSW/Nintendo - Nintendo Switch (Digital) (NSP) (20200826-074834).dat, path: dats/NINTENDO_NSW/Nintendo - Nintendo Switch (Digital) (NSP) (20200826-074834).dat, platform_id: NINTENDO_NSW
Aug 30 00:16:44.765 INFO SONY_PS4: dats/SONY_PS4/Sony - PlayStation 4 (PSN) (Content) (Merged) (20200531-075601).dat, path: dats/SONY_PS4/Sony - PlayStation 4 (PSN) (Content) (Merged) (20200531-075601).dat, platform_id: SONY_PS4
Aug 30 00:16:44.884 INFO SONY_PS4: dats/SONY_PS4/Sony - PlayStation 4 (PSN) (Updates) (Merged) (20200522-232059).dat, path: dats/SONY_PS4/Sony - PlayStation 4 (PSN) (Updates) (Merged) (20200522-232059).dat, platform_id: SONY_PS4
Aug 30 00:16:44.935 INFO SONY_PS4: dats/SONY_PS4/Sony - PlayStation 4 - Datfile (1175) (2020-08-25 21-32-35).dat, path: dats/SONY_PS4/Sony - PlayStation 4 - Datfile (1175) (2020-08-25 21-32-35).dat, platform_id: SONY_PS4
Aug 30 00:16:44.982 INFO MICROSOFT_XBO: dats/MICROSOFT_XBO/Microsoft - Xbox One - Datfile (355) (2020-07-31 21-28-33).dat, path: dats/MICROSOFT_XBO/Microsoft - Xbox One - Datfile (355) (2020-07-31 21-28-33).dat, platform_id: MICROSOFT_XBO
Aug 30 00:16:44.992 INFO NINTENDO_FDS: dats/NINTENDO_FDS/Nintendo - Family Computer Disk System (FDSStickBIN) (20200525-135739).dat, path: dats/NINTENDO_FDS/Nintendo - Family Computer Disk System (FDSStickBIN) (20200525-135739).dat, platform_id: NINTENDO_FDS
Aug 30 00:16:44.993 INFO NINTENDO_FDS: dats/NINTENDO_FDS/Nintendo Famicom Disk System - Firmware (TOSEC-v2014-04-23_CM).dat, path: dats/NINTENDO_FDS/Nintendo Famicom Disk System - Firmware (TOSEC-v2014-04-23_CM).dat, platform_id: NINTENDO_FDS
Aug 30 00:16:45.026 INFO NINTENDO_FDS: dats/NINTENDO_FDS/Nintendo Famicom Disk System - Games (TOSEC-v2018-03-08_CM).dat, path: dats/NINTENDO_FDS/Nintendo Famicom Disk System - Games (TOSEC-v2018-03-08_CM).dat, platform_id: NINTENDO_FDS
Aug 30 00:16:45.051 INFO NINTENDO_FDS: dats/NINTENDO_FDS/Nintendo Famicom Disk System - Educational (TOSEC-v2018-03-08_CM).dat, path: dats/NINTENDO_FDS/Nintendo Famicom Disk System - Educational (TOSEC-v2018-03-08_CM).dat, platform_id: NINTENDO_FDS
Aug 30 00:16:45.051 INFO NINTENDO_FDS: dats/NINTENDO_FDS/Nintendo - Family Computer Disk System (FDSStickRAW) (20200525-135739).dat, path: dats/NINTENDO_FDS/Nintendo - Family Computer Disk System (FDSStickRAW) (20200525-135739).dat, platform_id: NINTENDO_FDS
Aug 30 00:16:45.053 INFO NINTENDO_FDS: dats/NINTENDO_FDS/Nintendo - Family Computer Disk System (FDS) (20200525-135739).dat, path: dats/NINTENDO_FDS/Nintendo - Family Computer Disk System (FDS) (20200525-135739).dat, platform_id: NINTENDO_FDS
Aug 30 00:16:45.063 INFO NINTENDO_FDS: dats/NINTENDO_FDS/Nintendo - Family Computer Disk System (QD) (20200525-135739).dat, path: dats/NINTENDO_FDS/Nintendo - Family Computer Disk System (QD) (20200525-135739).dat, platform_id: NINTENDO_FDS
Aug 30 00:16:45.066 INFO NINTENDO_FDS: dats/NINTENDO_FDS/Nintendo Famicom Disk System - Coverdisks (TOSEC-v2018-03-08_CM).dat, path: dats/NINTENDO_FDS/Nintendo Famicom Disk System - Coverdisks (TOSEC-v2018-03-08_CM).dat, platform_id: NINTENDO_FDS
Aug 30 00:16:45.067 INFO NINTENDO_FDS: dats/NINTENDO_FDS/Nintendo Famicom Disk System - Applications (TOSEC-v2018-03-08_CM).dat, path: dats/NINTENDO_FDS/Nintendo Famicom Disk System - Applications (TOSEC-v2018-03-08_CM).dat, platform_id: NINTENDO_FDS
Aug 30 00:16:45.067 INFO NINTENDO_FDS: dats/NINTENDO_FDS/Nintendo Famicom Disk System - Demos (TOSEC-v2018-03-08_CM).dat, path: dats/NINTENDO_FDS/Nintendo Famicom Disk System - Demos (TOSEC-v2018-03-08_CM).dat, platform_id: NINTENDO_FDS
Aug 30 00:16:45.067 INFO GCE_VECTREX: dats/GCE_VECTREX/GCE Vectrex - Compilations (TOSEC-v2012-02-27_CM).dat, path: dats/GCE_VECTREX/GCE Vectrex - Compilations (TOSEC-v2012-02-27_CM).dat, platform_id: GCE_VECTREX
Aug 30 00:16:45.073 INFO GCE_VECTREX: dats/GCE_VECTREX/GCE Vectrex - Games (TOSEC-v2014-07-30_CM).dat, path: dats/GCE_VECTREX/GCE Vectrex - Games (TOSEC-v2014-07-30_CM).dat, platform_id: GCE_VECTREX
Aug 30 00:16:45.079 INFO GCE_VECTREX: dats/GCE_VECTREX/GCE - Vectrex (20170908-211236).dat, path: dats/GCE_VECTREX/GCE - Vectrex (20170908-211236).dat, platform_id: GCE_VECTREX
Aug 30 00:16:45.082 INFO GCE_VECTREX: dats/GCE_VECTREX/GCE Vectrex - Demos - Slideshows (TOSEC-v2012-02-27_CM).dat, path: dats/GCE_VECTREX/GCE Vectrex - Demos - Slideshows (TOSEC-v2012-02-27_CM).dat, platform_id: GCE_VECTREX
Aug 30 00:16:45.082 INFO GCE_VECTREX: dats/GCE_VECTREX/GCE Vectrex - Firmware (TOSEC-v2012-02-27_CM).dat, path: dats/GCE_VECTREX/GCE Vectrex - Firmware (TOSEC-v2012-02-27_CM).dat, platform_id: GCE_VECTREX
Aug 30 00:16:45.084 INFO GCE_VECTREX: dats/GCE_VECTREX/GCE Vectrex - Demos - Various (TOSEC-v2012-02-27_CM).dat, path: dats/GCE_VECTREX/GCE Vectrex - Demos - Various (TOSEC-v2012-02-27_CM).dat, platform_id: GCE_VECTREX
Aug 30 00:16:45.089 INFO GCE_VECTREX: dats/GCE_VECTREX/GCE Vectrex - Demos - Music (TOSEC-v2012-02-27_CM).dat, path: dats/GCE_VECTREX/GCE Vectrex - Demos - Music (TOSEC-v2012-02-27_CM).dat, platform_id: GCE_VECTREX
Aug 30 00:16:45.094 INFO SEGA_GEN: dats/SEGA_GEN/Sega Mega Drive & Genesis - Games - [Multipart] (TOSEC-v2019-09-01_CM).dat, path: dats/SEGA_GEN/Sega Mega Drive & Genesis - Games - [Multipart] (TOSEC-v2019-09-01_CM).dat, platform_id: SEGA_GEN
Aug 30 00:16:45.116 INFO SEGA_GEN: dats/SEGA_GEN/Sega - Mega Drive - Genesis (20200822-054519).dat, path: dats/SEGA_GEN/Sega - Mega Drive - Genesis (20200822-054519).dat, platform_id: SEGA_GEN
Aug 30 00:16:45.214 INFO SEGA_GEN: dats/SEGA_GEN/Sega Mega Drive & Genesis - Compilations (TOSEC-v2019-12-18_CM).dat, path: dats/SEGA_GEN/Sega Mega Drive & Genesis - Compilations (TOSEC-v2019-12-18_CM).dat, platform_id: SEGA_GEN
Aug 30 00:16:45.220 INFO SEGA_GEN: dats/SEGA_GEN/Sega Mega Drive & Genesis - Demos (TOSEC-v2019-09-01_CM).dat, path: dats/SEGA_GEN/Sega Mega Drive & Genesis - Demos (TOSEC-v2019-09-01_CM).dat, platform_id: SEGA_GEN
Aug 30 00:16:45.225 INFO SEGA_GEN: dats/SEGA_GEN/Sega Mega Drive & Genesis - Applications - [Multipart] (TOSEC-v2019-09-01_CM).dat, path: dats/SEGA_GEN/Sega Mega Drive & Genesis - Applications - [Multipart] (TOSEC-v2019-09-01_CM).dat, platform_id: SEGA_GEN
Aug 30 00:16:45.227 INFO SEGA_GEN: dats/SEGA_GEN/Sega Mega Drive & Genesis - Applications - [BIN] (TOSEC-v2020-07-12_CM).dat, path: dats/SEGA_GEN/Sega Mega Drive & Genesis - Applications - [BIN] (TOSEC-v2020-07-12_CM).dat, platform_id: SEGA_GEN
Aug 30 00:16:45.230 INFO SEGA_GEN: dats/SEGA_GEN/Sega Mega Drive & Genesis - Educational (TOSEC-v2020-07-12_CM).dat, path: dats/SEGA_GEN/Sega Mega Drive & Genesis - Educational (TOSEC-v2020-07-12_CM).dat, platform_id: SEGA_GEN
Aug 30 00:16:45.442 INFO SEGA_GEN: dats/SEGA_GEN/Sega Mega Drive & Genesis - Games - [BIN] (TOSEC-v2020-07-12_CM).dat, path: dats/SEGA_GEN/Sega Mega Drive & Genesis - Games - [BIN] (TOSEC-v2020-07-12_CM).dat, platform_id: SEGA_GEN
Aug 30 00:16:45.610 INFO SEGA_GEN: dats/SEGA_GEN/Sega Mega Drive & Genesis - Firmware (TOSEC-v2020-07-12_CM).dat, path: dats/SEGA_GEN/Sega Mega Drive & Genesis - Firmware (TOSEC-v2020-07-12_CM).dat, platform_id: SEGA_GEN
Aug 30 00:16:45.615 INFO SEGA_SMS: dats/SEGA_SMS/Sega Mark III & Master System - Demos (TOSEC-v2011-08-13_CM).dat, path: dats/SEGA_SMS/Sega Mark III & Master System - Demos (TOSEC-v2011-08-13_CM).dat, platform_id: SEGA_SMS
Aug 30 00:16:45.621 INFO SEGA_SMS: dats/SEGA_SMS/Sega - Master System - Mark III (20200429-062328).dat, path: dats/SEGA_SMS/Sega - Master System - Mark III (20200429-062328).dat, platform_id: SEGA_SMS
Aug 30 00:16:45.639 INFO SEGA_SMS: dats/SEGA_SMS/Sega Mark III & Master System - Applications (TOSEC-v2017-10-22_CM).dat, path: dats/SEGA_SMS/Sega Mark III & Master System - Applications (TOSEC-v2017-10-22_CM).dat, platform_id: SEGA_SMS
Aug 30 00:16:45.640 INFO SEGA_SMS: dats/SEGA_SMS/Sega Mark III & Master System - Firmware (TOSEC-v2017-10-22_CM).dat, path: dats/SEGA_SMS/Sega Mark III & Master System - Firmware (TOSEC-v2017-10-22_CM).dat, platform_id: SEGA_SMS
Aug 30 00:16:45.641 INFO SEGA_SMS: dats/SEGA_SMS/Sega Mark III & Master System - Samplers (TOSEC-v2011-06-20_CM).dat, path: dats/SEGA_SMS/Sega Mark III & Master System - Samplers (TOSEC-v2011-06-20_CM).dat, platform_id: SEGA_SMS
Aug 30 00:16:45.642 INFO SEGA_SMS: dats/SEGA_SMS/Sega Mark III & Master System - Educational (TOSEC-v2010-12-22_CM).dat, path: dats/SEGA_SMS/Sega Mark III & Master System - Educational (TOSEC-v2010-12-22_CM).dat, platform_id: SEGA_SMS
Aug 30 00:16:45.674 INFO SEGA_SMS: dats/SEGA_SMS/Sega Mark III & Master System - Games (TOSEC-v2017-10-22_CM).dat, path: dats/SEGA_SMS/Sega Mark III & Master System - Games (TOSEC-v2017-10-22_CM).dat, platform_id: SEGA_SMS
Aug 30 00:16:45.709 INFO BANDAI_WS: dats/BANDAI_WS/Bandai WonderSwan - Games (TOSEC-v2020-07-12_CM).dat, path: dats/BANDAI_WS/Bandai WonderSwan - Games (TOSEC-v2020-07-12_CM).dat, platform_id: BANDAI_WS
Aug 30 00:16:45.713 INFO BANDAI_WS: dats/BANDAI_WS/Bandai WonderSwan - Demos (TOSEC-v2013-12-13_CM).dat, path: dats/BANDAI_WS/Bandai WonderSwan - Demos (TOSEC-v2013-12-13_CM).dat, platform_id: BANDAI_WS
Aug 30 00:16:45.715 INFO BANDAI_WS: dats/BANDAI_WS/Bandai - WonderSwan (20200427-065439).dat, path: dats/BANDAI_WS/Bandai - WonderSwan (20200427-065439).dat, platform_id: BANDAI_WS
Aug 30 00:16:45.718 INFO ATARI_5200: dats/ATARI_5200/Atari 5200 - Applications (TOSEC-v2013-12-13_CM).dat, path: dats/ATARI_5200/Atari 5200 - Applications (TOSEC-v2013-12-13_CM).dat, platform_id: ATARI_5200
Aug 30 00:16:45.726 INFO ATARI_5200: dats/ATARI_5200/Atari 5200 - Games (TOSEC-v2013-12-13_CM).dat, path: dats/ATARI_5200/Atari 5200 - Games (TOSEC-v2013-12-13_CM).dat, platform_id: ATARI_5200
Aug 30 00:16:45.733 INFO ATARI_5200: dats/ATARI_5200/Atari 5200 - Demos (TOSEC-v2013-12-13_CM).dat, path: dats/ATARI_5200/Atari 5200 - Demos (TOSEC-v2013-12-13_CM).dat, platform_id: ATARI_5200
Aug 30 00:16:45.733 INFO ATARI_5200: dats/ATARI_5200/Atari 5200 - Firmware (TOSEC-v2013-12-13_CM).dat, path: dats/ATARI_5200/Atari 5200 - Firmware (TOSEC-v2013-12-13_CM).dat, platform_id: ATARI_5200
Aug 30 00:16:45.734 INFO ATARI_5200: dats/ATARI_5200/Atari - 5200 (20130303-220600).dat, path: dats/ATARI_5200/Atari - 5200 (20130303-220600).dat, platform_id: ATARI_5200
Aug 30 00:16:45.738 INFO PANASONIC_3DO: dats/PANASONIC_3DO/3DO 3DO Interactive Multiplayer - Applications - [ISO] (TOSEC-v2012-07-05_CM).dat, path: dats/PANASONIC_3DO/3DO 3DO Interactive Multiplayer - Applications - [ISO] (TOSEC-v2012-07-05_CM).dat, platform_id: PANASONIC_3DO
Aug 30 00:16:45.759 INFO PANASONIC_3DO: dats/PANASONIC_3DO/3DO 3DO Interactive Multiplayer - Games (TOSEC-v2020-07-14_CM).dat, path: dats/PANASONIC_3DO/3DO 3DO Interactive Multiplayer - Games (TOSEC-v2020-07-14_CM).dat, platform_id: PANASONIC_3DO
Aug 30 00:16:45.787 INFO PANASONIC_3DO: dats/PANASONIC_3DO/Panasonic - 3DO Interactive Multiplayer - Datfile (525) (2020-08-29 16-13-35).dat, path: dats/PANASONIC_3DO/Panasonic - 3DO Interactive Multiplayer - Datfile (525) (2020-08-29 16-13-35).dat, platform_id: PANASONIC_3DO
Aug 30 00:16:45.810 INFO PANASONIC_3DO: dats/PANASONIC_3DO/3DO 3DO Interactive Multiplayer - Coverdiscs - [IMG] (TOSEC-v2017-09-17_CM).dat, path: dats/PANASONIC_3DO/3DO 3DO Interactive Multiplayer - Coverdiscs - [IMG] (TOSEC-v2017-09-17_CM).dat, platform_id: PANASONIC_3DO
Aug 30 00:16:45.810 INFO PANASONIC_3DO: dats/PANASONIC_3DO/3DO 3DO Interactive Multiplayer - Homebrew - Games (TOSEC-v2017-09-25_CM).dat, path: dats/PANASONIC_3DO/3DO 3DO Interactive Multiplayer - Homebrew - Games (TOSEC-v2017-09-25_CM).dat, platform_id: PANASONIC_3DO
Aug 30 00:16:45.811 INFO PANASONIC_3DO: dats/PANASONIC_3DO/3DO 3DO Interactive Multiplayer - Firmware (TOSEC-v2017-07-07_CM).dat, path: dats/PANASONIC_3DO/3DO 3DO Interactive Multiplayer - Firmware (TOSEC-v2017-07-07_CM).dat, platform_id: PANASONIC_3DO
Aug 30 00:16:45.812 INFO PANASONIC_3DO: dats/PANASONIC_3DO/3DO 3DO Interactive Multiplayer - Applications - [IMG] (TOSEC-v2017-09-15_CM).dat, path: dats/PANASONIC_3DO/3DO 3DO Interactive Multiplayer - Applications - [IMG] (TOSEC-v2017-09-15_CM).dat, platform_id: PANASONIC_3DO
Aug 30 00:16:45.813 INFO PANASONIC_3DO: dats/PANASONIC_3DO/3DO 3DO Interactive Multiplayer - Homebrew - Compilations (TOSEC-v2017-09-25_CM).dat, path: dats/PANASONIC_3DO/3DO 3DO Interactive Multiplayer - Homebrew - Compilations (TOSEC-v2017-09-25_CM).dat, platform_id: PANASONIC_3DO
Aug 30 00:16:45.813 INFO PANASONIC_3DO: dats/PANASONIC_3DO/3DO 3DO Interactive Multiplayer - Homebrew - Applications (TOSEC-v2017-09-15_CM).dat, path: dats/PANASONIC_3DO/3DO 3DO Interactive Multiplayer - Homebrew - Applications (TOSEC-v2017-09-15_CM).dat, platform_id: PANASONIC_3DO
Aug 30 00:16:45.815 INFO PANASONIC_3DO: dats/PANASONIC_3DO/3DO 3DO Interactive Multiplayer - Coverdiscs - [ISO] (TOSEC-v2012-07-05_CM).dat, path: dats/PANASONIC_3DO/3DO 3DO Interactive Multiplayer - Coverdiscs - [ISO] (TOSEC-v2012-07-05_CM).dat, platform_id: PANASONIC_3DO
Aug 30 00:16:45.816 INFO PANASONIC_3DO: dats/PANASONIC_3DO/3DO 3DO Interactive Multiplayer - Homebrew - Demos (TOSEC-v2020-07-14_CM).dat, path: dats/PANASONIC_3DO/3DO 3DO Interactive Multiplayer - Homebrew - Demos (TOSEC-v2020-07-14_CM).dat, platform_id: PANASONIC_3DO
Aug 30 00:16:45.818 INFO PANASONIC_3DO: dats/PANASONIC_3DO/3DO 3DO Interactive Multiplayer - Educational (TOSEC-v2012-07-05_CM).dat, path: dats/PANASONIC_3DO/3DO 3DO Interactive Multiplayer - Educational (TOSEC-v2012-07-05_CM).dat, platform_id: PANASONIC_3DO
Aug 30 00:16:45.820 INFO SONY_PSV: dats/SONY_PSV/Sony - PlayStation Vita (PSVgameSD) (20200815-225636).dat, path: dats/SONY_PSV/Sony - PlayStation Vita (PSVgameSD) (20200815-225636).dat, platform_id: SONY_PSV
Aug 30 00:16:45.958 INFO SONY_PSV: dats/SONY_PSV/Sony - PlayStation Vita (NoNpDrm) (20200815-225636).dat, path: dats/SONY_PSV/Sony - PlayStation Vita (NoNpDrm) (20200815-225636).dat, platform_id: SONY_PSV
Aug 30 00:16:46.477 INFO SONY_PSV: dats/SONY_PSV/Sony - PlayStation Vita (BlackFinPSV) (20200815-225636).dat, path: dats/SONY_PSV/Sony - PlayStation Vita (BlackFinPSV) (20200815-225636).dat, platform_id: SONY_PSV
Aug 30 00:16:46.482 INFO SONY_PSV: dats/SONY_PSV/Sony - PlayStation Vita (VPK) (20200815-225636).dat, path: dats/SONY_PSV/Sony - PlayStation Vita (VPK) (20200815-225636).dat, platform_id: SONY_PSV
Aug 30 00:16:46.491 INFO SONY_PSV: dats/SONY_PSV/WIP Sony - PlayStation Vita (PSN) (Decrypted) (20200527-113102).dat, path: dats/SONY_PSV/WIP Sony - PlayStation Vita (PSN) (Decrypted) (20200527-113102).dat, platform_id: SONY_PSV
Aug 30 00:16:46.518 INFO SONY_PSV: dats/SONY_PSV/Sony - PlayStation Vita (PSN) (Updates) (20200613-080027).dat, path: dats/SONY_PSV/Sony - PlayStation Vita (PSN) (Updates) (20200613-080027).dat, platform_id: SONY_PSV
Aug 30 00:16:46.683 INFO SONY_PSV: dats/SONY_PSV/Sony - PlayStation Vita (PSN) (Content) (20200612-082148).dat, path: dats/SONY_PSV/Sony - PlayStation Vita (PSN) (Content) (20200612-082148).dat, platform_id: SONY_PSV
Aug 30 00:16:46.941 INFO NINTENDO_N64DD: dats/NINTENDO_N64DD/Nintendo 64DD - Firmware (TOSEC-v2012-02-27_CM).dat, path: dats/NINTENDO_N64DD/Nintendo 64DD - Firmware (TOSEC-v2012-02-27_CM).dat, platform_id: NINTENDO_N64DD
Aug 30 00:16:46.942 INFO NINTENDO_N64DD: dats/NINTENDO_N64DD/Nintendo - Nintendo 64DD (20200620-071933).dat, path: dats/NINTENDO_N64DD/Nintendo - Nintendo 64DD (20200620-071933).dat, platform_id: NINTENDO_N64DD
Aug 30 00:16:46.943 INFO NINTENDO_N64DD: dats/NINTENDO_N64DD/Nintendo 64DD - Applications (TOSEC-v2012-02-27_CM).dat, path: dats/NINTENDO_N64DD/Nintendo 64DD - Applications (TOSEC-v2012-02-27_CM).dat, platform_id: NINTENDO_N64DD
Aug 30 00:16:46.943 INFO NINTENDO_N64DD: dats/NINTENDO_N64DD/Nintendo 64DD - Games (TOSEC-v2011-08-13_CM).dat, path: dats/NINTENDO_N64DD/Nintendo 64DD - Games (TOSEC-v2011-08-13_CM).dat, platform_id: NINTENDO_N64DD
Aug 30 00:16:46.943 INFO NEC_TGCD: dats/NEC_TGCD/NEC PC-Engine CD & TurboGrafx-16 CD - Homebrew - Games (TOSEC-v2012-07-22_CM).dat, path: dats/NEC_TGCD/NEC PC-Engine CD & TurboGrafx-16 CD - Homebrew - Games (TOSEC-v2012-07-22_CM).dat, platform_id: NEC_TGCD
Aug 30 00:16:46.943 INFO NEC_TGCD: dats/NEC_TGCD/NEC PC-Engine CD & TurboGrafx-16 CD - Compilations (TOSEC-v2019-04-18_CM).dat, path: dats/NEC_TGCD/NEC PC-Engine CD & TurboGrafx-16 CD - Compilations (TOSEC-v2019-04-18_CM).dat, platform_id: NEC_TGCD
Aug 30 00:16:46.944 INFO NEC_TGCD: dats/NEC_TGCD/NEC PC-Engine CD & TurboGrafx-16 CD - Applications (TOSEC-v2018-03-23_CM).dat, path: dats/NEC_TGCD/NEC PC-Engine CD & TurboGrafx-16 CD - Applications (TOSEC-v2018-03-23_CM).dat, platform_id: NEC_TGCD
Aug 30 00:16:46.944 INFO NEC_TGCD: dats/NEC_TGCD/NEC PC-Engine CD & TurboGrafx-16 CD - Educational (TOSEC-v2018-05-28_CM).dat, path: dats/NEC_TGCD/NEC PC-Engine CD & TurboGrafx-16 CD - Educational (TOSEC-v2018-05-28_CM).dat, platform_id: NEC_TGCD
Aug 30 00:16:47.030 INFO NEC_TGCD: dats/NEC_TGCD/NEC - PC Engine CD & TurboGrafx CD - Datfile (527) (2020-08-23 15-49-38).dat, path: dats/NEC_TGCD/NEC - PC Engine CD & TurboGrafx CD - Datfile (527) (2020-08-23 15-49-38).dat, platform_id: NEC_TGCD
Aug 30 00:16:47.181 INFO NINTENDO_GCN: dats/NINTENDO_GCN/Nintendo GameCube - Applications (TOSEC-v2020-01-31_CM).dat, path: dats/NINTENDO_GCN/Nintendo GameCube - Applications (TOSEC-v2020-01-31_CM).dat, platform_id: NINTENDO_GCN
Aug 30 00:16:47.182 INFO NINTENDO_GCN: dats/NINTENDO_GCN/Nintendo - GameCube - BIOS Datfile (10) (2017-09-30).dat, path: dats/NINTENDO_GCN/Nintendo - GameCube - BIOS Datfile (10) (2017-09-30).dat, platform_id: NINTENDO_GCN
Aug 30 00:16:47.207 INFO NINTENDO_GCN: dats/NINTENDO_GCN/Nintendo - GameCube - Datfile (1907) (2020-08-28 21-47-09).dat, path: dats/NINTENDO_GCN/Nintendo - GameCube - Datfile (1907) (2020-08-28 21-47-09).dat, platform_id: NINTENDO_GCN
Aug 30 00:16:47.284 INFO NINTENDO_GCN: dats/NINTENDO_GCN/Nintendo GameCube - Samplers (TOSEC-v2020-01-31_CM).dat, path: dats/NINTENDO_GCN/Nintendo GameCube - Samplers (TOSEC-v2020-01-31_CM).dat, platform_id: NINTENDO_GCN
Aug 30 00:16:47.296 INFO NINTENDO_GCN: dats/NINTENDO_GCN/Nintendo GameCube - Games (TOSEC-v2020-02-14_CM).dat, path: dats/NINTENDO_GCN/Nintendo GameCube - Games (TOSEC-v2020-02-14_CM).dat, platform_id: NINTENDO_GCN
Aug 30 00:16:47.308 INFO SEGA_CD: dats/SEGA_CD/Sega Mega-CD & Sega CD - Firmware (TOSEC-v2020-07-12_CM).dat, path: dats/SEGA_CD/Sega Mega-CD & Sega CD - Firmware (TOSEC-v2020-07-12_CM).dat, platform_id: SEGA_CD
Aug 30 00:16:47.331 INFO SEGA_CD: dats/SEGA_CD/Sega Mega-CD & Sega CD - CD - Games - [IMG] (TOSEC-v2014-07-01_CM).dat, path: dats/SEGA_CD/Sega Mega-CD & Sega CD - CD - Games - [IMG] (TOSEC-v2014-07-01_CM).dat, platform_id: SEGA_CD
Aug 30 00:16:47.399 INFO SEGA_CD: dats/SEGA_CD/Sega - Mega CD & Sega CD - Datfile (531) (2020-08-20 01-26-37).dat, path: dats/SEGA_CD/Sega - Mega CD & Sega CD - Datfile (531) (2020-08-20 01-26-37).dat, platform_id: SEGA_CD
Aug 30 00:16:47.482 INFO SEGA_CD: dats/SEGA_CD/Sega Mega-CD & Sega CD - CD - Applications (TOSEC-v2014-07-01_CM).dat, path: dats/SEGA_CD/Sega Mega-CD & Sega CD - CD - Applications (TOSEC-v2014-07-01_CM).dat, platform_id: SEGA_CD
Aug 30 00:16:47.482 INFO SEGA_CD: dats/SEGA_CD/Sega Mega-CD & Sega CD - CD - Educational - [ISO] (TOSEC-v2014-07-01_CM).dat, path: dats/SEGA_CD/Sega Mega-CD & Sega CD - CD - Educational - [ISO] (TOSEC-v2014-07-01_CM).dat, platform_id: SEGA_CD
Aug 30 00:16:47.486 INFO SEGA_CD: dats/SEGA_CD/Sega Mega-CD & Sega CD - CD - Samplers - [ISO] (TOSEC-v2014-07-01_CM).dat, path: dats/SEGA_CD/Sega Mega-CD & Sega CD - CD - Samplers - [ISO] (TOSEC-v2014-07-01_CM).dat, platform_id: SEGA_CD
Aug 30 00:16:47.492 INFO SEGA_CD: dats/SEGA_CD/Sega Mega-CD & Sega CD - CD - Samplers - [IMG] (TOSEC-v2012-09-08_CM).dat, path: dats/SEGA_CD/Sega Mega-CD & Sega CD - CD - Samplers - [IMG] (TOSEC-v2012-09-08_CM).dat, platform_id: SEGA_CD
Aug 30 00:16:47.493 INFO SEGA_CD: dats/SEGA_CD/Sega Mega-CD & Sega CD - CD - Educational - [IMG] (TOSEC-v2013-04-10_CM).dat, path: dats/SEGA_CD/Sega Mega-CD & Sega CD - CD - Educational - [IMG] (TOSEC-v2013-04-10_CM).dat, platform_id: SEGA_CD
Aug 30 00:16:47.494 INFO SEGA_CD: dats/SEGA_CD/Sega Mega-CD & Sega CD - Applications (TOSEC-v2012-09-08_CM).dat, path: dats/SEGA_CD/Sega Mega-CD & Sega CD - Applications (TOSEC-v2012-09-08_CM).dat, platform_id: SEGA_CD
Aug 30 00:16:47.557 INFO SEGA_CD: dats/SEGA_CD/Sega Mega-CD & Sega CD - CD - Games - [ISO] (TOSEC-v2013-04-10_CM).dat, path: dats/SEGA_CD/Sega Mega-CD & Sega CD - CD - Games - [ISO] (TOSEC-v2013-04-10_CM).dat, platform_id: SEGA_CD
Aug 30 00:16:47.620 INFO MAGNAVOX_O2: dats/MAGNAVOX_O2/Magnavox Odyssey2 - Games (TOSEC-v2011-02-22_CM).dat, path: dats/MAGNAVOX_O2/Magnavox Odyssey2 - Games (TOSEC-v2011-02-22_CM).dat, platform_id: MAGNAVOX_O2
Aug 30 00:16:47.625 INFO MAGNAVOX_O2: dats/MAGNAVOX_O2/Magnavox - Odyssey2 (20200720-221603).dat, path: dats/MAGNAVOX_O2/Magnavox - Odyssey2 (20200720-221603).dat, platform_id: MAGNAVOX_O2
Aug 30 00:16:47.632 INFO MAGNAVOX_O2: dats/MAGNAVOX_O2/Magnavox Odyssey2 - Firmware (TOSEC-v2011-02-22_CM).dat, path: dats/MAGNAVOX_O2/Magnavox Odyssey2 - Firmware (TOSEC-v2011-02-22_CM).dat, platform_id: MAGNAVOX_O2
Aug 30 00:16:47.632 INFO MAGNAVOX_O2: dats/MAGNAVOX_O2/Magnavox Odyssey2 - Educational (TOSEC-v2011-02-22_CM).dat, path: dats/MAGNAVOX_O2/Magnavox Odyssey2 - Educational (TOSEC-v2011-02-22_CM).dat, platform_id: MAGNAVOX_O2
Aug 30 00:16:47.633 INFO MAGNAVOX_O2: dats/MAGNAVOX_O2/Magnavox Odyssey2 - Applications (TOSEC-v2011-02-22_CM).dat, path: dats/MAGNAVOX_O2/Magnavox Odyssey2 - Applications (TOSEC-v2011-02-22_CM).dat, platform_id: MAGNAVOX_O2
Aug 30 00:16:47.633 INFO NINTENDO_SFT: dats/NINTENDO_SFT/Nintendo - Sufami Turbo (20190125-184314).dat, path: dats/NINTENDO_SFT/Nintendo - Sufami Turbo (20190125-184314).dat, platform_id: NINTENDO_SFT
Aug 30 00:16:47.668 INFO SEGA_DC: dats/SEGA_DC/Sega Dreamcast - Games - US (TOSEC-v2020-01-24_CM).dat, path: dats/SEGA_DC/Sega Dreamcast - Games - US (TOSEC-v2020-01-24_CM).dat, platform_id: SEGA_DC
Aug 30 00:16:47.709 INFO SEGA_DC: dats/SEGA_DC/Sega Dreamcast - Various Unverified Dumps (TOSEC-v2020-07-20_CM).dat, path: dats/SEGA_DC/Sega Dreamcast - Various Unverified Dumps (TOSEC-v2020-07-20_CM).dat, platform_id: SEGA_DC
Aug 30 00:16:47.716 INFO SEGA_DC: dats/SEGA_DC/Sega Dreamcast - Homebrew - Demos - [BIN] (TOSEC-v2012-02-27_CM).dat, path: dats/SEGA_DC/Sega Dreamcast - Homebrew - Demos - [BIN] (TOSEC-v2012-02-27_CM).dat, platform_id: SEGA_DC
Aug 30 00:16:47.797 INFO SEGA_DC: dats/SEGA_DC/Sega - Dreamcast - Datfile (1347) (2020-08-29 10-57-42).dat, path: dats/SEGA_DC/Sega - Dreamcast - Datfile (1347) (2020-08-29 10-57-42).dat, platform_id: SEGA_DC
Aug 30 00:16:47.971 INFO SEGA_DC: dats/SEGA_DC/Sega Dreamcast - Homebrew - Demos - [NRG] (TOSEC-v2012-02-27_CM).dat, path: dats/SEGA_DC/Sega Dreamcast - Homebrew - Demos - [NRG] (TOSEC-v2012-02-27_CM).dat, platform_id: SEGA_DC
Aug 30 00:16:48.021 INFO SEGA_DC: dats/SEGA_DC/Sega Dreamcast - Games - JP (TOSEC-v2020-04-14_CM).dat, path: dats/SEGA_DC/Sega Dreamcast - Games - JP (TOSEC-v2020-04-14_CM).dat, platform_id: SEGA_DC
Aug 30 00:16:48.104 INFO SEGA_DC: dats/SEGA_DC/Sega Dreamcast - Games - PAL (TOSEC-v2019-08-04_CM).dat, path: dats/SEGA_DC/Sega Dreamcast - Games - PAL (TOSEC-v2019-08-04_CM).dat, platform_id: SEGA_DC
Aug 30 00:16:48.148 INFO SEGA_DC: dats/SEGA_DC/Sega Dreamcast - Games - [ISO] (TOSEC-v2019-05-10_CM).dat, path: dats/SEGA_DC/Sega Dreamcast - Games - [ISO] (TOSEC-v2019-05-10_CM).dat, platform_id: SEGA_DC
Aug 30 00:16:48.158 INFO SEGA_DC: dats/SEGA_DC/Sega Dreamcast - Applications (TOSEC-v2019-12-20_CM).dat, path: dats/SEGA_DC/Sega Dreamcast - Applications (TOSEC-v2019-12-20_CM).dat, platform_id: SEGA_DC
Aug 30 00:16:48.162 INFO SEGA_DC: dats/SEGA_DC/Sega Dreamcast - Firmware (TOSEC-v2017-07-05_CM).dat, path: dats/SEGA_DC/Sega Dreamcast - Firmware (TOSEC-v2017-07-05_CM).dat, platform_id: SEGA_DC
Aug 30 00:16:48.163 INFO SEGA_DC: dats/SEGA_DC/Sega Dreamcast - Homebrew - Demos - [CDI] (TOSEC-v2012-02-27_CM).dat, path: dats/SEGA_DC/Sega Dreamcast - Homebrew - Demos - [CDI] (TOSEC-v2012-02-27_CM).dat, platform_id: SEGA_DC
Aug 30 00:16:48.164 INFO SEGA_DC: dats/SEGA_DC/Sega Dreamcast - Homebrew - Demos - [ELF] (TOSEC-v2012-02-27_CM).dat, path: dats/SEGA_DC/Sega Dreamcast - Homebrew - Demos - [ELF] (TOSEC-v2012-02-27_CM).dat, platform_id: SEGA_DC
Aug 30 00:16:48.178 INFO SEGA_DC: dats/SEGA_DC/Sega Dreamcast - Samplers (TOSEC-v2020-07-20_CM).dat, path: dats/SEGA_DC/Sega Dreamcast - Samplers (TOSEC-v2020-07-20_CM).dat, platform_id: SEGA_DC
Aug 30 00:16:48.193 INFO SEGA_DC: dats/SEGA_DC/Sega Dreamcast - Homebrew - Demos - [Multipart] (TOSEC-v2012-02-27_CM).dat, path: dats/SEGA_DC/Sega Dreamcast - Homebrew - Demos - [Multipart] (TOSEC-v2012-02-27_CM).dat, platform_id: SEGA_DC
Aug 30 00:16:48.194 INFO NEC_TG16: dats/NEC_TG16/NEC PC-Engine & TurboGrafx-16 - Compilations (TOSEC-v2018-06-09_CM).dat, path: dats/NEC_TG16/NEC PC-Engine & TurboGrafx-16 - Compilations (TOSEC-v2018-06-09_CM).dat, platform_id: NEC_TG16
Aug 30 00:16:48.195 INFO NEC_TG16: dats/NEC_TG16/NEC PC-Engine & TurboGrafx-16 - Applications (TOSEC-v2018-06-11_CM).dat, path: dats/NEC_TG16/NEC PC-Engine & TurboGrafx-16 - Applications (TOSEC-v2018-06-11_CM).dat, platform_id: NEC_TG16
Aug 30 00:16:48.197 INFO NEC_TG16: dats/NEC_TG16/NEC - PC Engine - TurboGrafx 16 (20200823-202700).dat, path: dats/NEC_TG16/NEC - PC Engine - TurboGrafx 16 (20200823-202700).dat, platform_id: NEC_TG16
Aug 30 00:16:48.210 INFO NEC_TG16: dats/NEC_TG16/NEC PC-Engine & TurboGrafx-16 - Samplers (TOSEC-v2018-08-19_CM).dat, path: dats/NEC_TG16/NEC PC-Engine & TurboGrafx-16 - Samplers (TOSEC-v2018-08-19_CM).dat, platform_id: NEC_TG16
Aug 30 00:16:48.241 INFO NEC_TG16: dats/NEC_TG16/NEC PC-Engine & TurboGrafx-16 - Games (TOSEC-v2018-08-25_CM).dat, path: dats/NEC_TG16/NEC PC-Engine & TurboGrafx-16 - Games (TOSEC-v2018-08-25_CM).dat, platform_id: NEC_TG16
Aug 30 00:16:48.262 INFO NEC_TG16: dats/NEC_TG16/NEC PC-Engine & TurboGrafx-16 - Demos (TOSEC-v2011-08-13_CM).dat, path: dats/NEC_TG16/NEC PC-Engine & TurboGrafx-16 - Demos (TOSEC-v2011-08-13_CM).dat, platform_id: NEC_TG16
Aug 30 00:16:48.264 INFO ATARI_JAGUAR: dats/ATARI_JAGUAR/Atari Jaguar - Demos - [JAG] (TOSEC-v2018-07-01_CM).dat, path: dats/ATARI_JAGUAR/Atari Jaguar - Demos - [JAG] (TOSEC-v2018-07-01_CM).dat, platform_id: ATARI_JAGUAR
Aug 30 00:16:48.265 INFO ATARI_JAGUAR: dats/ATARI_JAGUAR/Atari Jaguar - Demos - [ABS] (TOSEC-v2018-07-01_CM).dat, path: dats/ATARI_JAGUAR/Atari Jaguar - Demos - [ABS] (TOSEC-v2018-07-01_CM).dat, platform_id: ATARI_JAGUAR
Aug 30 00:16:48.266 INFO ATARI_JAGUAR: dats/ATARI_JAGUAR/Atari - Jaguar (ROM) (20191211-203857).dat, path: dats/ATARI_JAGUAR/Atari - Jaguar (ROM) (20191211-203857).dat, platform_id: ATARI_JAGUAR
Aug 30 00:16:48.271 INFO ATARI_JAGUAR: dats/ATARI_JAGUAR/Atari - Jaguar (J64) (20191211-203857).dat, path: dats/ATARI_JAGUAR/Atari - Jaguar (J64) (20191211-203857).dat, platform_id: ATARI_JAGUAR
Aug 30 00:16:48.274 INFO ATARI_JAGUAR: dats/ATARI_JAGUAR/Atari Jaguar - Demos - [ROM] (TOSEC-v2018-07-01_CM).dat, path: dats/ATARI_JAGUAR/Atari Jaguar - Demos - [ROM] (TOSEC-v2018-07-01_CM).dat, platform_id: ATARI_JAGUAR
Aug 30 00:16:48.274 INFO ATARI_JAGUAR: dats/ATARI_JAGUAR/Atari Jaguar - Applications - [COF] (TOSEC-v2018-07-01_CM).dat, path: dats/ATARI_JAGUAR/Atari Jaguar - Applications - [COF] (TOSEC-v2018-07-01_CM).dat, platform_id: ATARI_JAGUAR
Aug 30 00:16:48.275 INFO ATARI_JAGUAR: dats/ATARI_JAGUAR/Atari Jaguar - Games - [ABS] (TOSEC-v2018-07-01_CM).dat, path: dats/ATARI_JAGUAR/Atari Jaguar - Games - [ABS] (TOSEC-v2018-07-01_CM).dat, platform_id: ATARI_JAGUAR
Aug 30 00:16:48.275 INFO ATARI_JAGUAR: dats/ATARI_JAGUAR/Atari Jaguar - Applications - [ROM] (TOSEC-v2018-07-01_CM).dat, path: dats/ATARI_JAGUAR/Atari Jaguar - Applications - [ROM] (TOSEC-v2018-07-01_CM).dat, platform_id: ATARI_JAGUAR
Aug 30 00:16:48.275 INFO ATARI_JAGUAR: dats/ATARI_JAGUAR/Atari Jaguar - Demos - [COF] (TOSEC-v2018-07-01_CM).dat, path: dats/ATARI_JAGUAR/Atari Jaguar - Demos - [COF] (TOSEC-v2018-07-01_CM).dat, platform_id: ATARI_JAGUAR
Aug 30 00:16:48.276 INFO ATARI_JAGUAR: dats/ATARI_JAGUAR/Atari Jaguar - Demos - [BIN] (TOSEC-v2018-07-01_CM).dat, path: dats/ATARI_JAGUAR/Atari Jaguar - Demos - [BIN] (TOSEC-v2018-07-01_CM).dat, platform_id: ATARI_JAGUAR
Aug 30 00:16:48.277 INFO ATARI_JAGUAR: dats/ATARI_JAGUAR/Atari Jaguar - Games - [Multipart] (TOSEC-v2018-07-01_CM).dat, path: dats/ATARI_JAGUAR/Atari Jaguar - Games - [Multipart] (TOSEC-v2018-07-01_CM).dat, platform_id: ATARI_JAGUAR
Aug 30 00:16:48.279 INFO ATARI_JAGUAR: dats/ATARI_JAGUAR/Atari Jaguar - Games - [BIN] (TOSEC-v2018-07-01_CM).dat, path: dats/ATARI_JAGUAR/Atari Jaguar - Games - [BIN] (TOSEC-v2018-07-01_CM).dat, platform_id: ATARI_JAGUAR
Aug 30 00:16:48.283 INFO ATARI_JAGUAR: dats/ATARI_JAGUAR/Atari Jaguar - Games - [J64] (TOSEC-v2018-07-01_CM).dat, path: dats/ATARI_JAGUAR/Atari Jaguar - Games - [J64] (TOSEC-v2018-07-01_CM).dat, platform_id: ATARI_JAGUAR
Aug 30 00:16:48.285 INFO ATARI_JAGUAR: dats/ATARI_JAGUAR/Atari Jaguar - Applications - [JAG] (TOSEC-v2018-07-01_CM).dat, path: dats/ATARI_JAGUAR/Atari Jaguar - Applications - [JAG] (TOSEC-v2018-07-01_CM).dat, platform_id: ATARI_JAGUAR
Aug 30 00:16:48.285 INFO ATARI_JAGUAR: dats/ATARI_JAGUAR/Atari Jaguar - Games - [JAG] (TOSEC-v2018-07-01_CM).dat, path: dats/ATARI_JAGUAR/Atari Jaguar - Games - [JAG] (TOSEC-v2018-07-01_CM).dat, platform_id: ATARI_JAGUAR
Aug 30 00:16:48.286 INFO ATARI_JAGUAR: dats/ATARI_JAGUAR/Atari Jaguar - Applications - [BIN] (TOSEC-v2018-07-01_CM).dat, path: dats/ATARI_JAGUAR/Atari Jaguar - Applications - [BIN] (TOSEC-v2018-07-01_CM).dat, platform_id: ATARI_JAGUAR
Aug 30 00:16:48.286 INFO ATARI_JAGUAR: dats/ATARI_JAGUAR/Atari Jaguar - Firmware (TOSEC-v2013-12-13_CM).dat, path: dats/ATARI_JAGUAR/Atari Jaguar - Firmware (TOSEC-v2013-12-13_CM).dat, platform_id: ATARI_JAGUAR
Aug 30 00:16:48.287 INFO ATARI_JAGUAR: dats/ATARI_JAGUAR/Atari Jaguar - Applications - [ABS] (TOSEC-v2018-07-01_CM).dat, path: dats/ATARI_JAGUAR/Atari Jaguar - Applications - [ABS] (TOSEC-v2018-07-01_CM).dat, platform_id: ATARI_JAGUAR
Aug 30 00:16:48.289 INFO NINTENDO_VB: dats/NINTENDO_VB/Nintendo Virtual Boy - Demos (TOSEC-v2012-04-13_CM).dat, path: dats/NINTENDO_VB/Nintendo Virtual Boy - Demos (TOSEC-v2012-04-13_CM).dat, platform_id: NINTENDO_VB
Aug 30 00:16:48.291 INFO NINTENDO_VB: dats/NINTENDO_VB/Nintendo Virtual Boy - Samplers (TOSEC-v2012-04-13_CM).dat, path: dats/NINTENDO_VB/Nintendo Virtual Boy - Samplers (TOSEC-v2012-04-13_CM).dat, platform_id: NINTENDO_VB
Aug 30 00:16:48.291 INFO NINTENDO_VB: dats/NINTENDO_VB/Nintendo Virtual Boy - Applications (TOSEC-v2011-08-13_CM).dat, path: dats/NINTENDO_VB/Nintendo Virtual Boy - Applications (TOSEC-v2011-08-13_CM).dat, platform_id: NINTENDO_VB
Aug 30 00:16:48.297 INFO NINTENDO_VB: dats/NINTENDO_VB/Nintendo Virtual Boy - Games (TOSEC-v2014-07-01_CM).dat, path: dats/NINTENDO_VB/Nintendo Virtual Boy - Games (TOSEC-v2014-07-01_CM).dat, platform_id: NINTENDO_VB
Aug 30 00:16:48.302 INFO NINTENDO_VB: dats/NINTENDO_VB/Nintendo - Virtual Boy (20200219-181350).dat, path: dats/NINTENDO_VB/Nintendo - Virtual Boy (20200219-181350).dat, platform_id: NINTENDO_VB
Aug 30 00:16:48.320 INFO SNK_NGCD: dats/SNK_NGCD/SNK - Neo Geo CD - Datfile (101) (2020-06-12 20-17-25).dat, path: dats/SNK_NGCD/SNK - Neo Geo CD - Datfile (101) (2020-06-12 20-17-25).dat, platform_id: SNK_NGCD
Aug 30 00:16:48.347 INFO SNK_NGCD: dats/SNK_NGCD/SNK Neo-Geo CD - Firmware (TOSEC-v2012-09-08_CM).dat, path: dats/SNK_NGCD/SNK Neo-Geo CD - Firmware (TOSEC-v2012-09-08_CM).dat, platform_id: SNK_NGCD
Aug 30 00:16:48.373 INFO SNK_NGCD: dats/SNK_NGCD/SNK Neo-Geo CD - Games - [ISO] (TOSEC-v2014-06-12_CM).dat, path: dats/SNK_NGCD/SNK Neo-Geo CD - Games - [ISO] (TOSEC-v2014-06-12_CM).dat, platform_id: SNK_NGCD
Aug 30 00:16:48.398 INFO SNK_NGCD: dats/SNK_NGCD/SNK Neo-Geo CD - Samplers - [IMG] (TOSEC-v2012-09-08_CM).dat, path: dats/SNK_NGCD/SNK Neo-Geo CD - Samplers - [IMG] (TOSEC-v2012-09-08_CM).dat, platform_id: SNK_NGCD
Aug 30 00:16:48.405 INFO SNK_NGCD: dats/SNK_NGCD/SNK Neo-Geo CD - Games - [IMG] (TOSEC-v2014-06-12_CM).dat, path: dats/SNK_NGCD/SNK Neo-Geo CD - Games - [IMG] (TOSEC-v2014-06-12_CM).dat, platform_id: SNK_NGCD
Aug 30 00:16:48.411 INFO SNK_NGCD: dats/SNK_NGCD/SNK Neo-Geo CD - Samplers - [Multipart] (TOSEC-v2012-09-08_CM).dat, path: dats/SNK_NGCD/SNK Neo-Geo CD - Samplers - [Multipart] (TOSEC-v2012-09-08_CM).dat, platform_id: SNK_NGCD
Aug 30 00:16:48.413 INFO SNK_NGCD: dats/SNK_NGCD/SNK Neo-Geo CD - Samplers - [ISO] (TOSEC-v2014-06-12_CM).dat, path: dats/SNK_NGCD/SNK Neo-Geo CD - Samplers - [ISO] (TOSEC-v2014-06-12_CM).dat, platform_id: SNK_NGCD
Aug 30 00:16:48.414 INFO SNK_NGCD: dats/SNK_NGCD/SNK Neo-Geo CD - Games - [Multipart] (TOSEC-v2012-09-08_CM).dat, path: dats/SNK_NGCD/SNK Neo-Geo CD - Games - [Multipart] (TOSEC-v2012-09-08_CM).dat, platform_id: SNK_NGCD
Aug 30 00:16:48.414 INFO SNK_NGCD: dats/SNK_NGCD/SNK Neo-Geo CD - Demos (TOSEC-v2012-09-08_CM).dat, path: dats/SNK_NGCD/SNK Neo-Geo CD - Demos (TOSEC-v2012-09-08_CM).dat, platform_id: SNK_NGCD
Aug 30 00:16:48.418 INFO NEC_PCFX: dats/NEC_PCFX/NEC PC-FX - Games (TOSEC-v2012-07-14_CM).dat, path: dats/NEC_PCFX/NEC PC-FX - Games (TOSEC-v2012-07-14_CM).dat, platform_id: NEC_PCFX
Aug 30 00:16:48.421 INFO NEC_PCFX: dats/NEC_PCFX/NEC PC-FXGA - Firmware (TOSEC-v2012-07-13_CM).dat, path: dats/NEC_PCFX/NEC PC-FXGA - Firmware (TOSEC-v2012-07-13_CM).dat, platform_id: NEC_PCFX
Aug 30 00:16:48.421 INFO NEC_PCFX: dats/NEC_PCFX/NEC PC-FX - Firmware (TOSEC-v2012-07-13_CM).dat, path: dats/NEC_PCFX/NEC PC-FX - Firmware (TOSEC-v2012-07-13_CM).dat, platform_id: NEC_PCFX
Aug 30 00:16:48.427 INFO NEC_PCFX: dats/NEC_PCFX/NEC - PC-FX & PC-FXGA - Datfile (78) (2020-02-28 01-31-34).dat, path: dats/NEC_PCFX/NEC - PC-FX & PC-FXGA - Datfile (78) (2020-02-28 01-31-34).dat, platform_id: NEC_PCFX
Aug 30 00:16:48.437 INFO NEC_PCFX: dats/NEC_PCFX/NEC PC-FXGA - Games (TOSEC-v2012-07-13_CM).dat, path: dats/NEC_PCFX/NEC PC-FXGA - Games (TOSEC-v2012-07-13_CM).dat, platform_id: NEC_PCFX
Aug 30 00:16:48.441 INFO NINTENDO_GBC: dats/NINTENDO_GBC/Nintendo Game Boy Color - Games (TOSEC-v2020-07-12_CM).dat, path: dats/NINTENDO_GBC/Nintendo Game Boy Color - Games (TOSEC-v2020-07-12_CM).dat, platform_id: NINTENDO_GBC
Aug 30 00:16:48.443 INFO NINTENDO_GBC: dats/NINTENDO_GBC/Nintendo Game Boy Color - Firmware (TOSEC-v2011-09-27_CM).dat, path: dats/NINTENDO_GBC/Nintendo Game Boy Color - Firmware (TOSEC-v2011-09-27_CM).dat, platform_id: NINTENDO_GBC
Aug 30 00:16:48.455 INFO NINTENDO_GBC: dats/NINTENDO_GBC/Nintendo - Game Boy Color (20200827-135944).dat, path: dats/NINTENDO_GBC/Nintendo - Game Boy Color (20200827-135944).dat, platform_id: NINTENDO_GBC
Aug 30 00:16:48.501 INFO NINTENDO_GBC: dats/NINTENDO_GBC/Nintendo Game Boy Color - Demos (TOSEC-v2014-07-01_CM).dat, path: dats/NINTENDO_GBC/Nintendo Game Boy Color - Demos (TOSEC-v2014-07-01_CM).dat, platform_id: NINTENDO_GBC
Aug 30 00:16:48.506 INFO NINTENDO_NES: dats/NINTENDO_NES/Nintendo Famicom & Entertainment System - Applications - [NES] (TOSEC-v2011-02-22_CM).dat, path: dats/NINTENDO_NES/Nintendo Famicom & Entertainment System - Applications - [NES] (TOSEC-v2011-02-22_CM).dat, platform_id: NINTENDO_NES
Aug 30 00:16:48.510 INFO NINTENDO_NES: dats/NINTENDO_NES/Nintendo Famicom & Entertainment System - Demos - [UNF] (TOSEC-v2011-02-22_CM).dat, path: dats/NINTENDO_NES/Nintendo Famicom & Entertainment System - Demos - [UNF] (TOSEC-v2011-02-22_CM).dat, platform_id: NINTENDO_NES
Aug 30 00:16:48.510 INFO NINTENDO_NES: dats/NINTENDO_NES/Nintendo Famicom & Entertainment System - Applications - [UNF] (TOSEC-v2011-02-22_CM).dat, path: dats/NINTENDO_NES/Nintendo Famicom & Entertainment System - Applications - [UNF] (TOSEC-v2011-02-22_CM).dat, platform_id: NINTENDO_NES
Aug 30 00:16:48.517 INFO NINTENDO_NES: dats/NINTENDO_NES/Nintendo Famicom & Entertainment System - Educational (TOSEC-v2011-02-22_CM).dat, path: dats/NINTENDO_NES/Nintendo Famicom & Entertainment System - Educational (TOSEC-v2011-02-22_CM).dat, platform_id: NINTENDO_NES
Aug 30 00:16:48.546 INFO NINTENDO_NES: dats/NINTENDO_NES/Nintendo - Nintendo Entertainment System (20200827-135756).dat, path: dats/NINTENDO_NES/Nintendo - Nintendo Entertainment System (20200827-135756).dat, platform_id: NINTENDO_NES
Aug 30 00:16:48.639 INFO NINTENDO_NES: dats/NINTENDO_NES/Nintendo Famicom & Entertainment System - Firmware (TOSEC-v2011-02-22_CM).dat, path: dats/NINTENDO_NES/Nintendo Famicom & Entertainment System - Firmware (TOSEC-v2011-02-22_CM).dat, platform_id: NINTENDO_NES
Aug 30 00:16:48.647 INFO NINTENDO_NES: dats/NINTENDO_NES/Nintendo Famicom & Entertainment System - Demos - [NES] (TOSEC-v2011-02-22_CM).dat, path: dats/NINTENDO_NES/Nintendo Famicom & Entertainment System - Demos - [NES] (TOSEC-v2011-02-22_CM).dat, platform_id: NINTENDO_NES
Aug 30 00:16:49.181 INFO NINTENDO_NES: dats/NINTENDO_NES/Nintendo Famicom & Entertainment System - Games - [NES] (TOSEC-v2020-07-12_CM).dat, path: dats/NINTENDO_NES/Nintendo Famicom & Entertainment System - Games - [NES] (TOSEC-v2020-07-12_CM).dat, platform_id: NINTENDO_NES
Aug 30 00:16:49.557 INFO NINTENDO_NES: dats/NINTENDO_NES/Nintendo Famicom & Entertainment System - Games - [UNF] (TOSEC-v2011-02-22_CM).dat, path: dats/NINTENDO_NES/Nintendo Famicom & Entertainment System - Games - [UNF] (TOSEC-v2011-02-22_CM).dat, platform_id: NINTENDO_NES
Aug 30 00:16:49.561 INFO ATARI_7800: dats/ATARI_7800/Atari - 7800 (20191209-185349).dat, path: dats/ATARI_7800/Atari - 7800 (20191209-185349).dat, platform_id: ATARI_7800
Aug 30 00:16:49.565 INFO ATARI_7800: dats/ATARI_7800/Atari 7800 - Applications (TOSEC-v2013-12-13_CM).dat, path: dats/ATARI_7800/Atari 7800 - Applications (TOSEC-v2013-12-13_CM).dat, platform_id: ATARI_7800
Aug 30 00:16:49.571 INFO ATARI_7800: dats/ATARI_7800/Atari 7800 - Games (TOSEC-v2013-12-13_CM).dat, path: dats/ATARI_7800/Atari 7800 - Games (TOSEC-v2013-12-13_CM).dat, platform_id: ATARI_7800
Aug 30 00:16:49.576 INFO ATARI_7800: dats/ATARI_7800/Atari 7800 - Firmware (TOSEC-v2013-12-13_CM).dat, path: dats/ATARI_7800/Atari 7800 - Firmware (TOSEC-v2013-12-13_CM).dat, platform_id: ATARI_7800
Aug 30 00:16:49.613 INFO MICROSOFT_X360: dats/MICROSOFT_X360/Microsoft - Xbox 360 - Datfile (2322) (2020-08-29 10-33-39).dat, path: dats/MICROSOFT_X360/Microsoft - Xbox 360 - Datfile (2322) (2020-08-29 10-33-39).dat, platform_id: MICROSOFT_X360
Aug 30 00:16:49.710 INFO NINTENDO_GB: dats/NINTENDO_GB/Nintendo Game Boy - Firmware (TOSEC-v2011-09-27_CM).dat, path: dats/NINTENDO_GB/Nintendo Game Boy - Firmware (TOSEC-v2011-09-27_CM).dat, platform_id: NINTENDO_GB
Aug 30 00:16:49.722 INFO NINTENDO_GB: dats/NINTENDO_GB/Nintendo - Game Boy (20200827-134841).dat, path: dats/NINTENDO_GB/Nintendo - Game Boy (20200827-134841).dat, platform_id: NINTENDO_GB
Aug 30 00:16:49.775 INFO NINTENDO_GB: dats/NINTENDO_GB/Nintendo Game Boy - Games (TOSEC-v2012-04-13_CM).dat, path: dats/NINTENDO_GB/Nintendo Game Boy - Games (TOSEC-v2012-04-13_CM).dat, platform_id: NINTENDO_GB
Aug 30 00:16:49.778 INFO NINTENDO_GB: dats/NINTENDO_GB/Nintendo Game Boy - Demos (TOSEC-v2011-08-13_CM).dat, path: dats/NINTENDO_GB/Nintendo Game Boy - Demos (TOSEC-v2011-08-13_CM).dat, platform_id: NINTENDO_GB
Aug 30 00:16:49.939 INFO SONY_PS2: dats/SONY_PS2/Sony - PlayStation 2 - Datfile (9920) (2020-08-30 00-20-35).dat, path: dats/SONY_PS2/Sony - PlayStation 2 - Datfile (9920) (2020-08-30 00-20-35).dat, platform_id: SONY_PS2
Aug 30 00:16:50.381 INFO SONY_PS2: dats/SONY_PS2/Sony - PlayStation 2 - BIOS Datfile (107) (2019-11-25).dat, path: dats/SONY_PS2/Sony - PlayStation 2 - BIOS Datfile (107) (2019-11-25).dat, platform_id: SONY_PS2
Aug 30 00:16:50.385 INFO SONY_PS2: dats/SONY_PS2/Sony PlayStation 2 - Firmware (TOSEC-v2012-09-08_CM).dat, path: dats/SONY_PS2/Sony PlayStation 2 - Firmware (TOSEC-v2012-09-08_CM).dat, platform_id: SONY_PS2
Aug 30 00:16:50.392 INFO PHILIPS_CDI: dats/PHILIPS_CDI/Philips - CD-i - Datfile (238) (2020-08-21 14-47-04).dat, path: dats/PHILIPS_CDI/Philips - CD-i - Datfile (238) (2020-08-21 14-47-04).dat, platform_id: PHILIPS_CDI
Aug 30 00:16:50.458 INFO NINTENDO_NDS: dats/NINTENDO_NDS/Nintendo - Nintendo DS (Encrypted) (20200828-222523).dat, path: dats/NINTENDO_NDS/Nintendo - Nintendo DS (Encrypted) (20200828-222523).dat, platform_id: NINTENDO_NDS
Aug 30 00:16:50.777 INFO NINTENDO_NDS: dats/NINTENDO_NDS/Nintendo - Nintendo DS (Decrypted) (20200828-222523).dat, path: dats/NINTENDO_NDS/Nintendo - Nintendo DS (Decrypted) (20200828-222523).dat, platform_id: NINTENDO_NDS
Aug 30 00:16:51.045 INFO NINTENDO_NDS: dats/NINTENDO_NDS/Nintendo - Nintendo DS (Download Play) (20200610-035522).dat, path: dats/NINTENDO_NDS/Nintendo - Nintendo DS (Download Play) (20200610-035522).dat, platform_id: NINTENDO_NDS
Aug 30 00:16:51.065 INFO NINTENDO_SNES: dats/NINTENDO_SNES/Nintendo Super Famicom & Super Entertainment System - Firmware (TOSEC-v2011-08-13_CM).dat, path: dats/NINTENDO_SNES/Nintendo Super Famicom & Super Entertainment System - Firmware (TOSEC-v2011-08-13_CM).dat, platform_id: NINTENDO_SNES
Aug 30 00:16:51.069 INFO NINTENDO_SNES: dats/NINTENDO_SNES/Nintendo Super Famicom & Super Entertainment System - Demos (TOSEC-v2011-08-13_CM).dat, path: dats/NINTENDO_SNES/Nintendo Super Famicom & Super Entertainment System - Demos (TOSEC-v2011-08-13_CM).dat, platform_id: NINTENDO_SNES
Aug 30 00:16:51.069 INFO NINTENDO_SNES: dats/NINTENDO_SNES/Nintendo - Super Nintendo Entertainment System (Split) (20200825-150106).dat, path: dats/NINTENDO_SNES/Nintendo - Super Nintendo Entertainment System (Split) (20200825-150106).dat, platform_id: NINTENDO_SNES
Aug 30 00:16:51.127 INFO NINTENDO_SNES: dats/NINTENDO_SNES/Nintendo Super Famicom & Super Entertainment System - Games (TOSEC-v2014-07-01_CM).dat, path: dats/NINTENDO_SNES/Nintendo Super Famicom & Super Entertainment System - Games (TOSEC-v2014-07-01_CM).dat, platform_id: NINTENDO_SNES
Aug 30 00:16:51.180 INFO NINTENDO_SNES: dats/NINTENDO_SNES/Nintendo Super Famicom & Super Entertainment System - Educational (TOSEC-v2011-08-13_CM).dat, path: dats/NINTENDO_SNES/Nintendo Super Famicom & Super Entertainment System - Educational (TOSEC-v2011-08-13_CM).dat, platform_id: NINTENDO_SNES
Aug 30 00:16:51.212 INFO NINTENDO_SNES: dats/NINTENDO_SNES/Nintendo - Super Nintendo Entertainment System (Combined) (20200825-150106).dat, path: dats/NINTENDO_SNES/Nintendo - Super Nintendo Entertainment System (Combined) (20200825-150106).dat, platform_id: NINTENDO_SNES
Aug 30 00:16:51.333 INFO ATARI_JAGUAR_CD: dats/ATARI_JAGUAR_CD/Atari Jaguar CD - Homebrew - Games - [BIN] (TOSEC-v2012-07-22_CM).dat, path: dats/ATARI_JAGUAR_CD/Atari Jaguar CD - Homebrew - Games - [BIN] (TOSEC-v2012-07-22_CM).dat, platform_id: ATARI_JAGUAR_CD
Aug 30 00:16:51.334 INFO ATARI_JAGUAR_CD: dats/ATARI_JAGUAR_CD/Atari Jaguar CD - Games (TOSEC-v2012-07-17_CM).dat, path: dats/ATARI_JAGUAR_CD/Atari Jaguar CD - Games (TOSEC-v2012-07-17_CM).dat, platform_id: ATARI_JAGUAR_CD
Aug 30 00:16:51.336 INFO ATARI_JAGUAR_CD: dats/ATARI_JAGUAR_CD/Atari - Jaguar CD Interactive Multimedia System - Datfile (10) (2019-08-27 00-06-32).dat, path: dats/ATARI_JAGUAR_CD/Atari - Jaguar CD Interactive Multimedia System - Datfile (10) (2019-08-27 00-06-32).dat, platform_id: ATARI_JAGUAR_CD
Aug 30 00:16:51.338 INFO ATARI_JAGUAR_CD: dats/ATARI_JAGUAR_CD/Atari Jaguar CD - Homebrew - Games - [CDI] (TOSEC-v2012-07-22_CM).dat, path: dats/ATARI_JAGUAR_CD/Atari Jaguar CD - Homebrew - Games - [CDI] (TOSEC-v2012-07-22_CM).dat, platform_id: ATARI_JAGUAR_CD
Aug 30 00:16:51.338 INFO ATARI_JAGUAR_CD: dats/ATARI_JAGUAR_CD/Atari Jaguar CD - Homebrew - Games - [NRG] (TOSEC-v2012-07-22_CM).dat, path: dats/ATARI_JAGUAR_CD/Atari Jaguar CD - Homebrew - Games - [NRG] (TOSEC-v2012-07-22_CM).dat, platform_id: ATARI_JAGUAR_CD
Aug 30 00:16:51.545 INFO SONY_PS3: dats/SONY_PS3/Sony - PlayStation 3 (PSN) (Content) (20200825-065247).dat, path: dats/SONY_PS3/Sony - PlayStation 3 (PSN) (Content) (20200825-065247).dat, platform_id: SONY_PS3
Aug 30 00:16:52.449 INFO SONY_PS3: dats/SONY_PS3/Sony - PlayStation 3 (PSN) (Updates) (20200810-073621).dat, path: dats/SONY_PS3/Sony - PlayStation 3 (PSN) (Updates) (20200810-073621).dat, platform_id: SONY_PS3
Aug 30 00:16:52.855 INFO SONY_PS3: dats/SONY_PS3/Sony - PlayStation 3 - Datfile (3439) (2020-08-29 01-26-59).dat, path: dats/SONY_PS3/Sony - PlayStation 3 - Datfile (3439) (2020-08-29 01-26-59).dat, platform_id: SONY_PS3
Aug 30 00:16:52.999 INFO SONY_PS3: dats/SONY_PS3/WIP Sony - PlayStation 3 (PSN) (Decrypted) (20180429-070319).dat, path: dats/SONY_PS3/WIP Sony - PlayStation 3 (PSN) (Decrypted) (20180429-070319).dat, platform_id: SONY_PS3
Aug 30 00:16:53.017 INFO NEC_SGFX: dats/NEC_SGFX/NEC SuperGrafx - Games (TOSEC-v2018-08-26_CM).dat, path: dats/NEC_SGFX/NEC SuperGrafx - Games (TOSEC-v2018-08-26_CM).dat, platform_id: NEC_SGFX
Aug 30 00:16:53.017 INFO NEC_SGFX: dats/NEC_SGFX/NEC - PC Engine SuperGrafx (20191209-202241).dat, path: dats/NEC_SGFX/NEC - PC Engine SuperGrafx (20191209-202241).dat, platform_id: NEC_SGFX
Aug 30 00:16:53.019 INFO COLECO_CV: dats/COLECO_CV/Coleco ColecoVision - Demos (TOSEC-v2015-05-07_CM).dat, path: dats/COLECO_CV/Coleco ColecoVision - Demos (TOSEC-v2015-05-07_CM).dat, platform_id: COLECO_CV
Aug 30 00:16:53.021 INFO COLECO_CV: dats/COLECO_CV/Coleco ColecoVision - Educational (TOSEC-v2015-05-07_CM).dat, path: dats/COLECO_CV/Coleco ColecoVision - Educational (TOSEC-v2015-05-07_CM).dat, platform_id: COLECO_CV
Aug 30 00:16:53.023 INFO COLECO_CV: dats/COLECO_CV/Coleco ColecoVision - Firmware (TOSEC-v2015-05-07_CM).dat, path: dats/COLECO_CV/Coleco ColecoVision - Firmware (TOSEC-v2015-05-07_CM).dat, platform_id: COLECO_CV
Aug 30 00:16:53.025 INFO COLECO_CV: dats/COLECO_CV/Coleco - ColecoVision (20191208-220349).dat, path: dats/COLECO_CV/Coleco - ColecoVision (20191208-220349).dat, platform_id: COLECO_CV
Aug 30 00:16:53.049 INFO COLECO_CV: dats/COLECO_CV/Coleco ColecoVision - Games (TOSEC-v2015-05-07_CM).dat, path: dats/COLECO_CV/Coleco ColecoVision - Games (TOSEC-v2015-05-07_CM).dat, platform_id: COLECO_CV
Aug 30 00:16:53.064 INFO COLECO_CV: dats/COLECO_CV/Coleco ColecoVision - Applications (TOSEC-v2015-05-07_CM).dat, path: dats/COLECO_CV/Coleco ColecoVision - Applications (TOSEC-v2015-05-07_CM).dat, platform_id: COLECO_CV
