Apr 25 05:10:09.638 INFO NINTENDO_FDS: dats/NINTENDO_FDS/Nintendo Famicom Disk System - Games (TOSEC-v2018-03-08_CM).dat, path: dats/NINTENDO_FDS/Nintendo Famicom Disk System - Games (TOSEC-v2018-03-08_CM).dat, platform_id: NINTENDO_FDS
Apr 25 05:10:09.662 INFO NINTENDO_FDS: dats/NINTENDO_FDS/Nintendo Famicom Disk System - Firmware (TOSEC-v2014-04-23_CM).dat, path: dats/NINTENDO_FDS/Nintendo Famicom Disk System - Firmware (TOSEC-v2014-04-23_CM).dat, platform_id: NINTENDO_FDS
Apr 25 05:10:09.662 INFO NINTENDO_FDS: dats/NINTENDO_FDS/Nintendo - Family Computer Disk System (FDSStickRAW) (20210420-230850).dat, path: dats/NINTENDO_FDS/Nintendo - Family Computer Disk System (FDSStickRAW) (20210420-230850).dat, platform_id: NINTENDO_FDS
Apr 25 05:10:09.662 INFO NINTENDO_FDS: dats/NINTENDO_FDS/Nintendo Famicom Disk System - Applications (TOSEC-v2018-03-08_CM).dat, path: dats/NINTENDO_FDS/Nintendo Famicom Disk System - Applications (TOSEC-v2018-03-08_CM).dat, platform_id: NINTENDO_FDS
Apr 25 05:10:09.662 INFO NINTENDO_FDS: dats/NINTENDO_FDS/Nintendo Famicom Disk System - Demos (TOSEC-v2018-03-08_CM).dat, path: dats/NINTENDO_FDS/Nintendo Famicom Disk System - Demos (TOSEC-v2018-03-08_CM).dat, platform_id: NINTENDO_FDS
Apr 25 05:10:09.663 INFO NINTENDO_FDS: dats/NINTENDO_FDS/Nintendo Famicom Disk System - Coverdisks (TOSEC-v2018-03-08_CM).dat, path: dats/NINTENDO_FDS/Nintendo Famicom Disk System - Coverdisks (TOSEC-v2018-03-08_CM).dat, platform_id: NINTENDO_FDS
Apr 25 05:10:09.663 INFO NINTENDO_FDS: dats/NINTENDO_FDS/Nintendo - Family Computer Disk System (FDSStickBIN) (20210420-230850).dat, path: dats/NINTENDO_FDS/Nintendo - Family Computer Disk System (FDSStickBIN) (20210420-230850).dat, platform_id: NINTENDO_FDS
Apr 25 05:10:09.665 INFO NINTENDO_FDS: dats/NINTENDO_FDS/Nintendo - Family Computer Disk System (QD) (20210420-230850).dat, path: dats/NINTENDO_FDS/Nintendo - Family Computer Disk System (QD) (20210420-230850).dat, platform_id: NINTENDO_FDS
Apr 25 05:10:09.676 INFO NINTENDO_FDS: dats/NINTENDO_FDS/Nintendo Famicom Disk System - Educational (TOSEC-v2018-03-08_CM).dat, path: dats/NINTENDO_FDS/Nintendo Famicom Disk System - Educational (TOSEC-v2018-03-08_CM).dat, platform_id: NINTENDO_FDS
Apr 25 05:10:09.678 INFO NINTENDO_FDS: dats/NINTENDO_FDS/Nintendo - Family Computer Disk System (FDS) (20210420-230850).dat, path: dats/NINTENDO_FDS/Nintendo - Family Computer Disk System (FDS) (20210420-230850).dat, platform_id: NINTENDO_FDS
Apr 25 05:10:09.691 INFO SNK_NGCD: dats/SNK_NGCD/SNK Neo-Geo CD - Samplers - [IMG] (TOSEC-v2012-09-08_CM).dat, path: dats/SNK_NGCD/SNK Neo-Geo CD - Samplers - [IMG] (TOSEC-v2012-09-08_CM).dat, platform_id: SNK_NGCD
Apr 25 05:10:09.695 INFO SNK_NGCD: dats/SNK_NGCD/SNK Neo-Geo CD - Games - [IMG] (TOSEC-v2014-06-12_CM).dat, path: dats/SNK_NGCD/SNK Neo-Geo CD - Games - [IMG] (TOSEC-v2014-06-12_CM).dat, platform_id: SNK_NGCD
Apr 25 05:10:09.701 INFO SNK_NGCD: dats/SNK_NGCD/SNK Neo-Geo CD - Games - [Multipart] (TOSEC-v2012-09-08_CM).dat, path: dats/SNK_NGCD/SNK Neo-Geo CD - Games - [Multipart] (TOSEC-v2012-09-08_CM).dat, platform_id: SNK_NGCD
Apr 25 05:10:09.701 INFO SNK_NGCD: dats/SNK_NGCD/SNK Neo-Geo CD - Demos (TOSEC-v2012-09-08_CM).dat, path: dats/SNK_NGCD/SNK Neo-Geo CD - Demos (TOSEC-v2012-09-08_CM).dat, platform_id: SNK_NGCD
Apr 25 05:10:09.715 INFO SNK_NGCD: dats/SNK_NGCD/SNK - Neo Geo CD - Datfile (105) (2021-04-06 15-55-46).dat, path: dats/SNK_NGCD/SNK - Neo Geo CD - Datfile (105) (2021-04-06 15-55-46).dat, platform_id: SNK_NGCD
Apr 25 05:10:09.744 INFO SNK_NGCD: dats/SNK_NGCD/SNK Neo-Geo CD - Firmware (TOSEC-v2012-09-08_CM).dat, path: dats/SNK_NGCD/SNK Neo-Geo CD - Firmware (TOSEC-v2012-09-08_CM).dat, platform_id: SNK_NGCD
Apr 25 05:10:09.744 INFO SNK_NGCD: dats/SNK_NGCD/SNK Neo-Geo CD - Samplers - [Multipart] (TOSEC-v2012-09-08_CM).dat, path: dats/SNK_NGCD/SNK Neo-Geo CD - Samplers - [Multipart] (TOSEC-v2012-09-08_CM).dat, platform_id: SNK_NGCD
Apr 25 05:10:09.764 INFO SNK_NGCD: dats/SNK_NGCD/SNK Neo-Geo CD - Games - [ISO] (TOSEC-v2014-06-12_CM).dat, path: dats/SNK_NGCD/SNK Neo-Geo CD - Games - [ISO] (TOSEC-v2014-06-12_CM).dat, platform_id: SNK_NGCD
Apr 25 05:10:09.787 INFO SNK_NGCD: dats/SNK_NGCD/SNK Neo-Geo CD - Samplers - [ISO] (TOSEC-v2014-06-12_CM).dat, path: dats/SNK_NGCD/SNK Neo-Geo CD - Samplers - [ISO] (TOSEC-v2014-06-12_CM).dat, platform_id: SNK_NGCD
Apr 25 05:10:09.791 INFO ATARI_2600: dats/ATARI_2600/Atari - 2600 (20200514-091155).dat, path: dats/ATARI_2600/Atari - 2600 (20200514-091155).dat, platform_id: ATARI_2600
Apr 25 05:10:09.812 INFO ATARI_2600: dats/ATARI_2600/Atari 2600 & VCS - Applications (TOSEC-v2020-07-03_CM).dat, path: dats/ATARI_2600/Atari 2600 & VCS - Applications (TOSEC-v2020-07-03_CM).dat, platform_id: ATARI_2600
Apr 25 05:10:09.974 INFO ATARI_2600: dats/ATARI_2600/Open2600.dat, path: dats/ATARI_2600/Open2600.dat, platform_id: ATARI_2600
Apr 25 05:10:10.165 INFO ATARI_2600: dats/ATARI_2600/Atari 2600 & VCS - Educational (TOSEC-v2019-09-02_CM).dat, path: dats/ATARI_2600/Atari 2600 & VCS - Educational (TOSEC-v2019-09-02_CM).dat, platform_id: ATARI_2600
Apr 25 05:10:10.198 INFO ATARI_2600: dats/ATARI_2600/Atari 2600 & VCS - Games (TOSEC-v2020-07-16_CM).dat, path: dats/ATARI_2600/Atari 2600 & VCS - Games (TOSEC-v2020-07-16_CM).dat, platform_id: ATARI_2600
Apr 25 05:10:10.255 INFO ATARI_2600: dats/ATARI_2600/Atari 2600 & VCS - Demos (TOSEC-v2020-07-16_CM).dat, path: dats/ATARI_2600/Atari 2600 & VCS - Demos (TOSEC-v2020-07-16_CM).dat, platform_id: ATARI_2600
Apr 25 05:10:10.287 INFO MICROSOFT_X360: dats/MICROSOFT_X360/Microsoft - Xbox 360 - Datfile (2560) (2021-04-22 09-20-13).dat, path: dats/MICROSOFT_X360/Microsoft - Xbox 360 - Datfile (2560) (2021-04-22 09-20-13).dat, platform_id: MICROSOFT_X360
Apr 25 05:10:10.527 INFO SEGA_SAT: dats/SEGA_SAT/Sega - Saturn - Datfile (2335) (2021-03-18 15-52-56).dat, path: dats/SEGA_SAT/Sega - Saturn - Datfile (2335) (2021-03-18 15-52-56).dat, platform_id: SEGA_SAT
Apr 25 05:10:10.830 INFO SEGA_SAT: dats/SEGA_SAT/Sega Saturn - Samplers (TOSEC-v2020-07-10_CM).dat, path: dats/SEGA_SAT/Sega Saturn - Samplers (TOSEC-v2020-07-10_CM).dat, platform_id: SEGA_SAT
Apr 25 05:10:10.833 INFO SEGA_SAT: dats/SEGA_SAT/Sega Saturn - Applications (TOSEC-v2020-06-12_CM).dat, path: dats/SEGA_SAT/Sega Saturn - Applications (TOSEC-v2020-06-12_CM).dat, platform_id: SEGA_SAT
Apr 25 05:10:10.833 INFO SEGA_SAT: dats/SEGA_SAT/Sega Saturn - Firmware (TOSEC-v2014-07-01_CM).dat, path: dats/SEGA_SAT/Sega Saturn - Firmware (TOSEC-v2014-07-01_CM).dat, platform_id: SEGA_SAT
Apr 25 05:10:10.834 INFO SEGA_32X_CD: dats/SEGA_32X_CD/Sega 32X - CD - Games - [ISO] (TOSEC-v2014-07-01_CM).dat, path: dats/SEGA_32X_CD/Sega 32X - CD - Games - [ISO] (TOSEC-v2014-07-01_CM).dat, platform_id: SEGA_32X_CD
Apr 25 05:10:10.835 INFO SEGA_32X_CD: dats/SEGA_32X_CD/Sega 32X - CD - Games - [IMG] (TOSEC-v2013-04-10_CM).dat, path: dats/SEGA_32X_CD/Sega 32X - CD - Games - [IMG] (TOSEC-v2013-04-10_CM).dat, platform_id: SEGA_32X_CD
Apr 25 05:10:10.837 INFO NEC_PCFX: dats/NEC_PCFX/NEC PC-FX - Firmware (TOSEC-v2012-07-13_CM).dat, path: dats/NEC_PCFX/NEC PC-FX - Firmware (TOSEC-v2012-07-13_CM).dat, platform_id: NEC_PCFX
Apr 25 05:10:10.839 INFO NEC_PCFX: dats/NEC_PCFX/NEC PC-FX - Games (TOSEC-v2012-07-14_CM).dat, path: dats/NEC_PCFX/NEC PC-FX - Games (TOSEC-v2012-07-14_CM).dat, platform_id: NEC_PCFX
Apr 25 05:10:10.842 INFO NEC_PCFX: dats/NEC_PCFX/NEC PC-FXGA - Firmware (TOSEC-v2012-07-13_CM).dat, path: dats/NEC_PCFX/NEC PC-FXGA - Firmware (TOSEC-v2012-07-13_CM).dat, platform_id: NEC_PCFX
Apr 25 05:10:10.842 INFO NEC_PCFX: dats/NEC_PCFX/NEC PC-FXGA - Games (TOSEC-v2012-07-13_CM).dat, path: dats/NEC_PCFX/NEC PC-FXGA - Games (TOSEC-v2012-07-13_CM).dat, platform_id: NEC_PCFX
Apr 25 05:10:10.847 INFO NEC_PCFX: dats/NEC_PCFX/NEC - PC-FX & PC-FXGA - Datfile (78) (2020-09-20 21-29-48).dat, path: dats/NEC_PCFX/NEC - PC-FX & PC-FXGA - Datfile (78) (2020-09-20 21-29-48).dat, platform_id: NEC_PCFX
Apr 25 05:10:10.859 INFO SEGA_32X: dats/SEGA_32X/Sega 32X - Games (TOSEC-v2021-02-12_CM).dat, path: dats/SEGA_32X/Sega 32X - Games (TOSEC-v2021-02-12_CM).dat, platform_id: SEGA_32X
Apr 25 05:10:10.873 INFO SEGA_32X: dats/SEGA_32X/OpenGen.32X.dat, path: dats/SEGA_32X/OpenGen.32X.dat, platform_id: SEGA_32X
Apr 25 05:10:10.881 INFO SEGA_32X: dats/SEGA_32X/Sega 32X - Applications (TOSEC-v2021-02-12_CM).dat, path: dats/SEGA_32X/Sega 32X - Applications (TOSEC-v2021-02-12_CM).dat, platform_id: SEGA_32X
Apr 25 05:10:10.882 INFO SEGA_32X: dats/SEGA_32X/Sega - 32X (20210408-054313).dat, path: dats/SEGA_32X/Sega - 32X (20210408-054313).dat, platform_id: SEGA_32X
Apr 25 05:10:10.889 INFO SEGA_32X: dats/SEGA_32X/Sega 32X - Demos (TOSEC-v2021-02-12_CM).dat, path: dats/SEGA_32X/Sega 32X - Demos (TOSEC-v2021-02-12_CM).dat, platform_id: SEGA_32X
Apr 25 05:10:10.890 INFO SEGA_32X: dats/SEGA_32X/Sega 32X - Firmware (TOSEC-v2012-09-08_CM).dat, path: dats/SEGA_32X/Sega 32X - Firmware (TOSEC-v2012-09-08_CM).dat, platform_id: SEGA_32X
Apr 25 05:10:10.934 INFO NINTENDO_NDS: dats/NINTENDO_NDS/Nintendo - Nintendo DS (Encrypted) (20210423-111522).dat, path: dats/NINTENDO_NDS/Nintendo - Nintendo DS (Encrypted) (20210423-111522).dat, platform_id: NINTENDO_NDS
Apr 25 05:10:11.186 INFO NINTENDO_NDS: dats/NINTENDO_NDS/Nintendo - Nintendo DS (Download Play) (20210104-083358).dat, path: dats/NINTENDO_NDS/Nintendo - Nintendo DS (Download Play) (20210104-083358).dat, platform_id: NINTENDO_NDS
Apr 25 05:10:11.257 INFO NINTENDO_NDS: dats/NINTENDO_NDS/Nintendo - Nintendo DS (Decrypted) (20210423-223818).dat, path: dats/NINTENDO_NDS/Nintendo - Nintendo DS (Decrypted) (20210423-223818).dat, platform_id: NINTENDO_NDS
Apr 25 05:10:11.519 INFO SONY_PSX: dats/SONY_PSX/Sony PlayStation - Games - [IMG] (TOSEC-v2012-09-08_CM).dat, path: dats/SONY_PSX/Sony PlayStation - Games - [IMG] (TOSEC-v2012-09-08_CM).dat, platform_id: SONY_PSX
Apr 25 05:10:11.519 INFO SONY_PSX: dats/SONY_PSX/Sony PlayStation - Samplers - [ISO] (TOSEC-v2012-09-08_CM).dat, path: dats/SONY_PSX/Sony PlayStation - Samplers - [ISO] (TOSEC-v2012-09-08_CM).dat, platform_id: SONY_PSX
Apr 25 05:10:11.519 INFO SONY_PSX: dats/SONY_PSX/Sony PlayStation - Samplers - [BIN] (TOSEC-v2012-09-08_CM).dat, path: dats/SONY_PSX/Sony PlayStation - Samplers - [BIN] (TOSEC-v2012-09-08_CM).dat, platform_id: SONY_PSX
Apr 25 05:10:11.520 INFO SONY_PSX: dats/SONY_PSX/Sony PlayStation - Firmware (TOSEC-v2012-09-08_CM).dat, path: dats/SONY_PSX/Sony PlayStation - Firmware (TOSEC-v2012-09-08_CM).dat, platform_id: SONY_PSX
Apr 25 05:10:11.521 INFO SONY_PSX: dats/SONY_PSX/Sony PlayStation - Demos - [EXE] (TOSEC-v2012-09-08_CM).dat, path: dats/SONY_PSX/Sony PlayStation - Demos - [EXE] (TOSEC-v2012-09-08_CM).dat, platform_id: SONY_PSX
Apr 25 05:10:11.522 INFO SONY_PSX: dats/SONY_PSX/Sony PlayStation - Games - [ISO] (TOSEC-v2012-09-08_CM).dat, path: dats/SONY_PSX/Sony PlayStation - Games - [ISO] (TOSEC-v2012-09-08_CM).dat, platform_id: SONY_PSX
Apr 25 05:10:11.523 INFO SONY_PSX: dats/SONY_PSX/Sony PlayStation - Demos - [BIN] (TOSEC-v2012-09-08_CM).dat, path: dats/SONY_PSX/Sony PlayStation - Demos - [BIN] (TOSEC-v2012-09-08_CM).dat, platform_id: SONY_PSX
Apr 25 05:10:11.862 INFO SONY_PSX: dats/SONY_PSX/Sony - PlayStation - Datfile (10541) (2021-04-25 03-04-43).dat, path: dats/SONY_PSX/Sony - PlayStation - Datfile (10541) (2021-04-25 03-04-43).dat, platform_id: SONY_PSX
Apr 25 05:10:12.664 INFO SONY_PSX: dats/SONY_PSX/Sony PlayStation - Games - [EXE] (TOSEC-v2012-09-08_CM).dat, path: dats/SONY_PSX/Sony PlayStation - Games - [EXE] (TOSEC-v2012-09-08_CM).dat, platform_id: SONY_PSX
Apr 25 05:10:12.664 INFO SONY_PSX: dats/SONY_PSX/Sony - PlayStation - BIOS Datfile (24) (2016-10-21).dat, path: dats/SONY_PSX/Sony - PlayStation - BIOS Datfile (24) (2016-10-21).dat, platform_id: SONY_PSX
Apr 25 05:10:12.665 INFO SONY_PSX: dats/SONY_PSX/Sony PlayStation - Demos - [ISO] (TOSEC-v2012-09-08_CM).dat, path: dats/SONY_PSX/Sony PlayStation - Demos - [ISO] (TOSEC-v2012-09-08_CM).dat, platform_id: SONY_PSX
Apr 25 05:10:12.666 INFO SONY_PSX: dats/SONY_PSX/Sony PlayStation - Demos - [PSX] (TOSEC-v2012-09-08_CM).dat, path: dats/SONY_PSX/Sony PlayStation - Demos - [PSX] (TOSEC-v2012-09-08_CM).dat, platform_id: SONY_PSX
Apr 25 05:10:12.666 INFO SONY_PSX: dats/SONY_PSX/Sony PlayStation - Games - [BIN] (TOSEC-v2012-09-08_CM).dat, path: dats/SONY_PSX/Sony PlayStation - Games - [BIN] (TOSEC-v2012-09-08_CM).dat, platform_id: SONY_PSX
Apr 25 05:10:12.667 INFO SONY_PSX: dats/SONY_PSX/Sony PlayStation - Applications (TOSEC-v2014-10-30_CM).dat, path: dats/SONY_PSX/Sony PlayStation - Applications (TOSEC-v2014-10-30_CM).dat, platform_id: SONY_PSX
Apr 25 05:10:12.678 INFO NEC_TG16: dats/NEC_TG16/NEC PC-Engine & TurboGrafx-16 - Games (TOSEC-v2018-08-25_CM).dat, path: dats/NEC_TG16/NEC PC-Engine & TurboGrafx-16 - Games (TOSEC-v2018-08-25_CM).dat, platform_id: NEC_TG16
Apr 25 05:10:12.697 INFO NEC_TG16: dats/NEC_TG16/NEC PC-Engine & TurboGrafx-16 - Compilations (TOSEC-v2018-06-09_CM).dat, path: dats/NEC_TG16/NEC PC-Engine & TurboGrafx-16 - Compilations (TOSEC-v2018-06-09_CM).dat, platform_id: NEC_TG16
Apr 25 05:10:12.699 INFO NEC_TG16: dats/NEC_TG16/NEC - PC Engine - TurboGrafx 16 (20210327-220650).dat, path: dats/NEC_TG16/NEC - PC Engine - TurboGrafx 16 (20210327-220650).dat, platform_id: NEC_TG16
Apr 25 05:10:12.712 INFO NEC_TG16: dats/NEC_TG16/NEC PC-Engine & TurboGrafx-16 - Samplers (TOSEC-v2018-08-19_CM).dat, path: dats/NEC_TG16/NEC PC-Engine & TurboGrafx-16 - Samplers (TOSEC-v2018-08-19_CM).dat, platform_id: NEC_TG16
Apr 25 05:10:12.712 INFO NEC_TG16: dats/NEC_TG16/NEC PC-Engine & TurboGrafx-16 - Demos (TOSEC-v2011-08-13_CM).dat, path: dats/NEC_TG16/NEC PC-Engine & TurboGrafx-16 - Demos (TOSEC-v2011-08-13_CM).dat, platform_id: NEC_TG16
Apr 25 05:10:12.712 INFO NEC_TG16: dats/NEC_TG16/NEC PC-Engine & TurboGrafx-16 - Applications (TOSEC-v2018-06-11_CM).dat, path: dats/NEC_TG16/NEC PC-Engine & TurboGrafx-16 - Applications (TOSEC-v2018-06-11_CM).dat, platform_id: NEC_TG16
Apr 25 05:10:12.746 INFO NEC_TG16: dats/NEC_TG16/OpenPCE.dat, path: dats/NEC_TG16/OpenPCE.dat, platform_id: NEC_TG16
Apr 25 05:10:12.793 INFO ATARI_JAGUAR: dats/ATARI_JAGUAR/Atari Jaguar - Applications - [BIN] (TOSEC-v2018-07-01_CM).dat, path: dats/ATARI_JAGUAR/Atari Jaguar - Applications - [BIN] (TOSEC-v2018-07-01_CM).dat, platform_id: ATARI_JAGUAR
Apr 25 05:10:12.793 INFO ATARI_JAGUAR: dats/ATARI_JAGUAR/Atari Jaguar - Demos - [COF] (TOSEC-v2018-07-01_CM).dat, path: dats/ATARI_JAGUAR/Atari Jaguar - Demos - [COF] (TOSEC-v2018-07-01_CM).dat, platform_id: ATARI_JAGUAR
Apr 25 05:10:12.795 INFO ATARI_JAGUAR: dats/ATARI_JAGUAR/Atari Jaguar - Games - [BIN] (TOSEC-v2018-07-01_CM).dat, path: dats/ATARI_JAGUAR/Atari Jaguar - Games - [BIN] (TOSEC-v2018-07-01_CM).dat, platform_id: ATARI_JAGUAR
Apr 25 05:10:12.798 INFO ATARI_JAGUAR: dats/ATARI_JAGUAR/Atari Jaguar - Demos - [JAG] (TOSEC-v2018-07-01_CM).dat, path: dats/ATARI_JAGUAR/Atari Jaguar - Demos - [JAG] (TOSEC-v2018-07-01_CM).dat, platform_id: ATARI_JAGUAR
Apr 25 05:10:12.800 INFO ATARI_JAGUAR: dats/ATARI_JAGUAR/Atari Jaguar - Demos - [ABS] (TOSEC-v2018-07-01_CM).dat, path: dats/ATARI_JAGUAR/Atari Jaguar - Demos - [ABS] (TOSEC-v2018-07-01_CM).dat, platform_id: ATARI_JAGUAR
Apr 25 05:10:12.800 INFO ATARI_JAGUAR: dats/ATARI_JAGUAR/Atari Jaguar - Demos - [BIN] (TOSEC-v2018-07-01_CM).dat, path: dats/ATARI_JAGUAR/Atari Jaguar - Demos - [BIN] (TOSEC-v2018-07-01_CM).dat, platform_id: ATARI_JAGUAR
Apr 25 05:10:12.801 INFO ATARI_JAGUAR: dats/ATARI_JAGUAR/Atari Jaguar - Applications - [COF] (TOSEC-v2018-07-01_CM).dat, path: dats/ATARI_JAGUAR/Atari Jaguar - Applications - [COF] (TOSEC-v2018-07-01_CM).dat, platform_id: ATARI_JAGUAR
Apr 25 05:10:12.801 INFO ATARI_JAGUAR: dats/ATARI_JAGUAR/Atari Jaguar - Applications - [ROM] (TOSEC-v2018-07-01_CM).dat, path: dats/ATARI_JAGUAR/Atari Jaguar - Applications - [ROM] (TOSEC-v2018-07-01_CM).dat, platform_id: ATARI_JAGUAR
Apr 25 05:10:12.801 INFO ATARI_JAGUAR: dats/ATARI_JAGUAR/Atari Jaguar - Games - [ABS] (TOSEC-v2018-07-01_CM).dat, path: dats/ATARI_JAGUAR/Atari Jaguar - Games - [ABS] (TOSEC-v2018-07-01_CM).dat, platform_id: ATARI_JAGUAR
Apr 25 05:10:12.802 INFO ATARI_JAGUAR: dats/ATARI_JAGUAR/Atari Jaguar - Applications - [JAG] (TOSEC-v2018-07-01_CM).dat, path: dats/ATARI_JAGUAR/Atari Jaguar - Applications - [JAG] (TOSEC-v2018-07-01_CM).dat, platform_id: ATARI_JAGUAR
Apr 25 05:10:12.803 INFO ATARI_JAGUAR: dats/ATARI_JAGUAR/Atari Jaguar - Games - [J64] (TOSEC-v2018-07-01_CM).dat, path: dats/ATARI_JAGUAR/Atari Jaguar - Games - [J64] (TOSEC-v2018-07-01_CM).dat, platform_id: ATARI_JAGUAR
Apr 25 05:10:12.804 INFO ATARI_JAGUAR: dats/ATARI_JAGUAR/Atari Jaguar - Games - [JAG] (TOSEC-v2018-07-01_CM).dat, path: dats/ATARI_JAGUAR/Atari Jaguar - Games - [JAG] (TOSEC-v2018-07-01_CM).dat, platform_id: ATARI_JAGUAR
Apr 25 05:10:12.805 INFO ATARI_JAGUAR: dats/ATARI_JAGUAR/Atari Jaguar - Demos - [ROM] (TOSEC-v2018-07-01_CM).dat, path: dats/ATARI_JAGUAR/Atari Jaguar - Demos - [ROM] (TOSEC-v2018-07-01_CM).dat, platform_id: ATARI_JAGUAR
Apr 25 05:10:12.805 INFO ATARI_JAGUAR: dats/ATARI_JAGUAR/Atari Jaguar - Games - [Multipart] (TOSEC-v2018-07-01_CM).dat, path: dats/ATARI_JAGUAR/Atari Jaguar - Games - [Multipart] (TOSEC-v2018-07-01_CM).dat, platform_id: ATARI_JAGUAR
Apr 25 05:10:12.806 INFO ATARI_JAGUAR: dats/ATARI_JAGUAR/Atari - Jaguar (ROM) (20200926-011159).dat, path: dats/ATARI_JAGUAR/Atari - Jaguar (ROM) (20200926-011159).dat, platform_id: ATARI_JAGUAR
Apr 25 05:10:12.809 INFO ATARI_JAGUAR: dats/ATARI_JAGUAR/Atari Jaguar - Applications - [ABS] (TOSEC-v2018-07-01_CM).dat, path: dats/ATARI_JAGUAR/Atari Jaguar - Applications - [ABS] (TOSEC-v2018-07-01_CM).dat, platform_id: ATARI_JAGUAR
Apr 25 05:10:12.810 INFO ATARI_JAGUAR: dats/ATARI_JAGUAR/Atari - Jaguar (J64) (20200926-011159).dat, path: dats/ATARI_JAGUAR/Atari - Jaguar (J64) (20200926-011159).dat, platform_id: ATARI_JAGUAR
Apr 25 05:10:12.813 INFO ATARI_JAGUAR: dats/ATARI_JAGUAR/Atari Jaguar - Firmware (TOSEC-v2013-12-13_CM).dat, path: dats/ATARI_JAGUAR/Atari Jaguar - Firmware (TOSEC-v2013-12-13_CM).dat, platform_id: ATARI_JAGUAR
Apr 25 05:10:12.817 INFO ATARI_JAGUAR: dats/ATARI_JAGUAR/OpenJag.dat, path: dats/ATARI_JAGUAR/OpenJag.dat, platform_id: ATARI_JAGUAR
Apr 25 05:10:12.823 INFO SONY_PS3: dats/SONY_PS3/WIP Sony - PlayStation 3 (PSN) (Decrypted) (20180429-070319).dat, path: dats/SONY_PS3/WIP Sony - PlayStation 3 (PSN) (Decrypted) (20180429-070319).dat, platform_id: SONY_PS3
Apr 25 05:10:12.911 INFO SONY_PS3: dats/SONY_PS3/Sony - PlayStation 3 (PSN) (Updates) (20210419-221200).dat, path: dats/SONY_PS3/Sony - PlayStation 3 (PSN) (Updates) (20210419-221200).dat, platform_id: SONY_PS3
Apr 25 05:10:13.418 INFO SONY_PS3: dats/SONY_PS3/Sony - PlayStation 3 (PSN) (Content) (20210419-221000).dat, path: dats/SONY_PS3/Sony - PlayStation 3 (PSN) (Content) (20210419-221000).dat, platform_id: SONY_PS3
Apr 25 05:10:14.235 INFO SONY_PS3: dats/SONY_PS3/Sony - PlayStation 3 - Datfile (3562) (2021-04-24 23-15-37).dat, path: dats/SONY_PS3/Sony - PlayStation 3 - Datfile (3562) (2021-04-24 23-15-37).dat, platform_id: SONY_PS3
Apr 25 05:10:14.375 INFO SEGA_CD: dats/SEGA_CD/Sega Mega-CD & Sega CD - CD - Samplers - [ISO] (TOSEC-v2014-07-01_CM).dat, path: dats/SEGA_CD/Sega Mega-CD & Sega CD - CD - Samplers - [ISO] (TOSEC-v2014-07-01_CM).dat, platform_id: SEGA_CD
Apr 25 05:10:14.379 INFO SEGA_CD: dats/SEGA_CD/Sega Mega-CD & Sega CD - CD - Samplers - [IMG] (TOSEC-v2012-09-08_CM).dat, path: dats/SEGA_CD/Sega Mega-CD & Sega CD - CD - Samplers - [IMG] (TOSEC-v2012-09-08_CM).dat, platform_id: SEGA_CD
Apr 25 05:10:14.381 INFO SEGA_CD: dats/SEGA_CD/Sega Mega-CD & Sega CD - CD - Educational - [ISO] (TOSEC-v2014-07-01_CM).dat, path: dats/SEGA_CD/Sega Mega-CD & Sega CD - CD - Educational - [ISO] (TOSEC-v2014-07-01_CM).dat, platform_id: SEGA_CD
Apr 25 05:10:14.417 INFO SEGA_CD: dats/SEGA_CD/Sega - Mega CD & Sega CD - Datfile (534) (2021-04-23 22-53-42).dat, path: dats/SEGA_CD/Sega - Mega CD & Sega CD - Datfile (534) (2021-04-23 22-53-42).dat, platform_id: SEGA_CD
Apr 25 05:10:14.543 INFO SEGA_CD: dats/SEGA_CD/Sega Mega-CD & Sega CD - CD - Games - [ISO] (TOSEC-v2013-04-10_CM).dat, path: dats/SEGA_CD/Sega Mega-CD & Sega CD - CD - Games - [ISO] (TOSEC-v2013-04-10_CM).dat, platform_id: SEGA_CD
Apr 25 05:10:14.599 INFO SEGA_CD: dats/SEGA_CD/Sega Mega-CD & Sega CD - Applications (TOSEC-v2021-02-12_CM).dat, path: dats/SEGA_CD/Sega Mega-CD & Sega CD - Applications (TOSEC-v2021-02-12_CM).dat, platform_id: SEGA_CD
Apr 25 05:10:14.599 INFO SEGA_CD: dats/SEGA_CD/Sega Mega-CD & Sega CD - CD - Applications (TOSEC-v2014-07-01_CM).dat, path: dats/SEGA_CD/Sega Mega-CD & Sega CD - CD - Applications (TOSEC-v2014-07-01_CM).dat, platform_id: SEGA_CD
Apr 25 05:10:14.599 INFO SEGA_CD: dats/SEGA_CD/Sega Mega-CD & Sega CD - Firmware (TOSEC-v2020-07-12_CM).dat, path: dats/SEGA_CD/Sega Mega-CD & Sega CD - Firmware (TOSEC-v2020-07-12_CM).dat, platform_id: SEGA_CD
Apr 25 05:10:14.601 INFO SEGA_CD: dats/SEGA_CD/Sega Mega-CD & Sega CD - CD - Educational - [IMG] (TOSEC-v2013-04-10_CM).dat, path: dats/SEGA_CD/Sega Mega-CD & Sega CD - CD - Educational - [IMG] (TOSEC-v2013-04-10_CM).dat, platform_id: SEGA_CD
Apr 25 05:10:14.614 INFO SEGA_CD: dats/SEGA_CD/Sega Mega-CD & Sega CD - CD - Games - [IMG] (TOSEC-v2014-07-01_CM).dat, path: dats/SEGA_CD/Sega Mega-CD & Sega CD - CD - Games - [IMG] (TOSEC-v2014-07-01_CM).dat, platform_id: SEGA_CD
Apr 25 05:10:14.657 INFO SONY_PSV: dats/SONY_PSV/Sony - PlayStation Vita (PSN) (Updates) (20210419-223100).dat, path: dats/SONY_PSV/Sony - PlayStation Vita (PSN) (Updates) (20210419-223100).dat, platform_id: SONY_PSV
Apr 25 05:10:14.846 INFO SONY_PSV: dats/SONY_PSV/Sony - PlayStation Vita (PSN) (Content) (20210419-222800).dat, path: dats/SONY_PSV/Sony - PlayStation Vita (PSN) (Content) (20210419-222800).dat, platform_id: SONY_PSV
Apr 25 05:10:15.196 INFO SONY_PSV: dats/SONY_PSV/Sony - PlayStation Vita (VPK) (20210319-093751).dat, path: dats/SONY_PSV/Sony - PlayStation Vita (VPK) (20210319-093751).dat, platform_id: SONY_PSV
Apr 25 05:10:15.206 INFO SONY_PSV: dats/SONY_PSV/Sony - PlayStation Vita (PSVgameSD) (20210319-093751).dat, path: dats/SONY_PSV/Sony - PlayStation Vita (PSVgameSD) (20210319-093751).dat, platform_id: SONY_PSV
Apr 25 05:10:15.214 INFO SONY_PSV: dats/SONY_PSV/Sony - PlayStation Vita (BlackFinPSV) (20210319-093751).dat, path: dats/SONY_PSV/Sony - PlayStation Vita (BlackFinPSV) (20210319-093751).dat, platform_id: SONY_PSV
Apr 25 05:10:15.332 INFO SONY_PSV: dats/SONY_PSV/Sony - PlayStation Vita (NoNpDrm) (20210319-093751).dat, path: dats/SONY_PSV/Sony - PlayStation Vita (NoNpDrm) (20210319-093751).dat, platform_id: SONY_PSV
Apr 25 05:10:15.819 INFO SONY_PSV: dats/SONY_PSV/WIP Sony - PlayStation Vita (PSN) (Decrypted) (20200527-113102).dat, path: dats/SONY_PSV/WIP Sony - PlayStation Vita (PSN) (Decrypted) (20200527-113102).dat, platform_id: SONY_PSV
Apr 25 05:10:15.887 INFO NEC_TGCD: dats/NEC_TGCD/NEC - PC Engine CD & TurboGrafx CD - Datfile (535) (2021-04-09 21-42-08).dat, path: dats/NEC_TGCD/NEC - PC Engine CD & TurboGrafx CD - Datfile (535) (2021-04-09 21-42-08).dat, platform_id: NEC_TGCD
Apr 25 05:10:16.020 INFO NEC_TGCD: dats/NEC_TGCD/NEC PC-Engine CD & TurboGrafx-16 CD - Compilations (TOSEC-v2019-04-18_CM).dat, path: dats/NEC_TGCD/NEC PC-Engine CD & TurboGrafx-16 CD - Compilations (TOSEC-v2019-04-18_CM).dat, platform_id: NEC_TGCD
Apr 25 05:10:16.021 INFO NEC_TGCD: dats/NEC_TGCD/NEC PC-Engine CD & TurboGrafx-16 CD - Educational (TOSEC-v2018-05-28_CM).dat, path: dats/NEC_TGCD/NEC PC-Engine CD & TurboGrafx-16 CD - Educational (TOSEC-v2018-05-28_CM).dat, platform_id: NEC_TGCD
Apr 25 05:10:16.021 INFO NEC_TGCD: dats/NEC_TGCD/NEC PC-Engine CD & TurboGrafx-16 CD - Applications (TOSEC-v2018-03-23_CM).dat, path: dats/NEC_TGCD/NEC PC-Engine CD & TurboGrafx-16 CD - Applications (TOSEC-v2018-03-23_CM).dat, platform_id: NEC_TGCD
Apr 25 05:10:16.021 INFO NEC_TGCD: dats/NEC_TGCD/NEC PC-Engine CD & TurboGrafx-16 CD - Homebrew - Games (TOSEC-v2012-07-22_CM).dat, path: dats/NEC_TGCD/NEC PC-Engine CD & TurboGrafx-16 CD - Homebrew - Games (TOSEC-v2012-07-22_CM).dat, platform_id: NEC_TGCD
Apr 25 05:10:16.102 INFO NINTENDO_WII: dats/NINTENDO_WII/Nintendo_-_Wii_-_NKit_ISO_(3633)_(20210424_233754).dat, path: dats/NINTENDO_WII/Nintendo_-_Wii_-_NKit_ISO_(3633)_(20210424_233754).dat, platform_id: NINTENDO_WII
Apr 25 05:10:16.276 INFO NINTENDO_WII: dats/NINTENDO_WII/Nintendo_-_Wii_-_NASOS_(3604)_(20200304_221125).dat, path: dats/NINTENDO_WII/Nintendo_-_Wii_-_NASOS_(3604)_(20200304_221125).dat, platform_id: NINTENDO_WII
Apr 25 05:10:16.421 INFO NINTENDO_WII: dats/NINTENDO_WII/Nintendo - Wii - Datfile (3633) (2021-04-24 21-26-43).dat, path: dats/NINTENDO_WII/Nintendo - Wii - Datfile (3633) (2021-04-24 21-26-43).dat, platform_id: NINTENDO_WII
Apr 25 05:10:16.585 INFO NINTENDO_WII: dats/NINTENDO_WII/Nintendo - Wii (Digital) (WAD) (20210412-111704).dat, path: dats/NINTENDO_WII/Nintendo - Wii (Digital) (WAD) (20210412-111704).dat, platform_id: NINTENDO_WII
Apr 25 05:10:16.717 INFO NINTENDO_WII: dats/NINTENDO_WII/Nintendo - Wii (Digital) (Split DLC) (WAD) (20190825-031431).dat, path: dats/NINTENDO_WII/Nintendo - Wii (Digital) (Split DLC) (WAD) (20190825-031431).dat, platform_id: NINTENDO_WII
Apr 25 05:10:16.935 INFO NINTENDO_WII: dats/NINTENDO_WII/Nintendo_-_Wii_-_nNASOS_(3604)_(20200304_222133).dat, path: dats/NINTENDO_WII/Nintendo_-_Wii_-_nNASOS_(3604)_(20200304_222133).dat, platform_id: NINTENDO_WII
Apr 25 05:10:17.110 INFO NINTENDO_WII: dats/NINTENDO_WII/Nintendo_-_Wii_-_NKit_GCZ_(3633)_(20210424_234031).dat, path: dats/NINTENDO_WII/Nintendo_-_Wii_-_NKit_GCZ_(3633)_(20210424_234031).dat, platform_id: NINTENDO_WII
Apr 25 05:10:17.210 INFO NINTENDO_N64DD: dats/NINTENDO_N64DD/Nintendo - Nintendo 64DD (20200831-144306).dat, path: dats/NINTENDO_N64DD/Nintendo - Nintendo 64DD (20200831-144306).dat, platform_id: NINTENDO_N64DD
Apr 25 05:10:17.210 INFO NINTENDO_N64DD: dats/NINTENDO_N64DD/Nintendo 64DD - Games (TOSEC-v2011-08-13_CM).dat, path: dats/NINTENDO_N64DD/Nintendo 64DD - Games (TOSEC-v2011-08-13_CM).dat, platform_id: NINTENDO_N64DD
Apr 25 05:10:17.211 INFO NINTENDO_N64DD: dats/NINTENDO_N64DD/Nintendo 64DD - Applications (TOSEC-v2012-02-27_CM).dat, path: dats/NINTENDO_N64DD/Nintendo 64DD - Applications (TOSEC-v2012-02-27_CM).dat, platform_id: NINTENDO_N64DD
Apr 25 05:10:17.211 INFO NINTENDO_N64DD: dats/NINTENDO_N64DD/Nintendo 64DD - Firmware (TOSEC-v2012-02-27_CM).dat, path: dats/NINTENDO_N64DD/Nintendo 64DD - Firmware (TOSEC-v2012-02-27_CM).dat, platform_id: NINTENDO_N64DD
Apr 25 05:10:17.211 INFO NINTENDO_N64DD: dats/NINTENDO_N64DD/OpenN64.64DD.dat, path: dats/NINTENDO_N64DD/OpenN64.64DD.dat, platform_id: NINTENDO_N64DD
Apr 25 05:10:17.212 INFO NINTENDO_SFT: dats/NINTENDO_SFT/Nintendo - Sufami Turbo (20201218-081558).dat, path: dats/NINTENDO_SFT/Nintendo - Sufami Turbo (20201218-081558).dat, platform_id: NINTENDO_SFT
Apr 25 05:10:17.215 INFO NINTENDO_SFT: dats/NINTENDO_SFT/OpenSNES.ST.dat, path: dats/NINTENDO_SFT/OpenSNES.ST.dat, platform_id: NINTENDO_SFT
Apr 25 05:10:17.224 INFO GCE_VECTREX: dats/GCE_VECTREX/OpenVECT.dat, path: dats/GCE_VECTREX/OpenVECT.dat, platform_id: GCE_VECTREX
Apr 25 05:10:17.231 INFO GCE_VECTREX: dats/GCE_VECTREX/GCE Vectrex - Demos - Slideshows (TOSEC-v2012-02-27_CM).dat, path: dats/GCE_VECTREX/GCE Vectrex - Demos - Slideshows (TOSEC-v2012-02-27_CM).dat, platform_id: GCE_VECTREX
Apr 25 05:10:17.232 INFO GCE_VECTREX: dats/GCE_VECTREX/GCE Vectrex - Firmware (TOSEC-v2012-02-27_CM).dat, path: dats/GCE_VECTREX/GCE Vectrex - Firmware (TOSEC-v2012-02-27_CM).dat, platform_id: GCE_VECTREX
Apr 25 05:10:17.232 INFO GCE_VECTREX: dats/GCE_VECTREX/GCE - Vectrex (20170908-211236).dat, path: dats/GCE_VECTREX/GCE - Vectrex (20170908-211236).dat, platform_id: GCE_VECTREX
Apr 25 05:10:17.236 INFO GCE_VECTREX: dats/GCE_VECTREX/GCE Vectrex - Games (TOSEC-v2014-07-30_CM).dat, path: dats/GCE_VECTREX/GCE Vectrex - Games (TOSEC-v2014-07-30_CM).dat, platform_id: GCE_VECTREX
Apr 25 05:10:17.241 INFO GCE_VECTREX: dats/GCE_VECTREX/GCE Vectrex - Compilations (TOSEC-v2012-02-27_CM).dat, path: dats/GCE_VECTREX/GCE Vectrex - Compilations (TOSEC-v2012-02-27_CM).dat, platform_id: GCE_VECTREX
Apr 25 05:10:17.242 INFO GCE_VECTREX: dats/GCE_VECTREX/GCE Vectrex - Demos - Various (TOSEC-v2012-02-27_CM).dat, path: dats/GCE_VECTREX/GCE Vectrex - Demos - Various (TOSEC-v2012-02-27_CM).dat, platform_id: GCE_VECTREX
Apr 25 05:10:17.244 INFO GCE_VECTREX: dats/GCE_VECTREX/GCE Vectrex - Demos - Music (TOSEC-v2012-02-27_CM).dat, path: dats/GCE_VECTREX/GCE Vectrex - Demos - Music (TOSEC-v2012-02-27_CM).dat, platform_id: GCE_VECTREX
Apr 25 05:10:17.246 INFO NEC_SGFX: dats/NEC_SGFX/NEC SuperGrafx - Games (TOSEC-v2018-08-26_CM).dat, path: dats/NEC_SGFX/NEC SuperGrafx - Games (TOSEC-v2018-08-26_CM).dat, platform_id: NEC_SGFX
Apr 25 05:10:17.246 INFO NEC_SGFX: dats/NEC_SGFX/NEC - PC Engine SuperGrafx (20210301-191651).dat, path: dats/NEC_SGFX/NEC - PC Engine SuperGrafx (20210301-191651).dat, platform_id: NEC_SGFX
Apr 25 05:10:17.266 INFO NINTENDO_BS: dats/NINTENDO_BS/OpenSNES.BS.dat, path: dats/NINTENDO_BS/OpenSNES.BS.dat, platform_id: NINTENDO_BS
Apr 25 05:10:17.288 INFO NINTENDO_BS: dats/NINTENDO_BS/Nintendo - Satellaview (20210423-223042).dat, path: dats/NINTENDO_BS/Nintendo - Satellaview (20210423-223042).dat, platform_id: NINTENDO_BS
Apr 25 05:10:17.320 INFO NINTENDO_GCN: dats/NINTENDO_GCN/Nintendo - GameCube - Datfile (1913) (2021-04-16 18-17-27).dat, path: dats/NINTENDO_GCN/Nintendo - GameCube - Datfile (1913) (2021-04-16 18-17-27).dat, platform_id: NINTENDO_GCN
Apr 25 05:10:17.390 INFO NINTENDO_GCN: dats/NINTENDO_GCN/Nintendo - GameCube - BIOS Datfile (15) (2021-04-16).dat, path: dats/NINTENDO_GCN/Nintendo - GameCube - BIOS Datfile (15) (2021-04-16).dat, platform_id: NINTENDO_GCN
Apr 25 05:10:17.398 INFO NINTENDO_GCN: dats/NINTENDO_GCN/Nintendo GameCube - Games (TOSEC-v2020-10-26_CM).dat, path: dats/NINTENDO_GCN/Nintendo GameCube - Games (TOSEC-v2020-10-26_CM).dat, platform_id: NINTENDO_GCN
Apr 25 05:10:17.454 INFO NINTENDO_GCN: dats/NINTENDO_GCN/Nintendo_-_GameCube_-_NKit_GCZ_(1911)_(20210325_172858).dat, path: dats/NINTENDO_GCN/Nintendo_-_GameCube_-_NKit_GCZ_(1911)_(20210325_172858).dat, platform_id: NINTENDO_GCN
Apr 25 05:10:17.506 INFO NINTENDO_GCN: dats/NINTENDO_GCN/Nintendo GameCube - Applications (TOSEC-v2020-10-26_CM).dat, path: dats/NINTENDO_GCN/Nintendo GameCube - Applications (TOSEC-v2020-10-26_CM).dat, platform_id: NINTENDO_GCN
Apr 25 05:10:17.553 INFO NINTENDO_GCN: dats/NINTENDO_GCN/Nintendo_-_GameCube_-_NASOS_(1893)_(20200304_132041).dat, path: dats/NINTENDO_GCN/Nintendo_-_GameCube_-_NASOS_(1893)_(20200304_132041).dat, platform_id: NINTENDO_GCN
Apr 25 05:10:17.647 INFO NINTENDO_GCN: dats/NINTENDO_GCN/Nintendo_-_GameCube_-_nNASOS_(1893)_(20200304_131036).dat, path: dats/NINTENDO_GCN/Nintendo_-_GameCube_-_nNASOS_(1893)_(20200304_131036).dat, platform_id: NINTENDO_GCN
Apr 25 05:10:17.739 INFO NINTENDO_GCN: dats/NINTENDO_GCN/Nintendo_-_GameCube_-_NKit_ISO_(1911)_(20210325_173450).dat, path: dats/NINTENDO_GCN/Nintendo_-_GameCube_-_NKit_ISO_(1911)_(20210325_173450).dat, platform_id: NINTENDO_GCN
Apr 25 05:10:17.792 INFO NINTENDO_GCN: dats/NINTENDO_GCN/Nintendo GameCube - Samplers (TOSEC-v2020-10-22_CM).dat, path: dats/NINTENDO_GCN/Nintendo GameCube - Samplers (TOSEC-v2020-10-22_CM).dat, platform_id: NINTENDO_GCN
Apr 25 05:10:17.792 INFO SEGA_GG: dats/SEGA_GG/Sega Game Gear - Firmware (TOSEC-v2011-12-19_CM).dat, path: dats/SEGA_GG/Sega Game Gear - Firmware (TOSEC-v2011-12-19_CM).dat, platform_id: SEGA_GG
Apr 25 05:10:17.792 INFO SEGA_GG: dats/SEGA_GG/Sega Game Gear - Educational (TOSEC-v2011-06-20_CM).dat, path: dats/SEGA_GG/Sega Game Gear - Educational (TOSEC-v2011-06-20_CM).dat, platform_id: SEGA_GG
Apr 25 05:10:17.793 INFO SEGA_GG: dats/SEGA_GG/Sega Game Gear - Samplers (TOSEC-v2011-06-20_CM).dat, path: dats/SEGA_GG/Sega Game Gear - Samplers (TOSEC-v2011-06-20_CM).dat, platform_id: SEGA_GG
Apr 25 05:10:17.793 INFO SEGA_GG: dats/SEGA_GG/Sega Game Gear - Demos (TOSEC-v2017-09-03_CM).dat, path: dats/SEGA_GG/Sega Game Gear - Demos (TOSEC-v2017-09-03_CM).dat, platform_id: SEGA_GG
Apr 25 05:10:17.811 INFO SEGA_GG: dats/SEGA_GG/Sega Game Gear - Games (TOSEC-v2017-09-03_CM).dat, path: dats/SEGA_GG/Sega Game Gear - Games (TOSEC-v2017-09-03_CM).dat, platform_id: SEGA_GG
Apr 25 05:10:17.848 INFO SEGA_GG: dats/SEGA_GG/Sega - Game Gear (20210420-121518).dat, path: dats/SEGA_GG/Sega - Game Gear (20210420-121518).dat, platform_id: SEGA_GG
Apr 25 05:10:17.872 INFO SEGA_GG: dats/SEGA_GG/Sega Game Gear - Applications (TOSEC-v2017-09-03_CM).dat, path: dats/SEGA_GG/Sega Game Gear - Applications (TOSEC-v2017-09-03_CM).dat, platform_id: SEGA_GG
Apr 25 05:10:17.872 INFO SEGA_GEN: dats/SEGA_GEN/Sega Mega Drive & Genesis - Firmware (TOSEC-v2021-02-12_CM).dat, path: dats/SEGA_GEN/Sega Mega Drive & Genesis - Firmware (TOSEC-v2021-02-12_CM).dat, platform_id: SEGA_GEN
Apr 25 05:10:17.873 INFO SEGA_GEN: dats/SEGA_GEN/Sega Mega Drive & Genesis - Applications - [BIN] (TOSEC-v2021-02-12_CM).dat, path: dats/SEGA_GEN/Sega Mega Drive & Genesis - Applications - [BIN] (TOSEC-v2021-02-12_CM).dat, platform_id: SEGA_GEN
Apr 25 05:10:17.891 INFO SEGA_GEN: dats/SEGA_GEN/Sega - Mega Drive - Genesis (20210421-193254).dat, path: dats/SEGA_GEN/Sega - Mega Drive - Genesis (20210421-193254).dat, platform_id: SEGA_GEN
Apr 25 05:10:17.983 INFO SEGA_GEN: dats/SEGA_GEN/Sega Mega Drive & Genesis - Applications - [Multipart] (TOSEC-v2019-09-01_CM).dat, path: dats/SEGA_GEN/Sega Mega Drive & Genesis - Applications - [Multipart] (TOSEC-v2019-09-01_CM).dat, platform_id: SEGA_GEN
Apr 25 05:10:18.087 INFO SEGA_GEN: dats/SEGA_GEN/Sega Mega Drive & Genesis - Games - [BIN] (TOSEC-v2021-02-12_CM).dat, path: dats/SEGA_GEN/Sega Mega Drive & Genesis - Games - [BIN] (TOSEC-v2021-02-12_CM).dat, platform_id: SEGA_GEN
Apr 25 05:10:18.263 INFO SEGA_GEN: dats/SEGA_GEN/Sega Mega Drive & Genesis - Compilations (TOSEC-v2021-02-12_CM).dat, path: dats/SEGA_GEN/Sega Mega Drive & Genesis - Compilations (TOSEC-v2021-02-12_CM).dat, platform_id: SEGA_GEN
Apr 25 05:10:18.268 INFO SEGA_GEN: dats/SEGA_GEN/Sega Mega Drive & Genesis - Demos (TOSEC-v2021-02-12_CM).dat, path: dats/SEGA_GEN/Sega Mega Drive & Genesis - Demos (TOSEC-v2021-02-12_CM).dat, platform_id: SEGA_GEN
Apr 25 05:10:18.274 INFO SEGA_GEN: dats/SEGA_GEN/Sega Mega Drive & Genesis - Games - [Multipart] (TOSEC-v2019-09-01_CM).dat, path: dats/SEGA_GEN/Sega Mega Drive & Genesis - Games - [Multipart] (TOSEC-v2019-09-01_CM).dat, platform_id: SEGA_GEN
Apr 25 05:10:18.275 INFO SEGA_GEN: dats/SEGA_GEN/Sega Mega Drive & Genesis - Educational (TOSEC-v2020-07-12_CM).dat, path: dats/SEGA_GEN/Sega Mega Drive & Genesis - Educational (TOSEC-v2020-07-12_CM).dat, platform_id: SEGA_GEN
Apr 25 05:10:18.478 INFO SEGA_GEN: dats/SEGA_GEN/OpenGen.Gen.dat, path: dats/SEGA_GEN/OpenGen.Gen.dat, platform_id: SEGA_GEN
Apr 25 05:10:18.711 INFO COLECO_CV: dats/COLECO_CV/OpenCol.dat, path: dats/COLECO_CV/OpenCol.dat, platform_id: COLECO_CV
Apr 25 05:10:18.723 INFO COLECO_CV: dats/COLECO_CV/Coleco ColecoVision - Educational (TOSEC-v2015-05-07_CM).dat, path: dats/COLECO_CV/Coleco ColecoVision - Educational (TOSEC-v2015-05-07_CM).dat, platform_id: COLECO_CV
Apr 25 05:10:18.726 INFO COLECO_CV: dats/COLECO_CV/Coleco - ColecoVision (20200926-011306).dat, path: dats/COLECO_CV/Coleco - ColecoVision (20200926-011306).dat, platform_id: COLECO_CV
Apr 25 05:10:18.733 INFO COLECO_CV: dats/COLECO_CV/Coleco ColecoVision - Applications (TOSEC-v2015-05-07_CM).dat, path: dats/COLECO_CV/Coleco ColecoVision - Applications (TOSEC-v2015-05-07_CM).dat, platform_id: COLECO_CV
Apr 25 05:10:18.743 INFO COLECO_CV: dats/COLECO_CV/Coleco ColecoVision - Games (TOSEC-v2015-05-07_CM).dat, path: dats/COLECO_CV/Coleco ColecoVision - Games (TOSEC-v2015-05-07_CM).dat, platform_id: COLECO_CV
Apr 25 05:10:18.760 INFO COLECO_CV: dats/COLECO_CV/Coleco ColecoVision - Demos (TOSEC-v2015-05-07_CM).dat, path: dats/COLECO_CV/Coleco ColecoVision - Demos (TOSEC-v2015-05-07_CM).dat, platform_id: COLECO_CV
Apr 25 05:10:18.762 INFO COLECO_CV: dats/COLECO_CV/Coleco ColecoVision - Firmware (TOSEC-v2015-05-07_CM).dat, path: dats/COLECO_CV/Coleco ColecoVision - Firmware (TOSEC-v2015-05-07_CM).dat, platform_id: COLECO_CV
Apr 25 05:10:18.775 INFO NINTENDO_3DS: dats/NINTENDO_3DS/Nintendo - Nintendo 3DS (Digital) (Updates and DLC) (Encrypted) (20210131-105651).dat, path: dats/NINTENDO_3DS/Nintendo - Nintendo 3DS (Digital) (Updates and DLC) (Encrypted) (20210131-105651).dat, platform_id: NINTENDO_3DS
Apr 25 05:10:18.831 INFO NINTENDO_3DS: dats/NINTENDO_3DS/Nintendo - Nintendo 3DS (Digital) (Updates and DLC) (Decrypted) (20210131-105651).dat, path: dats/NINTENDO_3DS/Nintendo - Nintendo 3DS (Digital) (Updates and DLC) (Decrypted) (20210131-105651).dat, platform_id: NINTENDO_3DS
Apr 25 05:10:18.834 INFO NINTENDO_3DS: dats/NINTENDO_3DS/Nintendo - Nintendo 3DS (Digital) (CDN) (CIA) (20210410-150905).dat, path: dats/NINTENDO_3DS/Nintendo - Nintendo 3DS (Digital) (CDN) (CIA) (20210410-150905).dat, platform_id: NINTENDO_3DS
Apr 25 05:10:18.844 INFO NINTENDO_3DS: dats/NINTENDO_3DS/Nintendo - Nintendo 3DS (Digital) (20201110-082250).dat, path: dats/NINTENDO_3DS/Nintendo - Nintendo 3DS (Digital) (20201110-082250).dat, platform_id: NINTENDO_3DS
Apr 25 05:10:18.895 INFO NINTENDO_3DS: dats/NINTENDO_3DS/Nintendo - Nintendo 3DS (Encrypted) (20210423-115838).dat, path: dats/NINTENDO_3DS/Nintendo - Nintendo 3DS (Encrypted) (20210423-115838).dat, platform_id: NINTENDO_3DS
Apr 25 05:10:18.982 INFO NINTENDO_3DS: dats/NINTENDO_3DS/Nintendo - Nintendo 3DS (Decrypted) (20210423-115838).dat, path: dats/NINTENDO_3DS/Nintendo - Nintendo 3DS (Decrypted) (20210423-115838).dat, platform_id: NINTENDO_3DS
Apr 25 05:10:19.055 INFO WATARA_SV: dats/WATARA_SV/OpenSV.dat, path: dats/WATARA_SV/OpenSV.dat, platform_id: WATARA_SV
Apr 25 05:10:19.058 INFO WATARA_SV: dats/WATARA_SV/Watara - Supervision (20200126-122631).dat, path: dats/WATARA_SV/Watara - Supervision (20200126-122631).dat, platform_id: WATARA_SV
Apr 25 05:10:19.077 INFO PHILIPS_CDI: dats/PHILIPS_CDI/Philips - CD-i - Datfile (845) (2021-04-24 23-17-28).dat, path: dats/PHILIPS_CDI/Philips - CD-i - Datfile (845) (2021-04-24 23-17-28).dat, platform_id: PHILIPS_CDI
Apr 25 05:10:19.126 INFO MICROSOFT_XBO: dats/MICROSOFT_XBO/Microsoft - Xbox One - Datfile (374) (2021-04-21 23-45-27).dat, path: dats/MICROSOFT_XBO/Microsoft - Xbox One - Datfile (374) (2021-04-21 23-45-27).dat, platform_id: MICROSOFT_XBO
Apr 25 05:10:19.137 INFO NINTENDO_GB: dats/NINTENDO_GB/Nintendo Game Boy - Firmware (TOSEC-v2011-09-27_CM).dat, path: dats/NINTENDO_GB/Nintendo Game Boy - Firmware (TOSEC-v2011-09-27_CM).dat, platform_id: NINTENDO_GB
Apr 25 05:10:19.137 INFO NINTENDO_GB: dats/NINTENDO_GB/Nintendo Game Boy - Demos (TOSEC-v2011-08-13_CM).dat, path: dats/NINTENDO_GB/Nintendo Game Boy - Demos (TOSEC-v2011-08-13_CM).dat, platform_id: NINTENDO_GB
Apr 25 05:10:19.202 INFO NINTENDO_GB: dats/NINTENDO_GB/Nintendo Game Boy - Games (TOSEC-v2020-10-26_CM).dat, path: dats/NINTENDO_GB/Nintendo Game Boy - Games (TOSEC-v2020-10-26_CM).dat, platform_id: NINTENDO_GB
Apr 25 05:10:19.320 INFO NINTENDO_GB: dats/NINTENDO_GB/Nintendo - Game Boy (20210420-130325).dat, path: dats/NINTENDO_GB/Nintendo - Game Boy (20210420-130325).dat, platform_id: NINTENDO_GB
Apr 25 05:10:19.472 INFO NINTENDO_GB: dats/NINTENDO_GB/OpenGBx.GB.dat, path: dats/NINTENDO_GB/OpenGBx.GB.dat, platform_id: NINTENDO_GB
Apr 25 05:10:20.578 INFO NINTENDO_GBA: dats/NINTENDO_GBA/OpenGBA.GBA.dat, path: dats/NINTENDO_GBA/OpenGBA.GBA.dat, platform_id: NINTENDO_GBA
Apr 25 05:10:21.610 INFO NINTENDO_GBA: dats/NINTENDO_GBA/Nintendo - Game Boy Advance (20210415-050230).dat, path: dats/NINTENDO_GBA/Nintendo - Game Boy Advance (20210415-050230).dat, platform_id: NINTENDO_GBA
Apr 25 05:10:21.724 INFO NINTENDO_GBA: dats/NINTENDO_GBA/Nintendo Game Boy Advance - Demos (TOSEC-v2012-04-13_CM).dat, path: dats/NINTENDO_GBA/Nintendo Game Boy Advance - Demos (TOSEC-v2012-04-13_CM).dat, platform_id: NINTENDO_GBA
Apr 25 05:10:21.732 INFO NINTENDO_GBA: dats/NINTENDO_GBA/Nintendo Game Boy Advance - Applications (TOSEC-v2011-06-20_CM).dat, path: dats/NINTENDO_GBA/Nintendo Game Boy Advance - Applications (TOSEC-v2011-06-20_CM).dat, platform_id: NINTENDO_GBA
Apr 25 05:10:21.735 INFO NINTENDO_GBA: dats/NINTENDO_GBA/OpenGBA.MB.dat, path: dats/NINTENDO_GBA/OpenGBA.MB.dat, platform_id: NINTENDO_GBA
Apr 25 05:10:21.744 INFO NINTENDO_GBA: dats/NINTENDO_GBA/Nintendo - Game Boy Advance (Multiboot) (20210321-122109).dat, path: dats/NINTENDO_GBA/Nintendo - Game Boy Advance (Multiboot) (20210321-122109).dat, platform_id: NINTENDO_GBA
Apr 25 05:10:21.749 INFO NINTENDO_GBA: dats/NINTENDO_GBA/Nintendo Game Boy Advance - Games (TOSEC-v2020-10-26_CM).dat, path: dats/NINTENDO_GBA/Nintendo Game Boy Advance - Games (TOSEC-v2020-10-26_CM).dat, platform_id: NINTENDO_GBA
Apr 25 05:10:21.774 INFO SONY_PS4: dats/SONY_PS4/Sony - PlayStation 4 - Datfile (1362) (2021-04-21 02-11-04).dat, path: dats/SONY_PS4/Sony - PlayStation 4 - Datfile (1362) (2021-04-21 02-11-04).dat, platform_id: SONY_PS4
Apr 25 05:10:22.265 INFO SONY_PS4: dats/SONY_PS4/Sony - PlayStation 4 (PSN) (Updates) (Merged) (20201228-191509).dat, path: dats/SONY_PS4/Sony - PlayStation 4 (PSN) (Updates) (Merged) (20201228-191509).dat, platform_id: SONY_PS4
Apr 25 05:10:24.296 INFO SONY_PS4: dats/SONY_PS4/Sony - PlayStation 4 (PSN) (Content) (Merged) (20210123-025315).dat, path: dats/SONY_PS4/Sony - PlayStation 4 (PSN) (Content) (Merged) (20210123-025315).dat, platform_id: SONY_PS4
Apr 25 05:10:25.714 INFO ATARI_LYNX: dats/ATARI_LYNX/Atari Lynx - Games (TOSEC-v2013-12-13_CM).dat, path: dats/ATARI_LYNX/Atari Lynx - Games (TOSEC-v2013-12-13_CM).dat, platform_id: ATARI_LYNX
Apr 25 05:10:25.729 INFO ATARI_LYNX: dats/ATARI_LYNX/Atari Lynx - Demos (TOSEC-v2013-12-13_CM).dat, path: dats/ATARI_LYNX/Atari Lynx - Demos (TOSEC-v2013-12-13_CM).dat, platform_id: ATARI_LYNX
Apr 25 05:10:25.735 INFO ATARI_LYNX: dats/ATARI_LYNX/Atari Lynx - Firmware (TOSEC-v2013-12-13_CM).dat, path: dats/ATARI_LYNX/Atari Lynx - Firmware (TOSEC-v2013-12-13_CM).dat, platform_id: ATARI_LYNX
Apr 25 05:10:25.745 INFO ATARI_LYNX: dats/ATARI_LYNX/OpenLynx.dat, path: dats/ATARI_LYNX/OpenLynx.dat, platform_id: ATARI_LYNX
Apr 25 05:10:25.756 INFO ATARI_LYNX: dats/ATARI_LYNX/Atari - Lynx (20201108-203053).dat, path: dats/ATARI_LYNX/Atari - Lynx (20201108-203053).dat, platform_id: ATARI_LYNX
Apr 25 05:10:25.760 INFO ATARI_LYNX: dats/ATARI_LYNX/Atari Lynx - Applications (TOSEC-v2013-12-13_CM).dat, path: dats/ATARI_LYNX/Atari Lynx - Applications (TOSEC-v2013-12-13_CM).dat, platform_id: ATARI_LYNX
Apr 25 05:10:26.338 INFO NINTENDO_SNES: dats/NINTENDO_SNES/OpenSNES.SNES.dat, path: dats/NINTENDO_SNES/OpenSNES.SNES.dat, platform_id: NINTENDO_SNES
Apr 25 05:10:27.073 INFO NINTENDO_SNES: dats/NINTENDO_SNES/Nintendo Super Famicom & Super Entertainment System - Games (TOSEC-v2020-10-26_CM).dat, path: dats/NINTENDO_SNES/Nintendo Super Famicom & Super Entertainment System - Games (TOSEC-v2020-10-26_CM).dat, platform_id: NINTENDO_SNES
Apr 25 05:10:27.194 INFO NINTENDO_SNES: dats/NINTENDO_SNES/Nintendo Super Famicom & Super Entertainment System - Educational (TOSEC-v2011-08-13_CM).dat, path: dats/NINTENDO_SNES/Nintendo Super Famicom & Super Entertainment System - Educational (TOSEC-v2011-08-13_CM).dat, platform_id: NINTENDO_SNES
Apr 25 05:10:27.194 INFO NINTENDO_SNES: dats/NINTENDO_SNES/Nintendo Super Famicom & Super Entertainment System - Firmware (TOSEC-v2011-08-13_CM).dat, path: dats/NINTENDO_SNES/Nintendo Super Famicom & Super Entertainment System - Firmware (TOSEC-v2011-08-13_CM).dat, platform_id: NINTENDO_SNES
Apr 25 05:10:27.194 INFO NINTENDO_SNES: dats/NINTENDO_SNES/Nintendo Super Famicom & Super Entertainment System - Demos (TOSEC-v2011-08-13_CM).dat, path: dats/NINTENDO_SNES/Nintendo Super Famicom & Super Entertainment System - Demos (TOSEC-v2011-08-13_CM).dat, platform_id: NINTENDO_SNES
Apr 25 05:10:27.219 INFO NINTENDO_SNES: dats/NINTENDO_SNES/Nintendo - Super Nintendo Entertainment System (Combined) (20210412-140258).dat, path: dats/NINTENDO_SNES/Nintendo - Super Nintendo Entertainment System (Combined) (20210412-140258).dat, platform_id: NINTENDO_SNES
Apr 25 05:10:27.330 INFO BANDAI_WSC: dats/BANDAI_WSC/Bandai - WonderSwan Color (20210416-022413).dat, path: dats/BANDAI_WSC/Bandai - WonderSwan Color (20210416-022413).dat, platform_id: BANDAI_WSC
Apr 25 05:10:27.339 INFO BANDAI_WSC: dats/BANDAI_WSC/OpenWSx.WSC.dat, path: dats/BANDAI_WSC/OpenWSx.WSC.dat, platform_id: BANDAI_WSC
Apr 25 05:10:27.346 INFO BANDAI_WSC: dats/BANDAI_WSC/Bandai WonderSwan Color - Games (TOSEC-v2020-10-26_CM).dat, path: dats/BANDAI_WSC/Bandai WonderSwan Color - Games (TOSEC-v2020-10-26_CM).dat, platform_id: BANDAI_WSC
Apr 25 05:10:27.351 INFO BANDAI_WSC: dats/BANDAI_WSC/Bandai WonderSwan Color - Demos (TOSEC-v2013-12-13_CM).dat, path: dats/BANDAI_WSC/Bandai WonderSwan Color - Demos (TOSEC-v2013-12-13_CM).dat, platform_id: BANDAI_WSC
Apr 25 05:10:27.352 INFO NINTENDO_DSI: dats/NINTENDO_DSI/Nintendo - Nintendo DSi (Decrypted) (20210420-054711).dat, path: dats/NINTENDO_DSI/Nintendo - Nintendo DSi (Decrypted) (20210420-054711).dat, platform_id: NINTENDO_DSI
Apr 25 05:10:27.353 INFO NINTENDO_DSI: dats/NINTENDO_DSI/Nintendo - Nintendo DSi (Encrypted) (20210420-054711).dat, path: dats/NINTENDO_DSI/Nintendo - Nintendo DSi (Encrypted) (20210420-054711).dat, platform_id: NINTENDO_DSI
Apr 25 05:10:27.358 INFO BANDAI_WS: dats/BANDAI_WS/OpenWSx.WS.dat, path: dats/BANDAI_WS/OpenWSx.WS.dat, platform_id: BANDAI_WS
Apr 25 05:10:27.365 INFO BANDAI_WS: dats/BANDAI_WS/Bandai - WonderSwan (20210416-045914).dat, path: dats/BANDAI_WS/Bandai - WonderSwan (20210416-045914).dat, platform_id: BANDAI_WS
Apr 25 05:10:27.369 INFO BANDAI_WS: dats/BANDAI_WS/Bandai WonderSwan - Demos (TOSEC-v2013-12-13_CM).dat, path: dats/BANDAI_WS/Bandai WonderSwan - Demos (TOSEC-v2013-12-13_CM).dat, platform_id: BANDAI_WS
Apr 25 05:10:27.372 INFO BANDAI_WS: dats/BANDAI_WS/Bandai WonderSwan - Games (TOSEC-v2020-10-26_CM).dat, path: dats/BANDAI_WS/Bandai WonderSwan - Games (TOSEC-v2020-10-26_CM).dat, platform_id: BANDAI_WS
Apr 25 05:10:27.377 INFO SEGA_DC: dats/SEGA_DC/Sega Dreamcast - Homebrew - Demos - [ELF] (TOSEC-v2012-02-27_CM).dat, path: dats/SEGA_DC/Sega Dreamcast - Homebrew - Demos - [ELF] (TOSEC-v2012-02-27_CM).dat, platform_id: SEGA_DC
Apr 25 05:10:27.378 INFO SEGA_DC: dats/SEGA_DC/Sega Dreamcast - Homebrew - Demos - [BIN] (TOSEC-v2012-02-27_CM).dat, path: dats/SEGA_DC/Sega Dreamcast - Homebrew - Demos - [BIN] (TOSEC-v2012-02-27_CM).dat, platform_id: SEGA_DC
Apr 25 05:10:27.383 INFO SEGA_DC: dats/SEGA_DC/Sega Dreamcast - Various Unverified Dumps (TOSEC-v2020-07-20_CM).dat, path: dats/SEGA_DC/Sega Dreamcast - Various Unverified Dumps (TOSEC-v2020-07-20_CM).dat, platform_id: SEGA_DC
Apr 25 05:10:27.425 INFO SEGA_DC: dats/SEGA_DC/Sega Dreamcast - Games - JP (TOSEC-v2020-04-14_CM).dat, path: dats/SEGA_DC/Sega Dreamcast - Games - JP (TOSEC-v2020-04-14_CM).dat, platform_id: SEGA_DC
Apr 25 05:10:27.481 INFO SEGA_DC: dats/SEGA_DC/Sega Dreamcast - Firmware (TOSEC-v2017-07-05_CM).dat, path: dats/SEGA_DC/Sega Dreamcast - Firmware (TOSEC-v2017-07-05_CM).dat, platform_id: SEGA_DC
Apr 25 05:10:27.504 INFO SEGA_DC: dats/SEGA_DC/Sega Dreamcast - Games - PAL (TOSEC-v2019-08-04_CM).dat, path: dats/SEGA_DC/Sega Dreamcast - Games - PAL (TOSEC-v2019-08-04_CM).dat, platform_id: SEGA_DC
Apr 25 05:10:27.539 INFO SEGA_DC: dats/SEGA_DC/Sega Dreamcast - Games - [ISO] (TOSEC-v2019-05-10_CM).dat, path: dats/SEGA_DC/Sega Dreamcast - Games - [ISO] (TOSEC-v2019-05-10_CM).dat, platform_id: SEGA_DC
Apr 25 05:10:27.546 INFO SEGA_DC: dats/SEGA_DC/Sega Dreamcast - Applications (TOSEC-v2019-12-20_CM).dat, path: dats/SEGA_DC/Sega Dreamcast - Applications (TOSEC-v2019-12-20_CM).dat, platform_id: SEGA_DC
Apr 25 05:10:27.613 INFO SEGA_DC: dats/SEGA_DC/Sega - Dreamcast - Datfile (1384) (2021-04-24 20-31-02).dat, path: dats/SEGA_DC/Sega - Dreamcast - Datfile (1384) (2021-04-24 20-31-02).dat, platform_id: SEGA_DC
Apr 25 05:10:27.751 INFO SEGA_DC: dats/SEGA_DC/Sega Dreamcast - Homebrew - Demos - [CDI] (TOSEC-v2012-02-27_CM).dat, path: dats/SEGA_DC/Sega Dreamcast - Homebrew - Demos - [CDI] (TOSEC-v2012-02-27_CM).dat, platform_id: SEGA_DC
Apr 25 05:10:27.773 INFO SEGA_DC: dats/SEGA_DC/Sega Dreamcast - Games - US (TOSEC-v2020-01-24_CM).dat, path: dats/SEGA_DC/Sega Dreamcast - Games - US (TOSEC-v2020-01-24_CM).dat, platform_id: SEGA_DC
Apr 25 05:10:27.815 INFO SEGA_DC: dats/SEGA_DC/Sega Dreamcast - Samplers (TOSEC-v2020-07-20_CM).dat, path: dats/SEGA_DC/Sega Dreamcast - Samplers (TOSEC-v2020-07-20_CM).dat, platform_id: SEGA_DC
Apr 25 05:10:27.830 INFO SEGA_DC: dats/SEGA_DC/Sega Dreamcast - Homebrew - Demos - [NRG] (TOSEC-v2012-02-27_CM).dat, path: dats/SEGA_DC/Sega Dreamcast - Homebrew - Demos - [NRG] (TOSEC-v2012-02-27_CM).dat, platform_id: SEGA_DC
Apr 25 05:10:27.830 INFO SEGA_DC: dats/SEGA_DC/Sega Dreamcast - Homebrew - Demos - [Multipart] (TOSEC-v2012-02-27_CM).dat, path: dats/SEGA_DC/Sega Dreamcast - Homebrew - Demos - [Multipart] (TOSEC-v2012-02-27_CM).dat, platform_id: SEGA_DC
Apr 25 05:10:27.840 INFO PANASONIC_3DO: dats/PANASONIC_3DO/Panasonic - 3DO Interactive Multiplayer - Datfile (543) (2021-04-16 21-33-03).dat, path: dats/PANASONIC_3DO/Panasonic - 3DO Interactive Multiplayer - Datfile (543) (2021-04-16 21-33-03).dat, platform_id: PANASONIC_3DO
Apr 25 05:10:27.867 INFO PANASONIC_3DO: dats/PANASONIC_3DO/3DO 3DO Interactive Multiplayer - Applications - [IMG] (TOSEC-v2017-09-15_CM).dat, path: dats/PANASONIC_3DO/3DO 3DO Interactive Multiplayer - Applications - [IMG] (TOSEC-v2017-09-15_CM).dat, platform_id: PANASONIC_3DO
Apr 25 05:10:27.868 INFO PANASONIC_3DO: dats/PANASONIC_3DO/3DO 3DO Interactive Multiplayer - Educational (TOSEC-v2012-07-05_CM).dat, path: dats/PANASONIC_3DO/3DO 3DO Interactive Multiplayer - Educational (TOSEC-v2012-07-05_CM).dat, platform_id: PANASONIC_3DO
Apr 25 05:10:27.870 INFO PANASONIC_3DO: dats/PANASONIC_3DO/3DO 3DO Interactive Multiplayer - Homebrew - Games (TOSEC-v2017-09-25_CM).dat, path: dats/PANASONIC_3DO/3DO 3DO Interactive Multiplayer - Homebrew - Games (TOSEC-v2017-09-25_CM).dat, platform_id: PANASONIC_3DO
Apr 25 05:10:27.871 INFO PANASONIC_3DO: dats/PANASONIC_3DO/3DO 3DO Interactive Multiplayer - Coverdiscs - [IMG] (TOSEC-v2017-09-17_CM).dat, path: dats/PANASONIC_3DO/3DO 3DO Interactive Multiplayer - Coverdiscs - [IMG] (TOSEC-v2017-09-17_CM).dat, platform_id: PANASONIC_3DO
Apr 25 05:10:27.872 INFO PANASONIC_3DO: dats/PANASONIC_3DO/3DO 3DO Interactive Multiplayer - Coverdiscs - [ISO] (TOSEC-v2012-07-05_CM).dat, path: dats/PANASONIC_3DO/3DO 3DO Interactive Multiplayer - Coverdiscs - [ISO] (TOSEC-v2012-07-05_CM).dat, platform_id: PANASONIC_3DO
Apr 25 05:10:27.874 INFO PANASONIC_3DO: dats/PANASONIC_3DO/3DO 3DO Interactive Multiplayer - Homebrew - Compilations (TOSEC-v2017-09-25_CM).dat, path: dats/PANASONIC_3DO/3DO 3DO Interactive Multiplayer - Homebrew - Compilations (TOSEC-v2017-09-25_CM).dat, platform_id: PANASONIC_3DO
Apr 25 05:10:27.874 INFO PANASONIC_3DO: dats/PANASONIC_3DO/3DO 3DO Interactive Multiplayer - Homebrew - Demos (TOSEC-v2020-07-14_CM).dat, path: dats/PANASONIC_3DO/3DO 3DO Interactive Multiplayer - Homebrew - Demos (TOSEC-v2020-07-14_CM).dat, platform_id: PANASONIC_3DO
Apr 25 05:10:27.874 INFO PANASONIC_3DO: dats/PANASONIC_3DO/3DO 3DO Interactive Multiplayer - Applications - [ISO] (TOSEC-v2012-07-05_CM).dat, path: dats/PANASONIC_3DO/3DO 3DO Interactive Multiplayer - Applications - [ISO] (TOSEC-v2012-07-05_CM).dat, platform_id: PANASONIC_3DO
Apr 25 05:10:27.885 INFO PANASONIC_3DO: dats/PANASONIC_3DO/3DO 3DO Interactive Multiplayer - Games (TOSEC-v2020-10-26_CM).dat, path: dats/PANASONIC_3DO/3DO 3DO Interactive Multiplayer - Games (TOSEC-v2020-10-26_CM).dat, platform_id: PANASONIC_3DO
Apr 25 05:10:27.903 INFO PANASONIC_3DO: dats/PANASONIC_3DO/3DO 3DO Interactive Multiplayer - Firmware (TOSEC-v2017-07-07_CM).dat, path: dats/PANASONIC_3DO/3DO 3DO Interactive Multiplayer - Firmware (TOSEC-v2017-07-07_CM).dat, platform_id: PANASONIC_3DO
Apr 25 05:10:27.904 INFO PANASONIC_3DO: dats/PANASONIC_3DO/3DO 3DO Interactive Multiplayer - Homebrew - Applications (TOSEC-v2017-09-15_CM).dat, path: dats/PANASONIC_3DO/3DO 3DO Interactive Multiplayer - Homebrew - Applications (TOSEC-v2017-09-15_CM).dat, platform_id: PANASONIC_3DO
Apr 25 05:10:27.904 INFO NINTENDO_N3DS: dats/NINTENDO_N3DS/Nintendo - New Nintendo 3DS (Decrypted) (20210101-002056).dat, path: dats/NINTENDO_N3DS/Nintendo - New Nintendo 3DS (Decrypted) (20210101-002056).dat, platform_id: NINTENDO_N3DS
Apr 25 05:10:27.905 INFO NINTENDO_N3DS: dats/NINTENDO_N3DS/Nintendo - New Nintendo 3DS (Encrypted) (20210101-002056).dat, path: dats/NINTENDO_N3DS/Nintendo - New Nintendo 3DS (Encrypted) (20210101-002056).dat, platform_id: NINTENDO_N3DS
Apr 25 05:10:27.906 INFO ATARI_7800: dats/ATARI_7800/Atari 7800 - Applications (TOSEC-v2013-12-13_CM).dat, path: dats/ATARI_7800/Atari 7800 - Applications (TOSEC-v2013-12-13_CM).dat, platform_id: ATARI_7800
Apr 25 05:10:27.906 INFO ATARI_7800: dats/ATARI_7800/Atari 7800 - Firmware (TOSEC-v2013-12-13_CM).dat, path: dats/ATARI_7800/Atari 7800 - Firmware (TOSEC-v2013-12-13_CM).dat, platform_id: ATARI_7800
Apr 25 05:10:27.909 INFO ATARI_7800: dats/ATARI_7800/Atari 7800 - Games (TOSEC-v2013-12-13_CM).dat, path: dats/ATARI_7800/Atari 7800 - Games (TOSEC-v2013-12-13_CM).dat, platform_id: ATARI_7800
Apr 25 05:10:27.942 INFO ATARI_7800: dats/ATARI_7800/Open7800.dat, path: dats/ATARI_7800/Open7800.dat, platform_id: ATARI_7800
Apr 25 05:10:27.970 INFO ATARI_7800: dats/ATARI_7800/Atari - 7800 (20201127-133057).dat, path: dats/ATARI_7800/Atari - 7800 (20201127-133057).dat, platform_id: ATARI_7800
Apr 25 05:10:27.980 INFO MATTEL_INT: dats/MATTEL_INT/OpenINTV.dat, path: dats/MATTEL_INT/OpenINTV.dat, platform_id: MATTEL_INT
Apr 25 05:10:27.988 INFO MATTEL_INT: dats/MATTEL_INT/Mattel - Intellivision (20190315-210619).dat, path: dats/MATTEL_INT/Mattel - Intellivision (20190315-210619).dat, platform_id: MATTEL_INT
Apr 25 05:10:27.994 INFO SEGA_SG1000: dats/SEGA_SG1000/Sega Game 1000 - Applications (TOSEC-v2011-12-19_CM).dat, path: dats/SEGA_SG1000/Sega Game 1000 - Applications (TOSEC-v2011-12-19_CM).dat, platform_id: SEGA_SG1000
Apr 25 05:10:27.994 INFO SEGA_SG1000: dats/SEGA_SG1000/Sega Game 1000 - Demos (TOSEC-v2011-08-13_CM).dat, path: dats/SEGA_SG1000/Sega Game 1000 - Demos (TOSEC-v2011-08-13_CM).dat, platform_id: SEGA_SG1000
Apr 25 05:10:27.996 INFO SEGA_SG1000: dats/SEGA_SG1000/Sega - SG-1000 (20200217-185318).dat, path: dats/SEGA_SG1000/Sega - SG-1000 (20200217-185318).dat, platform_id: SEGA_SG1000
Apr 25 05:10:28.007 INFO SEGA_SG1000: dats/SEGA_SG1000/Sega Game 1000 - Games (TOSEC-v2021-02-12_CM).dat, path: dats/SEGA_SG1000/Sega Game 1000 - Games (TOSEC-v2021-02-12_CM).dat, platform_id: SEGA_SG1000
Apr 25 05:10:28.013 INFO SNK_NGPC: dats/SNK_NGPC/SNK Neo-Geo Pocket Color - Demos (TOSEC-v2014-07-01_CM).dat, path: dats/SNK_NGPC/SNK Neo-Geo Pocket Color - Demos (TOSEC-v2014-07-01_CM).dat, platform_id: SNK_NGPC
Apr 25 05:10:28.014 INFO SNK_NGPC: dats/SNK_NGPC/SNK Neo-Geo Pocket Color - Firmware (TOSEC-v2011-08-13_CM).dat, path: dats/SNK_NGPC/SNK Neo-Geo Pocket Color - Firmware (TOSEC-v2011-08-13_CM).dat, platform_id: SNK_NGPC
Apr 25 05:10:28.015 INFO SNK_NGPC: dats/SNK_NGPC/SNK Neo-Geo Pocket Color - Samplers (TOSEC-v2011-08-13_CM).dat, path: dats/SNK_NGPC/SNK Neo-Geo Pocket Color - Samplers (TOSEC-v2011-08-13_CM).dat, platform_id: SNK_NGPC
Apr 25 05:10:28.020 INFO SNK_NGPC: dats/SNK_NGPC/SNK Neo-Geo Pocket Color - Games (TOSEC-v2020-07-12_CM).dat, path: dats/SNK_NGPC/SNK Neo-Geo Pocket Color - Games (TOSEC-v2020-07-12_CM).dat, platform_id: SNK_NGPC
Apr 25 05:10:28.027 INFO SNK_NGPC: dats/SNK_NGPC/SNK Neo-Geo Pocket Color - Multimedia (TOSEC-v2011-08-13_CM).dat, path: dats/SNK_NGPC/SNK Neo-Geo Pocket Color - Multimedia (TOSEC-v2011-08-13_CM).dat, platform_id: SNK_NGPC
Apr 25 05:10:28.028 INFO SNK_NGPC: dats/SNK_NGPC/SNK - Neo Geo Pocket Color (20210321-114236).dat, path: dats/SNK_NGPC/SNK - Neo Geo Pocket Color (20210321-114236).dat, platform_id: SNK_NGPC
Apr 25 05:10:28.042 INFO SNK_NGPC: dats/SNK_NGPC/OpenNGPx.NGC.dat, path: dats/SNK_NGPC/OpenNGPx.NGC.dat, platform_id: SNK_NGPC
Apr 25 05:10:28.055 INFO SNK_NGPC: dats/SNK_NGPC/SNK Neo-Geo Pocket Color - Educational (TOSEC-v2011-08-13_CM).dat, path: dats/SNK_NGPC/SNK Neo-Geo Pocket Color - Educational (TOSEC-v2011-08-13_CM).dat, platform_id: SNK_NGPC
Apr 25 05:10:28.056 INFO SNK_NGPC: dats/SNK_NGPC/SNK Neo-Geo Pocket Color - Applications (TOSEC-v2011-08-13_CM).dat, path: dats/SNK_NGPC/SNK Neo-Geo Pocket Color - Applications (TOSEC-v2011-08-13_CM).dat, platform_id: SNK_NGPC
Apr 25 05:10:28.107 INFO FUJITSU_FMT: dats/FUJITSU_FMT/Fujitsu - FM-Towns - Datfile (669) (2021-04-24 19-01-58).dat, path: dats/FUJITSU_FMT/Fujitsu - FM-Towns - Datfile (669) (2021-04-24 19-01-58).dat, platform_id: FUJITSU_FMT
Apr 25 05:10:28.198 INFO FUJITSU_FMT: dats/FUJITSU_FMT/Fujitsu FM Towns - Operating Systems - [BIN] (TOSEC-v2011-02-07_CM).dat, path: dats/FUJITSU_FMT/Fujitsu FM Towns - Operating Systems - [BIN] (TOSEC-v2011-02-07_CM).dat, platform_id: FUJITSU_FMT
Apr 25 05:10:28.201 INFO FUJITSU_FMT: dats/FUJITSU_FMT/Fujitsu FM Towns - Games - [HDM] (TOSEC-v2018-07-01_CM).dat, path: dats/FUJITSU_FMT/Fujitsu FM Towns - Games - [HDM] (TOSEC-v2018-07-01_CM).dat, platform_id: FUJITSU_FMT
Apr 25 05:10:28.203 INFO FUJITSU_FMT: dats/FUJITSU_FMT/Fujitsu FM Towns - Applications - [HDM] (TOSEC-v2018-07-01_CM).dat, path: dats/FUJITSU_FMT/Fujitsu FM Towns - Applications - [HDM] (TOSEC-v2018-07-01_CM).dat, platform_id: FUJITSU_FMT
Apr 25 05:10:28.203 INFO FUJITSU_FMT: dats/FUJITSU_FMT/Fujitsu FM Towns - Operating Systems - [HDM] (TOSEC-v2018-07-01_CM).dat, path: dats/FUJITSU_FMT/Fujitsu FM Towns - Operating Systems - [HDM] (TOSEC-v2018-07-01_CM).dat, platform_id: FUJITSU_FMT
Apr 25 05:10:28.204 INFO FUJITSU_FMT: dats/FUJITSU_FMT/Fujitsu FM Towns - Applications - [D88] (TOSEC-v2011-02-07_CM).dat, path: dats/FUJITSU_FMT/Fujitsu FM Towns - Applications - [D88] (TOSEC-v2011-02-07_CM).dat, platform_id: FUJITSU_FMT
Apr 25 05:10:28.204 INFO FUJITSU_FMT: dats/FUJITSU_FMT/Fujitsu FM Towns - CD - Compilations (TOSEC-v2012-07-13_CM).dat, path: dats/FUJITSU_FMT/Fujitsu FM Towns - CD - Compilations (TOSEC-v2012-07-13_CM).dat, platform_id: FUJITSU_FMT
Apr 25 05:10:28.205 INFO FUJITSU_FMT: dats/FUJITSU_FMT/Fujitsu FM Towns - Games - [D88] (TOSEC-v2011-02-07_CM).dat, path: dats/FUJITSU_FMT/Fujitsu FM Towns - Games - [D88] (TOSEC-v2011-02-07_CM).dat, platform_id: FUJITSU_FMT
Apr 25 05:10:28.206 INFO FUJITSU_FMT: dats/FUJITSU_FMT/Fujitsu FM Towns - Applications - [BIN] (TOSEC-v2018-07-01_CM).dat, path: dats/FUJITSU_FMT/Fujitsu FM Towns - Applications - [BIN] (TOSEC-v2018-07-01_CM).dat, platform_id: FUJITSU_FMT
Apr 25 05:10:28.207 INFO FUJITSU_FMT: dats/FUJITSU_FMT/Fujitsu FM Towns - CD - Homebrew - Demos (TOSEC-v2012-07-22_CM).dat, path: dats/FUJITSU_FMT/Fujitsu FM Towns - CD - Homebrew - Demos (TOSEC-v2012-07-22_CM).dat, platform_id: FUJITSU_FMT
Apr 25 05:10:28.207 INFO FUJITSU_FMT: dats/FUJITSU_FMT/Fujitsu FM Towns - Firmware (TOSEC-v2011-02-26_CM).dat, path: dats/FUJITSU_FMT/Fujitsu FM Towns - Firmware (TOSEC-v2011-02-26_CM).dat, platform_id: FUJITSU_FMT
Apr 25 05:10:28.207 INFO FUJITSU_FMT: dats/FUJITSU_FMT/Fujitsu FM Towns - CD - Games (TOSEC-v2012-07-13_CM).dat, path: dats/FUJITSU_FMT/Fujitsu FM Towns - CD - Games (TOSEC-v2012-07-13_CM).dat, platform_id: FUJITSU_FMT
Apr 25 05:10:28.209 INFO FUJITSU_FMT: dats/FUJITSU_FMT/Fujitsu FM Towns - Games - [BIN] (TOSEC-v2020-07-12_CM).dat, path: dats/FUJITSU_FMT/Fujitsu FM Towns - Games - [BIN] (TOSEC-v2020-07-12_CM).dat, platform_id: FUJITSU_FMT
Apr 25 05:10:28.210 INFO FUJITSU_FMT: dats/FUJITSU_FMT/Fujitsu FM Towns - CD - Homebrew - Games (TOSEC-v2012-07-22_CM).dat, path: dats/FUJITSU_FMT/Fujitsu FM Towns - CD - Homebrew - Games (TOSEC-v2012-07-22_CM).dat, platform_id: FUJITSU_FMT
Apr 25 05:10:28.216 INFO ATARI_5200: dats/ATARI_5200/Open5200.dat, path: dats/ATARI_5200/Open5200.dat, platform_id: ATARI_5200
Apr 25 05:10:28.224 INFO ATARI_5200: dats/ATARI_5200/Atari 5200 - Demos (TOSEC-v2013-12-13_CM).dat, path: dats/ATARI_5200/Atari 5200 - Demos (TOSEC-v2013-12-13_CM).dat, platform_id: ATARI_5200
Apr 25 05:10:28.224 INFO ATARI_5200: dats/ATARI_5200/Atari 5200 - Applications (TOSEC-v2013-12-13_CM).dat, path: dats/ATARI_5200/Atari 5200 - Applications (TOSEC-v2013-12-13_CM).dat, platform_id: ATARI_5200
Apr 25 05:10:28.225 INFO ATARI_5200: dats/ATARI_5200/Atari - 5200 (20210216-223427).dat, path: dats/ATARI_5200/Atari - 5200 (20210216-223427).dat, platform_id: ATARI_5200
Apr 25 05:10:28.231 INFO ATARI_5200: dats/ATARI_5200/Atari 5200 - Games (TOSEC-v2013-12-13_CM).dat, path: dats/ATARI_5200/Atari 5200 - Games (TOSEC-v2013-12-13_CM).dat, platform_id: ATARI_5200
Apr 25 05:10:28.238 INFO ATARI_5200: dats/ATARI_5200/Atari 5200 - Firmware (TOSEC-v2013-12-13_CM).dat, path: dats/ATARI_5200/Atari 5200 - Firmware (TOSEC-v2013-12-13_CM).dat, platform_id: ATARI_5200
Apr 25 05:10:28.242 INFO NINTENDO_VB: dats/NINTENDO_VB/OpenVBoy.dat, path: dats/NINTENDO_VB/OpenVBoy.dat, platform_id: NINTENDO_VB
Apr 25 05:10:28.249 INFO NINTENDO_VB: dats/NINTENDO_VB/Nintendo Virtual Boy - Games (TOSEC-v2014-07-01_CM).dat, path: dats/NINTENDO_VB/Nintendo Virtual Boy - Games (TOSEC-v2014-07-01_CM).dat, platform_id: NINTENDO_VB
Apr 25 05:10:28.253 INFO NINTENDO_VB: dats/NINTENDO_VB/Nintendo - Virtual Boy (20200219-181350).dat, path: dats/NINTENDO_VB/Nintendo - Virtual Boy (20200219-181350).dat, platform_id: NINTENDO_VB
Apr 25 05:10:28.254 INFO NINTENDO_VB: dats/NINTENDO_VB/Nintendo Virtual Boy - Applications (TOSEC-v2011-08-13_CM).dat, path: dats/NINTENDO_VB/Nintendo Virtual Boy - Applications (TOSEC-v2011-08-13_CM).dat, platform_id: NINTENDO_VB
Apr 25 05:10:28.255 INFO NINTENDO_VB: dats/NINTENDO_VB/Nintendo Virtual Boy - Demos (TOSEC-v2012-04-13_CM).dat, path: dats/NINTENDO_VB/Nintendo Virtual Boy - Demos (TOSEC-v2012-04-13_CM).dat, platform_id: NINTENDO_VB
Apr 25 05:10:28.257 INFO NINTENDO_VB: dats/NINTENDO_VB/Nintendo Virtual Boy - Samplers (TOSEC-v2012-04-13_CM).dat, path: dats/NINTENDO_VB/Nintendo Virtual Boy - Samplers (TOSEC-v2012-04-13_CM).dat, platform_id: NINTENDO_VB
Apr 25 05:10:28.258 INFO NINTENDO_NES: dats/NINTENDO_NES/Nintendo Famicom & Entertainment System - Demos - [UNF] (TOSEC-v2011-02-22_CM).dat, path: dats/NINTENDO_NES/Nintendo Famicom & Entertainment System - Demos - [UNF] (TOSEC-v2011-02-22_CM).dat, platform_id: NINTENDO_NES
Apr 25 05:10:28.260 INFO NINTENDO_NES: dats/NINTENDO_NES/Nintendo Famicom & Entertainment System - Educational (TOSEC-v2011-02-22_CM).dat, path: dats/NINTENDO_NES/Nintendo Famicom & Entertainment System - Educational (TOSEC-v2011-02-22_CM).dat, platform_id: NINTENDO_NES
Apr 25 05:10:28.281 INFO NINTENDO_NES: dats/NINTENDO_NES/Nintendo - Nintendo Entertainment System (20210415-054135).dat, path: dats/NINTENDO_NES/Nintendo - Nintendo Entertainment System (20210415-054135).dat, platform_id: NINTENDO_NES
Apr 25 05:10:28.377 INFO NINTENDO_NES: dats/NINTENDO_NES/Nintendo Famicom & Entertainment System - Applications - [UNF] (TOSEC-v2011-02-22_CM).dat, path: dats/NINTENDO_NES/Nintendo Famicom & Entertainment System - Applications - [UNF] (TOSEC-v2011-02-22_CM).dat, platform_id: NINTENDO_NES
Apr 25 05:10:28.883 INFO NINTENDO_NES: dats/NINTENDO_NES/OpenNES.dat, path: dats/NINTENDO_NES/OpenNES.dat, platform_id: NINTENDO_NES
Apr 25 05:10:29.700 INFO NINTENDO_NES: dats/NINTENDO_NES/Nintendo Famicom & Entertainment System - Games - [NES] (TOSEC-v2020-07-12_CM).dat, path: dats/NINTENDO_NES/Nintendo Famicom & Entertainment System - Games - [NES] (TOSEC-v2020-07-12_CM).dat, platform_id: NINTENDO_NES
Apr 25 05:10:30.033 INFO NINTENDO_NES: dats/NINTENDO_NES/Nintendo Famicom & Entertainment System - Applications - [NES] (TOSEC-v2011-02-22_CM).dat, path: dats/NINTENDO_NES/Nintendo Famicom & Entertainment System - Applications - [NES] (TOSEC-v2011-02-22_CM).dat, platform_id: NINTENDO_NES
Apr 25 05:10:30.040 INFO NINTENDO_NES: dats/NINTENDO_NES/Nintendo Famicom & Entertainment System - Demos - [NES] (TOSEC-v2011-02-22_CM).dat, path: dats/NINTENDO_NES/Nintendo Famicom & Entertainment System - Demos - [NES] (TOSEC-v2011-02-22_CM).dat, platform_id: NINTENDO_NES
Apr 25 05:10:30.048 INFO NINTENDO_NES: dats/NINTENDO_NES/Nintendo Famicom & Entertainment System - Games - [UNF] (TOSEC-v2011-02-22_CM).dat, path: dats/NINTENDO_NES/Nintendo Famicom & Entertainment System - Games - [UNF] (TOSEC-v2011-02-22_CM).dat, platform_id: NINTENDO_NES
Apr 25 05:10:30.051 INFO NINTENDO_NES: dats/NINTENDO_NES/Nintendo Famicom & Entertainment System - Firmware (TOSEC-v2011-02-22_CM).dat, path: dats/NINTENDO_NES/Nintendo Famicom & Entertainment System - Firmware (TOSEC-v2011-02-22_CM).dat, platform_id: NINTENDO_NES
Apr 25 05:10:30.052 INFO SNK_NGP: dats/SNK_NGP/SNK Neo-Geo Pocket - Firmware (TOSEC-v2011-08-13_CM).dat, path: dats/SNK_NGP/SNK Neo-Geo Pocket - Firmware (TOSEC-v2011-08-13_CM).dat, platform_id: SNK_NGP
Apr 25 05:10:30.052 INFO SNK_NGP: dats/SNK_NGP/SNK - Neo Geo Pocket (20201106-202832).dat, path: dats/SNK_NGP/SNK - Neo Geo Pocket (20201106-202832).dat, platform_id: SNK_NGP
Apr 25 05:10:30.053 INFO SNK_NGP: dats/SNK_NGP/OpenNGPx.NGP.dat, path: dats/SNK_NGP/OpenNGPx.NGP.dat, platform_id: SNK_NGP
Apr 25 05:10:30.055 INFO SNK_NGP: dats/SNK_NGP/SNK Neo-Geo Pocket - Games (TOSEC-v2014-07-01_CM).dat, path: dats/SNK_NGP/SNK Neo-Geo Pocket - Games (TOSEC-v2014-07-01_CM).dat, platform_id: SNK_NGP
Apr 25 05:10:30.059 INFO MAGNAVOX_O2: dats/MAGNAVOX_O2/Magnavox Odyssey2 - Games (TOSEC-v2011-02-22_CM).dat, path: dats/MAGNAVOX_O2/Magnavox Odyssey2 - Games (TOSEC-v2011-02-22_CM).dat, platform_id: MAGNAVOX_O2
Apr 25 05:10:30.064 INFO MAGNAVOX_O2: dats/MAGNAVOX_O2/Magnavox - Odyssey2 (20200720-221603).dat, path: dats/MAGNAVOX_O2/Magnavox - Odyssey2 (20200720-221603).dat, platform_id: MAGNAVOX_O2
Apr 25 05:10:30.068 INFO MAGNAVOX_O2: dats/MAGNAVOX_O2/Magnavox Odyssey2 - Educational (TOSEC-v2011-02-22_CM).dat, path: dats/MAGNAVOX_O2/Magnavox Odyssey2 - Educational (TOSEC-v2011-02-22_CM).dat, platform_id: MAGNAVOX_O2
Apr 25 05:10:30.069 INFO MAGNAVOX_O2: dats/MAGNAVOX_O2/Magnavox Odyssey2 - Firmware (TOSEC-v2011-02-22_CM).dat, path: dats/MAGNAVOX_O2/Magnavox Odyssey2 - Firmware (TOSEC-v2011-02-22_CM).dat, platform_id: MAGNAVOX_O2
Apr 25 05:10:30.069 INFO MAGNAVOX_O2: dats/MAGNAVOX_O2/Magnavox Odyssey2 - Applications (TOSEC-v2011-02-22_CM).dat, path: dats/MAGNAVOX_O2/Magnavox Odyssey2 - Applications (TOSEC-v2011-02-22_CM).dat, platform_id: MAGNAVOX_O2
Apr 25 05:10:30.117 INFO NINTENDO_WIIU: dats/NINTENDO_WIIU/Nintendo - Wii U (Digital) (20191222-002825).dat, path: dats/NINTENDO_WIIU/Nintendo - Wii U (Digital) (20191222-002825).dat, platform_id: NINTENDO_WIIU
Apr 25 05:10:30.264 INFO NINTENDO_WIIU: dats/NINTENDO_WIIU/Nintendo - Wii U - Datfile (496) (2021-04-17 01-26-17).dat, path: dats/NINTENDO_WIIU/Nintendo - Wii U - Datfile (496) (2021-04-17 01-26-17).dat, platform_id: NINTENDO_WIIU
Apr 25 05:10:30.299 INFO NINTENDO_WIIU: dats/NINTENDO_WIIU/Nintendo_-_Wii_U_-_WUX_(490)_(20210417_212604).dat, path: dats/NINTENDO_WIIU/Nintendo_-_Wii_U_-_WUX_(490)_(20210417_212604).dat, platform_id: NINTENDO_WIIU
Apr 25 05:10:30.461 INFO NINTENDO_GBC: dats/NINTENDO_GBC/OpenGBx.GBC.dat, path: dats/NINTENDO_GBC/OpenGBx.GBC.dat, platform_id: NINTENDO_GBC
Apr 25 05:10:30.592 INFO NINTENDO_GBC: dats/NINTENDO_GBC/Nintendo Game Boy Color - Firmware (TOSEC-v2011-09-27_CM).dat, path: dats/NINTENDO_GBC/Nintendo Game Boy Color - Firmware (TOSEC-v2011-09-27_CM).dat, platform_id: NINTENDO_GBC
Apr 25 05:10:30.592 INFO NINTENDO_GBC: dats/NINTENDO_GBC/Nintendo Game Boy Color - Demos (TOSEC-v2014-07-01_CM).dat, path: dats/NINTENDO_GBC/Nintendo Game Boy Color - Demos (TOSEC-v2014-07-01_CM).dat, platform_id: NINTENDO_GBC
Apr 25 05:10:30.594 INFO NINTENDO_GBC: dats/NINTENDO_GBC/Nintendo Game Boy Color - Games (TOSEC-v2020-07-12_CM).dat, path: dats/NINTENDO_GBC/Nintendo Game Boy Color - Games (TOSEC-v2020-07-12_CM).dat, platform_id: NINTENDO_GBC
Apr 25 05:10:30.606 INFO NINTENDO_GBC: dats/NINTENDO_GBC/Nintendo - Game Boy Color (20210410-081930).dat, path: dats/NINTENDO_GBC/Nintendo - Game Boy Color (20210410-081930).dat, platform_id: NINTENDO_GBC
Apr 25 05:10:30.793 INFO SONY_PS2: dats/SONY_PS2/Sony - PlayStation 2 - Datfile (10284) (2021-04-25 03-09-45).dat, path: dats/SONY_PS2/Sony - PlayStation 2 - Datfile (10284) (2021-04-25 03-09-45).dat, platform_id: SONY_PS2
Apr 25 05:10:31.259 INFO SONY_PS2: dats/SONY_PS2/Sony - PlayStation 2 - BIOS Datfile (107) (2019-11-25).dat, path: dats/SONY_PS2/Sony - PlayStation 2 - BIOS Datfile (107) (2019-11-25).dat, platform_id: SONY_PS2
Apr 25 05:10:31.263 INFO SONY_PS2: dats/SONY_PS2/Sony PlayStation 2 - Firmware (TOSEC-v2012-09-08_CM).dat, path: dats/SONY_PS2/Sony PlayStation 2 - Firmware (TOSEC-v2012-09-08_CM).dat, platform_id: SONY_PS2
Apr 25 05:10:31.264 INFO ATARI_JAGUAR_CD: dats/ATARI_JAGUAR_CD/Atari Jaguar CD - Games (TOSEC-v2012-07-17_CM).dat, path: dats/ATARI_JAGUAR_CD/Atari Jaguar CD - Games (TOSEC-v2012-07-17_CM).dat, platform_id: ATARI_JAGUAR_CD
Apr 25 05:10:31.264 INFO ATARI_JAGUAR_CD: dats/ATARI_JAGUAR_CD/Atari Jaguar CD - Homebrew - Games - [CDI] (TOSEC-v2012-07-22_CM).dat, path: dats/ATARI_JAGUAR_CD/Atari Jaguar CD - Homebrew - Games - [CDI] (TOSEC-v2012-07-22_CM).dat, platform_id: ATARI_JAGUAR_CD
Apr 25 05:10:31.265 INFO ATARI_JAGUAR_CD: dats/ATARI_JAGUAR_CD/Atari Jaguar CD - Homebrew - Games - [NRG] (TOSEC-v2012-07-22_CM).dat, path: dats/ATARI_JAGUAR_CD/Atari Jaguar CD - Homebrew - Games - [NRG] (TOSEC-v2012-07-22_CM).dat, platform_id: ATARI_JAGUAR_CD
Apr 25 05:10:31.265 INFO ATARI_JAGUAR_CD: dats/ATARI_JAGUAR_CD/Atari Jaguar CD - Homebrew - Games - [BIN] (TOSEC-v2012-07-22_CM).dat, path: dats/ATARI_JAGUAR_CD/Atari Jaguar CD - Homebrew - Games - [BIN] (TOSEC-v2012-07-22_CM).dat, platform_id: ATARI_JAGUAR_CD
Apr 25 05:10:31.266 INFO ATARI_JAGUAR_CD: dats/ATARI_JAGUAR_CD/Atari - Jaguar CD Interactive Multimedia System - Datfile (13) (2020-11-29 03-43-51).dat, path: dats/ATARI_JAGUAR_CD/Atari - Jaguar CD Interactive Multimedia System - Datfile (13) (2020-11-29 03-43-51).dat, platform_id: ATARI_JAGUAR_CD
Apr 25 05:10:31.268 INFO MICROSOFT_XBOX: dats/MICROSOFT_XBOX/Microsoft - Xbox - BIOS Datfile (7) (2010-09-13).dat, path: dats/MICROSOFT_XBOX/Microsoft - Xbox - BIOS Datfile (7) (2010-09-13).dat, platform_id: MICROSOFT_XBOX
Apr 25 05:10:31.296 INFO MICROSOFT_XBOX: dats/MICROSOFT_XBOX/Microsoft - Xbox - Datfile (2476) (2021-04-18 18-58-51).dat, path: dats/MICROSOFT_XBOX/Microsoft - Xbox - Datfile (2476) (2021-04-18 18-58-51).dat, platform_id: MICROSOFT_XBOX
Apr 25 05:10:31.515 INFO NINTENDO_N64: dats/NINTENDO_N64/OpenN64.N64.dat, path: dats/NINTENDO_N64/OpenN64.N64.dat, platform_id: NINTENDO_N64
Apr 25 05:10:31.657 INFO NINTENDO_N64: dats/NINTENDO_N64/Nintendo 64 - Educational (TOSEC-v2011-08-13_CM).dat, path: dats/NINTENDO_N64/Nintendo 64 - Educational (TOSEC-v2011-08-13_CM).dat, platform_id: NINTENDO_N64
Apr 25 05:10:31.660 INFO NINTENDO_N64: dats/NINTENDO_N64/Nintendo 64 - Demos (TOSEC-v2015-05-27_CM).dat, path: dats/NINTENDO_N64/Nintendo 64 - Demos (TOSEC-v2015-05-27_CM).dat, platform_id: NINTENDO_N64
Apr 25 05:10:31.667 INFO NINTENDO_N64: dats/NINTENDO_N64/Nintendo 64 - Samplers (TOSEC-v2015-05-27_CM).dat, path: dats/NINTENDO_N64/Nintendo 64 - Samplers (TOSEC-v2015-05-27_CM).dat, platform_id: NINTENDO_N64
Apr 25 05:10:31.675 INFO NINTENDO_N64: dats/NINTENDO_N64/Nintendo - Nintendo 64 (BigEndian) (20210422-010404).dat, path: dats/NINTENDO_N64/Nintendo - Nintendo 64 (BigEndian) (20210422-010404).dat, platform_id: NINTENDO_N64
Apr 25 05:10:31.765 INFO NINTENDO_N64: dats/NINTENDO_N64/Nintendo 64 - Games (TOSEC-v2020-07-12_CM).dat, path: dats/NINTENDO_N64/Nintendo 64 - Games (TOSEC-v2020-07-12_CM).dat, platform_id: NINTENDO_N64
Apr 25 05:10:31.865 INFO NINTENDO_N64: dats/NINTENDO_N64/Nintendo - Nintendo 64 (ByteSwapped) (20210422-010404).dat, path: dats/NINTENDO_N64/Nintendo - Nintendo 64 (ByteSwapped) (20210422-010404).dat, platform_id: NINTENDO_N64
Apr 25 05:10:31.902 INFO NINTENDO_N64: dats/NINTENDO_N64/Nintendo 64 - Applications (TOSEC-v2015-05-27_CM).dat, path: dats/NINTENDO_N64/Nintendo 64 - Applications (TOSEC-v2015-05-27_CM).dat, platform_id: NINTENDO_N64
Apr 25 05:10:31.913 INFO NINTENDO_N64: dats/NINTENDO_N64/Nintendo 64 - Firmware (TOSEC-v2015-05-27_CM).dat, path: dats/NINTENDO_N64/Nintendo 64 - Firmware (TOSEC-v2015-05-27_CM).dat, platform_id: NINTENDO_N64
Apr 25 05:10:32.003 INFO NINTENDO_NSW: dats/NINTENDO_NSW/Nintendo - Nintendo Switch (Digital) (CDN) (20210417-082002).dat, path: dats/NINTENDO_NSW/Nintendo - Nintendo Switch (Digital) (CDN) (20210417-082002).dat, platform_id: NINTENDO_NSW
Apr 25 05:10:32.399 INFO NINTENDO_NSW: dats/NINTENDO_NSW/Nintendo - Nintendo Switch (Digital) (NSP) (20210419-110732).dat, path: dats/NINTENDO_NSW/Nintendo - Nintendo Switch (Digital) (NSP) (20210419-110732).dat, platform_id: NINTENDO_NSW
Apr 25 05:10:32.644 INFO NINTENDO_NSW: dats/NINTENDO_NSW/Nintendo - Nintendo Switch (20210421-110320).dat, path: dats/NINTENDO_NSW/Nintendo - Nintendo Switch (20210421-110320).dat, platform_id: NINTENDO_NSW
Apr 25 05:10:32.712 INFO SEGA_SMS: dats/SEGA_SMS/Sega Mark III & Master System - Demos (TOSEC-v2011-08-13_CM).dat, path: dats/SEGA_SMS/Sega Mark III & Master System - Demos (TOSEC-v2011-08-13_CM).dat, platform_id: SEGA_SMS
Apr 25 05:10:32.715 INFO SEGA_SMS: dats/SEGA_SMS/Sega Mark III & Master System - Firmware (TOSEC-v2017-10-22_CM).dat, path: dats/SEGA_SMS/Sega Mark III & Master System - Firmware (TOSEC-v2017-10-22_CM).dat, platform_id: SEGA_SMS
Apr 25 05:10:32.755 INFO SEGA_SMS: dats/SEGA_SMS/OpenSMS.dat, path: dats/SEGA_SMS/OpenSMS.dat, platform_id: SEGA_SMS
Apr 25 05:10:32.800 INFO SEGA_SMS: dats/SEGA_SMS/Sega Mark III & Master System - Samplers (TOSEC-v2011-06-20_CM).dat, path: dats/SEGA_SMS/Sega Mark III & Master System - Samplers (TOSEC-v2011-06-20_CM).dat, platform_id: SEGA_SMS
Apr 25 05:10:32.801 INFO SEGA_SMS: dats/SEGA_SMS/Sega Mark III & Master System - Educational (TOSEC-v2010-12-22_CM).dat, path: dats/SEGA_SMS/Sega Mark III & Master System - Educational (TOSEC-v2010-12-22_CM).dat, platform_id: SEGA_SMS
Apr 25 05:10:32.820 INFO SEGA_SMS: dats/SEGA_SMS/Sega Mark III & Master System - Games (TOSEC-v2017-10-22_CM).dat, path: dats/SEGA_SMS/Sega Mark III & Master System - Games (TOSEC-v2017-10-22_CM).dat, platform_id: SEGA_SMS
Apr 25 05:10:32.852 INFO SEGA_SMS: dats/SEGA_SMS/Sega - Master System - Mark III (20210409-053333).dat, path: dats/SEGA_SMS/Sega - Master System - Mark III (20210409-053333).dat, platform_id: SEGA_SMS
Apr 25 05:10:32.870 INFO SEGA_SMS: dats/SEGA_SMS/Sega Mark III & Master System - Applications (TOSEC-v2017-10-22_CM).dat, path: dats/SEGA_SMS/Sega Mark III & Master System - Applications (TOSEC-v2017-10-22_CM).dat, platform_id: SEGA_SMS
Apr 25 05:10:32.898 INFO SONY_PSP: dats/SONY_PSP/Sony - PlayStation Portable (PSN) (Encrypted) (20210322-133941).dat, path: dats/SONY_PSP/Sony - PlayStation Portable (PSN) (Encrypted) (20210322-133941).dat, platform_id: SONY_PSP
Apr 25 05:10:33.067 INFO SONY_PSP: dats/SONY_PSP/Sony - PlayStation Portable (PSN) (Decrypted) (20210409-165451).dat, path: dats/SONY_PSP/Sony - PlayStation Portable (PSN) (Decrypted) (20210409-165451).dat, platform_id: SONY_PSP
Apr 25 05:10:33.311 INFO SONY_PSP: dats/SONY_PSP/Sony - PlayStation Portable (20210311-081306).dat, path: dats/SONY_PSP/Sony - PlayStation Portable (20210311-081306).dat, platform_id: SONY_PSP
Apr 25 05:10:33.467 INFO SONY_PSP: dats/SONY_PSP/Sony - PlayStation Portable - Datfile (2196) (2021-04-20 19-50-01).dat, path: dats/SONY_PSP/Sony - PlayStation Portable - Datfile (2196) (2021-04-20 19-50-01).dat, platform_id: SONY_PSP
