Jun 19 03:09:26.269 INFO SEGA_DC: dats/SEGA_DC/Sega - Dreamcast - Datfile (1336) (2020-05-29 22-28-41).dat, path: dats/SEGA_DC/Sega - Dreamcast - Datfile (1336) (2020-05-29 22-28-41).dat, platform_id: SEGA_DC
Jun 19 03:09:26.398 INFO NINTENDO_WIIU: dats/NINTENDO_WIIU/Nintendo - Wii U - Datfile (490) (2020-06-18 21-42-21).dat, path: dats/NINTENDO_WIIU/Nintendo - Wii U - Datfile (490) (2020-06-18 21-42-21).dat, platform_id: NINTENDO_WIIU
Jun 19 03:09:26.485 INFO NEC_TGCD: dats/NEC_TGCD/NEC - PC Engine CD & TurboGrafx CD - Datfile (527) (2020-05-24 02-35-36).dat, path: dats/NEC_TGCD/NEC - PC Engine CD & TurboGrafx CD - Datfile (527) (2020-05-24 02-35-36).dat, platform_id: NEC_TGCD
Jun 19 03:09:26.631 INFO MICROSOFT_XBOX: dats/MICROSOFT_XBOX/Microsoft - Xbox - Datfile (2446) (2020-06-17 22-51-09).dat, path: dats/MICROSOFT_XBOX/Microsoft - Xbox - Datfile (2446) (2020-06-17 22-51-09).dat, platform_id: MICROSOFT_XBOX
Jun 19 03:09:26.703 INFO MICROSOFT_XBOX: dats/MICROSOFT_XBOX/Microsoft - Xbox - BIOS Datfile (7) (2010-09-13).dat, path: dats/MICROSOFT_XBOX/Microsoft - Xbox - BIOS Datfile (7) (2010-09-13).dat, platform_id: MICROSOFT_XBOX
Jun 19 03:09:26.707 INFO PHILIPS_CDI: dats/PHILIPS_CDI/Philips - CD-i - Datfile (237) (2020-05-24 19-13-59).dat, path: dats/PHILIPS_CDI/Philips - CD-i - Datfile (237) (2020-05-24 19-13-59).dat, platform_id: PHILIPS_CDI
Jun 19 03:09:26.761 INFO SEGA_CD: dats/SEGA_CD/Sega - Mega CD & Sega CD - Datfile (530) (2020-06-11 01-12-03).dat, path: dats/SEGA_CD/Sega - Mega CD & Sega CD - Datfile (530) (2020-06-11 01-12-03).dat, platform_id: SEGA_CD
Jun 19 03:09:26.857 INFO FUJITSU_FMT: dats/FUJITSU_FMT/Fujitsu - FM-Towns - Datfile (309) (2020-06-17 17-02-02).dat, path: dats/FUJITSU_FMT/Fujitsu - FM-Towns - Datfile (309) (2020-06-17 17-02-02).dat, platform_id: FUJITSU_FMT
Jun 19 03:09:27.037 INFO SEGA_SAT: dats/SEGA_SAT/Sega - Saturn - Datfile (2281) (2020-06-08 22-02-42).dat, path: dats/SEGA_SAT/Sega - Saturn - Datfile (2281) (2020-06-08 22-02-42).dat, platform_id: SEGA_SAT
Jun 19 03:09:27.361 INFO MICROSOFT_XBO: dats/MICROSOFT_XBO/Microsoft - Xbox One - Datfile (346) (2020-06-18 21-20-02).dat, path: dats/MICROSOFT_XBO/Microsoft - Xbox One - Datfile (346) (2020-06-18 21-20-02).dat, platform_id: MICROSOFT_XBO
Jun 19 03:09:27.376 INFO NEC_PCFX: dats/NEC_PCFX/NEC - PC-FX & PC-FXGA - Datfile (78) (2020-02-28 01-31-34).dat, path: dats/NEC_PCFX/NEC - PC-FX & PC-FXGA - Datfile (78) (2020-02-28 01-31-34).dat, platform_id: NEC_PCFX
Jun 19 03:09:27.398 INFO SNK_NGCD: dats/SNK_NGCD/SNK - Neo Geo CD - Datfile (101) (2020-06-12 20-17-25).dat, path: dats/SNK_NGCD/SNK - Neo Geo CD - Datfile (101) (2020-06-12 20-17-25).dat, platform_id: SNK_NGCD
Jun 19 03:09:27.462 INFO SONY_PS3: dats/SONY_PS3/Sony - PlayStation 3 - Datfile (3425) (2020-06-17 00-31-37).dat, path: dats/SONY_PS3/Sony - PlayStation 3 - Datfile (3425) (2020-06-17 00-31-37).dat, platform_id: SONY_PS3
Jun 19 03:09:27.583 INFO PANASONIC_3DO: dats/PANASONIC_3DO/Panasonic - 3DO Interactive Multiplayer - Datfile (521) (2020-06-08 19-49-49).dat, path: dats/PANASONIC_3DO/Panasonic - 3DO Interactive Multiplayer - Datfile (521) (2020-06-08 19-49-49).dat, platform_id: PANASONIC_3DO
Jun 19 03:09:27.627 INFO MICROSOFT_X360: dats/MICROSOFT_X360/Microsoft - Xbox 360 - Datfile (2196) (2020-06-15 21-47-19).dat, path: dats/MICROSOFT_X360/Microsoft - Xbox 360 - Datfile (2196) (2020-06-15 21-47-19).dat, platform_id: MICROSOFT_X360
Jun 19 03:09:27.718 INFO NINTENDO_GCN: dats/NINTENDO_GCN/Nintendo - GameCube - Datfile (1906) (2020-06-18 21-04-01).dat, path: dats/NINTENDO_GCN/Nintendo - GameCube - Datfile (1906) (2020-06-18 21-04-01).dat, platform_id: NINTENDO_GCN
Jun 19 03:09:27.781 INFO NINTENDO_GCN: dats/NINTENDO_GCN/Nintendo - GameCube - BIOS Datfile (10) (2017-09-30).dat, path: dats/NINTENDO_GCN/Nintendo - GameCube - BIOS Datfile (10) (2017-09-30).dat, platform_id: NINTENDO_GCN
Jun 19 03:09:28.136 INFO SONY_PSX: dats/SONY_PSX/Sony - PlayStation - Datfile (10355) (2020-06-17 17-52-09).dat, path: dats/SONY_PSX/Sony - PlayStation - Datfile (10355) (2020-06-17 17-52-09).dat, platform_id: SONY_PSX
Jun 19 03:09:28.913 INFO SONY_PSX: dats/SONY_PSX/Sony - PlayStation - BIOS Datfile (24) (2016-10-21).dat, path: dats/SONY_PSX/Sony - PlayStation - BIOS Datfile (24) (2016-10-21).dat, platform_id: SONY_PSX
Jun 19 03:09:28.939 INFO SONY_PSP: dats/SONY_PSP/Sony - PlayStation Portable - Datfile (2139) (2020-06-17 10-35-23).dat, path: dats/SONY_PSP/Sony - PlayStation Portable - Datfile (2139) (2020-06-17 10-35-23).dat, platform_id: SONY_PSP
Jun 19 03:09:29.023 INFO SONY_PS4: dats/SONY_PS4/Sony - PlayStation 4 - Datfile (1076) (2020-06-18 21-47-21).dat, path: dats/SONY_PS4/Sony - PlayStation 4 - Datfile (1076) (2020-06-18 21-47-21).dat, platform_id: SONY_PS4
Jun 19 03:09:29.061 INFO SONY_PS2: dats/SONY_PS2/Sony - PlayStation 2 - BIOS Datfile (107) (2019-11-25).dat, path: dats/SONY_PS2/Sony - PlayStation 2 - BIOS Datfile (107) (2019-11-25).dat, platform_id: SONY_PS2
Jun 19 03:09:29.200 INFO SONY_PS2: dats/SONY_PS2/Sony - PlayStation 2 - Datfile (9846) (2020-06-17 12-07-58).dat, path: dats/SONY_PS2/Sony - PlayStation 2 - Datfile (9846) (2020-06-17 12-07-58).dat, platform_id: SONY_PS2
Jun 19 03:09:29.584 INFO ATARI_JAGUAR_CD: dats/ATARI_JAGUAR_CD/Atari - Jaguar CD Interactive Multimedia System - Datfile (10) (2019-08-27 00-06-32).dat, path: dats/ATARI_JAGUAR_CD/Atari - Jaguar CD Interactive Multimedia System - Datfile (10) (2019-08-27 00-06-32).dat, platform_id: ATARI_JAGUAR_CD
Jun 19 03:09:29.627 INFO NINTENDO_WII: dats/NINTENDO_WII/Nintendo - Wii - Datfile (3617) (2020-06-14 22-31-25).dat, path: dats/NINTENDO_WII/Nintendo - Wii - Datfile (3617) (2020-06-14 22-31-25).dat, platform_id: NINTENDO_WII
