Jul 19 00:06:58.127 INFO SEGA_DC: dats/SEGA_DC/Sega Dreamcast - Applications (TOSEC-v2019-12-20_CM).dat, path: dats/SEGA_DC/Sega Dreamcast - Applications (TOSEC-v2019-12-20_CM).dat, platform_id: SEGA_DC
Jul 19 00:06:58.160 INFO SEGA_DC: dats/SEGA_DC/Sega Dreamcast - Games - US (TOSEC-v2019-12-20_CM).dat, path: dats/SEGA_DC/Sega Dreamcast - Games - US (TOSEC-v2019-12-20_CM).dat, platform_id: SEGA_DC
Jul 19 00:06:58.189 INFO SEGA_DC: dats/SEGA_DC/Sega Dreamcast - Firmware (TOSEC-v2017-07-05_CM).dat, path: dats/SEGA_DC/Sega Dreamcast - Firmware (TOSEC-v2017-07-05_CM).dat, platform_id: SEGA_DC
Jul 19 00:06:58.258 INFO SEGA_DC: dats/SEGA_DC/Sega - Dreamcast - Datfile (1336) (2020-07-11 11-45-07).dat, path: dats/SEGA_DC/Sega - Dreamcast - Datfile (1336) (2020-07-11 11-45-07).dat, platform_id: SEGA_DC
Jul 19 00:06:58.393 INFO SEGA_DC: dats/SEGA_DC/Sega Dreamcast - Games - [ISO] (TOSEC-v2019-05-10_CM).dat, path: dats/SEGA_DC/Sega Dreamcast - Games - [ISO] (TOSEC-v2019-05-10_CM).dat, platform_id: SEGA_DC
Jul 19 00:06:58.426 INFO SEGA_DC: dats/SEGA_DC/Sega Dreamcast - Games - PAL (TOSEC-v2019-08-04_CM).dat, path: dats/SEGA_DC/Sega Dreamcast - Games - PAL (TOSEC-v2019-08-04_CM).dat, platform_id: SEGA_DC
Jul 19 00:06:58.455 INFO SEGA_DC: dats/SEGA_DC/Sega Dreamcast - Homebrew - Demos - [NRG] (TOSEC-v2012-02-27_CM).dat, path: dats/SEGA_DC/Sega Dreamcast - Homebrew - Demos - [NRG] (TOSEC-v2012-02-27_CM).dat, platform_id: SEGA_DC
Jul 19 00:06:58.466 INFO SEGA_DC: dats/SEGA_DC/Sega Dreamcast - Samplers (TOSEC-v2019-12-22_CM).dat, path: dats/SEGA_DC/Sega Dreamcast - Samplers (TOSEC-v2019-12-22_CM).dat, platform_id: SEGA_DC
Jul 19 00:06:58.484 INFO SEGA_DC: dats/SEGA_DC/Sega Dreamcast - Various Unverified Dumps (TOSEC-v2019-12-22_CM).dat, path: dats/SEGA_DC/Sega Dreamcast - Various Unverified Dumps (TOSEC-v2019-12-22_CM).dat, platform_id: SEGA_DC
Jul 19 00:06:58.492 INFO SEGA_DC: dats/SEGA_DC/Sega Dreamcast - Homebrew - Demos - [BIN] (TOSEC-v2012-02-27_CM).dat, path: dats/SEGA_DC/Sega Dreamcast - Homebrew - Demos - [BIN] (TOSEC-v2012-02-27_CM).dat, platform_id: SEGA_DC
Jul 19 00:06:58.493 INFO SEGA_DC: dats/SEGA_DC/Sega Dreamcast - Homebrew - Demos - [Multipart] (TOSEC-v2012-02-27_CM).dat, path: dats/SEGA_DC/Sega Dreamcast - Homebrew - Demos - [Multipart] (TOSEC-v2012-02-27_CM).dat, platform_id: SEGA_DC
Jul 19 00:06:58.494 INFO SEGA_DC: dats/SEGA_DC/Sega Dreamcast - Homebrew - Demos - [CDI] (TOSEC-v2012-02-27_CM).dat, path: dats/SEGA_DC/Sega Dreamcast - Homebrew - Demos - [CDI] (TOSEC-v2012-02-27_CM).dat, platform_id: SEGA_DC
Jul 19 00:06:58.495 INFO SEGA_DC: dats/SEGA_DC/Sega Dreamcast - Homebrew - Demos - [ELF] (TOSEC-v2012-02-27_CM).dat, path: dats/SEGA_DC/Sega Dreamcast - Homebrew - Demos - [ELF] (TOSEC-v2012-02-27_CM).dat, platform_id: SEGA_DC
Jul 19 00:06:58.540 INFO SEGA_DC: dats/SEGA_DC/Sega Dreamcast - Games - JP (TOSEC-v2019-12-20_CM).dat, path: dats/SEGA_DC/Sega Dreamcast - Games - JP (TOSEC-v2019-12-20_CM).dat, platform_id: SEGA_DC
Jul 19 00:06:58.590 INFO BANDAI_WSC: dats/BANDAI_WSC/Bandai WonderSwan Color - Demos (TOSEC-v2013-12-13_CM).dat, path: dats/BANDAI_WSC/Bandai WonderSwan Color - Demos (TOSEC-v2013-12-13_CM).dat, platform_id: BANDAI_WSC
Jul 19 00:06:58.592 INFO BANDAI_WSC: dats/BANDAI_WSC/Bandai - WonderSwan Color (20200324-193106).dat, path: dats/BANDAI_WSC/Bandai - WonderSwan Color (20200324-193106).dat, platform_id: BANDAI_WSC
Jul 19 00:06:58.600 INFO BANDAI_WSC: dats/BANDAI_WSC/Bandai WonderSwan Color - Games (TOSEC-v2013-12-13_CM).dat, path: dats/BANDAI_WSC/Bandai WonderSwan Color - Games (TOSEC-v2013-12-13_CM).dat, platform_id: BANDAI_WSC
Jul 19 00:06:58.603 INFO NINTENDO_GBC: dats/NINTENDO_GBC/Nintendo Game Boy Color - Firmware (TOSEC-v2011-09-27_CM).dat, path: dats/NINTENDO_GBC/Nintendo Game Boy Color - Firmware (TOSEC-v2011-09-27_CM).dat, platform_id: NINTENDO_GBC
Jul 19 00:06:58.606 INFO NINTENDO_GBC: dats/NINTENDO_GBC/Nintendo Game Boy Color - Games (TOSEC-v2012-02-27_CM).dat, path: dats/NINTENDO_GBC/Nintendo Game Boy Color - Games (TOSEC-v2012-02-27_CM).dat, platform_id: NINTENDO_GBC
Jul 19 00:06:58.607 INFO NINTENDO_GBC: dats/NINTENDO_GBC/Nintendo Game Boy Color - Demos (TOSEC-v2014-07-01_CM).dat, path: dats/NINTENDO_GBC/Nintendo Game Boy Color - Demos (TOSEC-v2014-07-01_CM).dat, platform_id: NINTENDO_GBC
Jul 19 00:06:58.617 INFO NINTENDO_GBC: dats/NINTENDO_GBC/Nintendo - Game Boy Color (20200626-155317).dat, path: dats/NINTENDO_GBC/Nintendo - Game Boy Color (20200626-155317).dat, platform_id: NINTENDO_GBC
Jul 19 00:06:58.663 INFO MAGNAVOX_O2: dats/MAGNAVOX_O2/Magnavox Odyssey2 - Applications (TOSEC-v2011-02-22_CM).dat, path: dats/MAGNAVOX_O2/Magnavox Odyssey2 - Applications (TOSEC-v2011-02-22_CM).dat, platform_id: MAGNAVOX_O2
Jul 19 00:06:58.667 INFO MAGNAVOX_O2: dats/MAGNAVOX_O2/Magnavox Odyssey2 - Games (TOSEC-v2011-02-22_CM).dat, path: dats/MAGNAVOX_O2/Magnavox Odyssey2 - Games (TOSEC-v2011-02-22_CM).dat, platform_id: MAGNAVOX_O2
Jul 19 00:06:58.671 INFO MAGNAVOX_O2: dats/MAGNAVOX_O2/Magnavox - Odyssey2 (20120223-000000).dat, path: dats/MAGNAVOX_O2/Magnavox - Odyssey2 (20120223-000000).dat, platform_id: MAGNAVOX_O2
Jul 19 00:06:58.675 INFO MAGNAVOX_O2: dats/MAGNAVOX_O2/Magnavox Odyssey2 - Educational (TOSEC-v2011-02-22_CM).dat, path: dats/MAGNAVOX_O2/Magnavox Odyssey2 - Educational (TOSEC-v2011-02-22_CM).dat, platform_id: MAGNAVOX_O2
Jul 19 00:06:58.675 INFO MAGNAVOX_O2: dats/MAGNAVOX_O2/Magnavox Odyssey2 - Firmware (TOSEC-v2011-02-22_CM).dat, path: dats/MAGNAVOX_O2/Magnavox Odyssey2 - Firmware (TOSEC-v2011-02-22_CM).dat, platform_id: MAGNAVOX_O2
Jul 19 00:06:58.727 INFO NINTENDO_WIIU: dats/NINTENDO_WIIU/Nintendo - Wii U (Digital) (20191222-002825).dat, path: dats/NINTENDO_WIIU/Nintendo - Wii U (Digital) (20191222-002825).dat, platform_id: NINTENDO_WIIU
Jul 19 00:06:58.871 INFO NINTENDO_WIIU: dats/NINTENDO_WIIU/Nintendo - Wii U - Datfile (491) (2020-07-13 01-01-13).dat, path: dats/NINTENDO_WIIU/Nintendo - Wii U - Datfile (491) (2020-07-13 01-01-13).dat, platform_id: NINTENDO_WIIU
Jul 19 00:06:58.894 INFO SEGA_SMS: dats/SEGA_SMS/Sega Mark III & Master System - Demos (TOSEC-v2011-08-13_CM).dat, path: dats/SEGA_SMS/Sega Mark III & Master System - Demos (TOSEC-v2011-08-13_CM).dat, platform_id: SEGA_SMS
Jul 19 00:06:58.897 INFO SEGA_SMS: dats/SEGA_SMS/Sega Mark III & Master System - Firmware (TOSEC-v2017-10-22_CM).dat, path: dats/SEGA_SMS/Sega Mark III & Master System - Firmware (TOSEC-v2017-10-22_CM).dat, platform_id: SEGA_SMS
Jul 19 00:06:58.898 INFO SEGA_SMS: dats/SEGA_SMS/Sega Mark III & Master System - Samplers (TOSEC-v2011-06-20_CM).dat, path: dats/SEGA_SMS/Sega Mark III & Master System - Samplers (TOSEC-v2011-06-20_CM).dat, platform_id: SEGA_SMS
Jul 19 00:06:58.898 INFO SEGA_SMS: dats/SEGA_SMS/Sega Mark III & Master System - Educational (TOSEC-v2010-12-22_CM).dat, path: dats/SEGA_SMS/Sega Mark III & Master System - Educational (TOSEC-v2010-12-22_CM).dat, platform_id: SEGA_SMS
Jul 19 00:06:58.902 INFO SEGA_SMS: dats/SEGA_SMS/Sega - Master System - Mark III (20200429-062328).dat, path: dats/SEGA_SMS/Sega - Master System - Mark III (20200429-062328).dat, platform_id: SEGA_SMS
Jul 19 00:06:58.947 INFO SEGA_SMS: dats/SEGA_SMS/Sega Mark III & Master System - Games (TOSEC-v2017-10-22_CM).dat, path: dats/SEGA_SMS/Sega Mark III & Master System - Games (TOSEC-v2017-10-22_CM).dat, platform_id: SEGA_SMS
Jul 19 00:06:58.977 INFO SEGA_SMS: dats/SEGA_SMS/Sega Mark III & Master System - Applications (TOSEC-v2017-10-22_CM).dat, path: dats/SEGA_SMS/Sega Mark III & Master System - Applications (TOSEC-v2017-10-22_CM).dat, platform_id: SEGA_SMS
Jul 19 00:06:58.978 INFO ATARI_JAGUAR: dats/ATARI_JAGUAR/Atari Jaguar - Demos - [ROM] (TOSEC-v2018-07-01_CM).dat, path: dats/ATARI_JAGUAR/Atari Jaguar - Demos - [ROM] (TOSEC-v2018-07-01_CM).dat, platform_id: ATARI_JAGUAR
Jul 19 00:06:58.979 INFO ATARI_JAGUAR: dats/ATARI_JAGUAR/Atari - Jaguar (J64) (20191211-203857).dat, path: dats/ATARI_JAGUAR/Atari - Jaguar (J64) (20191211-203857).dat, platform_id: ATARI_JAGUAR
Jul 19 00:06:58.982 INFO ATARI_JAGUAR: dats/ATARI_JAGUAR/Atari Jaguar - Applications - [JAG] (TOSEC-v2018-07-01_CM).dat, path: dats/ATARI_JAGUAR/Atari Jaguar - Applications - [JAG] (TOSEC-v2018-07-01_CM).dat, platform_id: ATARI_JAGUAR
Jul 19 00:06:58.983 INFO ATARI_JAGUAR: dats/ATARI_JAGUAR/Atari Jaguar - Firmware (TOSEC-v2013-12-13_CM).dat, path: dats/ATARI_JAGUAR/Atari Jaguar - Firmware (TOSEC-v2013-12-13_CM).dat, platform_id: ATARI_JAGUAR
Jul 19 00:06:58.983 INFO ATARI_JAGUAR: dats/ATARI_JAGUAR/Atari Jaguar - Games - [Multipart] (TOSEC-v2018-07-01_CM).dat, path: dats/ATARI_JAGUAR/Atari Jaguar - Games - [Multipart] (TOSEC-v2018-07-01_CM).dat, platform_id: ATARI_JAGUAR
Jul 19 00:06:58.984 INFO ATARI_JAGUAR: dats/ATARI_JAGUAR/Atari Jaguar - Demos - [BIN] (TOSEC-v2018-07-01_CM).dat, path: dats/ATARI_JAGUAR/Atari Jaguar - Demos - [BIN] (TOSEC-v2018-07-01_CM).dat, platform_id: ATARI_JAGUAR
Jul 19 00:06:58.985 INFO ATARI_JAGUAR: dats/ATARI_JAGUAR/Atari Jaguar - Demos - [ABS] (TOSEC-v2018-07-01_CM).dat, path: dats/ATARI_JAGUAR/Atari Jaguar - Demos - [ABS] (TOSEC-v2018-07-01_CM).dat, platform_id: ATARI_JAGUAR
Jul 19 00:06:58.986 INFO ATARI_JAGUAR: dats/ATARI_JAGUAR/Atari - Jaguar (ROM) (20191211-203857).dat, path: dats/ATARI_JAGUAR/Atari - Jaguar (ROM) (20191211-203857).dat, platform_id: ATARI_JAGUAR
Jul 19 00:06:58.988 INFO ATARI_JAGUAR: dats/ATARI_JAGUAR/Atari Jaguar - Applications - [COF] (TOSEC-v2018-07-01_CM).dat, path: dats/ATARI_JAGUAR/Atari Jaguar - Applications - [COF] (TOSEC-v2018-07-01_CM).dat, platform_id: ATARI_JAGUAR
Jul 19 00:06:58.989 INFO ATARI_JAGUAR: dats/ATARI_JAGUAR/Atari Jaguar - Applications - [ROM] (TOSEC-v2018-07-01_CM).dat, path: dats/ATARI_JAGUAR/Atari Jaguar - Applications - [ROM] (TOSEC-v2018-07-01_CM).dat, platform_id: ATARI_JAGUAR
Jul 19 00:06:58.989 INFO ATARI_JAGUAR: dats/ATARI_JAGUAR/Atari Jaguar - Demos - [COF] (TOSEC-v2018-07-01_CM).dat, path: dats/ATARI_JAGUAR/Atari Jaguar - Demos - [COF] (TOSEC-v2018-07-01_CM).dat, platform_id: ATARI_JAGUAR
Jul 19 00:06:58.991 INFO ATARI_JAGUAR: dats/ATARI_JAGUAR/Atari Jaguar - Demos - [JAG] (TOSEC-v2018-07-01_CM).dat, path: dats/ATARI_JAGUAR/Atari Jaguar - Demos - [JAG] (TOSEC-v2018-07-01_CM).dat, platform_id: ATARI_JAGUAR
Jul 19 00:06:58.994 INFO ATARI_JAGUAR: dats/ATARI_JAGUAR/Atari Jaguar - Games - [BIN] (TOSEC-v2018-07-01_CM).dat, path: dats/ATARI_JAGUAR/Atari Jaguar - Games - [BIN] (TOSEC-v2018-07-01_CM).dat, platform_id: ATARI_JAGUAR
Jul 19 00:06:58.996 INFO ATARI_JAGUAR: dats/ATARI_JAGUAR/Atari Jaguar - Applications - [BIN] (TOSEC-v2018-07-01_CM).dat, path: dats/ATARI_JAGUAR/Atari Jaguar - Applications - [BIN] (TOSEC-v2018-07-01_CM).dat, platform_id: ATARI_JAGUAR
Jul 19 00:06:58.998 INFO ATARI_JAGUAR: dats/ATARI_JAGUAR/Atari Jaguar - Games - [J64] (TOSEC-v2018-07-01_CM).dat, path: dats/ATARI_JAGUAR/Atari Jaguar - Games - [J64] (TOSEC-v2018-07-01_CM).dat, platform_id: ATARI_JAGUAR
Jul 19 00:06:58.999 INFO ATARI_JAGUAR: dats/ATARI_JAGUAR/Atari Jaguar - Applications - [ABS] (TOSEC-v2018-07-01_CM).dat, path: dats/ATARI_JAGUAR/Atari Jaguar - Applications - [ABS] (TOSEC-v2018-07-01_CM).dat, platform_id: ATARI_JAGUAR
Jul 19 00:06:58.999 INFO ATARI_JAGUAR: dats/ATARI_JAGUAR/Atari Jaguar - Games - [ABS] (TOSEC-v2018-07-01_CM).dat, path: dats/ATARI_JAGUAR/Atari Jaguar - Games - [ABS] (TOSEC-v2018-07-01_CM).dat, platform_id: ATARI_JAGUAR
Jul 19 00:06:59.000 INFO ATARI_JAGUAR: dats/ATARI_JAGUAR/Atari Jaguar - Games - [JAG] (TOSEC-v2018-07-01_CM).dat, path: dats/ATARI_JAGUAR/Atari Jaguar - Games - [JAG] (TOSEC-v2018-07-01_CM).dat, platform_id: ATARI_JAGUAR
Jul 19 00:06:59.000 INFO NEC_TGCD: dats/NEC_TGCD/NEC PC-Engine CD & TurboGrafx-16 CD - Homebrew - Games (TOSEC-v2012-07-22_CM).dat, path: dats/NEC_TGCD/NEC PC-Engine CD & TurboGrafx-16 CD - Homebrew - Games (TOSEC-v2012-07-22_CM).dat, platform_id: NEC_TGCD
Jul 19 00:06:59.000 INFO NEC_TGCD: dats/NEC_TGCD/NEC PC-Engine CD & TurboGrafx-16 CD - Applications (TOSEC-v2018-03-23_CM).dat, path: dats/NEC_TGCD/NEC PC-Engine CD & TurboGrafx-16 CD - Applications (TOSEC-v2018-03-23_CM).dat, platform_id: NEC_TGCD
Jul 19 00:06:59.001 INFO NEC_TGCD: dats/NEC_TGCD/NEC PC-Engine CD & TurboGrafx-16 CD - Compilations (TOSEC-v2019-04-18_CM).dat, path: dats/NEC_TGCD/NEC PC-Engine CD & TurboGrafx-16 CD - Compilations (TOSEC-v2019-04-18_CM).dat, platform_id: NEC_TGCD
Jul 19 00:06:59.001 INFO NEC_TGCD: dats/NEC_TGCD/NEC PC-Engine CD & TurboGrafx-16 CD - Educational (TOSEC-v2018-05-28_CM).dat, path: dats/NEC_TGCD/NEC PC-Engine CD & TurboGrafx-16 CD - Educational (TOSEC-v2018-05-28_CM).dat, platform_id: NEC_TGCD
Jul 19 00:06:59.079 INFO NEC_TGCD: dats/NEC_TGCD/NEC - PC Engine CD & TurboGrafx CD - Datfile (527) (2020-07-17 22-13-49).dat, path: dats/NEC_TGCD/NEC - PC Engine CD & TurboGrafx CD - Datfile (527) (2020-07-17 22-13-49).dat, platform_id: NEC_TGCD
Jul 19 00:06:59.207 INFO SEGA_SG1000: dats/SEGA_SG1000/Sega Game 1000 - Games (TOSEC-v2017-09-03_CM).dat, path: dats/SEGA_SG1000/Sega Game 1000 - Games (TOSEC-v2017-09-03_CM).dat, platform_id: SEGA_SG1000
Jul 19 00:06:59.212 INFO SEGA_SG1000: dats/SEGA_SG1000/Sega Game 1000 - Demos (TOSEC-v2011-08-13_CM).dat, path: dats/SEGA_SG1000/Sega Game 1000 - Demos (TOSEC-v2011-08-13_CM).dat, platform_id: SEGA_SG1000
Jul 19 00:06:59.212 INFO SEGA_SG1000: dats/SEGA_SG1000/Sega Game 1000 - Applications (TOSEC-v2011-12-19_CM).dat, path: dats/SEGA_SG1000/Sega Game 1000 - Applications (TOSEC-v2011-12-19_CM).dat, platform_id: SEGA_SG1000
Jul 19 00:06:59.214 INFO SEGA_SG1000: dats/SEGA_SG1000/Sega - SG-1000 (20200217-185318).dat, path: dats/SEGA_SG1000/Sega - SG-1000 (20200217-185318).dat, platform_id: SEGA_SG1000
Jul 19 00:06:59.222 INFO NINTENDO_BS: dats/NINTENDO_BS/Nintendo - Satellaview (20200424-131853).dat, path: dats/NINTENDO_BS/Nintendo - Satellaview (20200424-131853).dat, platform_id: NINTENDO_BS
Jul 19 00:06:59.259 INFO MICROSOFT_XBOX: dats/MICROSOFT_XBOX/Microsoft - Xbox - Datfile (2447) (2020-07-02 20-14-14).dat, path: dats/MICROSOFT_XBOX/Microsoft - Xbox - Datfile (2447) (2020-07-02 20-14-14).dat, platform_id: MICROSOFT_XBOX
Jul 19 00:06:59.340 INFO MICROSOFT_XBOX: dats/MICROSOFT_XBOX/Microsoft - Xbox - BIOS Datfile (7) (2010-09-13).dat, path: dats/MICROSOFT_XBOX/Microsoft - Xbox - BIOS Datfile (7) (2010-09-13).dat, platform_id: MICROSOFT_XBOX
Jul 19 00:06:59.341 INFO NINTENDO_3DS: dats/NINTENDO_3DS/Nintendo - Nintendo 3DS (Digital) (CDN) (CIA) (20200706-035548).dat, path: dats/NINTENDO_3DS/Nintendo - Nintendo 3DS (Digital) (CDN) (CIA) (20200706-035548).dat, platform_id: NINTENDO_3DS
Jul 19 00:06:59.353 INFO NINTENDO_3DS: dats/NINTENDO_3DS/Nintendo - Nintendo 3DS (Digital) (Updates and DLC) (Encrypted) (20200712-004745).dat, path: dats/NINTENDO_3DS/Nintendo - Nintendo 3DS (Digital) (Updates and DLC) (Encrypted) (20200712-004745).dat, platform_id: NINTENDO_3DS
Jul 19 00:06:59.402 INFO NINTENDO_3DS: dats/NINTENDO_3DS/Nintendo - Nintendo 3DS (Digital) (Updates and DLC) (Decrypted) (20200712-004745).dat, path: dats/NINTENDO_3DS/Nintendo - Nintendo 3DS (Digital) (Updates and DLC) (Decrypted) (20200712-004745).dat, platform_id: NINTENDO_3DS
Jul 19 00:06:59.410 INFO NINTENDO_3DS: dats/NINTENDO_3DS/Nintendo - Nintendo 3DS (Digital) (20190801-212709).dat, path: dats/NINTENDO_3DS/Nintendo - Nintendo 3DS (Digital) (20190801-212709).dat, platform_id: NINTENDO_3DS
Jul 19 00:06:59.461 INFO NINTENDO_3DS: dats/NINTENDO_3DS/Nintendo - Nintendo 3DS (Decrypted) (20200716-104046).dat, path: dats/NINTENDO_3DS/Nintendo - Nintendo 3DS (Decrypted) (20200716-104046).dat, platform_id: NINTENDO_3DS
Jul 19 00:06:59.539 INFO NINTENDO_3DS: dats/NINTENDO_3DS/Nintendo - Nintendo 3DS (Encrypted) (20200716-104046).dat, path: dats/NINTENDO_3DS/Nintendo - Nintendo 3DS (Encrypted) (20200716-104046).dat, platform_id: NINTENDO_3DS
Jul 19 00:06:59.612 INFO PHILIPS_CDI: dats/PHILIPS_CDI/Philips - CD-i - Datfile (237) (2020-06-23 23-40-53).dat, path: dats/PHILIPS_CDI/Philips - CD-i - Datfile (237) (2020-06-23 23-40-53).dat, platform_id: PHILIPS_CDI
Jul 19 00:06:59.624 INFO NINTENDO_SFT: dats/NINTENDO_SFT/Nintendo - Sufami Turbo (20190125-184314).dat, path: dats/NINTENDO_SFT/Nintendo - Sufami Turbo (20190125-184314).dat, platform_id: NINTENDO_SFT
Jul 19 00:06:59.625 INFO COLECO_CV: dats/COLECO_CV/Coleco ColecoVision - Firmware (TOSEC-v2015-05-07_CM).dat, path: dats/COLECO_CV/Coleco ColecoVision - Firmware (TOSEC-v2015-05-07_CM).dat, platform_id: COLECO_CV
Jul 19 00:06:59.626 INFO COLECO_CV: dats/COLECO_CV/Coleco ColecoVision - Educational (TOSEC-v2015-05-07_CM).dat, path: dats/COLECO_CV/Coleco ColecoVision - Educational (TOSEC-v2015-05-07_CM).dat, platform_id: COLECO_CV
Jul 19 00:06:59.627 INFO COLECO_CV: dats/COLECO_CV/Coleco ColecoVision - Applications (TOSEC-v2015-05-07_CM).dat, path: dats/COLECO_CV/Coleco ColecoVision - Applications (TOSEC-v2015-05-07_CM).dat, platform_id: COLECO_CV
Jul 19 00:06:59.643 INFO COLECO_CV: dats/COLECO_CV/Coleco ColecoVision - Games (TOSEC-v2015-05-07_CM).dat, path: dats/COLECO_CV/Coleco ColecoVision - Games (TOSEC-v2015-05-07_CM).dat, platform_id: COLECO_CV
Jul 19 00:06:59.658 INFO COLECO_CV: dats/COLECO_CV/Coleco ColecoVision - Demos (TOSEC-v2015-05-07_CM).dat, path: dats/COLECO_CV/Coleco ColecoVision - Demos (TOSEC-v2015-05-07_CM).dat, platform_id: COLECO_CV
Jul 19 00:06:59.660 INFO COLECO_CV: dats/COLECO_CV/Coleco - ColecoVision (20191208-220349).dat, path: dats/COLECO_CV/Coleco - ColecoVision (20191208-220349).dat, platform_id: COLECO_CV
Jul 19 00:06:59.665 INFO SNK_NGP: dats/SNK_NGP/SNK Neo-Geo Pocket - Games (TOSEC-v2014-07-01_CM).dat, path: dats/SNK_NGP/SNK Neo-Geo Pocket - Games (TOSEC-v2014-07-01_CM).dat, platform_id: SNK_NGP
Jul 19 00:06:59.666 INFO SNK_NGP: dats/SNK_NGP/SNK Neo-Geo Pocket - Firmware (TOSEC-v2011-08-13_CM).dat, path: dats/SNK_NGP/SNK Neo-Geo Pocket - Firmware (TOSEC-v2011-08-13_CM).dat, platform_id: SNK_NGP
Jul 19 00:06:59.666 INFO SNK_NGP: dats/SNK_NGP/SNK - Neo Geo Pocket (20190930-190238).dat, path: dats/SNK_NGP/SNK - Neo Geo Pocket (20190930-190238).dat, platform_id: SNK_NGP
Jul 19 00:06:59.673 INFO ATARI_5200: dats/ATARI_5200/Atari 5200 - Games (TOSEC-v2013-12-13_CM).dat, path: dats/ATARI_5200/Atari 5200 - Games (TOSEC-v2013-12-13_CM).dat, platform_id: ATARI_5200
Jul 19 00:06:59.681 INFO ATARI_5200: dats/ATARI_5200/Atari - 5200 (20130303-220600).dat, path: dats/ATARI_5200/Atari - 5200 (20130303-220600).dat, platform_id: ATARI_5200
Jul 19 00:06:59.684 INFO ATARI_5200: dats/ATARI_5200/Atari 5200 - Applications (TOSEC-v2013-12-13_CM).dat, path: dats/ATARI_5200/Atari 5200 - Applications (TOSEC-v2013-12-13_CM).dat, platform_id: ATARI_5200
Jul 19 00:06:59.684 INFO ATARI_5200: dats/ATARI_5200/Atari 5200 - Demos (TOSEC-v2013-12-13_CM).dat, path: dats/ATARI_5200/Atari 5200 - Demos (TOSEC-v2013-12-13_CM).dat, platform_id: ATARI_5200
Jul 19 00:06:59.684 INFO ATARI_5200: dats/ATARI_5200/Atari 5200 - Firmware (TOSEC-v2013-12-13_CM).dat, path: dats/ATARI_5200/Atari 5200 - Firmware (TOSEC-v2013-12-13_CM).dat, platform_id: ATARI_5200
Jul 19 00:06:59.685 INFO SEGA_CD: dats/SEGA_CD/Sega Mega-CD & Sega CD - Firmware (TOSEC-v2018-11-17_CM).dat, path: dats/SEGA_CD/Sega Mega-CD & Sega CD - Firmware (TOSEC-v2018-11-17_CM).dat, platform_id: SEGA_CD
Jul 19 00:06:59.686 INFO SEGA_CD: dats/SEGA_CD/Sega Mega-CD & Sega CD - CD - Educational - [IMG] (TOSEC-v2013-04-10_CM).dat, path: dats/SEGA_CD/Sega Mega-CD & Sega CD - CD - Educational - [IMG] (TOSEC-v2013-04-10_CM).dat, platform_id: SEGA_CD
Jul 19 00:06:59.686 INFO SEGA_CD: dats/SEGA_CD/Sega Mega-CD & Sega CD - Applications (TOSEC-v2012-09-08_CM).dat, path: dats/SEGA_CD/Sega Mega-CD & Sega CD - Applications (TOSEC-v2012-09-08_CM).dat, platform_id: SEGA_CD
Jul 19 00:06:59.729 INFO SEGA_CD: dats/SEGA_CD/Sega - Mega CD & Sega CD - Datfile (530) (2020-06-22 23-49-24).dat, path: dats/SEGA_CD/Sega - Mega CD & Sega CD - Datfile (530) (2020-06-22 23-49-24).dat, platform_id: SEGA_CD
Jul 19 00:06:59.810 INFO SEGA_CD: dats/SEGA_CD/Sega Mega-CD & Sega CD - CD - Samplers - [IMG] (TOSEC-v2012-09-08_CM).dat, path: dats/SEGA_CD/Sega Mega-CD & Sega CD - CD - Samplers - [IMG] (TOSEC-v2012-09-08_CM).dat, platform_id: SEGA_CD
Jul 19 00:06:59.815 INFO SEGA_CD: dats/SEGA_CD/Sega Mega-CD & Sega CD - CD - Samplers - [ISO] (TOSEC-v2014-07-01_CM).dat, path: dats/SEGA_CD/Sega Mega-CD & Sega CD - CD - Samplers - [ISO] (TOSEC-v2014-07-01_CM).dat, platform_id: SEGA_CD
Jul 19 00:06:59.839 INFO SEGA_CD: dats/SEGA_CD/Sega Mega-CD & Sega CD - CD - Games - [IMG] (TOSEC-v2014-07-01_CM).dat, path: dats/SEGA_CD/Sega Mega-CD & Sega CD - CD - Games - [IMG] (TOSEC-v2014-07-01_CM).dat, platform_id: SEGA_CD
Jul 19 00:06:59.862 INFO SEGA_CD: dats/SEGA_CD/Sega Mega-CD & Sega CD - CD - Educational - [ISO] (TOSEC-v2014-07-01_CM).dat, path: dats/SEGA_CD/Sega Mega-CD & Sega CD - CD - Educational - [ISO] (TOSEC-v2014-07-01_CM).dat, platform_id: SEGA_CD
Jul 19 00:06:59.863 INFO SEGA_CD: dats/SEGA_CD/Sega Mega-CD & Sega CD - CD - Applications (TOSEC-v2014-07-01_CM).dat, path: dats/SEGA_CD/Sega Mega-CD & Sega CD - CD - Applications (TOSEC-v2014-07-01_CM).dat, platform_id: SEGA_CD
Jul 19 00:06:59.918 INFO SEGA_CD: dats/SEGA_CD/Sega Mega-CD & Sega CD - CD - Games - [ISO] (TOSEC-v2013-04-10_CM).dat, path: dats/SEGA_CD/Sega Mega-CD & Sega CD - CD - Games - [ISO] (TOSEC-v2013-04-10_CM).dat, platform_id: SEGA_CD
Jul 19 00:06:59.975 INFO ATARI_2600: dats/ATARI_2600/Atari 2600 & VCS - Demos (TOSEC-v2019-09-02_CM).dat, path: dats/ATARI_2600/Atari 2600 & VCS - Demos (TOSEC-v2019-09-02_CM).dat, platform_id: ATARI_2600
Jul 19 00:06:59.980 INFO ATARI_2600: dats/ATARI_2600/Atari 2600 & VCS - Educational (TOSEC-v2019-09-02_CM).dat, path: dats/ATARI_2600/Atari 2600 & VCS - Educational (TOSEC-v2019-09-02_CM).dat, platform_id: ATARI_2600
Jul 19 00:06:59.983 INFO ATARI_2600: dats/ATARI_2600/Atari 2600 & VCS - Applications (TOSEC-v2019-09-02_CM).dat, path: dats/ATARI_2600/Atari 2600 & VCS - Applications (TOSEC-v2019-09-02_CM).dat, platform_id: ATARI_2600
Jul 19 00:06:59.989 INFO ATARI_2600: dats/ATARI_2600/Atari - 2600 (20200514-091155).dat, path: dats/ATARI_2600/Atari - 2600 (20200514-091155).dat, platform_id: ATARI_2600
Jul 19 00:07:00.085 INFO ATARI_2600: dats/ATARI_2600/Atari 2600 & VCS - Games (TOSEC-v2019-12-18_CM).dat, path: dats/ATARI_2600/Atari 2600 & VCS - Games (TOSEC-v2019-12-18_CM).dat, platform_id: ATARI_2600
Jul 19 00:07:00.146 INFO BANDAI_WS: dats/BANDAI_WS/Bandai WonderSwan - Games (TOSEC-v2013-12-13_CM).dat, path: dats/BANDAI_WS/Bandai WonderSwan - Games (TOSEC-v2013-12-13_CM).dat, platform_id: BANDAI_WS
Jul 19 00:07:00.151 INFO BANDAI_WS: dats/BANDAI_WS/Bandai - WonderSwan (20200427-065439).dat, path: dats/BANDAI_WS/Bandai - WonderSwan (20200427-065439).dat, platform_id: BANDAI_WS
Jul 19 00:07:00.155 INFO BANDAI_WS: dats/BANDAI_WS/Bandai WonderSwan - Demos (TOSEC-v2013-12-13_CM).dat, path: dats/BANDAI_WS/Bandai WonderSwan - Demos (TOSEC-v2013-12-13_CM).dat, platform_id: BANDAI_WS
Jul 19 00:07:00.155 INFO FUJITSU_FMT: dats/FUJITSU_FMT/Fujitsu FM Towns - Firmware (TOSEC-v2011-02-26_CM).dat, path: dats/FUJITSU_FMT/Fujitsu FM Towns - Firmware (TOSEC-v2011-02-26_CM).dat, platform_id: FUJITSU_FMT
Jul 19 00:07:00.156 INFO FUJITSU_FMT: dats/FUJITSU_FMT/Fujitsu FM Towns - Operating Systems - [HDM] (TOSEC-v2018-07-01_CM).dat, path: dats/FUJITSU_FMT/Fujitsu FM Towns - Operating Systems - [HDM] (TOSEC-v2018-07-01_CM).dat, platform_id: FUJITSU_FMT
Jul 19 00:07:00.159 INFO FUJITSU_FMT: dats/FUJITSU_FMT/Fujitsu FM Towns - Games - [BIN] (TOSEC-v2011-02-07_CM).dat, path: dats/FUJITSU_FMT/Fujitsu FM Towns - Games - [BIN] (TOSEC-v2011-02-07_CM).dat, platform_id: FUJITSU_FMT
Jul 19 00:07:00.160 INFO FUJITSU_FMT: dats/FUJITSU_FMT/Fujitsu FM Towns - Applications - [HDM] (TOSEC-v2018-07-01_CM).dat, path: dats/FUJITSU_FMT/Fujitsu FM Towns - Applications - [HDM] (TOSEC-v2018-07-01_CM).dat, platform_id: FUJITSU_FMT
Jul 19 00:07:00.161 INFO FUJITSU_FMT: dats/FUJITSU_FMT/Fujitsu FM Towns - CD - Homebrew - Demos (TOSEC-v2012-07-22_CM).dat, path: dats/FUJITSU_FMT/Fujitsu FM Towns - CD - Homebrew - Demos (TOSEC-v2012-07-22_CM).dat, platform_id: FUJITSU_FMT
Jul 19 00:07:00.161 INFO FUJITSU_FMT: dats/FUJITSU_FMT/Fujitsu FM Towns - Applications - [BIN] (TOSEC-v2018-07-01_CM).dat, path: dats/FUJITSU_FMT/Fujitsu FM Towns - Applications - [BIN] (TOSEC-v2018-07-01_CM).dat, platform_id: FUJITSU_FMT
Jul 19 00:07:00.161 INFO FUJITSU_FMT: dats/FUJITSU_FMT/Fujitsu FM Towns - CD - Compilations (TOSEC-v2012-07-13_CM).dat, path: dats/FUJITSU_FMT/Fujitsu FM Towns - CD - Compilations (TOSEC-v2012-07-13_CM).dat, platform_id: FUJITSU_FMT
Jul 19 00:07:00.165 INFO FUJITSU_FMT: dats/FUJITSU_FMT/Fujitsu FM Towns - Games - [HDM] (TOSEC-v2018-07-01_CM).dat, path: dats/FUJITSU_FMT/Fujitsu FM Towns - Games - [HDM] (TOSEC-v2018-07-01_CM).dat, platform_id: FUJITSU_FMT
Jul 19 00:07:00.168 INFO FUJITSU_FMT: dats/FUJITSU_FMT/Fujitsu FM Towns - CD - Homebrew - Games (TOSEC-v2012-07-22_CM).dat, path: dats/FUJITSU_FMT/Fujitsu FM Towns - CD - Homebrew - Games (TOSEC-v2012-07-22_CM).dat, platform_id: FUJITSU_FMT
Jul 19 00:07:00.169 INFO FUJITSU_FMT: dats/FUJITSU_FMT/Fujitsu FM Towns - Applications - [D88] (TOSEC-v2011-02-07_CM).dat, path: dats/FUJITSU_FMT/Fujitsu FM Towns - Applications - [D88] (TOSEC-v2011-02-07_CM).dat, platform_id: FUJITSU_FMT
Jul 19 00:07:00.169 INFO FUJITSU_FMT: dats/FUJITSU_FMT/Fujitsu FM Towns - CD - Games (TOSEC-v2012-07-13_CM).dat, path: dats/FUJITSU_FMT/Fujitsu FM Towns - CD - Games (TOSEC-v2012-07-13_CM).dat, platform_id: FUJITSU_FMT
Jul 19 00:07:00.171 INFO FUJITSU_FMT: dats/FUJITSU_FMT/Fujitsu FM Towns - Games - [D88] (TOSEC-v2011-02-07_CM).dat, path: dats/FUJITSU_FMT/Fujitsu FM Towns - Games - [D88] (TOSEC-v2011-02-07_CM).dat, platform_id: FUJITSU_FMT
Jul 19 00:07:00.198 INFO FUJITSU_FMT: dats/FUJITSU_FMT/Fujitsu - FM-Towns - Datfile (334) (2020-07-17 22-12-36).dat, path: dats/FUJITSU_FMT/Fujitsu - FM-Towns - Datfile (334) (2020-07-17 22-12-36).dat, platform_id: FUJITSU_FMT
Jul 19 00:07:00.240 INFO FUJITSU_FMT: dats/FUJITSU_FMT/Fujitsu FM Towns - Operating Systems - [BIN] (TOSEC-v2011-02-07_CM).dat, path: dats/FUJITSU_FMT/Fujitsu FM Towns - Operating Systems - [BIN] (TOSEC-v2011-02-07_CM).dat, platform_id: FUJITSU_FMT
Jul 19 00:07:00.310 INFO SEGA_SAT: dats/SEGA_SAT/Sega Saturn - Games (TOSEC-v2012-07-13_CM).dat, path: dats/SEGA_SAT/Sega Saturn - Games (TOSEC-v2012-07-13_CM).dat, platform_id: SEGA_SAT
Jul 19 00:07:00.378 INFO SEGA_SAT: dats/SEGA_SAT/Sega Saturn - Samplers (TOSEC-v2012-07-13_CM).dat, path: dats/SEGA_SAT/Sega Saturn - Samplers (TOSEC-v2012-07-13_CM).dat, platform_id: SEGA_SAT
Jul 19 00:07:00.380 INFO SEGA_SAT: dats/SEGA_SAT/Sega Saturn - Firmware (TOSEC-v2014-07-01_CM).dat, path: dats/SEGA_SAT/Sega Saturn - Firmware (TOSEC-v2014-07-01_CM).dat, platform_id: SEGA_SAT
Jul 19 00:07:00.381 INFO SEGA_SAT: dats/SEGA_SAT/Sega Saturn - Applications (TOSEC-v2012-07-13_CM).dat, path: dats/SEGA_SAT/Sega Saturn - Applications (TOSEC-v2012-07-13_CM).dat, platform_id: SEGA_SAT
Jul 19 00:07:00.538 INFO SEGA_SAT: dats/SEGA_SAT/Sega - Saturn - Datfile (2294) (2020-07-19 01-08-28).dat, path: dats/SEGA_SAT/Sega - Saturn - Datfile (2294) (2020-07-19 01-08-28).dat, platform_id: SEGA_SAT
Jul 19 00:07:00.817 INFO SEGA_32X: dats/SEGA_32X/Sega 32X - Firmware (TOSEC-v2012-09-08_CM).dat, path: dats/SEGA_32X/Sega 32X - Firmware (TOSEC-v2012-09-08_CM).dat, platform_id: SEGA_32X
Jul 19 00:07:00.819 INFO SEGA_32X: dats/SEGA_32X/Sega 32X - Demos (TOSEC-v2019-09-01_CM).dat, path: dats/SEGA_32X/Sega 32X - Demos (TOSEC-v2019-09-01_CM).dat, platform_id: SEGA_32X
Jul 19 00:07:00.822 INFO SEGA_32X: dats/SEGA_32X/Sega - 32X (20191204-183941).dat, path: dats/SEGA_32X/Sega - 32X (20191204-183941).dat, platform_id: SEGA_32X
Jul 19 00:07:00.829 INFO SEGA_32X: dats/SEGA_32X/Sega 32X - Applications (TOSEC-v2017-07-26_CM).dat, path: dats/SEGA_32X/Sega 32X - Applications (TOSEC-v2017-07-26_CM).dat, platform_id: SEGA_32X
Jul 19 00:07:00.836 INFO SEGA_32X: dats/SEGA_32X/Sega 32X - Games (TOSEC-v2019-12-18_CM).dat, path: dats/SEGA_32X/Sega 32X - Games (TOSEC-v2019-12-18_CM).dat, platform_id: SEGA_32X
Jul 19 00:07:00.843 INFO SONY_PSV: dats/SONY_PSV/Sony - PlayStation Vita (BlackFinPSV) (20200709-085923).dat, path: dats/SONY_PSV/Sony - PlayStation Vita (BlackFinPSV) (20200709-085923).dat, platform_id: SONY_PSV
Jul 19 00:07:00.847 INFO SONY_PSV: dats/SONY_PSV/WIP Sony - PlayStation Vita (PSN) (Decrypted) (20200527-113102).dat, path: dats/SONY_PSV/WIP Sony - PlayStation Vita (PSN) (Decrypted) (20200527-113102).dat, platform_id: SONY_PSV
Jul 19 00:07:00.968 INFO SONY_PSV: dats/SONY_PSV/Sony - PlayStation Vita (NoNpDrm) (20200709-085923).dat, path: dats/SONY_PSV/Sony - PlayStation Vita (NoNpDrm) (20200709-085923).dat, platform_id: SONY_PSV
Jul 19 00:07:01.441 INFO SONY_PSV: dats/SONY_PSV/Sony - PlayStation Vita (PSVgameSD) (20200709-085923).dat, path: dats/SONY_PSV/Sony - PlayStation Vita (PSVgameSD) (20200709-085923).dat, platform_id: SONY_PSV
Jul 19 00:07:01.469 INFO SONY_PSV: dats/SONY_PSV/Sony - PlayStation Vita (PSN) (Updates) (20200613-080027).dat, path: dats/SONY_PSV/Sony - PlayStation Vita (PSN) (Updates) (20200613-080027).dat, platform_id: SONY_PSV
Jul 19 00:07:01.622 INFO SONY_PSV: dats/SONY_PSV/Sony - PlayStation Vita (PSN) (Content) (20200612-082148).dat, path: dats/SONY_PSV/Sony - PlayStation Vita (PSN) (Content) (20200612-082148).dat, platform_id: SONY_PSV
Jul 19 00:07:01.882 INFO SONY_PSV: dats/SONY_PSV/Sony - PlayStation Vita (VPK) (20200709-085923).dat, path: dats/SONY_PSV/Sony - PlayStation Vita (VPK) (20200709-085923).dat, platform_id: SONY_PSV
Jul 19 00:07:01.892 INFO ATARI_LYNX: dats/ATARI_LYNX/Atari Lynx - Firmware (TOSEC-v2013-12-13_CM).dat, path: dats/ATARI_LYNX/Atari Lynx - Firmware (TOSEC-v2013-12-13_CM).dat, platform_id: ATARI_LYNX
Jul 19 00:07:01.900 INFO ATARI_LYNX: dats/ATARI_LYNX/Atari - Lynx (20191130-205105).dat, path: dats/ATARI_LYNX/Atari - Lynx (20191130-205105).dat, platform_id: ATARI_LYNX
Jul 19 00:07:01.911 INFO ATARI_LYNX: dats/ATARI_LYNX/Atari Lynx - Games (TOSEC-v2013-12-13_CM).dat, path: dats/ATARI_LYNX/Atari Lynx - Games (TOSEC-v2013-12-13_CM).dat, platform_id: ATARI_LYNX
Jul 19 00:07:01.925 INFO ATARI_LYNX: dats/ATARI_LYNX/Atari Lynx - Applications (TOSEC-v2013-12-13_CM).dat, path: dats/ATARI_LYNX/Atari Lynx - Applications (TOSEC-v2013-12-13_CM).dat, platform_id: ATARI_LYNX
Jul 19 00:07:01.932 INFO ATARI_LYNX: dats/ATARI_LYNX/Atari Lynx - Demos (TOSEC-v2013-12-13_CM).dat, path: dats/ATARI_LYNX/Atari Lynx - Demos (TOSEC-v2013-12-13_CM).dat, platform_id: ATARI_LYNX
Jul 19 00:07:01.941 INFO MICROSOFT_XBO: dats/MICROSOFT_XBO/Microsoft - Xbox One - Datfile (353) (2020-07-17 16-48-43).dat, path: dats/MICROSOFT_XBO/Microsoft - Xbox One - Datfile (353) (2020-07-17 16-48-43).dat, platform_id: MICROSOFT_XBO
Jul 19 00:07:01.957 INFO ATARI_7800: dats/ATARI_7800/Atari 7800 - Games (TOSEC-v2013-12-13_CM).dat, path: dats/ATARI_7800/Atari 7800 - Games (TOSEC-v2013-12-13_CM).dat, platform_id: ATARI_7800
Jul 19 00:07:01.962 INFO ATARI_7800: dats/ATARI_7800/Atari 7800 - Applications (TOSEC-v2013-12-13_CM).dat, path: dats/ATARI_7800/Atari 7800 - Applications (TOSEC-v2013-12-13_CM).dat, platform_id: ATARI_7800
Jul 19 00:07:01.963 INFO ATARI_7800: dats/ATARI_7800/Atari - 7800 (20191209-185349).dat, path: dats/ATARI_7800/Atari - 7800 (20191209-185349).dat, platform_id: ATARI_7800
Jul 19 00:07:01.968 INFO ATARI_7800: dats/ATARI_7800/Atari 7800 - Firmware (TOSEC-v2013-12-13_CM).dat, path: dats/ATARI_7800/Atari 7800 - Firmware (TOSEC-v2013-12-13_CM).dat, platform_id: ATARI_7800
Jul 19 00:07:01.972 INFO NEC_PCFX: dats/NEC_PCFX/NEC PC-FX - Games (TOSEC-v2012-07-14_CM).dat, path: dats/NEC_PCFX/NEC PC-FX - Games (TOSEC-v2012-07-14_CM).dat, platform_id: NEC_PCFX
Jul 19 00:07:01.976 INFO NEC_PCFX: dats/NEC_PCFX/NEC PC-FXGA - Firmware (TOSEC-v2012-07-13_CM).dat, path: dats/NEC_PCFX/NEC PC-FXGA - Firmware (TOSEC-v2012-07-13_CM).dat, platform_id: NEC_PCFX
Jul 19 00:07:01.976 INFO NEC_PCFX: dats/NEC_PCFX/NEC PC-FX - Firmware (TOSEC-v2012-07-13_CM).dat, path: dats/NEC_PCFX/NEC PC-FX - Firmware (TOSEC-v2012-07-13_CM).dat, platform_id: NEC_PCFX
Jul 19 00:07:01.976 INFO NEC_PCFX: dats/NEC_PCFX/NEC PC-FXGA - Games (TOSEC-v2012-07-13_CM).dat, path: dats/NEC_PCFX/NEC PC-FXGA - Games (TOSEC-v2012-07-13_CM).dat, platform_id: NEC_PCFX
Jul 19 00:07:01.982 INFO NEC_PCFX: dats/NEC_PCFX/NEC - PC-FX & PC-FXGA - Datfile (78) (2020-02-28 01-31-34).dat, path: dats/NEC_PCFX/NEC - PC-FX & PC-FXGA - Datfile (78) (2020-02-28 01-31-34).dat, platform_id: NEC_PCFX
Jul 19 00:07:01.993 INFO MATTEL_INT: dats/MATTEL_INT/Mattel - Intellivision (20190315-210619).dat, path: dats/MATTEL_INT/Mattel - Intellivision (20190315-210619).dat, platform_id: MATTEL_INT
Jul 19 00:07:02.000 INFO NINTENDO_VB: dats/NINTENDO_VB/Nintendo Virtual Boy - Demos (TOSEC-v2012-04-13_CM).dat, path: dats/NINTENDO_VB/Nintendo Virtual Boy - Demos (TOSEC-v2012-04-13_CM).dat, platform_id: NINTENDO_VB
Jul 19 00:07:02.002 INFO NINTENDO_VB: dats/NINTENDO_VB/Nintendo Virtual Boy - Applications (TOSEC-v2011-08-13_CM).dat, path: dats/NINTENDO_VB/Nintendo Virtual Boy - Applications (TOSEC-v2011-08-13_CM).dat, platform_id: NINTENDO_VB
Jul 19 00:07:02.008 INFO NINTENDO_VB: dats/NINTENDO_VB/Nintendo Virtual Boy - Games (TOSEC-v2014-07-01_CM).dat, path: dats/NINTENDO_VB/Nintendo Virtual Boy - Games (TOSEC-v2014-07-01_CM).dat, platform_id: NINTENDO_VB
Jul 19 00:07:02.012 INFO NINTENDO_VB: dats/NINTENDO_VB/Nintendo Virtual Boy - Samplers (TOSEC-v2012-04-13_CM).dat, path: dats/NINTENDO_VB/Nintendo Virtual Boy - Samplers (TOSEC-v2012-04-13_CM).dat, platform_id: NINTENDO_VB
Jul 19 00:07:02.012 INFO NINTENDO_VB: dats/NINTENDO_VB/Nintendo - Virtual Boy (20200219-181350).dat, path: dats/NINTENDO_VB/Nintendo - Virtual Boy (20200219-181350).dat, platform_id: NINTENDO_VB
Jul 19 00:07:02.038 INFO SNK_NGCD: dats/SNK_NGCD/SNK Neo-Geo CD - Games - [ISO] (TOSEC-v2014-06-12_CM).dat, path: dats/SNK_NGCD/SNK Neo-Geo CD - Games - [ISO] (TOSEC-v2014-06-12_CM).dat, platform_id: SNK_NGCD
Jul 19 00:07:02.072 INFO SNK_NGCD: dats/SNK_NGCD/SNK Neo-Geo CD - Games - [IMG] (TOSEC-v2014-06-12_CM).dat, path: dats/SNK_NGCD/SNK Neo-Geo CD - Games - [IMG] (TOSEC-v2014-06-12_CM).dat, platform_id: SNK_NGCD
Jul 19 00:07:02.078 INFO SNK_NGCD: dats/SNK_NGCD/SNK Neo-Geo CD - Demos (TOSEC-v2012-09-08_CM).dat, path: dats/SNK_NGCD/SNK Neo-Geo CD - Demos (TOSEC-v2012-09-08_CM).dat, platform_id: SNK_NGCD
Jul 19 00:07:02.079 INFO SNK_NGCD: dats/SNK_NGCD/SNK Neo-Geo CD - Samplers - [Multipart] (TOSEC-v2012-09-08_CM).dat, path: dats/SNK_NGCD/SNK Neo-Geo CD - Samplers - [Multipart] (TOSEC-v2012-09-08_CM).dat, platform_id: SNK_NGCD
Jul 19 00:07:02.079 INFO SNK_NGCD: dats/SNK_NGCD/SNK Neo-Geo CD - Games - [Multipart] (TOSEC-v2012-09-08_CM).dat, path: dats/SNK_NGCD/SNK Neo-Geo CD - Games - [Multipart] (TOSEC-v2012-09-08_CM).dat, platform_id: SNK_NGCD
Jul 19 00:07:02.079 INFO SNK_NGCD: dats/SNK_NGCD/SNK Neo-Geo CD - Firmware (TOSEC-v2012-09-08_CM).dat, path: dats/SNK_NGCD/SNK Neo-Geo CD - Firmware (TOSEC-v2012-09-08_CM).dat, platform_id: SNK_NGCD
Jul 19 00:07:02.095 INFO SNK_NGCD: dats/SNK_NGCD/SNK - Neo Geo CD - Datfile (101) (2020-06-12 20-17-25).dat, path: dats/SNK_NGCD/SNK - Neo Geo CD - Datfile (101) (2020-06-12 20-17-25).dat, platform_id: SNK_NGCD
Jul 19 00:07:02.120 INFO SNK_NGCD: dats/SNK_NGCD/SNK Neo-Geo CD - Samplers - [ISO] (TOSEC-v2014-06-12_CM).dat, path: dats/SNK_NGCD/SNK Neo-Geo CD - Samplers - [ISO] (TOSEC-v2014-06-12_CM).dat, platform_id: SNK_NGCD
Jul 19 00:07:02.120 INFO SNK_NGCD: dats/SNK_NGCD/SNK Neo-Geo CD - Samplers - [IMG] (TOSEC-v2012-09-08_CM).dat, path: dats/SNK_NGCD/SNK Neo-Geo CD - Samplers - [IMG] (TOSEC-v2012-09-08_CM).dat, platform_id: SNK_NGCD
Jul 19 00:07:02.125 INFO NINTENDO_NDS: dats/NINTENDO_NDS/Nintendo - Nintendo DS (Download Play) (20200610-035522).dat, path: dats/NINTENDO_NDS/Nintendo - Nintendo DS (Download Play) (20200610-035522).dat, platform_id: NINTENDO_NDS
Jul 19 00:07:02.189 INFO NINTENDO_NDS: dats/NINTENDO_NDS/Nintendo - Nintendo DS (Decrypted) (20200717-222510).dat, path: dats/NINTENDO_NDS/Nintendo - Nintendo DS (Decrypted) (20200717-222510).dat, platform_id: NINTENDO_NDS
Jul 19 00:07:02.494 INFO NINTENDO_NDS: dats/NINTENDO_NDS/Nintendo - Nintendo DS (Encrypted) (20200717-222510).dat, path: dats/NINTENDO_NDS/Nintendo - Nintendo DS (Encrypted) (20200717-222510).dat, platform_id: NINTENDO_NDS
Jul 19 00:07:02.749 INFO SNK_NGPC: dats/SNK_NGPC/SNK Neo-Geo Pocket Color - Firmware (TOSEC-v2011-08-13_CM).dat, path: dats/SNK_NGPC/SNK Neo-Geo Pocket Color - Firmware (TOSEC-v2011-08-13_CM).dat, platform_id: SNK_NGPC
Jul 19 00:07:02.750 INFO SNK_NGPC: dats/SNK_NGPC/SNK Neo-Geo Pocket Color - Demos (TOSEC-v2014-07-01_CM).dat, path: dats/SNK_NGPC/SNK Neo-Geo Pocket Color - Demos (TOSEC-v2014-07-01_CM).dat, platform_id: SNK_NGPC
Jul 19 00:07:02.752 INFO SNK_NGPC: dats/SNK_NGPC/SNK Neo-Geo Pocket Color - Applications (TOSEC-v2011-08-13_CM).dat, path: dats/SNK_NGPC/SNK Neo-Geo Pocket Color - Applications (TOSEC-v2011-08-13_CM).dat, platform_id: SNK_NGPC
Jul 19 00:07:02.752 INFO SNK_NGPC: dats/SNK_NGPC/SNK Neo-Geo Pocket Color - Multimedia (TOSEC-v2011-08-13_CM).dat, path: dats/SNK_NGPC/SNK Neo-Geo Pocket Color - Multimedia (TOSEC-v2011-08-13_CM).dat, platform_id: SNK_NGPC
Jul 19 00:07:02.753 INFO SNK_NGPC: dats/SNK_NGPC/SNK Neo-Geo Pocket Color - Samplers (TOSEC-v2011-08-13_CM).dat, path: dats/SNK_NGPC/SNK Neo-Geo Pocket Color - Samplers (TOSEC-v2011-08-13_CM).dat, platform_id: SNK_NGPC
Jul 19 00:07:02.762 INFO SNK_NGPC: dats/SNK_NGPC/SNK Neo-Geo Pocket Color - Games (TOSEC-v2014-07-01_CM).dat, path: dats/SNK_NGPC/SNK Neo-Geo Pocket Color - Games (TOSEC-v2014-07-01_CM).dat, platform_id: SNK_NGPC
Jul 19 00:07:02.770 INFO SNK_NGPC: dats/SNK_NGPC/SNK - Neo Geo Pocket Color (20190930-190859).dat, path: dats/SNK_NGPC/SNK - Neo Geo Pocket Color (20190930-190859).dat, platform_id: SNK_NGPC
Jul 19 00:07:02.773 INFO SNK_NGPC: dats/SNK_NGPC/SNK Neo-Geo Pocket Color - Educational (TOSEC-v2011-08-13_CM).dat, path: dats/SNK_NGPC/SNK Neo-Geo Pocket Color - Educational (TOSEC-v2011-08-13_CM).dat, platform_id: SNK_NGPC
Jul 19 00:07:02.775 INFO SEGA_32X_CD: dats/SEGA_32X_CD/Sega 32X - CD - Games - [ISO] (TOSEC-v2014-07-01_CM).dat, path: dats/SEGA_32X_CD/Sega 32X - CD - Games - [ISO] (TOSEC-v2014-07-01_CM).dat, platform_id: SEGA_32X_CD
Jul 19 00:07:02.777 INFO SEGA_32X_CD: dats/SEGA_32X_CD/Sega 32X - CD - Games - [IMG] (TOSEC-v2013-04-10_CM).dat, path: dats/SEGA_32X_CD/Sega 32X - CD - Games - [IMG] (TOSEC-v2013-04-10_CM).dat, platform_id: SEGA_32X_CD
Jul 19 00:07:02.795 INFO SEGA_GEN: dats/SEGA_GEN/Sega - Mega Drive - Genesis (20200710-223503).dat, path: dats/SEGA_GEN/Sega - Mega Drive - Genesis (20200710-223503).dat, platform_id: SEGA_GEN
Jul 19 00:07:02.894 INFO SEGA_GEN: dats/SEGA_GEN/Sega Mega Drive & Genesis - Educational (TOSEC-v2017-09-10_CM).dat, path: dats/SEGA_GEN/Sega Mega Drive & Genesis - Educational (TOSEC-v2017-09-10_CM).dat, platform_id: SEGA_GEN
Jul 19 00:07:02.896 INFO SEGA_GEN: dats/SEGA_GEN/Sega Mega Drive & Genesis - Applications - [Multipart] (TOSEC-v2019-09-01_CM).dat, path: dats/SEGA_GEN/Sega Mega Drive & Genesis - Applications - [Multipart] (TOSEC-v2019-09-01_CM).dat, platform_id: SEGA_GEN
Jul 19 00:07:02.897 INFO SEGA_GEN: dats/SEGA_GEN/Sega Mega Drive & Genesis - Firmware (TOSEC-v2017-09-10_CM).dat, path: dats/SEGA_GEN/Sega Mega Drive & Genesis - Firmware (TOSEC-v2017-09-10_CM).dat, platform_id: SEGA_GEN
Jul 19 00:07:02.897 INFO SEGA_GEN: dats/SEGA_GEN/Sega Mega Drive & Genesis - Games - [Multipart] (TOSEC-v2019-09-01_CM).dat, path: dats/SEGA_GEN/Sega Mega Drive & Genesis - Games - [Multipart] (TOSEC-v2019-09-01_CM).dat, platform_id: SEGA_GEN
Jul 19 00:07:02.915 INFO SEGA_GEN: dats/SEGA_GEN/Sega Mega Drive & Genesis - Demos (TOSEC-v2019-09-01_CM).dat, path: dats/SEGA_GEN/Sega Mega Drive & Genesis - Demos (TOSEC-v2019-09-01_CM).dat, platform_id: SEGA_GEN
Jul 19 00:07:03.114 INFO SEGA_GEN: dats/SEGA_GEN/Sega Mega Drive & Genesis - Games - [BIN] (TOSEC-v2019-12-18_CM).dat, path: dats/SEGA_GEN/Sega Mega Drive & Genesis - Games - [BIN] (TOSEC-v2019-12-18_CM).dat, platform_id: SEGA_GEN
Jul 19 00:07:03.265 INFO SEGA_GEN: dats/SEGA_GEN/Sega Mega Drive & Genesis - Applications - [BIN] (TOSEC-v2019-09-01_CM).dat, path: dats/SEGA_GEN/Sega Mega Drive & Genesis - Applications - [BIN] (TOSEC-v2019-09-01_CM).dat, platform_id: SEGA_GEN
Jul 19 00:07:03.268 INFO SEGA_GEN: dats/SEGA_GEN/Sega Mega Drive & Genesis - Compilations (TOSEC-v2019-12-18_CM).dat, path: dats/SEGA_GEN/Sega Mega Drive & Genesis - Compilations (TOSEC-v2019-12-18_CM).dat, platform_id: SEGA_GEN
Jul 19 00:07:03.276 INFO SEGA_GG: dats/SEGA_GG/Sega - Game Gear (20200302-200516).dat, path: dats/SEGA_GG/Sega - Game Gear (20200302-200516).dat, platform_id: SEGA_GG
Jul 19 00:07:03.299 INFO SEGA_GG: dats/SEGA_GG/Sega Game Gear - Applications (TOSEC-v2017-09-03_CM).dat, path: dats/SEGA_GG/Sega Game Gear - Applications (TOSEC-v2017-09-03_CM).dat, platform_id: SEGA_GG
Jul 19 00:07:03.300 INFO SEGA_GG: dats/SEGA_GG/Sega Game Gear - Demos (TOSEC-v2017-09-03_CM).dat, path: dats/SEGA_GG/Sega Game Gear - Demos (TOSEC-v2017-09-03_CM).dat, platform_id: SEGA_GG
Jul 19 00:07:03.301 INFO SEGA_GG: dats/SEGA_GG/Sega Game Gear - Educational (TOSEC-v2011-06-20_CM).dat, path: dats/SEGA_GG/Sega Game Gear - Educational (TOSEC-v2011-06-20_CM).dat, platform_id: SEGA_GG
Jul 19 00:07:03.333 INFO SEGA_GG: dats/SEGA_GG/Sega Game Gear - Games (TOSEC-v2017-09-03_CM).dat, path: dats/SEGA_GG/Sega Game Gear - Games (TOSEC-v2017-09-03_CM).dat, platform_id: SEGA_GG
Jul 19 00:07:03.362 INFO SEGA_GG: dats/SEGA_GG/Sega Game Gear - Samplers (TOSEC-v2011-06-20_CM).dat, path: dats/SEGA_GG/Sega Game Gear - Samplers (TOSEC-v2011-06-20_CM).dat, platform_id: SEGA_GG
Jul 19 00:07:03.362 INFO SEGA_GG: dats/SEGA_GG/Sega Game Gear - Firmware (TOSEC-v2011-12-19_CM).dat, path: dats/SEGA_GG/Sega Game Gear - Firmware (TOSEC-v2011-12-19_CM).dat, platform_id: SEGA_GG
Jul 19 00:07:03.410 INFO SONY_PS3: dats/SONY_PS3/Sony - PlayStation 3 - Datfile (3429) (2020-07-19 01-15-18).dat, path: dats/SONY_PS3/Sony - PlayStation 3 - Datfile (3429) (2020-07-19 01-15-18).dat, platform_id: SONY_PS3
Jul 19 00:07:03.546 INFO SONY_PS3: dats/SONY_PS3/WIP Sony - PlayStation 3 (PSN) (Decrypted) (20180429-070319).dat, path: dats/SONY_PS3/WIP Sony - PlayStation 3 (PSN) (Decrypted) (20180429-070319).dat, platform_id: SONY_PS3
Jul 19 00:07:03.652 INFO SONY_PS3: dats/SONY_PS3/Sony - PlayStation 3 (PSN) (Updates) (20200713-110831).dat, path: dats/SONY_PS3/Sony - PlayStation 3 (PSN) (Updates) (20200713-110831).dat, platform_id: SONY_PS3
Jul 19 00:07:04.174 INFO SONY_PS3: dats/SONY_PS3/Sony - PlayStation 3 (PSN) (Content) (20200713-112214).dat, path: dats/SONY_PS3/Sony - PlayStation 3 (PSN) (Content) (20200713-112214).dat, platform_id: SONY_PS3
Jul 19 00:07:04.924 INFO PANASONIC_3DO: dats/PANASONIC_3DO/3DO 3DO Interactive Multiplayer - Homebrew - Games (TOSEC-v2017-09-25_CM).dat, path: dats/PANASONIC_3DO/3DO 3DO Interactive Multiplayer - Homebrew - Games (TOSEC-v2017-09-25_CM).dat, platform_id: PANASONIC_3DO
Jul 19 00:07:04.945 INFO PANASONIC_3DO: dats/PANASONIC_3DO/3DO 3DO Interactive Multiplayer - Games (TOSEC-v2019-05-06_CM).dat, path: dats/PANASONIC_3DO/3DO 3DO Interactive Multiplayer - Games (TOSEC-v2019-05-06_CM).dat, platform_id: PANASONIC_3DO
Jul 19 00:07:04.962 INFO PANASONIC_3DO: dats/PANASONIC_3DO/3DO 3DO Interactive Multiplayer - Homebrew - Applications (TOSEC-v2017-09-15_CM).dat, path: dats/PANASONIC_3DO/3DO 3DO Interactive Multiplayer - Homebrew - Applications (TOSEC-v2017-09-15_CM).dat, platform_id: PANASONIC_3DO
Jul 19 00:07:04.971 INFO PANASONIC_3DO: dats/PANASONIC_3DO/Panasonic - 3DO Interactive Multiplayer - Datfile (524) (2020-07-14 17-01-02).dat, path: dats/PANASONIC_3DO/Panasonic - 3DO Interactive Multiplayer - Datfile (524) (2020-07-14 17-01-02).dat, platform_id: PANASONIC_3DO
Jul 19 00:07:04.996 INFO PANASONIC_3DO: dats/PANASONIC_3DO/3DO 3DO Interactive Multiplayer - Coverdiscs - [IMG] (TOSEC-v2017-09-17_CM).dat, path: dats/PANASONIC_3DO/3DO 3DO Interactive Multiplayer - Coverdiscs - [IMG] (TOSEC-v2017-09-17_CM).dat, platform_id: PANASONIC_3DO
Jul 19 00:07:04.997 INFO PANASONIC_3DO: dats/PANASONIC_3DO/3DO 3DO Interactive Multiplayer - Firmware (TOSEC-v2017-07-07_CM).dat, path: dats/PANASONIC_3DO/3DO 3DO Interactive Multiplayer - Firmware (TOSEC-v2017-07-07_CM).dat, platform_id: PANASONIC_3DO
Jul 19 00:07:04.998 INFO PANASONIC_3DO: dats/PANASONIC_3DO/3DO 3DO Interactive Multiplayer - Applications - [ISO] (TOSEC-v2012-07-05_CM).dat, path: dats/PANASONIC_3DO/3DO 3DO Interactive Multiplayer - Applications - [ISO] (TOSEC-v2012-07-05_CM).dat, platform_id: PANASONIC_3DO
Jul 19 00:07:05.000 INFO PANASONIC_3DO: dats/PANASONIC_3DO/3DO 3DO Interactive Multiplayer - Coverdiscs - [ISO] (TOSEC-v2012-07-05_CM).dat, path: dats/PANASONIC_3DO/3DO 3DO Interactive Multiplayer - Coverdiscs - [ISO] (TOSEC-v2012-07-05_CM).dat, platform_id: PANASONIC_3DO
Jul 19 00:07:05.001 INFO PANASONIC_3DO: dats/PANASONIC_3DO/3DO 3DO Interactive Multiplayer - Homebrew - Compilations (TOSEC-v2017-09-25_CM).dat, path: dats/PANASONIC_3DO/3DO 3DO Interactive Multiplayer - Homebrew - Compilations (TOSEC-v2017-09-25_CM).dat, platform_id: PANASONIC_3DO
Jul 19 00:07:05.002 INFO PANASONIC_3DO: dats/PANASONIC_3DO/3DO 3DO Interactive Multiplayer - Applications - [IMG] (TOSEC-v2017-09-15_CM).dat, path: dats/PANASONIC_3DO/3DO 3DO Interactive Multiplayer - Applications - [IMG] (TOSEC-v2017-09-15_CM).dat, platform_id: PANASONIC_3DO
Jul 19 00:07:05.004 INFO PANASONIC_3DO: dats/PANASONIC_3DO/3DO 3DO Interactive Multiplayer - Educational (TOSEC-v2012-07-05_CM).dat, path: dats/PANASONIC_3DO/3DO 3DO Interactive Multiplayer - Educational (TOSEC-v2012-07-05_CM).dat, platform_id: PANASONIC_3DO
Jul 19 00:07:05.006 INFO NEC_TG16: dats/NEC_TG16/NEC PC-Engine & TurboGrafx-16 - Compilations (TOSEC-v2018-06-09_CM).dat, path: dats/NEC_TG16/NEC PC-Engine & TurboGrafx-16 - Compilations (TOSEC-v2018-06-09_CM).dat, platform_id: NEC_TG16
Jul 19 00:07:05.035 INFO NEC_TG16: dats/NEC_TG16/NEC PC-Engine & TurboGrafx-16 - Games (TOSEC-v2018-08-25_CM).dat, path: dats/NEC_TG16/NEC PC-Engine & TurboGrafx-16 - Games (TOSEC-v2018-08-25_CM).dat, platform_id: NEC_TG16
Jul 19 00:07:05.053 INFO NEC_TG16: dats/NEC_TG16/NEC PC-Engine & TurboGrafx-16 - Samplers (TOSEC-v2018-08-19_CM).dat, path: dats/NEC_TG16/NEC PC-Engine & TurboGrafx-16 - Samplers (TOSEC-v2018-08-19_CM).dat, platform_id: NEC_TG16
Jul 19 00:07:05.054 INFO NEC_TG16: dats/NEC_TG16/NEC PC-Engine & TurboGrafx-16 - Applications (TOSEC-v2018-06-11_CM).dat, path: dats/NEC_TG16/NEC PC-Engine & TurboGrafx-16 - Applications (TOSEC-v2018-06-11_CM).dat, platform_id: NEC_TG16
Jul 19 00:07:05.054 INFO NEC_TG16: dats/NEC_TG16/NEC PC-Engine & TurboGrafx-16 - Demos (TOSEC-v2011-08-13_CM).dat, path: dats/NEC_TG16/NEC PC-Engine & TurboGrafx-16 - Demos (TOSEC-v2011-08-13_CM).dat, platform_id: NEC_TG16
Jul 19 00:07:05.057 INFO NEC_TG16: dats/NEC_TG16/NEC - PC Engine - TurboGrafx 16 (20200628-105302).dat, path: dats/NEC_TG16/NEC - PC Engine - TurboGrafx 16 (20200628-105302).dat, platform_id: NEC_TG16
Jul 19 00:07:05.097 INFO MICROSOFT_X360: dats/MICROSOFT_X360/Microsoft - Xbox 360 - Datfile (2222) (2020-07-18 17-55-48).dat, path: dats/MICROSOFT_X360/Microsoft - Xbox 360 - Datfile (2222) (2020-07-18 17-55-48).dat, platform_id: MICROSOFT_X360
Jul 19 00:07:05.190 INFO NINTENDO_GCN: dats/NINTENDO_GCN/Nintendo - GameCube - Datfile (1907) (2020-07-09 01-16-50).dat, path: dats/NINTENDO_GCN/Nintendo - GameCube - Datfile (1907) (2020-07-09 01-16-50).dat, platform_id: NINTENDO_GCN
Jul 19 00:07:05.269 INFO NINTENDO_GCN: dats/NINTENDO_GCN/Nintendo GameCube - Samplers (TOSEC-v2019-11-08_CM).dat, path: dats/NINTENDO_GCN/Nintendo GameCube - Samplers (TOSEC-v2019-11-08_CM).dat, platform_id: NINTENDO_GCN
Jul 19 00:07:05.279 INFO NINTENDO_GCN: dats/NINTENDO_GCN/Nintendo GameCube - Games (TOSEC-v2019-11-09_CM).dat, path: dats/NINTENDO_GCN/Nintendo GameCube - Games (TOSEC-v2019-11-09_CM).dat, platform_id: NINTENDO_GCN
Jul 19 00:07:05.287 INFO NINTENDO_GCN: dats/NINTENDO_GCN/Nintendo - GameCube - BIOS Datfile (10) (2017-09-30).dat, path: dats/NINTENDO_GCN/Nintendo - GameCube - BIOS Datfile (10) (2017-09-30).dat, platform_id: NINTENDO_GCN
Jul 19 00:07:05.287 INFO NINTENDO_GCN: dats/NINTENDO_GCN/Nintendo GameCube - Applications (TOSEC-v2019-11-09_CM).dat, path: dats/NINTENDO_GCN/Nintendo GameCube - Applications (TOSEC-v2019-11-09_CM).dat, platform_id: NINTENDO_GCN
Jul 19 00:07:05.288 INFO NINTENDO_DSI: dats/NINTENDO_DSI/Nintendo - Nintendo DSi (Decrypted) (20200715-071854).dat, path: dats/NINTENDO_DSI/Nintendo - Nintendo DSi (Decrypted) (20200715-071854).dat, platform_id: NINTENDO_DSI
Jul 19 00:07:05.288 INFO NINTENDO_DSI: dats/NINTENDO_DSI/Nintendo - Nintendo DSi (Encrypted) (20200715-071854).dat, path: dats/NINTENDO_DSI/Nintendo - Nintendo DSi (Encrypted) (20200715-071854).dat, platform_id: NINTENDO_DSI
Jul 19 00:07:05.289 INFO SONY_PSX: dats/SONY_PSX/Sony PlayStation - Games - [ISO] (TOSEC-v2012-09-08_CM).dat, path: dats/SONY_PSX/Sony PlayStation - Games - [ISO] (TOSEC-v2012-09-08_CM).dat, platform_id: SONY_PSX
Jul 19 00:07:05.656 INFO SONY_PSX: dats/SONY_PSX/Sony - PlayStation - Datfile (10362) (2020-07-18 19-23-02).dat, path: dats/SONY_PSX/Sony - PlayStation - Datfile (10362) (2020-07-18 19-23-02).dat, platform_id: SONY_PSX
Jul 19 00:07:06.487 INFO SONY_PSX: dats/SONY_PSX/Sony PlayStation - Games - [IMG] (TOSEC-v2012-09-08_CM).dat, path: dats/SONY_PSX/Sony PlayStation - Games - [IMG] (TOSEC-v2012-09-08_CM).dat, platform_id: SONY_PSX
Jul 19 00:07:06.488 INFO SONY_PSX: dats/SONY_PSX/Sony PlayStation - Demos - [EXE] (TOSEC-v2012-09-08_CM).dat, path: dats/SONY_PSX/Sony PlayStation - Demos - [EXE] (TOSEC-v2012-09-08_CM).dat, platform_id: SONY_PSX
Jul 19 00:07:06.490 INFO SONY_PSX: dats/SONY_PSX/Sony PlayStation - Demos - [ISO] (TOSEC-v2012-09-08_CM).dat, path: dats/SONY_PSX/Sony PlayStation - Demos - [ISO] (TOSEC-v2012-09-08_CM).dat, platform_id: SONY_PSX
Jul 19 00:07:06.490 INFO SONY_PSX: dats/SONY_PSX/Sony PlayStation - Samplers - [ISO] (TOSEC-v2012-09-08_CM).dat, path: dats/SONY_PSX/Sony PlayStation - Samplers - [ISO] (TOSEC-v2012-09-08_CM).dat, platform_id: SONY_PSX
Jul 19 00:07:06.491 INFO SONY_PSX: dats/SONY_PSX/Sony PlayStation - Games - [BIN] (TOSEC-v2012-09-08_CM).dat, path: dats/SONY_PSX/Sony PlayStation - Games - [BIN] (TOSEC-v2012-09-08_CM).dat, platform_id: SONY_PSX
Jul 19 00:07:06.491 INFO SONY_PSX: dats/SONY_PSX/Sony - PlayStation - BIOS Datfile (24) (2016-10-21).dat, path: dats/SONY_PSX/Sony - PlayStation - BIOS Datfile (24) (2016-10-21).dat, platform_id: SONY_PSX
Jul 19 00:07:06.493 INFO SONY_PSX: dats/SONY_PSX/Sony PlayStation - Samplers - [BIN] (TOSEC-v2012-09-08_CM).dat, path: dats/SONY_PSX/Sony PlayStation - Samplers - [BIN] (TOSEC-v2012-09-08_CM).dat, platform_id: SONY_PSX
Jul 19 00:07:06.494 INFO SONY_PSX: dats/SONY_PSX/Sony PlayStation - Demos - [BIN] (TOSEC-v2012-09-08_CM).dat, path: dats/SONY_PSX/Sony PlayStation - Demos - [BIN] (TOSEC-v2012-09-08_CM).dat, platform_id: SONY_PSX
Jul 19 00:07:06.495 INFO SONY_PSX: dats/SONY_PSX/Sony PlayStation - Demos - [PSX] (TOSEC-v2012-09-08_CM).dat, path: dats/SONY_PSX/Sony PlayStation - Demos - [PSX] (TOSEC-v2012-09-08_CM).dat, platform_id: SONY_PSX
Jul 19 00:07:06.495 INFO SONY_PSX: dats/SONY_PSX/Sony PlayStation - Games - [EXE] (TOSEC-v2012-09-08_CM).dat, path: dats/SONY_PSX/Sony PlayStation - Games - [EXE] (TOSEC-v2012-09-08_CM).dat, platform_id: SONY_PSX
Jul 19 00:07:06.495 INFO SONY_PSX: dats/SONY_PSX/Sony PlayStation - Applications (TOSEC-v2014-10-30_CM).dat, path: dats/SONY_PSX/Sony PlayStation - Applications (TOSEC-v2014-10-30_CM).dat, platform_id: SONY_PSX
Jul 19 00:07:06.496 INFO SONY_PSX: dats/SONY_PSX/Sony PlayStation - Firmware (TOSEC-v2012-09-08_CM).dat, path: dats/SONY_PSX/Sony PlayStation - Firmware (TOSEC-v2012-09-08_CM).dat, platform_id: SONY_PSX
Jul 19 00:07:06.500 INFO NINTENDO_GB: dats/NINTENDO_GB/Nintendo Game Boy - Games (TOSEC-v2012-04-13_CM).dat, path: dats/NINTENDO_GB/Nintendo Game Boy - Games (TOSEC-v2012-04-13_CM).dat, platform_id: NINTENDO_GB
Jul 19 00:07:06.502 INFO NINTENDO_GB: dats/NINTENDO_GB/Nintendo Game Boy - Demos (TOSEC-v2011-08-13_CM).dat, path: dats/NINTENDO_GB/Nintendo Game Boy - Demos (TOSEC-v2011-08-13_CM).dat, platform_id: NINTENDO_GB
Jul 19 00:07:06.502 INFO NINTENDO_GB: dats/NINTENDO_GB/Nintendo Game Boy - Firmware (TOSEC-v2011-09-27_CM).dat, path: dats/NINTENDO_GB/Nintendo Game Boy - Firmware (TOSEC-v2011-09-27_CM).dat, platform_id: NINTENDO_GB
Jul 19 00:07:06.512 INFO NINTENDO_GB: dats/NINTENDO_GB/Nintendo - Game Boy (20200715-095243).dat, path: dats/NINTENDO_GB/Nintendo - Game Boy (20200715-095243).dat, platform_id: NINTENDO_GB
Jul 19 00:07:06.608 INFO NINTENDO_NSW: dats/NINTENDO_NSW/Nintendo - Nintendo Switch (Digital) (NSP) (4973+x035+1003).dat, path: dats/NINTENDO_NSW/Nintendo - Nintendo Switch (Digital) (NSP) (4973+x035+1003).dat, platform_id: NINTENDO_NSW
Jul 19 00:07:06.832 INFO NINTENDO_NSW: dats/NINTENDO_NSW/Nintendo - Nintendo Switch (Digital) (NSP) (20200717-203031).dat, path: dats/NINTENDO_NSW/Nintendo - Nintendo Switch (Digital) (NSP) (20200717-203031).dat, platform_id: NINTENDO_NSW
Jul 19 00:07:07.005 INFO NINTENDO_NSW: dats/NINTENDO_NSW/Nintendo - Nintendo Switch (1095+z026).dat, path: dats/NINTENDO_NSW/Nintendo - Nintendo Switch (1095+z026).dat, platform_id: NINTENDO_NSW
Jul 19 00:07:07.059 INFO NINTENDO_NSW: dats/NINTENDO_NSW/Nintendo - Nintendo Switch (20200717-124735).dat, path: dats/NINTENDO_NSW/Nintendo - Nintendo Switch (20200717-124735).dat, platform_id: NINTENDO_NSW
Jul 19 00:07:07.104 INFO NINTENDO_N64: dats/NINTENDO_N64/Nintendo 64 - Samplers (TOSEC-v2015-05-27_CM).dat, path: dats/NINTENDO_N64/Nintendo 64 - Samplers (TOSEC-v2015-05-27_CM).dat, platform_id: NINTENDO_N64
Jul 19 00:07:07.209 INFO NINTENDO_N64: dats/NINTENDO_N64/Nintendo 64 - Games (TOSEC-v2015-05-27_CM).dat, path: dats/NINTENDO_N64/Nintendo 64 - Games (TOSEC-v2015-05-27_CM).dat, platform_id: NINTENDO_N64
Jul 19 00:07:07.309 INFO NINTENDO_N64: dats/NINTENDO_N64/Nintendo 64 - Firmware (TOSEC-v2015-05-27_CM).dat, path: dats/NINTENDO_N64/Nintendo 64 - Firmware (TOSEC-v2015-05-27_CM).dat, platform_id: NINTENDO_N64
Jul 19 00:07:07.322 INFO NINTENDO_N64: dats/NINTENDO_N64/Nintendo 64 - Applications (TOSEC-v2015-05-27_CM).dat, path: dats/NINTENDO_N64/Nintendo 64 - Applications (TOSEC-v2015-05-27_CM).dat, platform_id: NINTENDO_N64
Jul 19 00:07:07.337 INFO NINTENDO_N64: dats/NINTENDO_N64/Nintendo 64 - Demos (TOSEC-v2015-05-27_CM).dat, path: dats/NINTENDO_N64/Nintendo 64 - Demos (TOSEC-v2015-05-27_CM).dat, platform_id: NINTENDO_N64
Jul 19 00:07:07.348 INFO NINTENDO_N64: dats/NINTENDO_N64/Nintendo 64 - Educational (TOSEC-v2011-08-13_CM).dat, path: dats/NINTENDO_N64/Nintendo 64 - Educational (TOSEC-v2011-08-13_CM).dat, platform_id: NINTENDO_N64
Jul 19 00:07:07.356 INFO NINTENDO_N64: dats/NINTENDO_N64/Nintendo - Nintendo 64 (ByteSwapped) (20200712-090234).dat, path: dats/NINTENDO_N64/Nintendo - Nintendo 64 (ByteSwapped) (20200712-090234).dat, platform_id: NINTENDO_N64
Jul 19 00:07:07.401 INFO NINTENDO_N64: dats/NINTENDO_N64/Nintendo - Nintendo 64 (BigEndian) (20200712-090234).dat, path: dats/NINTENDO_N64/Nintendo - Nintendo 64 (BigEndian) (20200712-090234).dat, platform_id: NINTENDO_N64
Jul 19 00:07:07.463 INFO SONY_PSP: dats/SONY_PSP/Sony - PlayStation Portable (PSN) (Encrypted) (20200706-035743).dat, path: dats/SONY_PSP/Sony - PlayStation Portable (PSN) (Encrypted) (20200706-035743).dat, platform_id: SONY_PSP
Jul 19 00:07:07.608 INFO SONY_PSP: dats/SONY_PSP/Sony - PlayStation Portable (20200630-070751).dat, path: dats/SONY_PSP/Sony - PlayStation Portable (20200630-070751).dat, platform_id: SONY_PSP
Jul 19 00:07:07.775 INFO SONY_PSP: dats/SONY_PSP/Sony - PlayStation Portable - Datfile (2139) (2020-06-24 18-08-42).dat, path: dats/SONY_PSP/Sony - PlayStation Portable - Datfile (2139) (2020-06-24 18-08-42).dat, platform_id: SONY_PSP
Jul 19 00:07:07.945 INFO SONY_PSP: dats/SONY_PSP/Sony - PlayStation Portable (PSN) (Decrypted) (20200520-083536).dat, path: dats/SONY_PSP/Sony - PlayStation Portable (PSN) (Decrypted) (20200520-083536).dat, platform_id: SONY_PSP
Jul 19 00:07:08.193 INFO NINTENDO_NES: dats/NINTENDO_NES/Nintendo - Nintendo Entertainment System (20200715-090423).dat, path: dats/NINTENDO_NES/Nintendo - Nintendo Entertainment System (20200715-090423).dat, platform_id: NINTENDO_NES
Jul 19 00:07:08.291 INFO NINTENDO_NES: dats/NINTENDO_NES/Nintendo Famicom & Entertainment System - Demos - [UNF] (TOSEC-v2011-02-22_CM).dat, path: dats/NINTENDO_NES/Nintendo Famicom & Entertainment System - Demos - [UNF] (TOSEC-v2011-02-22_CM).dat, platform_id: NINTENDO_NES
Jul 19 00:07:08.291 INFO NINTENDO_NES: dats/NINTENDO_NES/Nintendo Famicom & Entertainment System - Applications - [UNF] (TOSEC-v2011-02-22_CM).dat, path: dats/NINTENDO_NES/Nintendo Famicom & Entertainment System - Applications - [UNF] (TOSEC-v2011-02-22_CM).dat, platform_id: NINTENDO_NES
Jul 19 00:07:08.296 INFO NINTENDO_NES: dats/NINTENDO_NES/Nintendo Famicom & Entertainment System - Demos - [NES] (TOSEC-v2011-02-22_CM).dat, path: dats/NINTENDO_NES/Nintendo Famicom & Entertainment System - Demos - [NES] (TOSEC-v2011-02-22_CM).dat, platform_id: NINTENDO_NES
Jul 19 00:07:08.789 INFO NINTENDO_NES: dats/NINTENDO_NES/Nintendo Famicom & Entertainment System - Games - [NES] (TOSEC-v2015-05-07_CM).dat, path: dats/NINTENDO_NES/Nintendo Famicom & Entertainment System - Games - [NES] (TOSEC-v2015-05-07_CM).dat, platform_id: NINTENDO_NES
Jul 19 00:07:09.150 INFO NINTENDO_NES: dats/NINTENDO_NES/Nintendo Famicom & Entertainment System - Firmware (TOSEC-v2011-02-22_CM).dat, path: dats/NINTENDO_NES/Nintendo Famicom & Entertainment System - Firmware (TOSEC-v2011-02-22_CM).dat, platform_id: NINTENDO_NES
Jul 19 00:07:09.160 INFO NINTENDO_NES: dats/NINTENDO_NES/Nintendo Famicom & Entertainment System - Games - [UNF] (TOSEC-v2011-02-22_CM).dat, path: dats/NINTENDO_NES/Nintendo Famicom & Entertainment System - Games - [UNF] (TOSEC-v2011-02-22_CM).dat, platform_id: NINTENDO_NES
Jul 19 00:07:09.166 INFO NINTENDO_NES: dats/NINTENDO_NES/Nintendo Famicom & Entertainment System - Educational (TOSEC-v2011-02-22_CM).dat, path: dats/NINTENDO_NES/Nintendo Famicom & Entertainment System - Educational (TOSEC-v2011-02-22_CM).dat, platform_id: NINTENDO_NES
Jul 19 00:07:09.178 INFO NINTENDO_NES: dats/NINTENDO_NES/Nintendo Famicom & Entertainment System - Applications - [NES] (TOSEC-v2011-02-22_CM).dat, path: dats/NINTENDO_NES/Nintendo Famicom & Entertainment System - Applications - [NES] (TOSEC-v2011-02-22_CM).dat, platform_id: NINTENDO_NES
Jul 19 00:07:09.188 INFO NINTENDO_N64DD: dats/NINTENDO_N64DD/Nintendo 64DD - Firmware (TOSEC-v2012-02-27_CM).dat, path: dats/NINTENDO_N64DD/Nintendo 64DD - Firmware (TOSEC-v2012-02-27_CM).dat, platform_id: NINTENDO_N64DD
Jul 19 00:07:09.188 INFO NINTENDO_N64DD: dats/NINTENDO_N64DD/Nintendo 64DD - Applications (TOSEC-v2012-02-27_CM).dat, path: dats/NINTENDO_N64DD/Nintendo 64DD - Applications (TOSEC-v2012-02-27_CM).dat, platform_id: NINTENDO_N64DD
Jul 19 00:07:09.188 INFO NINTENDO_N64DD: dats/NINTENDO_N64DD/Nintendo 64DD - Games (TOSEC-v2011-08-13_CM).dat, path: dats/NINTENDO_N64DD/Nintendo 64DD - Games (TOSEC-v2011-08-13_CM).dat, platform_id: NINTENDO_N64DD
Jul 19 00:07:09.188 INFO NINTENDO_N64DD: dats/NINTENDO_N64DD/Nintendo - Nintendo 64DD (20200620-071933).dat, path: dats/NINTENDO_N64DD/Nintendo - Nintendo 64DD (20200620-071933).dat, platform_id: NINTENDO_N64DD
Jul 19 00:07:09.207 INFO SONY_PS4: dats/SONY_PS4/Sony - PlayStation 4 - Datfile (1139) (2020-07-18 00-37-13).dat, path: dats/SONY_PS4/Sony - PlayStation 4 - Datfile (1139) (2020-07-18 00-37-13).dat, platform_id: SONY_PS4
Jul 19 00:07:09.258 INFO NEC_SGFX: dats/NEC_SGFX/NEC - PC Engine SuperGrafx (20191209-202241).dat, path: dats/NEC_SGFX/NEC - PC Engine SuperGrafx (20191209-202241).dat, platform_id: NEC_SGFX
Jul 19 00:07:09.268 INFO NEC_SGFX: dats/NEC_SGFX/NEC SuperGrafx - Games (TOSEC-v2018-08-26_CM).dat, path: dats/NEC_SGFX/NEC SuperGrafx - Games (TOSEC-v2018-08-26_CM).dat, platform_id: NEC_SGFX
Jul 19 00:07:09.290 INFO NINTENDO_SNES: dats/NINTENDO_SNES/Nintendo - Super Nintendo Entertainment System (Combined) (20200715-103354).dat, path: dats/NINTENDO_SNES/Nintendo - Super Nintendo Entertainment System (Combined) (20200715-103354).dat, platform_id: NINTENDO_SNES
Jul 19 00:07:09.464 INFO NINTENDO_SNES: dats/NINTENDO_SNES/Nintendo Super Famicom & Super Entertainment System - Games (TOSEC-v2014-07-01_CM).dat, path: dats/NINTENDO_SNES/Nintendo Super Famicom & Super Entertainment System - Games (TOSEC-v2014-07-01_CM).dat, platform_id: NINTENDO_SNES
Jul 19 00:07:09.517 INFO NINTENDO_SNES: dats/NINTENDO_SNES/Nintendo - Super Nintendo Entertainment System (Split) (20200715-103354).dat, path: dats/NINTENDO_SNES/Nintendo - Super Nintendo Entertainment System (Split) (20200715-103354).dat, platform_id: NINTENDO_SNES
Jul 19 00:07:09.517 INFO NINTENDO_SNES: dats/NINTENDO_SNES/Nintendo Super Famicom & Super Entertainment System - Demos (TOSEC-v2011-08-13_CM).dat, path: dats/NINTENDO_SNES/Nintendo Super Famicom & Super Entertainment System - Demos (TOSEC-v2011-08-13_CM).dat, platform_id: NINTENDO_SNES
Jul 19 00:07:09.517 INFO NINTENDO_SNES: dats/NINTENDO_SNES/Nintendo Super Famicom & Super Entertainment System - Educational (TOSEC-v2011-08-13_CM).dat, path: dats/NINTENDO_SNES/Nintendo Super Famicom & Super Entertainment System - Educational (TOSEC-v2011-08-13_CM).dat, platform_id: NINTENDO_SNES
Jul 19 00:07:09.518 INFO NINTENDO_SNES: dats/NINTENDO_SNES/Nintendo Super Famicom & Super Entertainment System - Firmware (TOSEC-v2011-08-13_CM).dat, path: dats/NINTENDO_SNES/Nintendo Super Famicom & Super Entertainment System - Firmware (TOSEC-v2011-08-13_CM).dat, platform_id: NINTENDO_SNES
Jul 19 00:07:09.519 INFO SONY_PS2: dats/SONY_PS2/Sony PlayStation 2 - Firmware (TOSEC-v2012-09-08_CM).dat, path: dats/SONY_PS2/Sony PlayStation 2 - Firmware (TOSEC-v2012-09-08_CM).dat, platform_id: SONY_PS2
Jul 19 00:07:09.521 INFO SONY_PS2: dats/SONY_PS2/Sony - PlayStation 2 - BIOS Datfile (107) (2019-11-25).dat, path: dats/SONY_PS2/Sony - PlayStation 2 - BIOS Datfile (107) (2019-11-25).dat, platform_id: SONY_PS2
Jul 19 00:07:09.734 INFO SONY_PS2: dats/SONY_PS2/Sony - PlayStation 2 - Datfile (9863) (2020-07-19 00-46-58).dat, path: dats/SONY_PS2/Sony - PlayStation 2 - Datfile (9863) (2020-07-19 00-46-58).dat, platform_id: SONY_PS2
Jul 19 00:07:10.176 INFO NINTENDO_GBA: dats/NINTENDO_GBA/Nintendo Game Boy Advance - Demos (TOSEC-v2012-04-13_CM).dat, path: dats/NINTENDO_GBA/Nintendo Game Boy Advance - Demos (TOSEC-v2012-04-13_CM).dat, platform_id: NINTENDO_GBA
Jul 19 00:07:10.183 INFO NINTENDO_GBA: dats/NINTENDO_GBA/Nintendo Game Boy Advance - Games (TOSEC-v2017-04-02_CM).dat, path: dats/NINTENDO_GBA/Nintendo Game Boy Advance - Games (TOSEC-v2017-04-02_CM).dat, platform_id: NINTENDO_GBA
Jul 19 00:07:10.188 INFO NINTENDO_GBA: dats/NINTENDO_GBA/Nintendo Game Boy Advance - Applications (TOSEC-v2011-06-20_CM).dat, path: dats/NINTENDO_GBA/Nintendo Game Boy Advance - Applications (TOSEC-v2011-06-20_CM).dat, platform_id: NINTENDO_GBA
Jul 19 00:07:10.209 INFO NINTENDO_GBA: dats/NINTENDO_GBA/Nintendo - Game Boy Advance (20200715-093546).dat, path: dats/NINTENDO_GBA/Nintendo - Game Boy Advance (20200715-093546).dat, platform_id: NINTENDO_GBA
Jul 19 00:07:10.329 INFO NINTENDO_GBA: dats/NINTENDO_GBA/Nintendo - Game Boy Advance (Multiboot) (20200522-232059).dat, path: dats/NINTENDO_GBA/Nintendo - Game Boy Advance (Multiboot) (20200522-232059).dat, platform_id: NINTENDO_GBA
Jul 19 00:07:10.331 INFO ATARI_JAGUAR_CD: dats/ATARI_JAGUAR_CD/Atari Jaguar CD - Homebrew - Games - [BIN] (TOSEC-v2012-07-22_CM).dat, path: dats/ATARI_JAGUAR_CD/Atari Jaguar CD - Homebrew - Games - [BIN] (TOSEC-v2012-07-22_CM).dat, platform_id: ATARI_JAGUAR_CD
Jul 19 00:07:10.332 INFO ATARI_JAGUAR_CD: dats/ATARI_JAGUAR_CD/Atari - Jaguar CD Interactive Multimedia System - Datfile (10) (2019-08-27 00-06-32).dat, path: dats/ATARI_JAGUAR_CD/Atari - Jaguar CD Interactive Multimedia System - Datfile (10) (2019-08-27 00-06-32).dat, platform_id: ATARI_JAGUAR_CD
Jul 19 00:07:10.334 INFO ATARI_JAGUAR_CD: dats/ATARI_JAGUAR_CD/Atari Jaguar CD - Homebrew - Games - [CDI] (TOSEC-v2012-07-22_CM).dat, path: dats/ATARI_JAGUAR_CD/Atari Jaguar CD - Homebrew - Games - [CDI] (TOSEC-v2012-07-22_CM).dat, platform_id: ATARI_JAGUAR_CD
Jul 19 00:07:10.335 INFO ATARI_JAGUAR_CD: dats/ATARI_JAGUAR_CD/Atari Jaguar CD - Homebrew - Games - [NRG] (TOSEC-v2012-07-22_CM).dat, path: dats/ATARI_JAGUAR_CD/Atari Jaguar CD - Homebrew - Games - [NRG] (TOSEC-v2012-07-22_CM).dat, platform_id: ATARI_JAGUAR_CD
Jul 19 00:07:10.335 INFO ATARI_JAGUAR_CD: dats/ATARI_JAGUAR_CD/Atari Jaguar CD - Games (TOSEC-v2012-07-17_CM).dat, path: dats/ATARI_JAGUAR_CD/Atari Jaguar CD - Games (TOSEC-v2012-07-17_CM).dat, platform_id: ATARI_JAGUAR_CD
Jul 19 00:07:10.336 INFO NINTENDO_N3DS: dats/NINTENDO_N3DS/Nintendo - New Nintendo 3DS (Decrypted) (20200522-070905).dat, path: dats/NINTENDO_N3DS/Nintendo - New Nintendo 3DS (Decrypted) (20200522-070905).dat, platform_id: NINTENDO_N3DS
Jul 19 00:07:10.337 INFO NINTENDO_N3DS: dats/NINTENDO_N3DS/Nintendo - New Nintendo 3DS (Encrypted) (20200522-070905).dat, path: dats/NINTENDO_N3DS/Nintendo - New Nintendo 3DS (Encrypted) (20200522-070905).dat, platform_id: NINTENDO_N3DS
Jul 19 00:07:10.340 INFO NINTENDO_FDS: dats/NINTENDO_FDS/Nintendo - Family Computer Disk System (FDS) (20200525-135739).dat, path: dats/NINTENDO_FDS/Nintendo - Family Computer Disk System (FDS) (20200525-135739).dat, platform_id: NINTENDO_FDS
Jul 19 00:07:10.381 INFO NINTENDO_FDS: dats/NINTENDO_FDS/Nintendo Famicom Disk System - Games (TOSEC-v2018-03-08_CM).dat, path: dats/NINTENDO_FDS/Nintendo Famicom Disk System - Games (TOSEC-v2018-03-08_CM).dat, platform_id: NINTENDO_FDS
Jul 19 00:07:10.407 INFO NINTENDO_FDS: dats/NINTENDO_FDS/Nintendo Famicom Disk System - Applications (TOSEC-v2018-03-08_CM).dat, path: dats/NINTENDO_FDS/Nintendo Famicom Disk System - Applications (TOSEC-v2018-03-08_CM).dat, platform_id: NINTENDO_FDS
Jul 19 00:07:10.408 INFO NINTENDO_FDS: dats/NINTENDO_FDS/Nintendo - Family Computer Disk System (FDSStickBIN) (20200525-135739).dat, path: dats/NINTENDO_FDS/Nintendo - Family Computer Disk System (FDSStickBIN) (20200525-135739).dat, platform_id: NINTENDO_FDS
Jul 19 00:07:10.408 INFO NINTENDO_FDS: dats/NINTENDO_FDS/Nintendo Famicom Disk System - Educational (TOSEC-v2018-03-08_CM).dat, path: dats/NINTENDO_FDS/Nintendo Famicom Disk System - Educational (TOSEC-v2018-03-08_CM).dat, platform_id: NINTENDO_FDS
Jul 19 00:07:10.408 INFO NINTENDO_FDS: dats/NINTENDO_FDS/Nintendo - Family Computer Disk System (FDSStickRAW) (20200525-135739).dat, path: dats/NINTENDO_FDS/Nintendo - Family Computer Disk System (FDSStickRAW) (20200525-135739).dat, platform_id: NINTENDO_FDS
Jul 19 00:07:10.409 INFO NINTENDO_FDS: dats/NINTENDO_FDS/Nintendo Famicom Disk System - Coverdisks (TOSEC-v2018-03-08_CM).dat, path: dats/NINTENDO_FDS/Nintendo Famicom Disk System - Coverdisks (TOSEC-v2018-03-08_CM).dat, platform_id: NINTENDO_FDS
Jul 19 00:07:10.409 INFO NINTENDO_FDS: dats/NINTENDO_FDS/Nintendo Famicom Disk System - Firmware (TOSEC-v2014-04-23_CM).dat, path: dats/NINTENDO_FDS/Nintendo Famicom Disk System - Firmware (TOSEC-v2014-04-23_CM).dat, platform_id: NINTENDO_FDS
Jul 19 00:07:10.410 INFO NINTENDO_FDS: dats/NINTENDO_FDS/Nintendo Famicom Disk System - Demos (TOSEC-v2018-03-08_CM).dat, path: dats/NINTENDO_FDS/Nintendo Famicom Disk System - Demos (TOSEC-v2018-03-08_CM).dat, platform_id: NINTENDO_FDS
Jul 19 00:07:10.410 INFO NINTENDO_FDS: dats/NINTENDO_FDS/Nintendo - Family Computer Disk System (QD) (20200525-135739).dat, path: dats/NINTENDO_FDS/Nintendo - Family Computer Disk System (QD) (20200525-135739).dat, platform_id: NINTENDO_FDS
Jul 19 00:07:10.413 INFO GCE_VECTREX: dats/GCE_VECTREX/GCE Vectrex - Demos - Various (TOSEC-v2012-02-27_CM).dat, path: dats/GCE_VECTREX/GCE Vectrex - Demos - Various (TOSEC-v2012-02-27_CM).dat, platform_id: GCE_VECTREX
Jul 19 00:07:10.415 INFO GCE_VECTREX: dats/GCE_VECTREX/GCE Vectrex - Compilations (TOSEC-v2012-02-27_CM).dat, path: dats/GCE_VECTREX/GCE Vectrex - Compilations (TOSEC-v2012-02-27_CM).dat, platform_id: GCE_VECTREX
Jul 19 00:07:10.416 INFO GCE_VECTREX: dats/GCE_VECTREX/GCE Vectrex - Firmware (TOSEC-v2012-02-27_CM).dat, path: dats/GCE_VECTREX/GCE Vectrex - Firmware (TOSEC-v2012-02-27_CM).dat, platform_id: GCE_VECTREX
Jul 19 00:07:10.416 INFO GCE_VECTREX: dats/GCE_VECTREX/GCE - Vectrex (20170908-211236).dat, path: dats/GCE_VECTREX/GCE - Vectrex (20170908-211236).dat, platform_id: GCE_VECTREX
Jul 19 00:07:10.420 INFO GCE_VECTREX: dats/GCE_VECTREX/GCE Vectrex - Demos - Music (TOSEC-v2012-02-27_CM).dat, path: dats/GCE_VECTREX/GCE Vectrex - Demos - Music (TOSEC-v2012-02-27_CM).dat, platform_id: GCE_VECTREX
Jul 19 00:07:10.427 INFO GCE_VECTREX: dats/GCE_VECTREX/GCE Vectrex - Games (TOSEC-v2014-07-30_CM).dat, path: dats/GCE_VECTREX/GCE Vectrex - Games (TOSEC-v2014-07-30_CM).dat, platform_id: GCE_VECTREX
Jul 19 00:07:10.433 INFO GCE_VECTREX: dats/GCE_VECTREX/GCE Vectrex - Demos - Slideshows (TOSEC-v2012-02-27_CM).dat, path: dats/GCE_VECTREX/GCE Vectrex - Demos - Slideshows (TOSEC-v2012-02-27_CM).dat, platform_id: GCE_VECTREX
Jul 19 00:07:10.456 INFO NINTENDO_WII: dats/NINTENDO_WII/Nintendo - Wii (Digital) (WAD) (20200618-091332).dat, path: dats/NINTENDO_WII/Nintendo - Wii (Digital) (WAD) (20200618-091332).dat, platform_id: NINTENDO_WII
Jul 19 00:07:10.600 INFO NINTENDO_WII: dats/NINTENDO_WII/Nintendo - Wii - Datfile (3617) (2020-07-04 22-16-53).dat, path: dats/NINTENDO_WII/Nintendo - Wii - Datfile (3617) (2020-07-04 22-16-53).dat, platform_id: NINTENDO_WII
Jul 19 00:07:10.780 INFO NINTENDO_WII: dats/NINTENDO_WII/Nintendo - Wii (Digital) (Split DLC) (WAD) (20190825-031431).dat, path: dats/NINTENDO_WII/Nintendo - Wii (Digital) (Split DLC) (WAD) (20190825-031431).dat, platform_id: NINTENDO_WII
