Aug 13 21:17:25.790 INFO ATARI_2600: dats\ATARI_2600\Atari - 2600 (20220808-025650).dat, path: dats\ATARI_2600\Atari - 2600 (20220808-025650).dat, platform_id: ATARI_2600
Aug 13 21:17:25.809 INFO ATARI_2600: dats\ATARI_2600\Atari 2600 & VCS - Applications (TOSEC-v2020-07-03_CM).dat, path: dats\ATARI_2600\Atari 2600 & VCS - Applications (TOSEC-v2020-07-03_CM).dat, platform_id: ATARI_2600
Aug 13 21:17:25.818 INFO ATARI_2600: dats\ATARI_2600\Atari 2600 & VCS - Demos (TOSEC-v2022-06-08_CM).dat, path: dats\ATARI_2600\Atari 2600 & VCS - Demos (TOSEC-v2022-06-08_CM).dat, platform_id: ATARI_2600
Aug 13 21:17:25.829 INFO ATARI_2600: dats\ATARI_2600\Atari 2600 & VCS - Educational (TOSEC-v2019-09-02_CM).dat, path: dats\ATARI_2600\Atari 2600 & VCS - Educational (TOSEC-v2019-09-02_CM).dat, platform_id: ATARI_2600
Aug 13 21:17:25.860 INFO ATARI_2600: dats\ATARI_2600\Atari 2600 & VCS - Games (TOSEC-v2022-06-08_CM).dat, path: dats\ATARI_2600\Atari 2600 & VCS - Games (TOSEC-v2022-06-08_CM).dat, platform_id: ATARI_2600
Aug 13 21:17:26.015 INFO ATARI_2600: dats\ATARI_2600\Open2600.dat, path: dats\ATARI_2600\Open2600.dat, platform_id: ATARI_2600
Aug 13 21:17:26.173 INFO ATARI_5200: dats\ATARI_5200\Atari - 5200 (20220405-183755).dat, path: dats\ATARI_5200\Atari - 5200 (20220405-183755).dat, platform_id: ATARI_5200
Aug 13 21:17:26.181 INFO ATARI_5200: dats\ATARI_5200\Atari 5200 - Applications (TOSEC-v2021-07-25_CM).dat, path: dats\ATARI_5200\Atari 5200 - Applications (TOSEC-v2021-07-25_CM).dat, platform_id: ATARI_5200
Aug 13 21:17:26.182 INFO ATARI_5200: dats\ATARI_5200\Atari 5200 - Demos (TOSEC-v2021-07-25_CM).dat, path: dats\ATARI_5200\Atari 5200 - Demos (TOSEC-v2021-07-25_CM).dat, platform_id: ATARI_5200
Aug 13 21:17:26.183 INFO ATARI_5200: dats\ATARI_5200\Atari 5200 - Firmware (TOSEC-v2013-12-13_CM).dat, path: dats\ATARI_5200\Atari 5200 - Firmware (TOSEC-v2013-12-13_CM).dat, platform_id: ATARI_5200
Aug 13 21:17:26.187 INFO ATARI_5200: dats\ATARI_5200\Atari 5200 - Games (TOSEC-v2022-06-08_CM).dat, path: dats\ATARI_5200\Atari 5200 - Games (TOSEC-v2022-06-08_CM).dat, platform_id: ATARI_5200
Aug 13 21:17:26.204 INFO ATARI_5200: dats\ATARI_5200\Open5200.dat, path: dats\ATARI_5200\Open5200.dat, platform_id: ATARI_5200
Aug 13 21:17:26.217 INFO ATARI_7800: dats\ATARI_7800\Atari - 7800 (20220714-205237).dat, path: dats\ATARI_7800\Atari - 7800 (20220714-205237).dat, platform_id: ATARI_7800
Aug 13 21:17:26.226 INFO ATARI_7800: dats\ATARI_7800\Atari 7800 - Applications (TOSEC-v2013-12-13_CM).dat, path: dats\ATARI_7800\Atari 7800 - Applications (TOSEC-v2013-12-13_CM).dat, platform_id: ATARI_7800
Aug 13 21:17:26.227 INFO ATARI_7800: dats\ATARI_7800\Atari 7800 - Firmware (TOSEC-v2013-12-13_CM).dat, path: dats\ATARI_7800\Atari 7800 - Firmware (TOSEC-v2013-12-13_CM).dat, platform_id: ATARI_7800
Aug 13 21:17:26.230 INFO ATARI_7800: dats\ATARI_7800\Atari 7800 - Games (TOSEC-v2022-06-08_CM).dat, path: dats\ATARI_7800\Atari 7800 - Games (TOSEC-v2022-06-08_CM).dat, platform_id: ATARI_7800
Aug 13 21:17:26.256 INFO ATARI_7800: dats\ATARI_7800\Open7800.dat, path: dats\ATARI_7800\Open7800.dat, platform_id: ATARI_7800
Aug 13 21:17:26.277 INFO ATARI_JAGUAR: dats\ATARI_JAGUAR\Atari - Jaguar (J64) (20220801-094816).dat, path: dats\ATARI_JAGUAR\Atari - Jaguar (J64) (20220801-094816).dat, platform_id: ATARI_JAGUAR
Aug 13 21:17:26.285 INFO ATARI_JAGUAR: dats\ATARI_JAGUAR\Atari - Jaguar (ROM) (20220801-094816).dat, path: dats\ATARI_JAGUAR\Atari - Jaguar (ROM) (20220801-094816).dat, platform_id: ATARI_JAGUAR
Aug 13 21:17:26.293 INFO ATARI_JAGUAR: dats\ATARI_JAGUAR\Atari Jaguar - Applications - [ABS] (TOSEC-v2018-07-01_CM).dat, path: dats\ATARI_JAGUAR\Atari Jaguar - Applications - [ABS] (TOSEC-v2018-07-01_CM).dat, platform_id: ATARI_JAGUAR
Aug 13 21:17:26.293 INFO ATARI_JAGUAR: dats\ATARI_JAGUAR\Atari Jaguar - Applications - [BIN] (TOSEC-v2018-07-01_CM).dat, path: dats\ATARI_JAGUAR\Atari Jaguar - Applications - [BIN] (TOSEC-v2018-07-01_CM).dat, platform_id: ATARI_JAGUAR
Aug 13 21:17:26.294 INFO ATARI_JAGUAR: dats\ATARI_JAGUAR\Atari Jaguar - Applications - [COF] (TOSEC-v2018-07-01_CM).dat, path: dats\ATARI_JAGUAR\Atari Jaguar - Applications - [COF] (TOSEC-v2018-07-01_CM).dat, platform_id: ATARI_JAGUAR
Aug 13 21:17:26.295 INFO ATARI_JAGUAR: dats\ATARI_JAGUAR\Atari Jaguar - Applications - [JAG] (TOSEC-v2018-07-01_CM).dat, path: dats\ATARI_JAGUAR\Atari Jaguar - Applications - [JAG] (TOSEC-v2018-07-01_CM).dat, platform_id: ATARI_JAGUAR
Aug 13 21:17:26.297 INFO ATARI_JAGUAR: dats\ATARI_JAGUAR\Atari Jaguar - Applications - [ROM] (TOSEC-v2018-07-01_CM).dat, path: dats\ATARI_JAGUAR\Atari Jaguar - Applications - [ROM] (TOSEC-v2018-07-01_CM).dat, platform_id: ATARI_JAGUAR
Aug 13 21:17:26.298 INFO ATARI_JAGUAR: dats\ATARI_JAGUAR\Atari Jaguar - Demos - [ABS] (TOSEC-v2018-07-01_CM).dat, path: dats\ATARI_JAGUAR\Atari Jaguar - Demos - [ABS] (TOSEC-v2018-07-01_CM).dat, platform_id: ATARI_JAGUAR
Aug 13 21:17:26.298 INFO ATARI_JAGUAR: dats\ATARI_JAGUAR\Atari Jaguar - Demos - [BIN] (TOSEC-v2022-06-08_CM).dat, path: dats\ATARI_JAGUAR\Atari Jaguar - Demos - [BIN] (TOSEC-v2022-06-08_CM).dat, platform_id: ATARI_JAGUAR
Aug 13 21:17:26.301 INFO ATARI_JAGUAR: dats\ATARI_JAGUAR\Atari Jaguar - Demos - [COF] (TOSEC-v2018-07-01_CM).dat, path: dats\ATARI_JAGUAR\Atari Jaguar - Demos - [COF] (TOSEC-v2018-07-01_CM).dat, platform_id: ATARI_JAGUAR
Aug 13 21:17:26.303 INFO ATARI_JAGUAR: dats\ATARI_JAGUAR\Atari Jaguar - Demos - [JAG] (TOSEC-v2018-07-01_CM).dat, path: dats\ATARI_JAGUAR\Atari Jaguar - Demos - [JAG] (TOSEC-v2018-07-01_CM).dat, platform_id: ATARI_JAGUAR
Aug 13 21:17:26.308 INFO ATARI_JAGUAR: dats\ATARI_JAGUAR\Atari Jaguar - Demos - [ROM] (TOSEC-v2022-06-08_CM).dat, path: dats\ATARI_JAGUAR\Atari Jaguar - Demos - [ROM] (TOSEC-v2022-06-08_CM).dat, platform_id: ATARI_JAGUAR
Aug 13 21:17:26.309 INFO ATARI_JAGUAR: dats\ATARI_JAGUAR\Atari Jaguar - Firmware (TOSEC-v2021-07-25_CM).dat, path: dats\ATARI_JAGUAR\Atari Jaguar - Firmware (TOSEC-v2021-07-25_CM).dat, platform_id: ATARI_JAGUAR
Aug 13 21:17:26.310 INFO ATARI_JAGUAR: dats\ATARI_JAGUAR\Atari Jaguar - Games - [ABS] (TOSEC-v2018-07-01_CM).dat, path: dats\ATARI_JAGUAR\Atari Jaguar - Games - [ABS] (TOSEC-v2018-07-01_CM).dat, platform_id: ATARI_JAGUAR
Aug 13 21:17:26.311 INFO ATARI_JAGUAR: dats\ATARI_JAGUAR\Atari Jaguar - Games - [BIN] (TOSEC-v2022-06-08_CM).dat, path: dats\ATARI_JAGUAR\Atari Jaguar - Games - [BIN] (TOSEC-v2022-06-08_CM).dat, platform_id: ATARI_JAGUAR
Aug 13 21:17:26.313 INFO ATARI_JAGUAR: dats\ATARI_JAGUAR\Atari Jaguar - Games - [COF] (TOSEC-v2022-06-08_CM).dat, path: dats\ATARI_JAGUAR\Atari Jaguar - Games - [COF] (TOSEC-v2022-06-08_CM).dat, platform_id: ATARI_JAGUAR
Aug 13 21:17:26.315 INFO ATARI_JAGUAR: dats\ATARI_JAGUAR\Atari Jaguar - Games - [J64] (TOSEC-v2021-07-25_CM).dat, path: dats\ATARI_JAGUAR\Atari Jaguar - Games - [J64] (TOSEC-v2021-07-25_CM).dat, platform_id: ATARI_JAGUAR
Aug 13 21:17:26.324 INFO ATARI_JAGUAR: dats\ATARI_JAGUAR\Atari Jaguar - Games - [JAG] (TOSEC-v2021-07-25_CM).dat, path: dats\ATARI_JAGUAR\Atari Jaguar - Games - [JAG] (TOSEC-v2021-07-25_CM).dat, platform_id: ATARI_JAGUAR
Aug 13 21:17:26.325 INFO ATARI_JAGUAR: dats\ATARI_JAGUAR\Atari Jaguar - Games - [Multipart] (TOSEC-v2021-07-25_CM).dat, path: dats\ATARI_JAGUAR\Atari Jaguar - Games - [Multipart] (TOSEC-v2021-07-25_CM).dat, platform_id: ATARI_JAGUAR
Aug 13 21:17:26.327 INFO ATARI_JAGUAR: dats\ATARI_JAGUAR\Atari Jaguar - Games - [ROM] (TOSEC-v2021-07-25_CM).dat, path: dats\ATARI_JAGUAR\Atari Jaguar - Games - [ROM] (TOSEC-v2021-07-25_CM).dat, platform_id: ATARI_JAGUAR
Aug 13 21:17:26.337 INFO ATARI_JAGUAR: dats\ATARI_JAGUAR\OpenJag.dat, path: dats\ATARI_JAGUAR\OpenJag.dat, platform_id: ATARI_JAGUAR
Aug 13 21:17:26.349 INFO ATARI_JAGUAR_CD: dats\ATARI_JAGUAR_CD\Atari - Jaguar CD Interactive Multimedia System - Datfile (21) (2022-07-22 18-15-25).dat, path: dats\ATARI_JAGUAR_CD\Atari - Jaguar CD Interactive Multimedia System - Datfile (21) (2022-07-22 18-15-25).dat, platform_id: ATARI_JAGUAR_CD
Aug 13 21:17:26.353 INFO ATARI_JAGUAR_CD: dats\ATARI_JAGUAR_CD\Atari Jaguar CD - Games (TOSEC-v2012-07-17_CM).dat, path: dats\ATARI_JAGUAR_CD\Atari Jaguar CD - Games (TOSEC-v2012-07-17_CM).dat, platform_id: ATARI_JAGUAR_CD
Aug 13 21:17:26.355 INFO ATARI_JAGUAR_CD: dats\ATARI_JAGUAR_CD\Atari Jaguar CD - Homebrew - Games - [BIN] (TOSEC-v2012-07-22_CM).dat, path: dats\ATARI_JAGUAR_CD\Atari Jaguar CD - Homebrew - Games - [BIN] (TOSEC-v2012-07-22_CM).dat, platform_id: ATARI_JAGUAR_CD
Aug 13 21:17:26.356 INFO ATARI_JAGUAR_CD: dats\ATARI_JAGUAR_CD\Atari Jaguar CD - Homebrew - Games - [CDI] (TOSEC-v2022-06-08_CM).dat, path: dats\ATARI_JAGUAR_CD\Atari Jaguar CD - Homebrew - Games - [CDI] (TOSEC-v2022-06-08_CM).dat, platform_id: ATARI_JAGUAR_CD
Aug 13 21:17:26.356 INFO ATARI_JAGUAR_CD: dats\ATARI_JAGUAR_CD\Atari Jaguar CD - Homebrew - Games - [NRG] (TOSEC-v2012-07-22_CM).dat, path: dats\ATARI_JAGUAR_CD\Atari Jaguar CD - Homebrew - Games - [NRG] (TOSEC-v2012-07-22_CM).dat, platform_id: ATARI_JAGUAR_CD
Aug 13 21:17:26.357 INFO ATARI_LYNX: dats\ATARI_LYNX\Atari - Lynx (20220513-205052).dat, path: dats\ATARI_LYNX\Atari - Lynx (20220513-205052).dat, platform_id: ATARI_LYNX
Aug 13 21:17:26.369 INFO ATARI_LYNX: dats\ATARI_LYNX\Atari Lynx - Applications (TOSEC-v2013-12-13_CM).dat, path: dats\ATARI_LYNX\Atari Lynx - Applications (TOSEC-v2013-12-13_CM).dat, platform_id: ATARI_LYNX
Aug 13 21:17:26.373 INFO ATARI_LYNX: dats\ATARI_LYNX\Atari Lynx - Demos (TOSEC-v2022-06-08_CM).dat, path: dats\ATARI_LYNX\Atari Lynx - Demos (TOSEC-v2022-06-08_CM).dat, platform_id: ATARI_LYNX
Aug 13 21:17:26.386 INFO ATARI_LYNX: dats\ATARI_LYNX\Atari Lynx - Firmware (TOSEC-v2013-12-13_CM).dat, path: dats\ATARI_LYNX\Atari Lynx - Firmware (TOSEC-v2013-12-13_CM).dat, platform_id: ATARI_LYNX
Aug 13 21:17:26.392 INFO ATARI_LYNX: dats\ATARI_LYNX\OpenLynx.dat, path: dats\ATARI_LYNX\OpenLynx.dat, platform_id: ATARI_LYNX
Aug 13 21:17:26.403 INFO BANDAI_WS: dats\BANDAI_WS\Bandai - WonderSwan (20220519-220027).dat, path: dats\BANDAI_WS\Bandai - WonderSwan (20220519-220027).dat, platform_id: BANDAI_WS
Aug 13 21:17:26.414 INFO BANDAI_WS: dats\BANDAI_WS\Bandai WonderSwan - Demos (TOSEC-v2013-12-13_CM).dat, path: dats\BANDAI_WS\Bandai WonderSwan - Demos (TOSEC-v2013-12-13_CM).dat, platform_id: BANDAI_WS
Aug 13 21:17:26.417 INFO BANDAI_WS: dats\BANDAI_WS\Bandai WonderSwan - Games (TOSEC-v2022-06-08_CM).dat, path: dats\BANDAI_WS\Bandai WonderSwan - Games (TOSEC-v2022-06-08_CM).dat, platform_id: BANDAI_WS
Aug 13 21:17:26.434 INFO BANDAI_WS: dats\BANDAI_WS\OpenWSx.WS.dat, path: dats\BANDAI_WS\OpenWSx.WS.dat, platform_id: BANDAI_WS
Aug 13 21:17:26.452 INFO BANDAI_WSC: dats\BANDAI_WSC\Bandai - WonderSwan Color (20220111-030408).dat, path: dats\BANDAI_WSC\Bandai - WonderSwan Color (20220111-030408).dat, platform_id: BANDAI_WSC
Aug 13 21:17:26.463 INFO BANDAI_WSC: dats\BANDAI_WSC\Bandai WonderSwan Color - Demos (TOSEC-v2022-06-08_CM).dat, path: dats\BANDAI_WSC\Bandai WonderSwan Color - Demos (TOSEC-v2022-06-08_CM).dat, platform_id: BANDAI_WSC
Aug 13 21:17:26.469 INFO BANDAI_WSC: dats\BANDAI_WSC\Bandai WonderSwan Color - Games (TOSEC-v2022-06-08_CM).dat, path: dats\BANDAI_WSC\Bandai WonderSwan Color - Games (TOSEC-v2022-06-08_CM).dat, platform_id: BANDAI_WSC
Aug 13 21:17:26.485 INFO BANDAI_WSC: dats\BANDAI_WSC\OpenWSx.WSC.dat, path: dats\BANDAI_WSC\OpenWSx.WSC.dat, platform_id: BANDAI_WSC
Aug 13 21:17:26.501 INFO COLECO_CV: dats\COLECO_CV\Coleco - ColecoVision (20220727-213002).dat, path: dats\COLECO_CV\Coleco - ColecoVision (20220727-213002).dat, platform_id: COLECO_CV
Aug 13 21:17:26.518 INFO COLECO_CV: dats\COLECO_CV\Coleco ColecoVision - Applications (TOSEC-v2021-07-25_CM).dat, path: dats\COLECO_CV\Coleco ColecoVision - Applications (TOSEC-v2021-07-25_CM).dat, platform_id: COLECO_CV
Aug 13 21:17:26.519 INFO COLECO_CV: dats\COLECO_CV\Coleco ColecoVision - Demos (TOSEC-v2015-05-07_CM).dat, path: dats\COLECO_CV\Coleco ColecoVision - Demos (TOSEC-v2015-05-07_CM).dat, platform_id: COLECO_CV
Aug 13 21:17:26.525 INFO COLECO_CV: dats\COLECO_CV\Coleco ColecoVision - Educational (TOSEC-v2015-05-07_CM).dat, path: dats\COLECO_CV\Coleco ColecoVision - Educational (TOSEC-v2015-05-07_CM).dat, platform_id: COLECO_CV
Aug 13 21:17:26.529 INFO COLECO_CV: dats\COLECO_CV\Coleco ColecoVision - Firmware (TOSEC-v2015-05-07_CM).dat, path: dats\COLECO_CV\Coleco ColecoVision - Firmware (TOSEC-v2015-05-07_CM).dat, platform_id: COLECO_CV
Aug 13 21:17:26.537 INFO COLECO_CV: dats\COLECO_CV\Coleco ColecoVision - Games (TOSEC-v2022-06-08_CM).dat, path: dats\COLECO_CV\Coleco ColecoVision - Games (TOSEC-v2022-06-08_CM).dat, platform_id: COLECO_CV
Aug 13 21:17:26.560 INFO COLECO_CV: dats\COLECO_CV\OpenCol.dat, path: dats\COLECO_CV\OpenCol.dat, platform_id: COLECO_CV
Aug 13 21:17:26.627 INFO FUJITSU_FMT: dats\FUJITSU_FMT\Fujitsu - FM-Towns - Datfile (886) (2022-07-26 14-25-22).dat, path: dats\FUJITSU_FMT\Fujitsu - FM-Towns - Datfile (886) (2022-07-26 14-25-22).dat, platform_id: FUJITSU_FMT
Aug 13 21:17:26.705 INFO FUJITSU_FMT: dats\FUJITSU_FMT\Fujitsu FM Towns - Applications - [BIN] (TOSEC-v2018-07-01_CM).dat, path: dats\FUJITSU_FMT\Fujitsu FM Towns - Applications - [BIN] (TOSEC-v2018-07-01_CM).dat, platform_id: FUJITSU_FMT
Aug 13 21:17:26.706 INFO FUJITSU_FMT: dats\FUJITSU_FMT\Fujitsu FM Towns - Applications - [D88] (TOSEC-v2011-02-07_CM).dat, path: dats\FUJITSU_FMT\Fujitsu FM Towns - Applications - [D88] (TOSEC-v2011-02-07_CM).dat, platform_id: FUJITSU_FMT
Aug 13 21:17:26.706 INFO FUJITSU_FMT: dats\FUJITSU_FMT\Fujitsu FM Towns - Applications - [HDM] (TOSEC-v2018-07-01_CM).dat, path: dats\FUJITSU_FMT\Fujitsu FM Towns - Applications - [HDM] (TOSEC-v2018-07-01_CM).dat, platform_id: FUJITSU_FMT
Aug 13 21:17:26.707 INFO FUJITSU_FMT: dats\FUJITSU_FMT\Fujitsu FM Towns - CD - Compilations (TOSEC-v2012-07-13_CM).dat, path: dats\FUJITSU_FMT\Fujitsu FM Towns - CD - Compilations (TOSEC-v2012-07-13_CM).dat, platform_id: FUJITSU_FMT
Aug 13 21:17:26.708 INFO FUJITSU_FMT: dats\FUJITSU_FMT\Fujitsu FM Towns - CD - Games (TOSEC-v2012-07-13_CM).dat, path: dats\FUJITSU_FMT\Fujitsu FM Towns - CD - Games (TOSEC-v2012-07-13_CM).dat, platform_id: FUJITSU_FMT
Aug 13 21:17:26.709 INFO FUJITSU_FMT: dats\FUJITSU_FMT\Fujitsu FM Towns - CD - Homebrew - Demos (TOSEC-v2012-07-22_CM).dat, path: dats\FUJITSU_FMT\Fujitsu FM Towns - CD - Homebrew - Demos (TOSEC-v2012-07-22_CM).dat, platform_id: FUJITSU_FMT
Aug 13 21:17:26.709 INFO FUJITSU_FMT: dats\FUJITSU_FMT\Fujitsu FM Towns - CD - Homebrew - Games (TOSEC-v2012-07-22_CM).dat, path: dats\FUJITSU_FMT\Fujitsu FM Towns - CD - Homebrew - Games (TOSEC-v2012-07-22_CM).dat, platform_id: FUJITSU_FMT
Aug 13 21:17:26.710 INFO FUJITSU_FMT: dats\FUJITSU_FMT\Fujitsu FM Towns - Firmware (TOSEC-v2011-02-26_CM).dat, path: dats\FUJITSU_FMT\Fujitsu FM Towns - Firmware (TOSEC-v2011-02-26_CM).dat, platform_id: FUJITSU_FMT
Aug 13 21:17:26.711 INFO FUJITSU_FMT: dats\FUJITSU_FMT\Fujitsu FM Towns - Games - [BIN] (TOSEC-v2020-07-12_CM).dat, path: dats\FUJITSU_FMT\Fujitsu FM Towns - Games - [BIN] (TOSEC-v2020-07-12_CM).dat, platform_id: FUJITSU_FMT
Aug 13 21:17:26.720 INFO FUJITSU_FMT: dats\FUJITSU_FMT\Fujitsu FM Towns - Games - [D88] (TOSEC-v2011-02-07_CM).dat, path: dats\FUJITSU_FMT\Fujitsu FM Towns - Games - [D88] (TOSEC-v2011-02-07_CM).dat, platform_id: FUJITSU_FMT
Aug 13 21:17:26.727 INFO FUJITSU_FMT: dats\FUJITSU_FMT\Fujitsu FM Towns - Games - [HDM] (TOSEC-v2018-07-01_CM).dat, path: dats\FUJITSU_FMT\Fujitsu FM Towns - Games - [HDM] (TOSEC-v2018-07-01_CM).dat, platform_id: FUJITSU_FMT
Aug 13 21:17:26.739 INFO FUJITSU_FMT: dats\FUJITSU_FMT\Fujitsu FM Towns - Operating Systems - [BIN] (TOSEC-v2011-02-07_CM).dat, path: dats\FUJITSU_FMT\Fujitsu FM Towns - Operating Systems - [BIN] (TOSEC-v2011-02-07_CM).dat, platform_id: FUJITSU_FMT
Aug 13 21:17:26.741 INFO FUJITSU_FMT: dats\FUJITSU_FMT\Fujitsu FM Towns - Operating Systems - [HDM] (TOSEC-v2021-12-11_CM).dat, path: dats\FUJITSU_FMT\Fujitsu FM Towns - Operating Systems - [HDM] (TOSEC-v2021-12-11_CM).dat, platform_id: FUJITSU_FMT
Aug 13 21:17:26.742 INFO GCE_VECTREX: dats\GCE_VECTREX\GCE - Vectrex (20170908-211236).dat, path: dats\GCE_VECTREX\GCE - Vectrex (20170908-211236).dat, platform_id: GCE_VECTREX
Aug 13 21:17:26.748 INFO GCE_VECTREX: dats\GCE_VECTREX\GCE Vectrex - Compilations (TOSEC-v2012-02-27_CM).dat, path: dats\GCE_VECTREX\GCE Vectrex - Compilations (TOSEC-v2012-02-27_CM).dat, platform_id: GCE_VECTREX
Aug 13 21:17:26.751 INFO GCE_VECTREX: dats\GCE_VECTREX\GCE Vectrex - Demos - Music (TOSEC-v2012-02-27_CM).dat, path: dats\GCE_VECTREX\GCE Vectrex - Demos - Music (TOSEC-v2012-02-27_CM).dat, platform_id: GCE_VECTREX
Aug 13 21:17:26.758 INFO GCE_VECTREX: dats\GCE_VECTREX\GCE Vectrex - Demos - Slideshows (TOSEC-v2012-02-27_CM).dat, path: dats\GCE_VECTREX\GCE Vectrex - Demos - Slideshows (TOSEC-v2012-02-27_CM).dat, platform_id: GCE_VECTREX
Aug 13 21:17:26.760 INFO GCE_VECTREX: dats\GCE_VECTREX\GCE Vectrex - Demos - Various (TOSEC-v2022-06-08_CM).dat, path: dats\GCE_VECTREX\GCE Vectrex - Demos - Various (TOSEC-v2022-06-08_CM).dat, platform_id: GCE_VECTREX
Aug 13 21:17:26.765 INFO GCE_VECTREX: dats\GCE_VECTREX\GCE Vectrex - Firmware (TOSEC-v2012-02-27_CM).dat, path: dats\GCE_VECTREX\GCE Vectrex - Firmware (TOSEC-v2012-02-27_CM).dat, platform_id: GCE_VECTREX
Aug 13 21:17:26.767 INFO GCE_VECTREX: dats\GCE_VECTREX\GCE Vectrex - Games (TOSEC-v2022-06-08_CM).dat, path: dats\GCE_VECTREX\GCE Vectrex - Games (TOSEC-v2022-06-08_CM).dat, platform_id: GCE_VECTREX
Aug 13 21:17:26.786 INFO GCE_VECTREX: dats\GCE_VECTREX\OpenVECT.dat, path: dats\GCE_VECTREX\OpenVECT.dat, platform_id: GCE_VECTREX
Aug 13 21:17:26.799 INFO MAGNAVOX_O2: dats\MAGNAVOX_O2\Magnavox Odyssey2 - Applications (TOSEC-v2011-02-22_CM).dat, path: dats\MAGNAVOX_O2\Magnavox Odyssey2 - Applications (TOSEC-v2011-02-22_CM).dat, platform_id: MAGNAVOX_O2
Aug 13 21:17:26.800 INFO MAGNAVOX_O2: dats\MAGNAVOX_O2\Magnavox Odyssey2 - Educational (TOSEC-v2011-02-22_CM).dat, path: dats\MAGNAVOX_O2\Magnavox Odyssey2 - Educational (TOSEC-v2011-02-22_CM).dat, platform_id: MAGNAVOX_O2
Aug 13 21:17:26.802 INFO MAGNAVOX_O2: dats\MAGNAVOX_O2\Magnavox Odyssey2 - Firmware (TOSEC-v2011-02-22_CM).dat, path: dats\MAGNAVOX_O2\Magnavox Odyssey2 - Firmware (TOSEC-v2011-02-22_CM).dat, platform_id: MAGNAVOX_O2
Aug 13 21:17:26.804 INFO MAGNAVOX_O2: dats\MAGNAVOX_O2\Magnavox Odyssey2 - Games (TOSEC-v2021-07-25_CM).dat, path: dats\MAGNAVOX_O2\Magnavox Odyssey2 - Games (TOSEC-v2021-07-25_CM).dat, platform_id: MAGNAVOX_O2
Aug 13 21:17:26.814 INFO MATTEL_INT: dats\MATTEL_INT\Mattel - Intellivision (20220809-172702).dat, path: dats\MATTEL_INT\Mattel - Intellivision (20220809-172702).dat, platform_id: MATTEL_INT
Aug 13 21:17:26.823 INFO MATTEL_INT: dats\MATTEL_INT\Mattel Intellivision - Applications (TOSEC-v2018-07-01_CM).dat, path: dats\MATTEL_INT\Mattel Intellivision - Applications (TOSEC-v2018-07-01_CM).dat, platform_id: MATTEL_INT
Aug 13 21:17:26.824 INFO MATTEL_INT: dats\MATTEL_INT\Mattel Intellivision - Demos - [BIN] (TOSEC-v2018-07-01_CM).dat, path: dats\MATTEL_INT\Mattel Intellivision - Demos - [BIN] (TOSEC-v2018-07-01_CM).dat, platform_id: MATTEL_INT
Aug 13 21:17:26.829 INFO MATTEL_INT: dats\MATTEL_INT\Mattel Intellivision - Demos - [Multipart] (TOSEC-v2018-07-01_CM).dat, path: dats\MATTEL_INT\Mattel Intellivision - Demos - [Multipart] (TOSEC-v2018-07-01_CM).dat, platform_id: MATTEL_INT
Aug 13 21:17:26.830 INFO MATTEL_INT: dats\MATTEL_INT\Mattel Intellivision - Educational (TOSEC-v2021-07-25_CM).dat, path: dats\MATTEL_INT\Mattel Intellivision - Educational (TOSEC-v2021-07-25_CM).dat, platform_id: MATTEL_INT
Aug 13 21:17:26.832 INFO MATTEL_INT: dats\MATTEL_INT\Mattel Intellivision - Firmware - [BIN] (TOSEC-v2021-07-25_CM).dat, path: dats\MATTEL_INT\Mattel Intellivision - Firmware - [BIN] (TOSEC-v2021-07-25_CM).dat, platform_id: MATTEL_INT
Aug 13 21:17:26.833 INFO MATTEL_INT: dats\MATTEL_INT\Mattel Intellivision - Firmware - [Multipart] (TOSEC-v2018-07-01_CM).dat, path: dats\MATTEL_INT\Mattel Intellivision - Firmware - [Multipart] (TOSEC-v2018-07-01_CM).dat, platform_id: MATTEL_INT
Aug 13 21:17:26.836 INFO MATTEL_INT: dats\MATTEL_INT\Mattel Intellivision - Games - [BIN] (TOSEC-v2022-06-08_CM).dat, path: dats\MATTEL_INT\Mattel Intellivision - Games - [BIN] (TOSEC-v2022-06-08_CM).dat, platform_id: MATTEL_INT
Aug 13 21:17:26.847 INFO MATTEL_INT: dats\MATTEL_INT\Mattel Intellivision - Games - [Multipart] (TOSEC-v2018-07-01_CM).dat, path: dats\MATTEL_INT\Mattel Intellivision - Games - [Multipart] (TOSEC-v2018-07-01_CM).dat, platform_id: MATTEL_INT
Aug 13 21:17:26.856 INFO MATTEL_INT: dats\MATTEL_INT\OpenINTV.dat, path: dats\MATTEL_INT\OpenINTV.dat, platform_id: MATTEL_INT
Aug 13 21:17:26.898 INFO MICROSOFT_X360: dats\MICROSOFT_X360\Microsoft - Xbox 360 - Datfile (2951) (2022-08-08 08-57-10).dat, path: dats\MICROSOFT_X360\Microsoft - Xbox 360 - Datfile (2951) (2022-08-08 08-57-10).dat, platform_id: MICROSOFT_X360
Aug 13 21:17:26.969 INFO MICROSOFT_X360: dats\MICROSOFT_X360\Non-Redump - Microsoft - Xbox 360 (20220812-142858).dat, path: dats\MICROSOFT_X360\Non-Redump - Microsoft - Xbox 360 (20220812-142858).dat, platform_id: MICROSOFT_X360
Aug 13 21:17:26.993 INFO MICROSOFT_XBO: dats\MICROSOFT_XBO\Microsoft - Xbox One - Datfile (454) (2022-08-13 06-24-50).dat, path: dats\MICROSOFT_XBO\Microsoft - Xbox One - Datfile (454) (2022-08-13 06-24-50).dat, platform_id: MICROSOFT_XBO
Aug 13 21:17:27.008 INFO MICROSOFT_XBOX: dats\MICROSOFT_XBOX\Microsoft - Xbox - BIOS Datfile (7) (2010-09-13).dat, path: dats\MICROSOFT_XBOX\Microsoft - Xbox - BIOS Datfile (7) (2010-09-13).dat, platform_id: MICROSOFT_XBOX
Aug 13 21:17:27.037 INFO MICROSOFT_XBOX: dats\MICROSOFT_XBOX\Microsoft - Xbox - Datfile (2566) (2022-08-05 19-44-55).dat, path: dats\MICROSOFT_XBOX\Microsoft - Xbox - Datfile (2566) (2022-08-05 19-44-55).dat, platform_id: MICROSOFT_XBOX
Aug 13 21:17:27.093 INFO MICROSOFT_XBOX: dats\MICROSOFT_XBOX\Non-Redump - Microsoft - Xbox (20220630-093513).dat, path: dats\MICROSOFT_XBOX\Non-Redump - Microsoft - Xbox (20220630-093513).dat, platform_id: MICROSOFT_XBOX
Aug 13 21:17:27.097 INFO NEC_PCFX: dats\NEC_PCFX\NEC - PC-FX & PC-FXGA - Datfile (78) (2022-06-02 04-01-21).dat, path: dats\NEC_PCFX\NEC - PC-FX & PC-FXGA - Datfile (78) (2022-06-02 04-01-21).dat, platform_id: NEC_PCFX
Aug 13 21:17:27.111 INFO NEC_PCFX: dats\NEC_PCFX\NEC PC-FX - Firmware (TOSEC-v2012-07-13_CM).dat, path: dats\NEC_PCFX\NEC PC-FX - Firmware (TOSEC-v2012-07-13_CM).dat, platform_id: NEC_PCFX
Aug 13 21:17:27.114 INFO NEC_PCFX: dats\NEC_PCFX\NEC PC-FX - Games (TOSEC-v2012-07-14_CM).dat, path: dats\NEC_PCFX\NEC PC-FX - Games (TOSEC-v2012-07-14_CM).dat, platform_id: NEC_PCFX
Aug 13 21:17:27.124 INFO NEC_PCFX: dats\NEC_PCFX\NEC PC-FXGA - Firmware (TOSEC-v2012-07-13_CM).dat, path: dats\NEC_PCFX\NEC PC-FXGA - Firmware (TOSEC-v2012-07-13_CM).dat, platform_id: NEC_PCFX
Aug 13 21:17:27.125 INFO NEC_PCFX: dats\NEC_PCFX\NEC PC-FXGA - Games (TOSEC-v2012-07-13_CM).dat, path: dats\NEC_PCFX\NEC PC-FXGA - Games (TOSEC-v2012-07-13_CM).dat, platform_id: NEC_PCFX
Aug 13 21:17:27.125 INFO NEC_SGFX: dats\NEC_SGFX\NEC - PC Engine SuperGrafx (20210905-042020).dat, path: dats\NEC_SGFX\NEC - PC Engine SuperGrafx (20210905-042020).dat, platform_id: NEC_SGFX
Aug 13 21:17:27.127 INFO NEC_SGFX: dats\NEC_SGFX\NEC SuperGrafx - Games (TOSEC-v2021-12-11_CM).dat, path: dats\NEC_SGFX\NEC SuperGrafx - Games (TOSEC-v2021-12-11_CM).dat, platform_id: NEC_SGFX
Aug 13 21:17:27.132 INFO NEC_TG16: dats\NEC_TG16\NEC - PC Engine - TurboGrafx 16 (20220728-084427).dat, path: dats\NEC_TG16\NEC - PC Engine - TurboGrafx 16 (20220728-084427).dat, platform_id: NEC_TG16
Aug 13 21:17:27.146 INFO NEC_TG16: dats\NEC_TG16\NEC PC-Engine & TurboGrafx-16 - Applications (TOSEC-v2018-06-11_CM).dat, path: dats\NEC_TG16\NEC PC-Engine & TurboGrafx-16 - Applications (TOSEC-v2018-06-11_CM).dat, platform_id: NEC_TG16
Aug 13 21:17:27.147 INFO NEC_TG16: dats\NEC_TG16\NEC PC-Engine & TurboGrafx-16 - Compilations (TOSEC-v2018-06-09_CM).dat, path: dats\NEC_TG16\NEC PC-Engine & TurboGrafx-16 - Compilations (TOSEC-v2018-06-09_CM).dat, platform_id: NEC_TG16
Aug 13 21:17:27.149 INFO NEC_TG16: dats\NEC_TG16\NEC PC-Engine & TurboGrafx-16 - Demos (TOSEC-v2022-06-08_CM).dat, path: dats\NEC_TG16\NEC PC-Engine & TurboGrafx-16 - Demos (TOSEC-v2022-06-08_CM).dat, platform_id: NEC_TG16
Aug 13 21:17:27.160 INFO NEC_TG16: dats\NEC_TG16\NEC PC-Engine & TurboGrafx-16 - Games (TOSEC-v2022-06-08_CM).dat, path: dats\NEC_TG16\NEC PC-Engine & TurboGrafx-16 - Games (TOSEC-v2022-06-08_CM).dat, platform_id: NEC_TG16
Aug 13 21:17:27.181 INFO NEC_TG16: dats\NEC_TG16\NEC PC-Engine & TurboGrafx-16 - Samplers (TOSEC-v2018-08-19_CM).dat, path: dats\NEC_TG16\NEC PC-Engine & TurboGrafx-16 - Samplers (TOSEC-v2018-08-19_CM).dat, platform_id: NEC_TG16
Aug 13 21:17:27.207 INFO NEC_TG16: dats\NEC_TG16\OpenPCE.dat, path: dats\NEC_TG16\OpenPCE.dat, platform_id: NEC_TG16
Aug 13 21:17:27.311 INFO NEC_TGCD: dats\NEC_TGCD\NEC - PC Engine CD & TurboGrafx CD - Datfile (542) (2022-08-02 21-08-46).dat, path: dats\NEC_TGCD\NEC - PC Engine CD & TurboGrafx CD - Datfile (542) (2022-08-02 21-08-46).dat, platform_id: NEC_TGCD
Aug 13 21:17:27.436 INFO NEC_TGCD: dats\NEC_TGCD\NEC PC-Engine CD & TurboGrafx-16 CD - Applications (TOSEC-v2018-03-23_CM).dat, path: dats\NEC_TGCD\NEC PC-Engine CD & TurboGrafx-16 CD - Applications (TOSEC-v2018-03-23_CM).dat, platform_id: NEC_TGCD
Aug 13 21:17:27.437 INFO NEC_TGCD: dats\NEC_TGCD\NEC PC-Engine CD & TurboGrafx-16 CD - Compilations (TOSEC-v2019-04-18_CM).dat, path: dats\NEC_TGCD\NEC PC-Engine CD & TurboGrafx-16 CD - Compilations (TOSEC-v2019-04-18_CM).dat, platform_id: NEC_TGCD
Aug 13 21:17:27.438 INFO NEC_TGCD: dats\NEC_TGCD\NEC PC-Engine CD & TurboGrafx-16 CD - Educational (TOSEC-v2018-05-28_CM).dat, path: dats\NEC_TGCD\NEC PC-Engine CD & TurboGrafx-16 CD - Educational (TOSEC-v2018-05-28_CM).dat, platform_id: NEC_TGCD
Aug 13 21:17:27.439 INFO NEC_TGCD: dats\NEC_TGCD\NEC PC-Engine CD & TurboGrafx-16 CD - Games - [BIN] (TOSEC-v2018-08-10_CM).dat, path: dats\NEC_TGCD\NEC PC-Engine CD & TurboGrafx-16 CD - Games - [BIN] (TOSEC-v2018-08-10_CM).dat, platform_id: NEC_TGCD
Aug 13 21:17:27.454 INFO NEC_TGCD: dats\NEC_TGCD\NEC PC-Engine CD & TurboGrafx-16 CD - Games - [IMG] (TOSEC-v2021-05-07_CM).dat, path: dats\NEC_TGCD\NEC PC-Engine CD & TurboGrafx-16 CD - Games - [IMG] (TOSEC-v2021-05-07_CM).dat, platform_id: NEC_TGCD
Aug 13 21:17:27.476 INFO NEC_TGCD: dats\NEC_TGCD\NEC PC-Engine CD & TurboGrafx-16 CD - Games - [ISO] (TOSEC-v2018-08-10_CM).dat, path: dats\NEC_TGCD\NEC PC-Engine CD & TurboGrafx-16 CD - Games - [ISO] (TOSEC-v2018-08-10_CM).dat, platform_id: NEC_TGCD
Aug 13 21:17:27.476 INFO NEC_TGCD: dats\NEC_TGCD\NEC PC-Engine CD & TurboGrafx-16 CD - Homebrew - Games (TOSEC-v2012-07-22_CM).dat, path: dats\NEC_TGCD\NEC PC-Engine CD & TurboGrafx-16 CD - Homebrew - Games (TOSEC-v2012-07-22_CM).dat, platform_id: NEC_TGCD
Aug 13 21:17:27.477 INFO NEC_TGCD: dats\NEC_TGCD\NEC PC-Engine CD & TurboGrafx-16 CD - Multimedia (TOSEC-v2018-06-07_CM).dat, path: dats\NEC_TGCD\NEC PC-Engine CD & TurboGrafx-16 CD - Multimedia (TOSEC-v2018-06-07_CM).dat, platform_id: NEC_TGCD
Aug 13 21:17:27.480 INFO NEC_TGCD: dats\NEC_TGCD\NEC PC-Engine CD & TurboGrafx-16 CD - Samplers - [BIN] (TOSEC-v2018-07-20_CM).dat, path: dats\NEC_TGCD\NEC PC-Engine CD & TurboGrafx-16 CD - Samplers - [BIN] (TOSEC-v2018-07-20_CM).dat, platform_id: NEC_TGCD
Aug 13 21:17:27.481 INFO NEC_TGCD: dats\NEC_TGCD\NEC PC-Engine CD & TurboGrafx-16 CD - Samplers - [IMG] (TOSEC-v2019-04-18_CM).dat, path: dats\NEC_TGCD\NEC PC-Engine CD & TurboGrafx-16 CD - Samplers - [IMG] (TOSEC-v2019-04-18_CM).dat, platform_id: NEC_TGCD
Aug 13 21:17:27.482 INFO NEC_TGCD: dats\NEC_TGCD\Non-Redump - NEC - PC Engine CD + TurboGrafx CD (20220701-135416).dat, path: dats\NEC_TGCD\Non-Redump - NEC - PC Engine CD + TurboGrafx CD (20220701-135416).dat, platform_id: NEC_TGCD
Aug 13 21:17:27.495 INFO NINTENDO_3DS: dats\NINTENDO_3DS\Nintendo - Nintendo 3DS (Decrypted) (20220804-143617).dat, path: dats\NINTENDO_3DS\Nintendo - Nintendo 3DS (Decrypted) (20220804-143617).dat, platform_id: NINTENDO_3DS
Aug 13 21:17:27.588 INFO NINTENDO_3DS: dats\NINTENDO_3DS\Nintendo - Nintendo 3DS (Encrypted) (20220804-143617).dat, path: dats\NINTENDO_3DS\Nintendo - Nintendo 3DS (Encrypted) (20220804-143617).dat, platform_id: NINTENDO_3DS
Aug 13 21:17:27.644 INFO NINTENDO_3DS: dats\NINTENDO_3DS\Nintendo 3DS - Games - [3DSX] (TOSEC-v2022-06-08_CM).dat, path: dats\NINTENDO_3DS\Nintendo 3DS - Games - [3DSX] (TOSEC-v2022-06-08_CM).dat, platform_id: NINTENDO_3DS
Aug 13 21:17:27.646 INFO NINTENDO_3DS: dats\NINTENDO_3DS\Nintendo 3DS - Games - [CIA] (TOSEC-v2022-06-08_CM).dat, path: dats\NINTENDO_3DS\Nintendo 3DS - Games - [CIA] (TOSEC-v2022-06-08_CM).dat, platform_id: NINTENDO_3DS
Aug 13 21:17:27.657 INFO NINTENDO_BS: dats\NINTENDO_BS\Nintendo - Satellaview (20220727-002152).dat, path: dats\NINTENDO_BS\Nintendo - Satellaview (20220727-002152).dat, platform_id: NINTENDO_BS
Aug 13 21:17:27.684 INFO NINTENDO_BS: dats\NINTENDO_BS\OpenSNES.BS.dat, path: dats\NINTENDO_BS\OpenSNES.BS.dat, platform_id: NINTENDO_BS
Aug 13 21:17:27.704 INFO NINTENDO_DSI: dats\NINTENDO_DSI\Nintendo - Nintendo DSi (Decrypted) (20220302-051210).dat, path: dats\NINTENDO_DSI\Nintendo - Nintendo DSi (Decrypted) (20220302-051210).dat, platform_id: NINTENDO_DSI
Aug 13 21:17:27.707 INFO NINTENDO_DSI: dats\NINTENDO_DSI\Nintendo - Nintendo DSi (Encrypted) (20220302-051210).dat, path: dats\NINTENDO_DSI\Nintendo - Nintendo DSi (Encrypted) (20220302-051210).dat, platform_id: NINTENDO_DSI
Aug 13 21:17:27.712 INFO NINTENDO_FDS: dats\NINTENDO_FDS\Nintendo - Family Computer Disk System (FDS) (20220804-023632).dat, path: dats\NINTENDO_FDS\Nintendo - Family Computer Disk System (FDS) (20220804-023632).dat, platform_id: NINTENDO_FDS
Aug 13 21:17:27.725 INFO NINTENDO_FDS: dats\NINTENDO_FDS\Nintendo - Family Computer Disk System (FDSStickRAW) (20220804-023632).dat, path: dats\NINTENDO_FDS\Nintendo - Family Computer Disk System (FDSStickRAW) (20220804-023632).dat, platform_id: NINTENDO_FDS
Aug 13 21:17:27.727 INFO NINTENDO_FDS: dats\NINTENDO_FDS\Nintendo - Family Computer Disk System (QD) (20220804-023632).dat, path: dats\NINTENDO_FDS\Nintendo - Family Computer Disk System (QD) (20220804-023632).dat, platform_id: NINTENDO_FDS
Aug 13 21:17:27.742 INFO NINTENDO_FDS: dats\NINTENDO_FDS\Nintendo Famicom Disk System - Applications (TOSEC-v2018-03-08_CM).dat, path: dats\NINTENDO_FDS\Nintendo Famicom Disk System - Applications (TOSEC-v2018-03-08_CM).dat, platform_id: NINTENDO_FDS
Aug 13 21:17:27.743 INFO NINTENDO_FDS: dats\NINTENDO_FDS\Nintendo Famicom Disk System - Coverdisks (TOSEC-v2018-03-08_CM).dat, path: dats\NINTENDO_FDS\Nintendo Famicom Disk System - Coverdisks (TOSEC-v2018-03-08_CM).dat, platform_id: NINTENDO_FDS
Aug 13 21:17:27.745 INFO NINTENDO_FDS: dats\NINTENDO_FDS\Nintendo Famicom Disk System - Demos (TOSEC-v2018-03-08_CM).dat, path: dats\NINTENDO_FDS\Nintendo Famicom Disk System - Demos (TOSEC-v2018-03-08_CM).dat, platform_id: NINTENDO_FDS
Aug 13 21:17:27.746 INFO NINTENDO_FDS: dats\NINTENDO_FDS\Nintendo Famicom Disk System - Educational (TOSEC-v2018-03-08_CM).dat, path: dats\NINTENDO_FDS\Nintendo Famicom Disk System - Educational (TOSEC-v2018-03-08_CM).dat, platform_id: NINTENDO_FDS
Aug 13 21:17:27.746 INFO NINTENDO_FDS: dats\NINTENDO_FDS\Nintendo Famicom Disk System - Firmware (TOSEC-v2014-04-23_CM).dat, path: dats\NINTENDO_FDS\Nintendo Famicom Disk System - Firmware (TOSEC-v2014-04-23_CM).dat, platform_id: NINTENDO_FDS
Aug 13 21:17:27.754 INFO NINTENDO_FDS: dats\NINTENDO_FDS\Nintendo Famicom Disk System - Games (TOSEC-v2022-06-08_CM).dat, path: dats\NINTENDO_FDS\Nintendo Famicom Disk System - Games (TOSEC-v2022-06-08_CM).dat, platform_id: NINTENDO_FDS
Aug 13 21:17:27.779 INFO NINTENDO_GB: dats\NINTENDO_GB\Nintendo - Game Boy (20220810-021311).dat, path: dats\NINTENDO_GB\Nintendo - Game Boy (20220810-021311).dat, platform_id: NINTENDO_GB
Aug 13 21:17:27.817 INFO NINTENDO_GB: dats\NINTENDO_GB\Nintendo Game Boy - Applications (TOSEC-v2022-06-08_CM).dat, path: dats\NINTENDO_GB\Nintendo Game Boy - Applications (TOSEC-v2022-06-08_CM).dat, platform_id: NINTENDO_GB
Aug 13 21:17:27.821 INFO NINTENDO_GB: dats\NINTENDO_GB\Nintendo Game Boy - Demos (TOSEC-v2022-06-08_CM).dat, path: dats\NINTENDO_GB\Nintendo Game Boy - Demos (TOSEC-v2022-06-08_CM).dat, platform_id: NINTENDO_GB
Aug 13 21:17:27.828 INFO NINTENDO_GB: dats\NINTENDO_GB\Nintendo Game Boy - Educational (TOSEC-v2022-06-08_CM).dat, path: dats\NINTENDO_GB\Nintendo Game Boy - Educational (TOSEC-v2022-06-08_CM).dat, platform_id: NINTENDO_GB
Aug 13 21:17:27.829 INFO NINTENDO_GB: dats\NINTENDO_GB\Nintendo Game Boy - Firmware (TOSEC-v2021-07-25_CM).dat, path: dats\NINTENDO_GB\Nintendo Game Boy - Firmware (TOSEC-v2021-07-25_CM).dat, platform_id: NINTENDO_GB
Aug 13 21:17:27.897 INFO NINTENDO_GB: dats\NINTENDO_GB\Nintendo Game Boy - Games (TOSEC-v2022-06-08_CM).dat, path: dats\NINTENDO_GB\Nintendo Game Boy - Games (TOSEC-v2022-06-08_CM).dat, platform_id: NINTENDO_GB
Aug 13 21:17:28.005 INFO NINTENDO_GB: dats\NINTENDO_GB\Nintendo Game Boy - Homebrew - Games (TOSEC-v2022-06-08_CM).dat, path: dats\NINTENDO_GB\Nintendo Game Boy - Homebrew - Games (TOSEC-v2022-06-08_CM).dat, platform_id: NINTENDO_GB
Aug 13 21:17:28.113 INFO NINTENDO_GB: dats\NINTENDO_GB\OpenGBx.GB.dat, path: dats\NINTENDO_GB\OpenGBx.GB.dat, platform_id: NINTENDO_GB
Aug 13 21:17:28.207 INFO NINTENDO_GBA: dats\NINTENDO_GBA\Nintendo - Game Boy Advance (20220813-010539).dat, path: dats\NINTENDO_GBA\Nintendo - Game Boy Advance (20220813-010539).dat, platform_id: NINTENDO_GBA
Aug 13 21:17:28.290 INFO NINTENDO_GBA: dats\NINTENDO_GBA\Nintendo - Game Boy Advance (Multiboot) (20220808-164416).dat, path: dats\NINTENDO_GBA\Nintendo - Game Boy Advance (Multiboot) (20220808-164416).dat, platform_id: NINTENDO_GBA
Aug 13 21:17:28.301 INFO NINTENDO_GBA: dats\NINTENDO_GBA\Nintendo - Game Boy Advance (Video) (20220731-060751).dat, path: dats\NINTENDO_GBA\Nintendo - Game Boy Advance (Video) (20220731-060751).dat, platform_id: NINTENDO_GBA
Aug 13 21:17:28.306 INFO NINTENDO_GBA: dats\NINTENDO_GBA\Nintendo Game Boy Advance - Applications (TOSEC-v2022-06-08_CM).dat, path: dats\NINTENDO_GBA\Nintendo Game Boy Advance - Applications (TOSEC-v2022-06-08_CM).dat, platform_id: NINTENDO_GBA
Aug 13 21:17:28.308 INFO NINTENDO_GBA: dats\NINTENDO_GBA\Nintendo Game Boy Advance - Demos (TOSEC-v2022-06-08_CM).dat, path: dats\NINTENDO_GBA\Nintendo Game Boy Advance - Demos (TOSEC-v2022-06-08_CM).dat, platform_id: NINTENDO_GBA
Aug 13 21:17:28.318 INFO NINTENDO_GBA: dats\NINTENDO_GBA\Nintendo Game Boy Advance - Games (TOSEC-v2022-06-08_CM).dat, path: dats\NINTENDO_GBA\Nintendo Game Boy Advance - Games (TOSEC-v2022-06-08_CM).dat, platform_id: NINTENDO_GBA
Aug 13 21:17:28.332 INFO NINTENDO_GBA: dats\NINTENDO_GBA\Nintendo Game Boy Advance - Videos (TOSEC-v2022-06-08_CM).dat, path: dats\NINTENDO_GBA\Nintendo Game Boy Advance - Videos (TOSEC-v2022-06-08_CM).dat, platform_id: NINTENDO_GBA
Aug 13 21:17:28.987 INFO NINTENDO_GBA: dats\NINTENDO_GBA\OpenGBA.GBA.dat, path: dats\NINTENDO_GBA\OpenGBA.GBA.dat, platform_id: NINTENDO_GBA
Aug 13 21:17:30.027 INFO NINTENDO_GBA: dats\NINTENDO_GBA\OpenGBA.MB.dat, path: dats\NINTENDO_GBA\OpenGBA.MB.dat, platform_id: NINTENDO_GBA
Aug 13 21:17:30.047 INFO NINTENDO_GBC: dats\NINTENDO_GBC\Nintendo - Game Boy Color (20220808-091012).dat, path: dats\NINTENDO_GBC\Nintendo - Game Boy Color (20220808-091012).dat, platform_id: NINTENDO_GBC
Aug 13 21:17:30.081 INFO NINTENDO_GBC: dats\NINTENDO_GBC\Nintendo Game Boy Color - Demos (TOSEC-v2022-06-08_CM).dat, path: dats\NINTENDO_GBC\Nintendo Game Boy Color - Demos (TOSEC-v2022-06-08_CM).dat, platform_id: NINTENDO_GBC
Aug 13 21:17:30.084 INFO NINTENDO_GBC: dats\NINTENDO_GBC\Nintendo Game Boy Color - Firmware (TOSEC-v2011-09-27_CM).dat, path: dats\NINTENDO_GBC\Nintendo Game Boy Color - Firmware (TOSEC-v2011-09-27_CM).dat, platform_id: NINTENDO_GBC
Aug 13 21:17:30.086 INFO NINTENDO_GBC: dats\NINTENDO_GBC\Nintendo Game Boy Color - Games (TOSEC-v2022-06-08_CM).dat, path: dats\NINTENDO_GBC\Nintendo Game Boy Color - Games (TOSEC-v2022-06-08_CM).dat, platform_id: NINTENDO_GBC
Aug 13 21:17:30.175 INFO NINTENDO_GBC: dats\NINTENDO_GBC\OpenGBx.GBC.dat, path: dats\NINTENDO_GBC\OpenGBx.GBC.dat, platform_id: NINTENDO_GBC
Aug 13 21:17:30.256 INFO NINTENDO_GCN: dats\NINTENDO_GCN\Nintendo - GameCube - BIOS Datfile (16) (2021-09-18).dat, path: dats\NINTENDO_GCN\Nintendo - GameCube - BIOS Datfile (16) (2021-09-18).dat, platform_id: NINTENDO_GCN
Aug 13 21:17:30.278 INFO NINTENDO_GCN: dats\NINTENDO_GCN\Nintendo - GameCube - Datfile (1966) (2022-08-12 17-25-56).dat, path: dats\NINTENDO_GCN\Nintendo - GameCube - Datfile (1966) (2022-08-12 17-25-56).dat, platform_id: NINTENDO_GCN
Aug 13 21:17:30.324 INFO NINTENDO_GCN: dats\NINTENDO_GCN\Nintendo GameCube - Applications (TOSEC-v2021-05-13_CM).dat, path: dats\NINTENDO_GCN\Nintendo GameCube - Applications (TOSEC-v2021-05-13_CM).dat, platform_id: NINTENDO_GCN
Aug 13 21:17:30.333 INFO NINTENDO_GCN: dats\NINTENDO_GCN\Nintendo GameCube - Games (TOSEC-v2022-06-21_CM).dat, path: dats\NINTENDO_GCN\Nintendo GameCube - Games (TOSEC-v2022-06-21_CM).dat, platform_id: NINTENDO_GCN
Aug 13 21:17:30.346 INFO NINTENDO_GCN: dats\NINTENDO_GCN\Nintendo GameCube - Homebrew - Games - [DOL] (TOSEC-v2022-06-08_CM).dat, path: dats\NINTENDO_GCN\Nintendo GameCube - Homebrew - Games - [DOL] (TOSEC-v2022-06-08_CM).dat, platform_id: NINTENDO_GCN
Aug 13 21:17:30.347 INFO NINTENDO_GCN: dats\NINTENDO_GCN\Nintendo GameCube - Homebrew - Games - [ELF] (TOSEC-v2022-06-08_CM).dat, path: dats\NINTENDO_GCN\Nintendo GameCube - Homebrew - Games - [ELF] (TOSEC-v2022-06-08_CM).dat, platform_id: NINTENDO_GCN
Aug 13 21:17:30.348 INFO NINTENDO_GCN: dats\NINTENDO_GCN\Nintendo GameCube - Samplers (TOSEC-v2022-06-16_CM).dat, path: dats\NINTENDO_GCN\Nintendo GameCube - Samplers (TOSEC-v2022-06-16_CM).dat, platform_id: NINTENDO_GCN
Aug 13 21:17:30.388 INFO NINTENDO_GCN: dats\NINTENDO_GCN\Nintendo_-_GameCube_-_NASOS_(1893)_(20200304_132041).dat, path: dats\NINTENDO_GCN\Nintendo_-_GameCube_-_NASOS_(1893)_(20200304_132041).dat, platform_id: NINTENDO_GCN
Aug 13 21:17:30.462 INFO NINTENDO_GCN: dats\NINTENDO_GCN\Nintendo_-_GameCube_-_NKit_GCZ_(1965)_(20220813_151214).dat, path: dats\NINTENDO_GCN\Nintendo_-_GameCube_-_NKit_GCZ_(1965)_(20220813_151214).dat, platform_id: NINTENDO_GCN
Aug 13 21:17:30.536 INFO NINTENDO_GCN: dats\NINTENDO_GCN\Nintendo_-_GameCube_-_NKit_ISO_(1965)_(20220813_150745).dat, path: dats\NINTENDO_GCN\Nintendo_-_GameCube_-_NKit_ISO_(1965)_(20220813_150745).dat, platform_id: NINTENDO_GCN
Aug 13 21:17:30.614 INFO NINTENDO_GCN: dats\NINTENDO_GCN\Nintendo_-_GameCube_-_nNASOS_(1893)_(20200304_131036).dat, path: dats\NINTENDO_GCN\Nintendo_-_GameCube_-_nNASOS_(1893)_(20200304_131036).dat, platform_id: NINTENDO_GCN
Aug 13 21:17:30.651 INFO NINTENDO_GCN: dats\NINTENDO_GCN\Non-Redump - Nintendo - Nintendo GameCube (20220804-104307).dat, path: dats\NINTENDO_GCN\Non-Redump - Nintendo - Nintendo GameCube (20220804-104307).dat, platform_id: NINTENDO_GCN
Aug 13 21:17:30.654 INFO NINTENDO_N3DS: dats\NINTENDO_N3DS\Nintendo - New Nintendo 3DS (Decrypted) (20220803-160257).dat, path: dats\NINTENDO_N3DS\Nintendo - New Nintendo 3DS (Decrypted) (20220803-160257).dat, platform_id: NINTENDO_N3DS
Aug 13 21:17:30.656 INFO NINTENDO_N3DS: dats\NINTENDO_N3DS\Nintendo - New Nintendo 3DS (Encrypted) (20220803-160257).dat, path: dats\NINTENDO_N3DS\Nintendo - New Nintendo 3DS (Encrypted) (20220803-160257).dat, platform_id: NINTENDO_N3DS
Aug 13 21:17:30.664 INFO NINTENDO_N64: dats\NINTENDO_N64\Nintendo - Nintendo 64 (BigEndian) (20220808-094040).dat, path: dats\NINTENDO_N64\Nintendo - Nintendo 64 (BigEndian) (20220808-094040).dat, platform_id: NINTENDO_N64
Aug 13 21:17:30.696 INFO NINTENDO_N64: dats\NINTENDO_N64\Nintendo - Nintendo 64 (ByteSwapped) (20220808-094040).dat, path: dats\NINTENDO_N64\Nintendo - Nintendo 64 (ByteSwapped) (20220808-094040).dat, platform_id: NINTENDO_N64
Aug 13 21:17:30.725 INFO NINTENDO_N64: dats\NINTENDO_N64\Nintendo 64 - Applications (TOSEC-v2015-05-27_CM).dat, path: dats\NINTENDO_N64\Nintendo 64 - Applications (TOSEC-v2015-05-27_CM).dat, platform_id: NINTENDO_N64
Aug 13 21:17:30.740 INFO NINTENDO_N64: dats\NINTENDO_N64\Nintendo 64 - Demos (TOSEC-v2015-05-27_CM).dat, path: dats\NINTENDO_N64\Nintendo 64 - Demos (TOSEC-v2015-05-27_CM).dat, platform_id: NINTENDO_N64
Aug 13 21:17:30.750 INFO NINTENDO_N64: dats\NINTENDO_N64\Nintendo 64 - Educational (TOSEC-v2011-08-13_CM).dat, path: dats\NINTENDO_N64\Nintendo 64 - Educational (TOSEC-v2011-08-13_CM).dat, platform_id: NINTENDO_N64
Aug 13 21:17:30.752 INFO NINTENDO_N64: dats\NINTENDO_N64\Nintendo 64 - Firmware (TOSEC-v2015-05-27_CM).dat, path: dats\NINTENDO_N64\Nintendo 64 - Firmware (TOSEC-v2015-05-27_CM).dat, platform_id: NINTENDO_N64
Aug 13 21:17:30.805 INFO NINTENDO_N64: dats\NINTENDO_N64\Nintendo 64 - Games (TOSEC-v2021-07-25_CM).dat, path: dats\NINTENDO_N64\Nintendo 64 - Games (TOSEC-v2021-07-25_CM).dat, platform_id: NINTENDO_N64
Aug 13 21:17:30.859 INFO NINTENDO_N64: dats\NINTENDO_N64\Nintendo 64 - Samplers (TOSEC-v2015-05-27_CM).dat, path: dats\NINTENDO_N64\Nintendo 64 - Samplers (TOSEC-v2015-05-27_CM).dat, platform_id: NINTENDO_N64
Aug 13 21:17:30.946 INFO NINTENDO_N64: dats\NINTENDO_N64\OpenN64.N64.dat, path: dats\NINTENDO_N64\OpenN64.N64.dat, platform_id: NINTENDO_N64
Aug 13 21:17:31.045 INFO NINTENDO_N64DD: dats\NINTENDO_N64DD\Nintendo - Nintendo 64DD (20211019-130556).dat, path: dats\NINTENDO_N64DD\Nintendo - Nintendo 64DD (20211019-130556).dat, platform_id: NINTENDO_N64DD
Aug 13 21:17:31.048 INFO NINTENDO_N64DD: dats\NINTENDO_N64DD\Nintendo 64DD - Applications (TOSEC-v2021-07-25_CM).dat, path: dats\NINTENDO_N64DD\Nintendo 64DD - Applications (TOSEC-v2021-07-25_CM).dat, platform_id: NINTENDO_N64DD
Aug 13 21:17:31.050 INFO NINTENDO_N64DD: dats\NINTENDO_N64DD\Nintendo 64DD - Firmware (TOSEC-v2021-07-25_CM).dat, path: dats\NINTENDO_N64DD\Nintendo 64DD - Firmware (TOSEC-v2021-07-25_CM).dat, platform_id: NINTENDO_N64DD
Aug 13 21:17:31.051 INFO NINTENDO_N64DD: dats\NINTENDO_N64DD\Nintendo 64DD - Games - [BIN] (TOSEC-v2021-07-25_CM).dat, path: dats\NINTENDO_N64DD\Nintendo 64DD - Games - [BIN] (TOSEC-v2021-07-25_CM).dat, platform_id: NINTENDO_N64DD
Aug 13 21:17:31.052 INFO NINTENDO_N64DD: dats\NINTENDO_N64DD\Nintendo 64DD - Games - [NDD] (TOSEC-v2021-07-25_CM).dat, path: dats\NINTENDO_N64DD\Nintendo 64DD - Games - [NDD] (TOSEC-v2021-07-25_CM).dat, platform_id: NINTENDO_N64DD
Aug 13 21:17:31.053 INFO NINTENDO_N64DD: dats\NINTENDO_N64DD\OpenN64.64DD.dat, path: dats\NINTENDO_N64DD\OpenN64.64DD.dat, platform_id: NINTENDO_N64DD
Aug 13 21:17:31.098 INFO NINTENDO_NDS: dats\NINTENDO_NDS\Nintendo - Nintendo DS (Decrypted) (20220812-092100).dat, path: dats\NINTENDO_NDS\Nintendo - Nintendo DS (Decrypted) (20220812-092100).dat, platform_id: NINTENDO_NDS
Aug 13 21:17:31.271 INFO NINTENDO_NDS: dats\NINTENDO_NDS\Nintendo - Nintendo DS (Download Play) (20220812-134548).dat, path: dats\NINTENDO_NDS\Nintendo - Nintendo DS (Download Play) (20220812-134548).dat, platform_id: NINTENDO_NDS
Aug 13 21:17:31.332 INFO NINTENDO_NDS: dats\NINTENDO_NDS\Nintendo - Nintendo DS (Encrypted) (20220812-092100).dat, path: dats\NINTENDO_NDS\Nintendo - Nintendo DS (Encrypted) (20220812-092100).dat, platform_id: NINTENDO_NDS
Aug 13 21:17:31.500 INFO NINTENDO_NDS: dats\NINTENDO_NDS\Nintendo DS - Applications (TOSEC-v2022-06-08_CM).dat, path: dats\NINTENDO_NDS\Nintendo DS - Applications (TOSEC-v2022-06-08_CM).dat, platform_id: NINTENDO_NDS
Aug 13 21:17:31.502 INFO NINTENDO_NDS: dats\NINTENDO_NDS\Nintendo DS - Educational (TOSEC-v2021-07-22_CM).dat, path: dats\NINTENDO_NDS\Nintendo DS - Educational (TOSEC-v2021-07-22_CM).dat, platform_id: NINTENDO_NDS
Aug 13 21:17:31.502 INFO NINTENDO_NDS: dats\NINTENDO_NDS\Nintendo DS - Firmware (TOSEC-v2021-07-22_CM).dat, path: dats\NINTENDO_NDS\Nintendo DS - Firmware (TOSEC-v2021-07-22_CM).dat, platform_id: NINTENDO_NDS
Aug 13 21:17:31.507 INFO NINTENDO_NDS: dats\NINTENDO_NDS\Nintendo DS - Games (TOSEC-v2022-06-08_CM).dat, path: dats\NINTENDO_NDS\Nintendo DS - Games (TOSEC-v2022-06-08_CM).dat, platform_id: NINTENDO_NDS
Aug 13 21:17:31.521 INFO NINTENDO_NDS: dats\NINTENDO_NDS\Nintendo DS - Samplers (TOSEC-v2021-07-22_CM).dat, path: dats\NINTENDO_NDS\Nintendo DS - Samplers (TOSEC-v2021-07-22_CM).dat, platform_id: NINTENDO_NDS
Aug 13 21:17:31.547 INFO NINTENDO_NES: dats\NINTENDO_NES\Nintendo - Nintendo Entertainment System (Headered) (20220813-043311).dat, path: dats\NINTENDO_NES\Nintendo - Nintendo Entertainment System (Headered) (20220813-043311).dat, platform_id: NINTENDO_NES
Aug 13 21:17:31.649 INFO NINTENDO_NES: dats\NINTENDO_NES\Nintendo - Nintendo Entertainment System (Headerless) (20220813-043311).dat, path: dats\NINTENDO_NES\Nintendo - Nintendo Entertainment System (Headerless) (20220813-043311).dat, platform_id: NINTENDO_NES
Aug 13 21:17:31.746 INFO NINTENDO_NES: dats\NINTENDO_NES\Nintendo Famicom & Entertainment System - Applications - [NES] (TOSEC-v2011-02-22_CM).dat, path: dats\NINTENDO_NES\Nintendo Famicom & Entertainment System - Applications - [NES] (TOSEC-v2011-02-22_CM).dat, platform_id: NINTENDO_NES
Aug 13 21:17:31.754 INFO NINTENDO_NES: dats\NINTENDO_NES\Nintendo Famicom & Entertainment System - Applications - [UNF] (TOSEC-v2011-02-22_CM).dat, path: dats\NINTENDO_NES\Nintendo Famicom & Entertainment System - Applications - [UNF] (TOSEC-v2011-02-22_CM).dat, platform_id: NINTENDO_NES
Aug 13 21:17:31.757 INFO NINTENDO_NES: dats\NINTENDO_NES\Nintendo Famicom & Entertainment System - Demos - [NES] (TOSEC-v2021-07-25_CM).dat, path: dats\NINTENDO_NES\Nintendo Famicom & Entertainment System - Demos - [NES] (TOSEC-v2021-07-25_CM).dat, platform_id: NINTENDO_NES
Aug 13 21:17:31.772 INFO NINTENDO_NES: dats\NINTENDO_NES\Nintendo Famicom & Entertainment System - Demos - [UNF] (TOSEC-v2011-02-22_CM).dat, path: dats\NINTENDO_NES\Nintendo Famicom & Entertainment System - Demos - [UNF] (TOSEC-v2011-02-22_CM).dat, platform_id: NINTENDO_NES
Aug 13 21:17:31.775 INFO NINTENDO_NES: dats\NINTENDO_NES\Nintendo Famicom & Entertainment System - Educational (TOSEC-v2011-02-22_CM).dat, path: dats\NINTENDO_NES\Nintendo Famicom & Entertainment System - Educational (TOSEC-v2011-02-22_CM).dat, platform_id: NINTENDO_NES
Aug 13 21:17:31.783 INFO NINTENDO_NES: dats\NINTENDO_NES\Nintendo Famicom & Entertainment System - Firmware (TOSEC-v2011-02-22_CM).dat, path: dats\NINTENDO_NES\Nintendo Famicom & Entertainment System - Firmware (TOSEC-v2011-02-22_CM).dat, platform_id: NINTENDO_NES
Aug 13 21:17:31.951 INFO NINTENDO_NES: dats\NINTENDO_NES\Nintendo Famicom & Entertainment System - Games - [NES] (TOSEC-v2022-06-08_CM).dat, path: dats\NINTENDO_NES\Nintendo Famicom & Entertainment System - Games - [NES] (TOSEC-v2022-06-08_CM).dat, platform_id: NINTENDO_NES
Aug 13 21:17:32.283 INFO NINTENDO_NES: dats\NINTENDO_NES\Nintendo Famicom & Entertainment System - Games - [UNF] (TOSEC-v2011-02-22_CM).dat, path: dats\NINTENDO_NES\Nintendo Famicom & Entertainment System - Games - [UNF] (TOSEC-v2011-02-22_CM).dat, platform_id: NINTENDO_NES
Aug 13 21:17:32.659 INFO NINTENDO_NES: dats\NINTENDO_NES\OpenNES.dat, path: dats\NINTENDO_NES\OpenNES.dat, platform_id: NINTENDO_NES
Aug 13 21:17:33.288 INFO NINTENDO_NSW: dats\NINTENDO_NSW\Nintendo - Nintendo Switch (20220813-042254).dat, path: dats\NINTENDO_NSW\Nintendo - Nintendo Switch (20220813-042254).dat, platform_id: NINTENDO_NSW
Aug 13 21:17:33.397 INFO NINTENDO_NSW: dats\NINTENDO_NSW\Nintendo - Nintendo Switch (Digital) (CDN) (20220813-051042).dat, path: dats\NINTENDO_NSW\Nintendo - Nintendo Switch (Digital) (CDN) (20220813-051042).dat, platform_id: NINTENDO_NSW
Aug 13 21:17:33.550 INFO NINTENDO_NSW: dats\NINTENDO_NSW\Nintendo - Nintendo Switch (Digital) (Dev ROMs) (NSP) (20220529-130747).dat, path: dats\NINTENDO_NSW\Nintendo - Nintendo Switch (Digital) (Dev ROMs) (NSP) (20220529-130747).dat, platform_id: NINTENDO_NSW
Aug 13 21:17:33.551 INFO NINTENDO_NSW: dats\NINTENDO_NSW\Nintendo - Nintendo Switch (Digital) (DLC) (CDN) (20220813-050716).dat, path: dats\NINTENDO_NSW\Nintendo - Nintendo Switch (Digital) (DLC) (CDN) (20220813-050716).dat, platform_id: NINTENDO_NSW
Aug 13 21:17:33.576 INFO NINTENDO_NSW: dats\NINTENDO_NSW\Nintendo - Nintendo Switch (Digital) (DLC) (NSP) (20220813-050716).dat, path: dats\NINTENDO_NSW\Nintendo - Nintendo Switch (Digital) (DLC) (NSP) (20220813-050716).dat, platform_id: NINTENDO_NSW
Aug 13 21:17:33.695 INFO NINTENDO_NSW: dats\NINTENDO_NSW\Nintendo - Nintendo Switch (Digital) (NSP) (#9625+x055+2999).dat, path: dats\NINTENDO_NSW\Nintendo - Nintendo Switch (Digital) (NSP) (#9625+x055+2999).dat, platform_id: NINTENDO_NSW
Aug 13 21:17:34.012 INFO NINTENDO_NSW: dats\NINTENDO_NSW\Nintendo - Nintendo Switch (Digital) (NSP) (20220813-051042).dat, path: dats\NINTENDO_NSW\Nintendo - Nintendo Switch (Digital) (NSP) (20220813-051042).dat, platform_id: NINTENDO_NSW
Aug 13 21:17:34.266 INFO NINTENDO_NSW: dats\NINTENDO_NSW\Nintendo - Nintendo Switch (FullXCI) (#1822+z383).dat, path: dats\NINTENDO_NSW\Nintendo - Nintendo Switch (FullXCI) (#1822+z383).dat, platform_id: NINTENDO_NSW
Aug 13 21:17:34.275 INFO NINTENDO_NSW: dats\NINTENDO_NSW\Nintendo - Nintendo Switch (FullXCI) (20220813-042254).dat, path: dats\NINTENDO_NSW\Nintendo - Nintendo Switch (FullXCI) (20220813-042254).dat, platform_id: NINTENDO_NSW
Aug 13 21:17:34.284 INFO NINTENDO_SFT: dats\NINTENDO_SFT\Nintendo - Sufami Turbo (20210517-221304).dat, path: dats\NINTENDO_SFT\Nintendo - Sufami Turbo (20210517-221304).dat, platform_id: NINTENDO_SFT
Aug 13 21:17:34.286 INFO NINTENDO_SFT: dats\NINTENDO_SFT\Nintendo Sufami Turbo - Games (TOSEC-v2021-12-11_CM).dat, path: dats\NINTENDO_SFT\Nintendo Sufami Turbo - Games (TOSEC-v2021-12-11_CM).dat, platform_id: NINTENDO_SFT
Aug 13 21:17:34.289 INFO NINTENDO_SFT: dats\NINTENDO_SFT\OpenSNES.ST.dat, path: dats\NINTENDO_SFT\OpenSNES.ST.dat, platform_id: NINTENDO_SFT
Aug 13 21:17:34.322 INFO NINTENDO_SNES: dats\NINTENDO_SNES\Nintendo - Super Nintendo Entertainment System (20220812-093303).dat, path: dats\NINTENDO_SNES\Nintendo - Super Nintendo Entertainment System (20220812-093303).dat, platform_id: NINTENDO_SNES
Aug 13 21:17:34.389 INFO NINTENDO_SNES: dats\NINTENDO_SNES\Nintendo Super Famicom & Super Entertainment System - Demos (TOSEC-v2011-08-13_CM).dat, path: dats\NINTENDO_SNES\Nintendo Super Famicom & Super Entertainment System - Demos (TOSEC-v2011-08-13_CM).dat, platform_id: NINTENDO_SNES
Aug 13 21:17:34.390 INFO NINTENDO_SNES: dats\NINTENDO_SNES\Nintendo Super Famicom & Super Entertainment System - Educational (TOSEC-v2011-08-13_CM).dat, path: dats\NINTENDO_SNES\Nintendo Super Famicom & Super Entertainment System - Educational (TOSEC-v2011-08-13_CM).dat, platform_id: NINTENDO_SNES
Aug 13 21:17:34.391 INFO NINTENDO_SNES: dats\NINTENDO_SNES\Nintendo Super Famicom & Super Entertainment System - Firmware (TOSEC-v2011-08-13_CM).dat, path: dats\NINTENDO_SNES\Nintendo Super Famicom & Super Entertainment System - Firmware (TOSEC-v2011-08-13_CM).dat, platform_id: NINTENDO_SNES
Aug 13 21:17:34.442 INFO NINTENDO_SNES: dats\NINTENDO_SNES\Nintendo Super Famicom & Super Entertainment System - Games (TOSEC-v2020-10-26_CM).dat, path: dats\NINTENDO_SNES\Nintendo Super Famicom & Super Entertainment System - Games (TOSEC-v2020-10-26_CM).dat, platform_id: NINTENDO_SNES
Aug 13 21:17:34.930 INFO NINTENDO_SNES: dats\NINTENDO_SNES\OpenSNES.SNES.dat, path: dats\NINTENDO_SNES\OpenSNES.SNES.dat, platform_id: NINTENDO_SNES
Aug 13 21:17:35.577 INFO NINTENDO_VB: dats\NINTENDO_VB\Nintendo - Virtual Boy (20220419-193117).dat, path: dats\NINTENDO_VB\Nintendo - Virtual Boy (20220419-193117).dat, platform_id: NINTENDO_VB
Aug 13 21:17:35.581 INFO NINTENDO_VB: dats\NINTENDO_VB\Nintendo Virtual Boy - Applications (TOSEC-v2011-08-13_CM).dat, path: dats\NINTENDO_VB\Nintendo Virtual Boy - Applications (TOSEC-v2011-08-13_CM).dat, platform_id: NINTENDO_VB
Aug 13 21:17:35.583 INFO NINTENDO_VB: dats\NINTENDO_VB\Nintendo Virtual Boy - Demos (TOSEC-v2012-04-13_CM).dat, path: dats\NINTENDO_VB\Nintendo Virtual Boy - Demos (TOSEC-v2012-04-13_CM).dat, platform_id: NINTENDO_VB
Aug 13 21:17:35.591 INFO NINTENDO_VB: dats\NINTENDO_VB\Nintendo Virtual Boy - Games (TOSEC-v2022-06-08_CM).dat, path: dats\NINTENDO_VB\Nintendo Virtual Boy - Games (TOSEC-v2022-06-08_CM).dat, platform_id: NINTENDO_VB
Aug 13 21:17:35.604 INFO NINTENDO_VB: dats\NINTENDO_VB\Nintendo Virtual Boy - Samplers (TOSEC-v2012-04-13_CM).dat, path: dats\NINTENDO_VB\Nintendo Virtual Boy - Samplers (TOSEC-v2012-04-13_CM).dat, platform_id: NINTENDO_VB
Aug 13 21:17:35.607 INFO NINTENDO_VB: dats\NINTENDO_VB\OpenVBoy.dat, path: dats\NINTENDO_VB\OpenVBoy.dat, platform_id: NINTENDO_VB
Aug 13 21:17:35.658 INFO NINTENDO_WII: dats\NINTENDO_WII\Nintendo - Wii - Datfile (3654) (2022-08-10 08-20-57).dat, path: dats\NINTENDO_WII\Nintendo - Wii - Datfile (3654) (2022-08-10 08-20-57).dat, platform_id: NINTENDO_WII
Aug 13 21:17:35.739 INFO NINTENDO_WII: dats\NINTENDO_WII\Nintendo Wii - Homebrew - Games - [DOL] (TOSEC-v2022-06-08_CM).dat, path: dats\NINTENDO_WII\Nintendo Wii - Homebrew - Games - [DOL] (TOSEC-v2022-06-08_CM).dat, platform_id: NINTENDO_WII
Aug 13 21:17:35.740 INFO NINTENDO_WII: dats\NINTENDO_WII\Nintendo Wii - Homebrew - Games - [ELF] (TOSEC-v2022-06-08_CM).dat, path: dats\NINTENDO_WII\Nintendo Wii - Homebrew - Games - [ELF] (TOSEC-v2022-06-08_CM).dat, platform_id: NINTENDO_WII
Aug 13 21:17:35.813 INFO NINTENDO_WII: dats\NINTENDO_WII\Nintendo_-_Wii_-_NASOS_(3604)_(20200304_221125).dat, path: dats\NINTENDO_WII\Nintendo_-_Wii_-_NASOS_(3604)_(20200304_221125).dat, platform_id: NINTENDO_WII
Aug 13 21:17:35.947 INFO NINTENDO_WII: dats\NINTENDO_WII\Nintendo_-_Wii_-_NKit_GCZ_(3654)_(20220802_152421).dat, path: dats\NINTENDO_WII\Nintendo_-_Wii_-_NKit_GCZ_(3654)_(20220802_152421).dat, platform_id: NINTENDO_WII
Aug 13 21:17:36.084 INFO NINTENDO_WII: dats\NINTENDO_WII\Nintendo_-_Wii_-_NKit_ISO_(3654)_(20220802_152049).dat, path: dats\NINTENDO_WII\Nintendo_-_Wii_-_NKit_ISO_(3654)_(20220802_152049).dat, platform_id: NINTENDO_WII
Aug 13 21:17:36.217 INFO NINTENDO_WII: dats\NINTENDO_WII\Nintendo_-_Wii_-_nNASOS_(3604)_(20200304_222133).dat, path: dats\NINTENDO_WII\Nintendo_-_Wii_-_nNASOS_(3604)_(20200304_222133).dat, platform_id: NINTENDO_WII
Aug 13 21:17:36.278 INFO NINTENDO_WII: dats\NINTENDO_WII\Non-Redump - Nintendo - Wii (20220802-153125).dat, path: dats\NINTENDO_WII\Non-Redump - Nintendo - Wii (20220802-153125).dat, platform_id: NINTENDO_WII
Aug 13 21:17:36.455 INFO NINTENDO_WIIU: dats\NINTENDO_WIIU\Nintendo - Wii U (Digital) (CDN) (20220520-173654).dat, path: dats\NINTENDO_WIIU\Nintendo - Wii U (Digital) (CDN) (20220520-173654).dat, platform_id: NINTENDO_WIIU
Aug 13 21:17:37.137 INFO NINTENDO_WIIU: dats\NINTENDO_WIIU\Nintendo - Wii U (Digital) (CDN) (Dev) (20220718-071500).dat, path: dats\NINTENDO_WIIU\Nintendo - Wii U (Digital) (CDN) (Dev) (20220718-071500).dat, platform_id: NINTENDO_WIIU
Aug 13 21:17:37.782 INFO NINTENDO_WIIU: dats\NINTENDO_WIIU\Nintendo - Wii U (Digital) (CDN) (Lotcheck) (20220718-071500).dat, path: dats\NINTENDO_WIIU\Nintendo - Wii U (Digital) (CDN) (Lotcheck) (20220718-071500).dat, platform_id: NINTENDO_WIIU
Aug 13 21:17:37.856 INFO NINTENDO_WIIU: dats\NINTENDO_WIIU\Nintendo - Wii U - Datfile (510) (2022-07-24 03-46-23).dat, path: dats\NINTENDO_WIIU\Nintendo - Wii U - Datfile (510) (2022-07-24 03-46-23).dat, platform_id: NINTENDO_WIIU
Aug 13 21:17:37.884 INFO NINTENDO_WIIU: dats\NINTENDO_WIIU\Nintendo_-_Wii_U_-_WUX_(510)_(20220704_155710).dat, path: dats\NINTENDO_WIIU\Nintendo_-_Wii_U_-_WUX_(510)_(20220704_155710).dat, platform_id: NINTENDO_WIIU
Aug 13 21:17:37.899 INFO PANASONIC_3DO: dats\PANASONIC_3DO\3DO 3DO Interactive Multiplayer - Applications - [IMG] (TOSEC-v2017-09-15_CM).dat, path: dats\PANASONIC_3DO\3DO 3DO Interactive Multiplayer - Applications - [IMG] (TOSEC-v2017-09-15_CM).dat, platform_id: PANASONIC_3DO
Aug 13 21:17:37.900 INFO PANASONIC_3DO: dats\PANASONIC_3DO\3DO 3DO Interactive Multiplayer - Applications - [ISO] (TOSEC-v2012-07-05_CM).dat, path: dats\PANASONIC_3DO\3DO 3DO Interactive Multiplayer - Applications - [ISO] (TOSEC-v2012-07-05_CM).dat, platform_id: PANASONIC_3DO
Aug 13 21:17:37.902 INFO PANASONIC_3DO: dats\PANASONIC_3DO\3DO 3DO Interactive Multiplayer - Coverdiscs - [IMG] (TOSEC-v2017-09-17_CM).dat, path: dats\PANASONIC_3DO\3DO 3DO Interactive Multiplayer - Coverdiscs - [IMG] (TOSEC-v2017-09-17_CM).dat, platform_id: PANASONIC_3DO
Aug 13 21:17:37.904 INFO PANASONIC_3DO: dats\PANASONIC_3DO\3DO 3DO Interactive Multiplayer - Coverdiscs - [ISO] (TOSEC-v2012-07-05_CM).dat, path: dats\PANASONIC_3DO\3DO 3DO Interactive Multiplayer - Coverdiscs - [ISO] (TOSEC-v2012-07-05_CM).dat, platform_id: PANASONIC_3DO
Aug 13 21:17:37.908 INFO PANASONIC_3DO: dats\PANASONIC_3DO\3DO 3DO Interactive Multiplayer - Educational - [IMG] (TOSEC-v2017-09-29_CM).dat, path: dats\PANASONIC_3DO\3DO 3DO Interactive Multiplayer - Educational - [IMG] (TOSEC-v2017-09-29_CM).dat, platform_id: PANASONIC_3DO
Aug 13 21:17:37.911 INFO PANASONIC_3DO: dats\PANASONIC_3DO\3DO 3DO Interactive Multiplayer - Educational - [ISO] (TOSEC-v2020-11-18_CM).dat, path: dats\PANASONIC_3DO\3DO 3DO Interactive Multiplayer - Educational - [ISO] (TOSEC-v2020-11-18_CM).dat, platform_id: PANASONIC_3DO
Aug 13 21:17:37.916 INFO PANASONIC_3DO: dats\PANASONIC_3DO\3DO 3DO Interactive Multiplayer - Firmware (TOSEC-v2017-07-07_CM).dat, path: dats\PANASONIC_3DO\3DO 3DO Interactive Multiplayer - Firmware (TOSEC-v2017-07-07_CM).dat, platform_id: PANASONIC_3DO
Aug 13 21:17:37.926 INFO PANASONIC_3DO: dats\PANASONIC_3DO\3DO 3DO Interactive Multiplayer - Games (TOSEC-v2020-11-20_CM).dat, path: dats\PANASONIC_3DO\3DO 3DO Interactive Multiplayer - Games (TOSEC-v2020-11-20_CM).dat, platform_id: PANASONIC_3DO
Aug 13 21:17:37.943 INFO PANASONIC_3DO: dats\PANASONIC_3DO\3DO 3DO Interactive Multiplayer - Homebrew - Applications (TOSEC-v2017-09-15_CM).dat, path: dats\PANASONIC_3DO\3DO 3DO Interactive Multiplayer - Homebrew - Applications (TOSEC-v2017-09-15_CM).dat, platform_id: PANASONIC_3DO
Aug 13 21:17:37.944 INFO PANASONIC_3DO: dats\PANASONIC_3DO\3DO 3DO Interactive Multiplayer - Homebrew - Compilations (TOSEC-v2022-06-08_CM).dat, path: dats\PANASONIC_3DO\3DO 3DO Interactive Multiplayer - Homebrew - Compilations (TOSEC-v2022-06-08_CM).dat, platform_id: PANASONIC_3DO
Aug 13 21:17:37.945 INFO PANASONIC_3DO: dats\PANASONIC_3DO\3DO 3DO Interactive Multiplayer - Homebrew - Demos (TOSEC-v2020-07-14_CM).dat, path: dats\PANASONIC_3DO\3DO 3DO Interactive Multiplayer - Homebrew - Demos (TOSEC-v2020-07-14_CM).dat, platform_id: PANASONIC_3DO
Aug 13 21:17:37.945 INFO PANASONIC_3DO: dats\PANASONIC_3DO\3DO 3DO Interactive Multiplayer - Homebrew - Games (TOSEC-v2022-06-08_CM).dat, path: dats\PANASONIC_3DO\3DO 3DO Interactive Multiplayer - Homebrew - Games (TOSEC-v2022-06-08_CM).dat, platform_id: PANASONIC_3DO
Aug 13 21:17:37.947 INFO PANASONIC_3DO: dats\PANASONIC_3DO\3DO 3DO Interactive Multiplayer - Multimedia (TOSEC-v2012-07-05_CM).dat, path: dats\PANASONIC_3DO\3DO 3DO Interactive Multiplayer - Multimedia (TOSEC-v2012-07-05_CM).dat, platform_id: PANASONIC_3DO
Aug 13 21:17:37.954 INFO PANASONIC_3DO: dats\PANASONIC_3DO\3DO 3DO Interactive Multiplayer - Samplers (TOSEC-v2012-07-05_CM).dat, path: dats\PANASONIC_3DO\3DO 3DO Interactive Multiplayer - Samplers (TOSEC-v2012-07-05_CM).dat, platform_id: PANASONIC_3DO
Aug 13 21:17:37.959 INFO PANASONIC_3DO: dats\PANASONIC_3DO\Non-Redump - Panasonic - 3DO Interactive Multiplayer (20220701-135237).dat, path: dats\PANASONIC_3DO\Non-Redump - Panasonic - 3DO Interactive Multiplayer (20220701-135237).dat, platform_id: PANASONIC_3DO
Aug 13 21:17:37.970 INFO PANASONIC_3DO: dats\PANASONIC_3DO\Panasonic - 3DO Interactive Multiplayer - Datfile (622) (2022-08-12 08-15-49).dat, path: dats\PANASONIC_3DO\Panasonic - 3DO Interactive Multiplayer - Datfile (622) (2022-08-12 08-15-49).dat, platform_id: PANASONIC_3DO
Aug 13 21:17:38.018 INFO PHILIPS_CDI: dats\PHILIPS_CDI\Philips - CD-i - Datfile (1727) (2022-08-13 19-39-50).dat, path: dats\PHILIPS_CDI\Philips - CD-i - Datfile (1727) (2022-08-13 19-39-50).dat, platform_id: PHILIPS_CDI
Aug 13 21:17:38.072 INFO PHILIPS_CDI: dats\PHILIPS_CDI\Philips CD-i - Applications (TOSEC-v2012-07-13_CM).dat, path: dats\PHILIPS_CDI\Philips CD-i - Applications (TOSEC-v2012-07-13_CM).dat, platform_id: PHILIPS_CDI
Aug 13 21:17:38.073 INFO PHILIPS_CDI: dats\PHILIPS_CDI\Philips CD-i - Coverdiscs (TOSEC-v2012-07-13_CM).dat, path: dats\PHILIPS_CDI\Philips CD-i - Coverdiscs (TOSEC-v2012-07-13_CM).dat, platform_id: PHILIPS_CDI
Aug 13 21:17:38.077 INFO PHILIPS_CDI: dats\PHILIPS_CDI\Philips CD-i - Educational (TOSEC-v2012-07-13_CM).dat, path: dats\PHILIPS_CDI\Philips CD-i - Educational (TOSEC-v2012-07-13_CM).dat, platform_id: PHILIPS_CDI
Aug 13 21:17:38.091 INFO PHILIPS_CDI: dats\PHILIPS_CDI\Philips CD-i - Firmware (TOSEC-v2012-07-13_CM).dat, path: dats\PHILIPS_CDI\Philips CD-i - Firmware (TOSEC-v2012-07-13_CM).dat, platform_id: PHILIPS_CDI
Aug 13 21:17:38.096 INFO PHILIPS_CDI: dats\PHILIPS_CDI\Philips CD-i - Games (TOSEC-v2012-07-13_CM).dat, path: dats\PHILIPS_CDI\Philips CD-i - Games (TOSEC-v2012-07-13_CM).dat, platform_id: PHILIPS_CDI
Aug 13 21:17:38.108 INFO PHILIPS_CDI: dats\PHILIPS_CDI\Philips CD-i - Homebrew - Demos (TOSEC-v2012-07-22_CM).dat, path: dats\PHILIPS_CDI\Philips CD-i - Homebrew - Demos (TOSEC-v2012-07-22_CM).dat, platform_id: PHILIPS_CDI
Aug 13 21:17:38.108 INFO PHILIPS_CDI: dats\PHILIPS_CDI\Philips CD-i - Homebrew - Games - [BIN] (TOSEC-v2012-07-22_CM).dat, path: dats\PHILIPS_CDI\Philips CD-i - Homebrew - Games - [BIN] (TOSEC-v2012-07-22_CM).dat, platform_id: PHILIPS_CDI
Aug 13 21:17:38.109 INFO PHILIPS_CDI: dats\PHILIPS_CDI\Philips CD-i - Homebrew - Games - [NRG] (TOSEC-v2012-07-22_CM).dat, path: dats\PHILIPS_CDI\Philips CD-i - Homebrew - Games - [NRG] (TOSEC-v2012-07-22_CM).dat, platform_id: PHILIPS_CDI
Aug 13 21:17:38.114 INFO SEGA_32X: dats\SEGA_32X\OpenGen.32X.dat, path: dats\SEGA_32X\OpenGen.32X.dat, platform_id: SEGA_32X
Aug 13 21:17:38.130 INFO SEGA_32X: dats\SEGA_32X\Sega - 32X (20220522-112342).dat, path: dats\SEGA_32X\Sega - 32X (20220522-112342).dat, platform_id: SEGA_32X
Aug 13 21:17:38.142 INFO SEGA_32X: dats\SEGA_32X\Sega 32X - Applications (TOSEC-v2021-02-12_CM).dat, path: dats\SEGA_32X\Sega 32X - Applications (TOSEC-v2021-02-12_CM).dat, platform_id: SEGA_32X
Aug 13 21:17:38.143 INFO SEGA_32X: dats\SEGA_32X\Sega 32X - Demos (TOSEC-v2022-06-08_CM).dat, path: dats\SEGA_32X\Sega 32X - Demos (TOSEC-v2022-06-08_CM).dat, platform_id: SEGA_32X
Aug 13 21:17:38.150 INFO SEGA_32X: dats\SEGA_32X\Sega 32X - Firmware (TOSEC-v2012-09-08_CM).dat, path: dats\SEGA_32X\Sega 32X - Firmware (TOSEC-v2012-09-08_CM).dat, platform_id: SEGA_32X
Aug 13 21:17:38.154 INFO SEGA_32X: dats\SEGA_32X\Sega 32X - Games (TOSEC-v2022-06-08_CM).dat, path: dats\SEGA_32X\Sega 32X - Games (TOSEC-v2022-06-08_CM).dat, platform_id: SEGA_32X
Aug 13 21:17:38.165 INFO SEGA_32X_CD: dats\SEGA_32X_CD\Sega 32X - CD - Games - [BIN-CUE] (TOSEC-v2022-06-08_CM).dat, path: dats\SEGA_32X_CD\Sega 32X - CD - Games - [BIN-CUE] (TOSEC-v2022-06-08_CM).dat, platform_id: SEGA_32X_CD
Aug 13 21:17:38.166 INFO SEGA_32X_CD: dats\SEGA_32X_CD\Sega 32X - CD - Games - [IMG] (TOSEC-v2013-04-10_CM).dat, path: dats\SEGA_32X_CD\Sega 32X - CD - Games - [IMG] (TOSEC-v2013-04-10_CM).dat, platform_id: SEGA_32X_CD
Aug 13 21:17:38.169 INFO SEGA_32X_CD: dats\SEGA_32X_CD\Sega 32X - CD - Games - [ISO] (TOSEC-v2022-06-08_CM).dat, path: dats\SEGA_32X_CD\Sega 32X - CD - Games - [ISO] (TOSEC-v2022-06-08_CM).dat, platform_id: SEGA_32X_CD
Aug 13 21:17:38.172 INFO SEGA_CD: dats\SEGA_CD\Non-Redump - Sega - Sega Mega CD + Sega CD (20220707-224859).dat, path: dats\SEGA_CD\Non-Redump - Sega - Sega Mega CD + Sega CD (20220707-224859).dat, platform_id: SEGA_CD
Aug 13 21:17:38.208 INFO SEGA_CD: dats\SEGA_CD\Sega - Mega CD & Sega CD - Datfile (539) (2022-08-12 07-36-21).dat, path: dats\SEGA_CD\Sega - Mega CD & Sega CD - Datfile (539) (2022-08-12 07-36-21).dat, platform_id: SEGA_CD
Aug 13 21:17:38.261 INFO SEGA_CD: dats\SEGA_CD\Sega Mega-CD & Sega CD - Applications (TOSEC-v2021-02-12_CM).dat, path: dats\SEGA_CD\Sega Mega-CD & Sega CD - Applications (TOSEC-v2021-02-12_CM).dat, platform_id: SEGA_CD
Aug 13 21:17:38.262 INFO SEGA_CD: dats\SEGA_CD\Sega Mega-CD & Sega CD - CD - Applications (TOSEC-v2014-07-01_CM).dat, path: dats\SEGA_CD\Sega Mega-CD & Sega CD - CD - Applications (TOSEC-v2014-07-01_CM).dat, platform_id: SEGA_CD
Aug 13 21:17:38.262 INFO SEGA_CD: dats\SEGA_CD\Sega Mega-CD & Sega CD - CD - Educational - [IMG] (TOSEC-v2013-04-10_CM).dat, path: dats\SEGA_CD\Sega Mega-CD & Sega CD - CD - Educational - [IMG] (TOSEC-v2013-04-10_CM).dat, platform_id: SEGA_CD
Aug 13 21:17:38.263 INFO SEGA_CD: dats\SEGA_CD\Sega Mega-CD & Sega CD - CD - Educational - [ISO] (TOSEC-v2014-07-01_CM).dat, path: dats\SEGA_CD\Sega Mega-CD & Sega CD - CD - Educational - [ISO] (TOSEC-v2014-07-01_CM).dat, platform_id: SEGA_CD
Aug 13 21:17:38.274 INFO SEGA_CD: dats\SEGA_CD\Sega Mega-CD & Sega CD - CD - Games - [IMG] (TOSEC-v2014-07-01_CM).dat, path: dats\SEGA_CD\Sega Mega-CD & Sega CD - CD - Games - [IMG] (TOSEC-v2014-07-01_CM).dat, platform_id: SEGA_CD
Aug 13 21:17:38.326 INFO SEGA_CD: dats\SEGA_CD\Sega Mega-CD & Sega CD - CD - Games - [ISO] (TOSEC-v2022-06-08_CM).dat, path: dats\SEGA_CD\Sega Mega-CD & Sega CD - CD - Games - [ISO] (TOSEC-v2022-06-08_CM).dat, platform_id: SEGA_CD
Aug 13 21:17:38.368 INFO SEGA_CD: dats\SEGA_CD\Sega Mega-CD & Sega CD - CD - Multimedia - [IMG] (TOSEC-v2014-07-01_CM).dat, path: dats\SEGA_CD\Sega Mega-CD & Sega CD - CD - Multimedia - [IMG] (TOSEC-v2014-07-01_CM).dat, platform_id: SEGA_CD
Aug 13 21:17:38.370 INFO SEGA_CD: dats\SEGA_CD\Sega Mega-CD & Sega CD - CD - Multimedia - [ISO] (TOSEC-v2014-07-01_CM).dat, path: dats\SEGA_CD\Sega Mega-CD & Sega CD - CD - Multimedia - [ISO] (TOSEC-v2014-07-01_CM).dat, platform_id: SEGA_CD
Aug 13 21:17:38.372 INFO SEGA_CD: dats\SEGA_CD\Sega Mega-CD & Sega CD - CD - Samplers - [IMG] (TOSEC-v2012-09-08_CM).dat, path: dats\SEGA_CD\Sega Mega-CD & Sega CD - CD - Samplers - [IMG] (TOSEC-v2012-09-08_CM).dat, platform_id: SEGA_CD
Aug 13 21:17:38.379 INFO SEGA_CD: dats\SEGA_CD\Sega Mega-CD & Sega CD - CD - Samplers - [ISO] (TOSEC-v2014-07-01_CM).dat, path: dats\SEGA_CD\Sega Mega-CD & Sega CD - CD - Samplers - [ISO] (TOSEC-v2014-07-01_CM).dat, platform_id: SEGA_CD
Aug 13 21:17:38.385 INFO SEGA_CD: dats\SEGA_CD\Sega Mega-CD & Sega CD - Firmware (TOSEC-v2020-07-12_CM).dat, path: dats\SEGA_CD\Sega Mega-CD & Sega CD - Firmware (TOSEC-v2020-07-12_CM).dat, platform_id: SEGA_CD
Aug 13 21:17:38.389 INFO SEGA_CD: dats\SEGA_CD\Sega Mega-CD & Sega CD - Homebrew - Demos (TOSEC-v2022-06-08_CM).dat, path: dats\SEGA_CD\Sega Mega-CD & Sega CD - Homebrew - Demos (TOSEC-v2022-06-08_CM).dat, platform_id: SEGA_CD
Aug 13 21:17:38.390 INFO SEGA_CD: dats\SEGA_CD\Sega Mega-CD & Sega CD - Homebrew - Games (TOSEC-v2022-06-08_CM).dat, path: dats\SEGA_CD\Sega Mega-CD & Sega CD - Homebrew - Games (TOSEC-v2022-06-08_CM).dat, platform_id: SEGA_CD
Aug 13 21:17:38.393 INFO SEGA_DC: dats\SEGA_DC\Non-Redump - Sega - Dreamcast (20220807-123253).dat, path: dats\SEGA_DC\Non-Redump - Sega - Dreamcast (20220807-123253).dat, platform_id: SEGA_DC
Aug 13 21:17:38.461 INFO SEGA_DC: dats\SEGA_DC\Sega - Dreamcast - Datfile (1443) (2022-08-07 03-47-15).dat, path: dats\SEGA_DC\Sega - Dreamcast - Datfile (1443) (2022-08-07 03-47-15).dat, platform_id: SEGA_DC
Aug 13 21:17:38.546 INFO SEGA_DC: dats\SEGA_DC\Sega Dreamcast - Applications (TOSEC-v2022-03-07_CM).dat, path: dats\SEGA_DC\Sega Dreamcast - Applications (TOSEC-v2022-03-07_CM).dat, platform_id: SEGA_DC
Aug 13 21:17:38.555 INFO SEGA_DC: dats\SEGA_DC\Sega Dreamcast - Firmware (TOSEC-v2017-07-05_CM).dat, path: dats\SEGA_DC\Sega Dreamcast - Firmware (TOSEC-v2017-07-05_CM).dat, platform_id: SEGA_DC
Aug 13 21:17:38.558 INFO SEGA_DC: dats\SEGA_DC\Sega Dreamcast - Games - Dev Builds - [BIN] (TOSEC-v2022-07-03_CM).dat, path: dats\SEGA_DC\Sega Dreamcast - Games - Dev Builds - [BIN] (TOSEC-v2022-07-03_CM).dat, platform_id: SEGA_DC
Aug 13 21:17:38.564 INFO SEGA_DC: dats\SEGA_DC\Sega Dreamcast - Games - Dev Builds - [ISO] (TOSEC-v2022-06-26_CM).dat, path: dats\SEGA_DC\Sega Dreamcast - Games - Dev Builds - [ISO] (TOSEC-v2022-06-26_CM).dat, platform_id: SEGA_DC
Aug 13 21:17:38.599 INFO SEGA_DC: dats\SEGA_DC\Sega Dreamcast - Games - JP (TOSEC-v2022-04-03_CM).dat, path: dats\SEGA_DC\Sega Dreamcast - Games - JP (TOSEC-v2022-04-03_CM).dat, platform_id: SEGA_DC
Aug 13 21:17:38.650 INFO SEGA_DC: dats\SEGA_DC\Sega Dreamcast - Games - PAL (TOSEC-v2022-06-15_CM).dat, path: dats\SEGA_DC\Sega Dreamcast - Games - PAL (TOSEC-v2022-06-15_CM).dat, platform_id: SEGA_DC
Aug 13 21:17:38.693 INFO SEGA_DC: dats\SEGA_DC\Sega Dreamcast - Games - US (TOSEC-v2022-06-23_CM).dat, path: dats\SEGA_DC\Sega Dreamcast - Games - US (TOSEC-v2022-06-23_CM).dat, platform_id: SEGA_DC
Aug 13 21:17:38.717 INFO SEGA_DC: dats\SEGA_DC\Sega Dreamcast - Homebrew - Applications - [CDI] (TOSEC-v2022-06-08_CM).dat, path: dats\SEGA_DC\Sega Dreamcast - Homebrew - Applications - [CDI] (TOSEC-v2022-06-08_CM).dat, platform_id: SEGA_DC
Aug 13 21:17:38.718 INFO SEGA_DC: dats\SEGA_DC\Sega Dreamcast - Homebrew - Demos - [BIN] (TOSEC-v2012-02-27_CM).dat, path: dats\SEGA_DC\Sega Dreamcast - Homebrew - Demos - [BIN] (TOSEC-v2012-02-27_CM).dat, platform_id: SEGA_DC
Aug 13 21:17:38.722 INFO SEGA_DC: dats\SEGA_DC\Sega Dreamcast - Homebrew - Demos - [CDI] (TOSEC-v2012-02-27_CM).dat, path: dats\SEGA_DC\Sega Dreamcast - Homebrew - Demos - [CDI] (TOSEC-v2012-02-27_CM).dat, platform_id: SEGA_DC
Aug 13 21:17:38.724 INFO SEGA_DC: dats\SEGA_DC\Sega Dreamcast - Homebrew - Demos - [ELF] (TOSEC-v2012-02-27_CM).dat, path: dats\SEGA_DC\Sega Dreamcast - Homebrew - Demos - [ELF] (TOSEC-v2012-02-27_CM).dat, platform_id: SEGA_DC
Aug 13 21:17:38.726 INFO SEGA_DC: dats\SEGA_DC\Sega Dreamcast - Homebrew - Demos - [Multipart] (TOSEC-v2012-02-27_CM).dat, path: dats\SEGA_DC\Sega Dreamcast - Homebrew - Demos - [Multipart] (TOSEC-v2012-02-27_CM).dat, platform_id: SEGA_DC
Aug 13 21:17:38.727 INFO SEGA_DC: dats\SEGA_DC\Sega Dreamcast - Homebrew - Demos - [NRG] (TOSEC-v2012-02-27_CM).dat, path: dats\SEGA_DC\Sega Dreamcast - Homebrew - Demos - [NRG] (TOSEC-v2012-02-27_CM).dat, platform_id: SEGA_DC
Aug 13 21:17:38.727 INFO SEGA_DC: dats\SEGA_DC\Sega Dreamcast - Homebrew - Games - [CDI] (TOSEC-v2022-06-08_CM).dat, path: dats\SEGA_DC\Sega Dreamcast - Homebrew - Games - [CDI] (TOSEC-v2022-06-08_CM).dat, platform_id: SEGA_DC
Aug 13 21:17:38.729 INFO SEGA_DC: dats\SEGA_DC\Sega Dreamcast - Homebrew - Games - [GDI] (TOSEC-v2022-06-08_CM).dat, path: dats\SEGA_DC\Sega Dreamcast - Homebrew - Games - [GDI] (TOSEC-v2022-06-08_CM).dat, platform_id: SEGA_DC
Aug 13 21:17:38.730 INFO SEGA_DC: dats\SEGA_DC\Sega Dreamcast - Homebrew - Games - [MDF-MDS] (TOSEC-v2022-06-08_CM).dat, path: dats\SEGA_DC\Sega Dreamcast - Homebrew - Games - [MDF-MDS] (TOSEC-v2022-06-08_CM).dat, platform_id: SEGA_DC
Aug 13 21:17:38.731 INFO SEGA_DC: dats\SEGA_DC\Sega Dreamcast - Multimedia (TOSEC-v2020-04-14_CM).dat, path: dats\SEGA_DC\Sega Dreamcast - Multimedia (TOSEC-v2020-04-14_CM).dat, platform_id: SEGA_DC
Aug 13 21:17:38.745 INFO SEGA_DC: dats\SEGA_DC\Sega Dreamcast - Samplers (TOSEC-v2022-06-06_CM).dat, path: dats\SEGA_DC\Sega Dreamcast - Samplers (TOSEC-v2022-06-06_CM).dat, platform_id: SEGA_DC
Aug 13 21:17:38.769 INFO SEGA_DC: dats\SEGA_DC\Sega Dreamcast - Various Unverified Dumps (TOSEC-v2022-06-23_CM).dat, path: dats\SEGA_DC\Sega Dreamcast - Various Unverified Dumps (TOSEC-v2022-06-23_CM).dat, platform_id: SEGA_DC
Aug 13 21:17:38.910 INFO SEGA_GEN: dats\SEGA_GEN\OpenGen.Gen.dat, path: dats\SEGA_GEN\OpenGen.Gen.dat, platform_id: SEGA_GEN
Aug 13 21:17:39.109 INFO SEGA_GEN: dats\SEGA_GEN\Sega - Mega Drive - Genesis (20220810-132946).dat, path: dats\SEGA_GEN\Sega - Mega Drive - Genesis (20220810-132946).dat, platform_id: SEGA_GEN
Aug 13 21:17:39.172 INFO SEGA_GEN: dats\SEGA_GEN\Sega Mega Drive & Genesis - Applications - [BIN] (TOSEC-v2022-06-08_CM).dat, path: dats\SEGA_GEN\Sega Mega Drive & Genesis - Applications - [BIN] (TOSEC-v2022-06-08_CM).dat, platform_id: SEGA_GEN
Aug 13 21:17:39.178 INFO SEGA_GEN: dats\SEGA_GEN\Sega Mega Drive & Genesis - Applications - [Multipart] (TOSEC-v2019-09-01_CM).dat, path: dats\SEGA_GEN\Sega Mega Drive & Genesis - Applications - [Multipart] (TOSEC-v2019-09-01_CM).dat, platform_id: SEGA_GEN
Aug 13 21:17:39.179 INFO SEGA_GEN: dats\SEGA_GEN\Sega Mega Drive & Genesis - Compilations (TOSEC-v2021-02-12_CM).dat, path: dats\SEGA_GEN\Sega Mega Drive & Genesis - Compilations (TOSEC-v2021-02-12_CM).dat, platform_id: SEGA_GEN
Aug 13 21:17:39.191 INFO SEGA_GEN: dats\SEGA_GEN\Sega Mega Drive & Genesis - Demos (TOSEC-v2022-06-08_CM).dat, path: dats\SEGA_GEN\Sega Mega Drive & Genesis - Demos (TOSEC-v2022-06-08_CM).dat, platform_id: SEGA_GEN
Aug 13 21:17:39.202 INFO SEGA_GEN: dats\SEGA_GEN\Sega Mega Drive & Genesis - Educational (TOSEC-v2020-07-12_CM).dat, path: dats\SEGA_GEN\Sega Mega Drive & Genesis - Educational (TOSEC-v2020-07-12_CM).dat, platform_id: SEGA_GEN
Aug 13 21:17:39.209 INFO SEGA_GEN: dats\SEGA_GEN\Sega Mega Drive & Genesis - Firmware (TOSEC-v2021-02-12_CM).dat, path: dats\SEGA_GEN\Sega Mega Drive & Genesis - Firmware (TOSEC-v2021-02-12_CM).dat, platform_id: SEGA_GEN
Aug 13 21:17:39.300 INFO SEGA_GEN: dats\SEGA_GEN\Sega Mega Drive & Genesis - Games - [BIN] (TOSEC-v2022-06-08_CM).dat, path: dats\SEGA_GEN\Sega Mega Drive & Genesis - Games - [BIN] (TOSEC-v2022-06-08_CM).dat, platform_id: SEGA_GEN
Aug 13 21:17:39.447 INFO SEGA_GEN: dats\SEGA_GEN\Sega Mega Drive & Genesis - Games - [Multipart] (TOSEC-v2019-09-01_CM).dat, path: dats\SEGA_GEN\Sega Mega Drive & Genesis - Games - [Multipart] (TOSEC-v2019-09-01_CM).dat, platform_id: SEGA_GEN
Aug 13 21:17:39.452 INFO SEGA_GG: dats\SEGA_GG\Sega - Game Gear (20220531-111523).dat, path: dats\SEGA_GG\Sega - Game Gear (20220531-111523).dat, platform_id: SEGA_GG
Aug 13 21:17:39.471 INFO SEGA_GG: dats\SEGA_GG\Sega Game Gear - Applications (TOSEC-v2021-07-25_CM).dat, path: dats\SEGA_GG\Sega Game Gear - Applications (TOSEC-v2021-07-25_CM).dat, platform_id: SEGA_GG
Aug 13 21:17:39.472 INFO SEGA_GG: dats\SEGA_GG\Sega Game Gear - Demos (TOSEC-v2022-06-08_CM).dat, path: dats\SEGA_GG\Sega Game Gear - Demos (TOSEC-v2022-06-08_CM).dat, platform_id: SEGA_GG
Aug 13 21:17:39.476 INFO SEGA_GG: dats\SEGA_GG\Sega Game Gear - Educational (TOSEC-v2011-06-20_CM).dat, path: dats\SEGA_GG\Sega Game Gear - Educational (TOSEC-v2011-06-20_CM).dat, platform_id: SEGA_GG
Aug 13 21:17:39.477 INFO SEGA_GG: dats\SEGA_GG\Sega Game Gear - Firmware (TOSEC-v2011-12-19_CM).dat, path: dats\SEGA_GG\Sega Game Gear - Firmware (TOSEC-v2011-12-19_CM).dat, platform_id: SEGA_GG
Aug 13 21:17:39.491 INFO SEGA_GG: dats\SEGA_GG\Sega Game Gear - Games (TOSEC-v2022-06-08_CM).dat, path: dats\SEGA_GG\Sega Game Gear - Games (TOSEC-v2022-06-08_CM).dat, platform_id: SEGA_GG
Aug 13 21:17:39.512 INFO SEGA_GG: dats\SEGA_GG\Sega Game Gear - Multimedia (TOSEC-v2011-08-13_CM).dat, path: dats\SEGA_GG\Sega Game Gear - Multimedia (TOSEC-v2011-08-13_CM).dat, platform_id: SEGA_GG
Aug 13 21:17:39.513 INFO SEGA_GG: dats\SEGA_GG\Sega Game Gear - Samplers (TOSEC-v2011-06-20_CM).dat, path: dats\SEGA_GG\Sega Game Gear - Samplers (TOSEC-v2011-06-20_CM).dat, platform_id: SEGA_GG
Aug 13 21:17:39.514 INFO SEGA_SAT: dats\SEGA_SAT\Non-Redump - Sega - Sega Saturn (20220710-123614).dat, path: dats\SEGA_SAT\Non-Redump - Sega - Sega Saturn (20220710-123614).dat, platform_id: SEGA_SAT
Aug 13 21:17:39.643 INFO SEGA_SAT: dats\SEGA_SAT\Sega - Saturn - Datfile (2355) (2022-08-13 19-13-18).dat, path: dats\SEGA_SAT\Sega - Saturn - Datfile (2355) (2022-08-13 19-13-18).dat, platform_id: SEGA_SAT
Aug 13 21:17:39.819 INFO SEGA_SAT: dats\SEGA_SAT\Sega Saturn - Applications (TOSEC-v2020-06-12_CM).dat, path: dats\SEGA_SAT\Sega Saturn - Applications (TOSEC-v2020-06-12_CM).dat, platform_id: SEGA_SAT
Aug 13 21:17:39.820 INFO SEGA_SAT: dats\SEGA_SAT\Sega Saturn - Firmware (TOSEC-v2014-07-01_CM).dat, path: dats\SEGA_SAT\Sega Saturn - Firmware (TOSEC-v2014-07-01_CM).dat, platform_id: SEGA_SAT
Aug 13 21:17:39.822 INFO SEGA_SAT: dats\SEGA_SAT\Sega Saturn - Games - [BIN] (TOSEC-v2022-06-08_CM).dat, path: dats\SEGA_SAT\Sega Saturn - Games - [BIN] (TOSEC-v2022-06-08_CM).dat, platform_id: SEGA_SAT
Aug 13 21:17:39.867 INFO SEGA_SAT: dats\SEGA_SAT\Sega Saturn - Games - [ISO] (TOSEC-v2022-06-08_CM).dat, path: dats\SEGA_SAT\Sega Saturn - Games - [ISO] (TOSEC-v2022-06-08_CM).dat, platform_id: SEGA_SAT
Aug 13 21:17:39.912 INFO SEGA_SAT: dats\SEGA_SAT\Sega Saturn - Homebrew - Games - [ISO] (TOSEC-v2022-06-08_CM).dat, path: dats\SEGA_SAT\Sega Saturn - Homebrew - Games - [ISO] (TOSEC-v2022-06-08_CM).dat, platform_id: SEGA_SAT
Aug 13 21:17:39.913 INFO SEGA_SAT: dats\SEGA_SAT\Sega Saturn - Multimedia (TOSEC-v2020-06-19_CM).dat, path: dats\SEGA_SAT\Sega Saturn - Multimedia (TOSEC-v2020-06-19_CM).dat, platform_id: SEGA_SAT
Aug 13 21:17:39.918 INFO SEGA_SAT: dats\SEGA_SAT\Sega Saturn - Samplers (TOSEC-v2020-07-10_CM).dat, path: dats\SEGA_SAT\Sega Saturn - Samplers (TOSEC-v2020-07-10_CM).dat, platform_id: SEGA_SAT
Aug 13 21:17:39.923 INFO SEGA_SG1000: dats\SEGA_SG1000\Sega - SG-1000 (20220601-133855).dat, path: dats\SEGA_SG1000\Sega - SG-1000 (20220601-133855).dat, platform_id: SEGA_SG1000
Aug 13 21:17:39.935 INFO SEGA_SG1000: dats\SEGA_SG1000\Sega Game 1000 - Applications (TOSEC-v2011-12-19_CM).dat, path: dats\SEGA_SG1000\Sega Game 1000 - Applications (TOSEC-v2011-12-19_CM).dat, platform_id: SEGA_SG1000
Aug 13 21:17:39.935 INFO SEGA_SG1000: dats\SEGA_SG1000\Sega Game 1000 - Demos (TOSEC-v2011-08-13_CM).dat, path: dats\SEGA_SG1000\Sega Game 1000 - Demos (TOSEC-v2011-08-13_CM).dat, platform_id: SEGA_SG1000
Aug 13 21:17:39.939 INFO SEGA_SG1000: dats\SEGA_SG1000\Sega Game 1000 - Games (TOSEC-v2022-06-08_CM).dat, path: dats\SEGA_SG1000\Sega Game 1000 - Games (TOSEC-v2022-06-08_CM).dat, platform_id: SEGA_SG1000
Aug 13 21:17:39.948 INFO SEGA_SG1000: dats\SEGA_SG1000\Sega Game 1000 - Multimedia (TOSEC-v2011-08-13_CM).dat, path: dats\SEGA_SG1000\Sega Game 1000 - Multimedia (TOSEC-v2011-08-13_CM).dat, platform_id: SEGA_SG1000
Aug 13 21:17:39.974 INFO SEGA_SMS: dats\SEGA_SMS\OpenSMS.dat, path: dats\SEGA_SMS\OpenSMS.dat, platform_id: SEGA_SMS
Aug 13 21:17:40.007 INFO SEGA_SMS: dats\SEGA_SMS\Sega - Master System - Mark III (20220808-094951).dat, path: dats\SEGA_SMS\Sega - Master System - Mark III (20220808-094951).dat, platform_id: SEGA_SMS
Aug 13 21:17:40.024 INFO SEGA_SMS: dats\SEGA_SMS\Sega Mark III & Master System - Applications (TOSEC-v2017-10-22_CM).dat, path: dats\SEGA_SMS\Sega Mark III & Master System - Applications (TOSEC-v2017-10-22_CM).dat, platform_id: SEGA_SMS
Aug 13 21:17:40.027 INFO SEGA_SMS: dats\SEGA_SMS\Sega Mark III & Master System - Demos (TOSEC-v2022-06-08_CM).dat, path: dats\SEGA_SMS\Sega Mark III & Master System - Demos (TOSEC-v2022-06-08_CM).dat, platform_id: SEGA_SMS
Aug 13 21:17:40.035 INFO SEGA_SMS: dats\SEGA_SMS\Sega Mark III & Master System - Educational (TOSEC-v2010-12-22_CM).dat, path: dats\SEGA_SMS\Sega Mark III & Master System - Educational (TOSEC-v2010-12-22_CM).dat, platform_id: SEGA_SMS
Aug 13 21:17:40.036 INFO SEGA_SMS: dats\SEGA_SMS\Sega Mark III & Master System - Firmware (TOSEC-v2017-10-22_CM).dat, path: dats\SEGA_SMS\Sega Mark III & Master System - Firmware (TOSEC-v2017-10-22_CM).dat, platform_id: SEGA_SMS
Aug 13 21:17:40.051 INFO SEGA_SMS: dats\SEGA_SMS\Sega Mark III & Master System - Games (TOSEC-v2022-06-08_CM).dat, path: dats\SEGA_SMS\Sega Mark III & Master System - Games (TOSEC-v2022-06-08_CM).dat, platform_id: SEGA_SMS
Aug 13 21:17:40.076 INFO SEGA_SMS: dats\SEGA_SMS\Sega Mark III & Master System - Samplers (TOSEC-v2011-06-20_CM).dat, path: dats\SEGA_SMS\Sega Mark III & Master System - Samplers (TOSEC-v2011-06-20_CM).dat, platform_id: SEGA_SMS
Aug 13 21:17:40.077 INFO SNK_NG: dats\SNK_NG\SNK Neo-Geo - Games (TOSEC-v2022-06-08_CM).dat, path: dats\SNK_NG\SNK Neo-Geo - Games (TOSEC-v2022-06-08_CM).dat, platform_id: SNK_NG
Aug 13 21:17:40.091 INFO SNK_NGCD: dats\SNK_NGCD\SNK - Neo Geo CD - Datfile (110) (2022-06-05 16-35-54).dat, path: dats\SNK_NGCD\SNK - Neo Geo CD - Datfile (110) (2022-06-05 16-35-54).dat, platform_id: SNK_NGCD
Aug 13 21:17:40.115 INFO SNK_NGCD: dats\SNK_NGCD\SNK Neo-Geo CD - Demos (TOSEC-v2022-06-08_CM).dat, path: dats\SNK_NGCD\SNK Neo-Geo CD - Demos (TOSEC-v2022-06-08_CM).dat, platform_id: SNK_NGCD
Aug 13 21:17:40.115 INFO SNK_NGCD: dats\SNK_NGCD\SNK Neo-Geo CD - Firmware (TOSEC-v2012-09-08_CM).dat, path: dats\SNK_NGCD\SNK Neo-Geo CD - Firmware (TOSEC-v2012-09-08_CM).dat, platform_id: SNK_NGCD
Aug 13 21:17:40.119 INFO SNK_NGCD: dats\SNK_NGCD\SNK Neo-Geo CD - Games - [IMG] (TOSEC-v2014-06-12_CM).dat, path: dats\SNK_NGCD\SNK Neo-Geo CD - Games - [IMG] (TOSEC-v2014-06-12_CM).dat, platform_id: SNK_NGCD
Aug 13 21:17:40.147 INFO SNK_NGCD: dats\SNK_NGCD\SNK Neo-Geo CD - Games - [ISO] (TOSEC-v2022-06-08_CM).dat, path: dats\SNK_NGCD\SNK Neo-Geo CD - Games - [ISO] (TOSEC-v2022-06-08_CM).dat, platform_id: SNK_NGCD
Aug 13 21:17:40.168 INFO SNK_NGCD: dats\SNK_NGCD\SNK Neo-Geo CD - Games - [Multipart] (TOSEC-v2012-09-08_CM).dat, path: dats\SNK_NGCD\SNK Neo-Geo CD - Games - [Multipart] (TOSEC-v2012-09-08_CM).dat, platform_id: SNK_NGCD
Aug 13 21:17:40.169 INFO SNK_NGCD: dats\SNK_NGCD\SNK Neo-Geo CD - Multimedia - [IMG] (TOSEC-v2014-06-12_CM).dat, path: dats\SNK_NGCD\SNK Neo-Geo CD - Multimedia - [IMG] (TOSEC-v2014-06-12_CM).dat, platform_id: SNK_NGCD
Aug 13 21:17:40.173 INFO SNK_NGCD: dats\SNK_NGCD\SNK Neo-Geo CD - Multimedia - [ISO] (TOSEC-v2014-06-12_CM).dat, path: dats\SNK_NGCD\SNK Neo-Geo CD - Multimedia - [ISO] (TOSEC-v2014-06-12_CM).dat, platform_id: SNK_NGCD
Aug 13 21:17:40.174 INFO SNK_NGCD: dats\SNK_NGCD\SNK Neo-Geo CD - Samplers - [IMG] (TOSEC-v2012-09-08_CM).dat, path: dats\SNK_NGCD\SNK Neo-Geo CD - Samplers - [IMG] (TOSEC-v2012-09-08_CM).dat, platform_id: SNK_NGCD
Aug 13 21:17:40.175 INFO SNK_NGCD: dats\SNK_NGCD\SNK Neo-Geo CD - Samplers - [ISO] (TOSEC-v2014-06-12_CM).dat, path: dats\SNK_NGCD\SNK Neo-Geo CD - Samplers - [ISO] (TOSEC-v2014-06-12_CM).dat, platform_id: SNK_NGCD
Aug 13 21:17:40.176 INFO SNK_NGCD: dats\SNK_NGCD\SNK Neo-Geo CD - Samplers - [Multipart] (TOSEC-v2012-09-08_CM).dat, path: dats\SNK_NGCD\SNK Neo-Geo CD - Samplers - [Multipart] (TOSEC-v2012-09-08_CM).dat, platform_id: SNK_NGCD
Aug 13 21:17:40.177 INFO SNK_NGP: dats\SNK_NGP\OpenNGPx.NGP.dat, path: dats\SNK_NGP\OpenNGPx.NGP.dat, platform_id: SNK_NGP
Aug 13 21:17:40.181 INFO SNK_NGP: dats\SNK_NGP\SNK - Neo Geo Pocket (20220704-094813).dat, path: dats\SNK_NGP\SNK - Neo Geo Pocket (20220704-094813).dat, platform_id: SNK_NGP
Aug 13 21:17:40.183 INFO SNK_NGP: dats\SNK_NGP\SNK Neo-Geo Pocket - Firmware (TOSEC-v2021-12-11_CM).dat, path: dats\SNK_NGP\SNK Neo-Geo Pocket - Firmware (TOSEC-v2021-12-11_CM).dat, platform_id: SNK_NGP
Aug 13 21:17:40.184 INFO SNK_NGP: dats\SNK_NGP\SNK Neo-Geo Pocket - Games (TOSEC-v2022-06-08_CM).dat, path: dats\SNK_NGP\SNK Neo-Geo Pocket - Games (TOSEC-v2022-06-08_CM).dat, platform_id: SNK_NGP
Aug 13 21:17:40.195 INFO SNK_NGPC: dats\SNK_NGPC\OpenNGPx.NGC.dat, path: dats\SNK_NGPC\OpenNGPx.NGC.dat, platform_id: SNK_NGPC
Aug 13 21:17:40.209 INFO SNK_NGPC: dats\SNK_NGPC\SNK - Neo Geo Pocket Color (20220708-124648).dat, path: dats\SNK_NGPC\SNK - Neo Geo Pocket Color (20220708-124648).dat, platform_id: SNK_NGPC
Aug 13 21:17:40.219 INFO SNK_NGPC: dats\SNK_NGPC\SNK Neo-Geo Pocket Color - Applications (TOSEC-v2011-08-13_CM).dat, path: dats\SNK_NGPC\SNK Neo-Geo Pocket Color - Applications (TOSEC-v2011-08-13_CM).dat, platform_id: SNK_NGPC
Aug 13 21:17:40.221 INFO SNK_NGPC: dats\SNK_NGPC\SNK Neo-Geo Pocket Color - Demos (TOSEC-v2014-07-01_CM).dat, path: dats\SNK_NGPC\SNK Neo-Geo Pocket Color - Demos (TOSEC-v2014-07-01_CM).dat, platform_id: SNK_NGPC
Aug 13 21:17:40.226 INFO SNK_NGPC: dats\SNK_NGPC\SNK Neo-Geo Pocket Color - Educational (TOSEC-v2011-08-13_CM).dat, path: dats\SNK_NGPC\SNK Neo-Geo Pocket Color - Educational (TOSEC-v2011-08-13_CM).dat, platform_id: SNK_NGPC
Aug 13 21:17:40.226 INFO SNK_NGPC: dats\SNK_NGPC\SNK Neo-Geo Pocket Color - Firmware (TOSEC-v2011-08-13_CM).dat, path: dats\SNK_NGPC\SNK Neo-Geo Pocket Color - Firmware (TOSEC-v2011-08-13_CM).dat, platform_id: SNK_NGPC
Aug 13 21:17:40.230 INFO SNK_NGPC: dats\SNK_NGPC\SNK Neo-Geo Pocket Color - Games (TOSEC-v2020-07-12_CM).dat, path: dats\SNK_NGPC\SNK Neo-Geo Pocket Color - Games (TOSEC-v2020-07-12_CM).dat, platform_id: SNK_NGPC
Aug 13 21:17:40.243 INFO SNK_NGPC: dats\SNK_NGPC\SNK Neo-Geo Pocket Color - Multimedia (TOSEC-v2011-08-13_CM).dat, path: dats\SNK_NGPC\SNK Neo-Geo Pocket Color - Multimedia (TOSEC-v2011-08-13_CM).dat, platform_id: SNK_NGPC
Aug 13 21:17:40.245 INFO SNK_NGPC: dats\SNK_NGPC\SNK Neo-Geo Pocket Color - Samplers (TOSEC-v2011-08-13_CM).dat, path: dats\SNK_NGPC\SNK Neo-Geo Pocket Color - Samplers (TOSEC-v2011-08-13_CM).dat, platform_id: SNK_NGPC
Aug 13 21:17:40.248 INFO SONY_PS2: dats\SONY_PS2\Non-Redump - Sony - PlayStation 2 (20220808-094727).dat, path: dats\SONY_PS2\Non-Redump - Sony - PlayStation 2 (20220808-094727).dat, platform_id: SONY_PS2
Aug 13 21:17:40.264 INFO SONY_PS2: dats\SONY_PS2\Sony - PlayStation 2 - BIOS Datfile (107) (2019-11-25).dat, path: dats\SONY_PS2\Sony - PlayStation 2 - BIOS Datfile (107) (2019-11-25).dat, platform_id: SONY_PS2
Aug 13 21:17:40.404 INFO SONY_PS2: dats\SONY_PS2\Sony - PlayStation 2 - Datfile (10754) (2022-08-10 20-05-16).dat, path: dats\SONY_PS2\Sony - PlayStation 2 - Datfile (10754) (2022-08-10 20-05-16).dat, platform_id: SONY_PS2
Aug 13 21:17:40.667 INFO SONY_PS2: dats\SONY_PS2\Sony PlayStation 2 - Firmware (TOSEC-v2012-09-08_CM).dat, path: dats\SONY_PS2\Sony PlayStation 2 - Firmware (TOSEC-v2012-09-08_CM).dat, platform_id: SONY_PS2
Aug 13 21:17:40.669 INFO SONY_PS2: dats\SONY_PS2\Sony PlayStation 2 - Homebrew - Games - [ELF] (TOSEC-v2022-06-08_CM).dat, path: dats\SONY_PS2\Sony PlayStation 2 - Homebrew - Games - [ELF] (TOSEC-v2022-06-08_CM).dat, platform_id: SONY_PS2
Aug 13 21:17:40.670 INFO SONY_PS2: dats\SONY_PS2\Sony PlayStation 2 - Homebrew - Games - [ISO] (TOSEC-v2022-06-08_CM).dat, path: dats\SONY_PS2\Sony PlayStation 2 - Homebrew - Games - [ISO] (TOSEC-v2022-06-08_CM).dat, platform_id: SONY_PS2
Aug 13 21:17:40.880 INFO SONY_PS3: dats\SONY_PS3\Sony - PlayStation 3 (PSN) (Content) (20220618-210423).dat, path: dats\SONY_PS3\Sony - PlayStation 3 (PSN) (Content) (20220618-210423).dat, platform_id: SONY_PS3
Aug 13 21:17:41.765 INFO SONY_PS3: dats\SONY_PS3\Sony - PlayStation 3 (PSN) (Updates) (20220801-111219).dat, path: dats\SONY_PS3\Sony - PlayStation 3 (PSN) (Updates) (20220801-111219).dat, platform_id: SONY_PS3
Aug 13 21:17:42.112 INFO SONY_PS3: dats\SONY_PS3\Sony - PlayStation 3 - Datfile (3824) (2022-08-13 03-39-50).dat, path: dats\SONY_PS3\Sony - PlayStation 3 - Datfile (3824) (2022-08-13 03-39-50).dat, platform_id: SONY_PS3
Aug 13 21:17:42.570 INFO SONY_PS4: dats\SONY_PS4\Sony - PlayStation 4 (PSN) (Content) (Merged) (20220722-230314).dat, path: dats\SONY_PS4\Sony - PlayStation 4 (PSN) (Content) (Merged) (20220722-230314).dat, platform_id: SONY_PS4
Aug 13 21:17:44.914 INFO SONY_PS4: dats\SONY_PS4\Sony - PlayStation 4 (PSN) (Updates) (Merged) (20220722-231107).dat, path: dats\SONY_PS4\Sony - PlayStation 4 (PSN) (Updates) (Merged) (20220722-231107).dat, platform_id: SONY_PS4
Aug 13 21:17:46.974 INFO SONY_PS4: dats\SONY_PS4\Sony - PlayStation 4 - Datfile (1995) (2022-08-13 06-04-03).dat, path: dats\SONY_PS4\Sony - PlayStation 4 - Datfile (1995) (2022-08-13 06-04-03).dat, platform_id: SONY_PS4
Aug 13 21:17:47.039 INFO SONY_PS4: dats\SONY_PS4\Unofficial - Sony - PlayStation 4 (PSN) (20220806-071000).dat, path: dats\SONY_PS4\Unofficial - Sony - PlayStation 4 (PSN) (20220806-071000).dat, platform_id: SONY_PS4
Aug 13 21:17:47.098 INFO SONY_PSP: dats\SONY_PSP\Non-Redump - Sony - PlayStation Portable (20220711-104758).dat, path: dats\SONY_PSP\Non-Redump - Sony - PlayStation Portable (20220711-104758).dat, platform_id: SONY_PSP
Aug 13 21:17:47.157 INFO SONY_PSP: dats\SONY_PSP\Sony - PlayStation Portable (PSN) (Encrypted) (20220620-163409).dat, path: dats\SONY_PSP\Sony - PlayStation Portable (PSN) (Encrypted) (20220620-163409).dat, platform_id: SONY_PSP
Aug 13 21:17:47.277 INFO SONY_PSP: dats\SONY_PSP\Sony - PlayStation Portable - Datfile (2495) (2022-08-04 03-35-00).dat, path: dats\SONY_PSP\Sony - PlayStation Portable - Datfile (2495) (2022-08-04 03-35-00).dat, platform_id: SONY_PSP
Aug 13 21:17:47.336 INFO SONY_PSP: dats\SONY_PSP\Sony PlayStation Portable - Homebrew - Games - [ISO] (TOSEC-v2022-06-08_CM).dat, path: dats\SONY_PSP\Sony PlayStation Portable - Homebrew - Games - [ISO] (TOSEC-v2022-06-08_CM).dat, platform_id: SONY_PSP
Aug 13 21:17:47.393 INFO SONY_PSP: dats\SONY_PSP\Unofficial - Sony - PlayStation Portable (PSN) (Decrypted) (20210518-031944).dat, path: dats\SONY_PSP\Unofficial - Sony - PlayStation Portable (PSN) (Decrypted) (20210518-031944).dat, platform_id: SONY_PSP
Aug 13 21:17:47.541 INFO SONY_PSP: dats\SONY_PSP\Unofficial - Sony - PlayStation Portable (PSX2PSP) (20130318-035538).dat, path: dats\SONY_PSP\Unofficial - Sony - PlayStation Portable (PSX2PSP) (20130318-035538).dat, platform_id: SONY_PSP
Aug 13 21:17:47.556 INFO SONY_PSP: dats\SONY_PSP\Unofficial - Sony - PlayStation Portable (UMD Music) (20220225-142453).dat, path: dats\SONY_PSP\Unofficial - Sony - PlayStation Portable (UMD Music) (20220225-142453).dat, platform_id: SONY_PSP
Aug 13 21:17:47.569 INFO SONY_PSP: dats\SONY_PSP\Unofficial - Sony - PlayStation Portable (UMD Video) (20220730-145702).dat, path: dats\SONY_PSP\Unofficial - Sony - PlayStation Portable (UMD Video) (20220730-145702).dat, platform_id: SONY_PSP
Aug 13 21:17:47.675 INFO SONY_PSV: dats\SONY_PSV\Sony - PlayStation Vita (PSN) (Content) (20220715-104102).dat, path: dats\SONY_PSV\Sony - PlayStation Vita (PSN) (Content) (20220715-104102).dat, platform_id: SONY_PSV
Aug 13 21:17:48.093 INFO SONY_PSV: dats\SONY_PSV\Sony - PlayStation Vita (PSN) (Updates) (20220716-054437).dat, path: dats\SONY_PSV\Sony - PlayStation Vita (PSN) (Updates) (20220716-054437).dat, platform_id: SONY_PSV
Aug 13 21:17:48.181 INFO SONY_PSV: dats\SONY_PSV\Unofficial - Sony - PlayStation Vita (BlackFinPSV) (20220803-041650).dat, path: dats\SONY_PSV\Unofficial - Sony - PlayStation Vita (BlackFinPSV) (20220803-041650).dat, platform_id: SONY_PSV
Aug 13 21:17:48.287 INFO SONY_PSV: dats\SONY_PSV\Unofficial - Sony - PlayStation Vita (NoNpDrm) (20220803-041650).dat, path: dats\SONY_PSV\Unofficial - Sony - PlayStation Vita (NoNpDrm) (20220803-041650).dat, platform_id: SONY_PSV
Aug 13 21:17:48.607 INFO SONY_PSV: dats\SONY_PSV\Unofficial - Sony - PlayStation Vita (PSN) (Decrypted) (NoNpDrm) (20220715-105412).dat, path: dats\SONY_PSV\Unofficial - Sony - PlayStation Vita (PSN) (Decrypted) (NoNpDrm) (20220715-105412).dat, platform_id: SONY_PSV
Aug 13 21:17:48.608 INFO SONY_PSV: dats\SONY_PSV\Unofficial - Sony - PlayStation Vita (PSN) (Decrypted) (VPK) (20220715-105412).dat, path: dats\SONY_PSV\Unofficial - Sony - PlayStation Vita (PSN) (Decrypted) (VPK) (20220715-105412).dat, platform_id: SONY_PSV
Aug 13 21:17:48.617 INFO SONY_PSV: dats\SONY_PSV\Unofficial - Sony - PlayStation Vita (PSVgameSD) (20220803-041650).dat, path: dats\SONY_PSV\Unofficial - Sony - PlayStation Vita (PSVgameSD) (20220803-041650).dat, platform_id: SONY_PSV
Aug 13 21:17:48.633 INFO SONY_PSV: dats\SONY_PSV\Unofficial - Sony - PlayStation Vita (VPK) (20220803-041650).dat, path: dats\SONY_PSV\Unofficial - Sony - PlayStation Vita (VPK) (20220803-041650).dat, platform_id: SONY_PSV
Aug 13 21:17:48.649 INFO SONY_PSX: dats\SONY_PSX\Non-Redump - Sony - PlayStation (20220702-110707).dat, path: dats\SONY_PSX\Non-Redump - Sony - PlayStation (20220702-110707).dat, platform_id: SONY_PSX
Aug 13 21:17:48.665 INFO SONY_PSX: dats\SONY_PSX\Sony - PlayStation - BIOS Datfile (24) (2016-10-21).dat, path: dats\SONY_PSX\Sony - PlayStation - BIOS Datfile (24) (2016-10-21).dat, platform_id: SONY_PSX
Aug 13 21:17:48.957 INFO SONY_PSX: dats\SONY_PSX\Sony - PlayStation - Datfile (10667) (2022-08-12 01-43-56).dat, path: dats\SONY_PSX\Sony - PlayStation - Datfile (10667) (2022-08-12 01-43-56).dat, platform_id: SONY_PSX
Aug 13 21:17:49.406 INFO SONY_PSX: dats\SONY_PSX\Sony PlayStation - Applications (TOSEC-v2014-10-30_CM).dat, path: dats\SONY_PSX\Sony PlayStation - Applications (TOSEC-v2014-10-30_CM).dat, platform_id: SONY_PSX
Aug 13 21:17:49.407 INFO SONY_PSX: dats\SONY_PSX\Sony PlayStation - Demos - [BIN] (TOSEC-v2022-06-08_CM).dat, path: dats\SONY_PSX\Sony PlayStation - Demos - [BIN] (TOSEC-v2022-06-08_CM).dat, platform_id: SONY_PSX
Aug 13 21:17:49.411 INFO SONY_PSX: dats\SONY_PSX\Sony PlayStation - Demos - [EXE] (TOSEC-v2012-09-08_CM).dat, path: dats\SONY_PSX\Sony PlayStation - Demos - [EXE] (TOSEC-v2012-09-08_CM).dat, platform_id: SONY_PSX
Aug 13 21:17:49.414 INFO SONY_PSX: dats\SONY_PSX\Sony PlayStation - Demos - [ISO] (TOSEC-v2012-09-08_CM).dat, path: dats\SONY_PSX\Sony PlayStation - Demos - [ISO] (TOSEC-v2012-09-08_CM).dat, platform_id: SONY_PSX
Aug 13 21:17:49.416 INFO SONY_PSX: dats\SONY_PSX\Sony PlayStation - Demos - [PSX] (TOSEC-v2012-09-08_CM).dat, path: dats\SONY_PSX\Sony PlayStation - Demos - [PSX] (TOSEC-v2012-09-08_CM).dat, platform_id: SONY_PSX
Aug 13 21:17:49.418 INFO SONY_PSX: dats\SONY_PSX\Sony PlayStation - Firmware (TOSEC-v2012-09-08_CM).dat, path: dats\SONY_PSX\Sony PlayStation - Firmware (TOSEC-v2012-09-08_CM).dat, platform_id: SONY_PSX
Aug 13 21:17:49.422 INFO SONY_PSX: dats\SONY_PSX\Sony PlayStation - Games - [BIN] (TOSEC-v2012-09-08_CM).dat, path: dats\SONY_PSX\Sony PlayStation - Games - [BIN] (TOSEC-v2012-09-08_CM).dat, platform_id: SONY_PSX
Aug 13 21:17:49.423 INFO SONY_PSX: dats\SONY_PSX\Sony PlayStation - Games - [EXE] (TOSEC-v2012-09-08_CM).dat, path: dats\SONY_PSX\Sony PlayStation - Games - [EXE] (TOSEC-v2012-09-08_CM).dat, platform_id: SONY_PSX
Aug 13 21:17:49.423 INFO SONY_PSX: dats\SONY_PSX\Sony PlayStation - Games - [IMG] (TOSEC-v2012-09-08_CM).dat, path: dats\SONY_PSX\Sony PlayStation - Games - [IMG] (TOSEC-v2012-09-08_CM).dat, platform_id: SONY_PSX
Aug 13 21:17:49.424 INFO SONY_PSX: dats\SONY_PSX\Sony PlayStation - Games - [ISO] (TOSEC-v2012-09-08_CM).dat, path: dats\SONY_PSX\Sony PlayStation - Games - [ISO] (TOSEC-v2012-09-08_CM).dat, platform_id: SONY_PSX
Aug 13 21:17:49.425 INFO SONY_PSX: dats\SONY_PSX\Sony PlayStation - Homebrew - Games - [BIN] (TOSEC-v2022-06-08_CM).dat, path: dats\SONY_PSX\Sony PlayStation - Homebrew - Games - [BIN] (TOSEC-v2022-06-08_CM).dat, platform_id: SONY_PSX
Aug 13 21:17:49.426 INFO SONY_PSX: dats\SONY_PSX\Sony PlayStation - Homebrew - Games - [EXE] (TOSEC-v2022-06-08_CM).dat, path: dats\SONY_PSX\Sony PlayStation - Homebrew - Games - [EXE] (TOSEC-v2022-06-08_CM).dat, platform_id: SONY_PSX
Aug 13 21:17:49.427 INFO SONY_PSX: dats\SONY_PSX\Sony PlayStation - Homebrew - Games - [ISO] (TOSEC-v2022-06-08_CM).dat, path: dats\SONY_PSX\Sony PlayStation - Homebrew - Games - [ISO] (TOSEC-v2022-06-08_CM).dat, platform_id: SONY_PSX
Aug 13 21:17:49.428 INFO SONY_PSX: dats\SONY_PSX\Sony PlayStation - Samplers - [BIN] (TOSEC-v2012-09-08_CM).dat, path: dats\SONY_PSX\Sony PlayStation - Samplers - [BIN] (TOSEC-v2012-09-08_CM).dat, platform_id: SONY_PSX
Aug 13 21:17:49.428 INFO SONY_PSX: dats\SONY_PSX\Sony PlayStation - Samplers - [ISO] (TOSEC-v2012-09-08_CM).dat, path: dats\SONY_PSX\Sony PlayStation - Samplers - [ISO] (TOSEC-v2012-09-08_CM).dat, platform_id: SONY_PSX
Aug 13 21:17:49.430 INFO WATARA_SV: dats\WATARA_SV\OpenSV.dat, path: dats\WATARA_SV\OpenSV.dat, platform_id: WATARA_SV
Aug 13 21:17:49.439 INFO WATARA_SV: dats\WATARA_SV\Watara - Supervision (20220520-095231).dat, path: dats\WATARA_SV\Watara - Supervision (20220520-095231).dat, platform_id: WATARA_SV
Aug 13 21:17:49.448 INFO WATARA_SV: dats\WATARA_SV\Watara Supervision - Applications (TOSEC-v2013-10-03_CM).dat, path: dats\WATARA_SV\Watara Supervision - Applications (TOSEC-v2013-10-03_CM).dat, platform_id: WATARA_SV
Aug 13 21:17:49.450 INFO WATARA_SV: dats\WATARA_SV\Watara Supervision - Games (TOSEC-v2022-06-09_CM).dat, path: dats\WATARA_SV\Watara Supervision - Games (TOSEC-v2022-06-09_CM).dat, platform_id: WATARA_SV
